[2022-11-19T10:18:51.115+0000] {manager.py:483} INFO - Processing files using up to 2 processes at a time 
[2022-11-19T10:18:51.118+0000] {manager.py:484} INFO - Process each file at most once every 30 seconds
[2022-11-19T10:18:51.121+0000] {manager.py:485} INFO - Checking for new files in /opt/airflow/dags every 300 seconds
[2022-11-19T10:18:51.124+0000] {manager.py:724} INFO - Searching for files in /opt/airflow/dags
[2022-11-19T10:18:51.187+0000] {manager.py:727} INFO - There are 40 files in /opt/airflow/dags
[2022-11-19T10:18:51.298+0000] {manager.py:846} INFO - 
================================================================================
DAG File Processing Stats

File Path                                                                                                           PID  Runtime      # DAGs    # Errors  Last Runtime    Last Run
----------------------------------------------------------------------------------------------------------------  -----  ---------  --------  ----------  --------------  ----------
/opt/airflow/dags/abc_bank_dag.py                                                                                                          0           0
/opt/airflow/dags/abc_demo_bank_dag.py                                                                                                     0           0
/opt/airflow/dags/khoa_learn_dag.py                                                                                 196  0.03s             0           0
/opt/airflow/dags/mini_loyalty_engine.py                                                                            193  0.04s             0           0
/home/airflow/.local/lib/python3.9/site-packages/airflow/example_dags/example_trigger_target_dag.py                                        0           0
/home/airflow/.local/lib/python3.9/site-packages/airflow/example_dags/example_latest_only_with_trigger.py                                  0           0
/home/airflow/.local/lib/python3.9/site-packages/airflow/example_dags/example_sla_dag.py                                                   0           0
/home/airflow/.local/lib/python3.9/site-packages/airflow/example_dags/tutorial_taskflow_api.py                                             0           0
/home/airflow/.local/lib/python3.9/site-packages/airflow/example_dags/example_branch_operator.py                                           0           0
/home/airflow/.local/lib/python3.9/site-packages/airflow/example_dags/tutorial_taskflow_api_virtualenv.py                                  0           0
/home/airflow/.local/lib/python3.9/site-packages/airflow/example_dags/example_xcom.py                                                      0           0
/home/airflow/.local/lib/python3.9/site-packages/airflow/example_dags/example_complex.py                                                   0           0
/home/airflow/.local/lib/python3.9/site-packages/airflow/example_dags/example_branch_labels.py                                             0           0
/home/airflow/.local/lib/python3.9/site-packages/airflow/example_dags/example_subdag_operator.py                                           0           0
/home/airflow/.local/lib/python3.9/site-packages/airflow/example_dags/example_short_circuit_decorator.py                                   0           0
/home/airflow/.local/lib/python3.9/site-packages/airflow/example_dags/example_kubernetes_executor.py                                       0           0
/home/airflow/.local/lib/python3.9/site-packages/airflow/example_dags/example_time_delta_sensor_async.py                                   0           0
/home/airflow/.local/lib/python3.9/site-packages/airflow/example_dags/example_xcomargs.py                                                  0           0
/home/airflow/.local/lib/python3.9/site-packages/airflow/example_dags/example_passing_params_via_test_command.py                           0           0
/home/airflow/.local/lib/python3.9/site-packages/airflow/example_dags/example_latest_only.py                                               0           0
/home/airflow/.local/lib/python3.9/site-packages/airflow/example_dags/example_trigger_controller_dag.py                                    0           0
/home/airflow/.local/lib/python3.9/site-packages/airflow/example_dags/example_task_group_decorator.py                                      0           0
/home/airflow/.local/lib/python3.9/site-packages/airflow/example_dags/example_datasets.py                                                  0           0
/home/airflow/.local/lib/python3.9/site-packages/airflow/example_dags/example_python_operator.py                                           0           0
/home/airflow/.local/lib/python3.9/site-packages/airflow/example_dags/example_local_kubernetes_executor.py                                 0           0
/home/airflow/.local/lib/python3.9/site-packages/airflow/example_dags/example_branch_python_dop_operator_3.py                              0           0
/home/airflow/.local/lib/python3.9/site-packages/airflow/example_dags/example_branch_day_of_week_operator.py                               0           0
/home/airflow/.local/lib/python3.9/site-packages/airflow/example_dags/example_skip_dag.py                                                  0           0
/home/airflow/.local/lib/python3.9/site-packages/airflow/example_dags/example_branch_datetime_operator.py                                  0           0
/home/airflow/.local/lib/python3.9/site-packages/airflow/example_dags/example_bash_operator.py                                             0           0
/home/airflow/.local/lib/python3.9/site-packages/airflow/example_dags/tutorial_dag.py                                                      0           0
/home/airflow/.local/lib/python3.9/site-packages/airflow/example_dags/example_task_group.py                                                0           0
/home/airflow/.local/lib/python3.9/site-packages/airflow/example_dags/example_branch_operator_decorator.py                                 0           0
/home/airflow/.local/lib/python3.9/site-packages/airflow/example_dags/example_nested_branch_dag.py                                         0           0
/home/airflow/.local/lib/python3.9/site-packages/airflow/example_dags/example_short_circuit_operator.py                                    0           0
/home/airflow/.local/lib/python3.9/site-packages/airflow/example_dags/example_external_task_marker_dag.py                                  0           0
/home/airflow/.local/lib/python3.9/site-packages/airflow/example_dags/example_dag_decorator.py                                             0           0
/home/airflow/.local/lib/python3.9/site-packages/airflow/example_dags/tutorial.py                                                          0           0
/home/airflow/.local/lib/python3.9/site-packages/airflow/example_dags/subdags/subdag.py                                                    0           0
/home/airflow/.local/lib/python3.9/site-packages/airflow/example_dags/plugins/workday.py                                                   0           0
================================================================================
[2022-11-19T10:19:21.283+0000] {manager.py:846} INFO - 
================================================================================
DAG File Processing Stats

File Path                                                                                                         PID    Runtime      # DAGs    # Errors  Last Runtime    Last Run
----------------------------------------------------------------------------------------------------------------  -----  ---------  --------  ----------  --------------  -------------------
/home/airflow/.local/lib/python3.9/site-packages/airflow/example_dags/subdags/subdag.py                                                    0           0  0.22s           2022-11-19T10:19:02
/home/airflow/.local/lib/python3.9/site-packages/airflow/example_dags/plugins/workday.py                                                   0           0  0.19s           2022-11-19T10:19:02
/opt/airflow/dags/abc_bank_dag.py                                                                                                          1           0  0.64s           2022-11-19T10:18:53
/opt/airflow/dags/abc_demo_bank_dag.py                                                                                                     1           0  0.65s           2022-11-19T10:18:52
/opt/airflow/dags/khoa_learn_dag.py                                                                                                        1           0  1.02s           2022-11-19T10:18:52
/opt/airflow/dags/mini_loyalty_engine.py                                                                                                   1           0  1.11s           2022-11-19T10:18:52
/home/airflow/.local/lib/python3.9/site-packages/airflow/example_dags/example_trigger_target_dag.py                                        1           0  0.33s           2022-11-19T10:18:53
/home/airflow/.local/lib/python3.9/site-packages/airflow/example_dags/example_latest_only_with_trigger.py                                  1           0  0.32s           2022-11-19T10:18:53
/home/airflow/.local/lib/python3.9/site-packages/airflow/example_dags/example_sla_dag.py                                                   1           0  0.34s           2022-11-19T10:18:53
/home/airflow/.local/lib/python3.9/site-packages/airflow/example_dags/tutorial_taskflow_api.py                                             1           0  0.34s           2022-11-19T10:18:53
/home/airflow/.local/lib/python3.9/site-packages/airflow/example_dags/example_branch_operator.py                                           1           0  0.35s           2022-11-19T10:18:53
/home/airflow/.local/lib/python3.9/site-packages/airflow/example_dags/tutorial_taskflow_api_virtualenv.py                                  1           0  0.34s           2022-11-19T10:18:54
/home/airflow/.local/lib/python3.9/site-packages/airflow/example_dags/example_xcom.py                                                      1           0  0.37s           2022-11-19T10:18:54
/home/airflow/.local/lib/python3.9/site-packages/airflow/example_dags/example_complex.py                                                   1           0  0.44s           2022-11-19T10:18:54
/home/airflow/.local/lib/python3.9/site-packages/airflow/example_dags/example_branch_labels.py                                             1           0  0.38s           2022-11-19T10:18:54
/home/airflow/.local/lib/python3.9/site-packages/airflow/example_dags/example_short_circuit_decorator.py                                   1           0  0.40s           2022-11-19T10:18:55
/home/airflow/.local/lib/python3.9/site-packages/airflow/example_dags/example_kubernetes_executor.py                                       1           0  0.38s           2022-11-19T10:18:55
/home/airflow/.local/lib/python3.9/site-packages/airflow/example_dags/example_time_delta_sensor_async.py                                   1           0  0.60s           2022-11-19T10:18:56
/home/airflow/.local/lib/python3.9/site-packages/airflow/example_dags/example_passing_params_via_test_command.py                           1           0  0.30s           2022-11-19T10:18:56
/home/airflow/.local/lib/python3.9/site-packages/airflow/example_dags/example_latest_only.py                                               1           0  0.38s           2022-11-19T10:18:56
/home/airflow/.local/lib/python3.9/site-packages/airflow/example_dags/example_trigger_controller_dag.py                                    1           0  0.31s           2022-11-19T10:18:56
/home/airflow/.local/lib/python3.9/site-packages/airflow/example_dags/example_task_group_decorator.py                                      1           0  0.35s           2022-11-19T10:18:56
/home/airflow/.local/lib/python3.9/site-packages/airflow/example_dags/example_python_operator.py                                           1           0  0.38s           2022-11-19T10:18:57
/home/airflow/.local/lib/python3.9/site-packages/airflow/example_dags/example_local_kubernetes_executor.py                                 1           0  0.42s           2022-11-19T10:18:57
/home/airflow/.local/lib/python3.9/site-packages/airflow/example_dags/example_branch_python_dop_operator_3.py                              1           0  0.45s           2022-11-19T10:18:57
/home/airflow/.local/lib/python3.9/site-packages/airflow/example_dags/example_branch_day_of_week_operator.py                               1           0  0.62s           2022-11-19T10:18:58
/home/airflow/.local/lib/python3.9/site-packages/airflow/example_dags/example_skip_dag.py                                                  1           0  0.49s           2022-11-19T10:18:58
/home/airflow/.local/lib/python3.9/site-packages/airflow/example_dags/example_bash_operator.py                                             1           0  0.49s           2022-11-19T10:18:59
/home/airflow/.local/lib/python3.9/site-packages/airflow/example_dags/tutorial_dag.py                                                      1           0  0.39s           2022-11-19T10:18:59
/home/airflow/.local/lib/python3.9/site-packages/airflow/example_dags/example_task_group.py                                                1           0  0.54s           2022-11-19T10:18:59
/home/airflow/.local/lib/python3.9/site-packages/airflow/example_dags/example_branch_operator_decorator.py                                 1           0  0.61s           2022-11-19T10:18:59
/home/airflow/.local/lib/python3.9/site-packages/airflow/example_dags/example_nested_branch_dag.py                                         1           0  0.74s           2022-11-19T10:19:00
/home/airflow/.local/lib/python3.9/site-packages/airflow/example_dags/example_short_circuit_operator.py                                    1           0  0.51s           2022-11-19T10:19:00
/home/airflow/.local/lib/python3.9/site-packages/airflow/example_dags/example_dag_decorator.py                                             1           0  0.75s           2022-11-19T10:19:01
/home/airflow/.local/lib/python3.9/site-packages/airflow/example_dags/tutorial.py                                                          1           0  0.80s           2022-11-19T10:19:01
/home/airflow/.local/lib/python3.9/site-packages/airflow/example_dags/example_xcomargs.py                                                  2           0  0.43s           2022-11-19T10:18:55
/home/airflow/.local/lib/python3.9/site-packages/airflow/example_dags/example_external_task_marker_dag.py                                  2           0  1.54s           2022-11-19T10:19:01
/home/airflow/.local/lib/python3.9/site-packages/airflow/example_dags/example_subdag_operator.py                                           3           0  0.64s           2022-11-19T10:18:55
/home/airflow/.local/lib/python3.9/site-packages/airflow/example_dags/example_branch_datetime_operator.py                                  3           0  0.44s           2022-11-19T10:18:58
/home/airflow/.local/lib/python3.9/site-packages/airflow/example_dags/example_datasets.py                                                  6           0  0.58s           2022-11-19T10:18:57
================================================================================
[2022-11-19T10:19:51.893+0000] {manager.py:846} INFO - 
================================================================================
DAG File Processing Stats

File Path                                                                                                         PID    Runtime      # DAGs    # Errors  Last Runtime    Last Run
----------------------------------------------------------------------------------------------------------------  -----  ---------  --------  ----------  --------------  -------------------
/home/airflow/.local/lib/python3.9/site-packages/airflow/example_dags/subdags/subdag.py                                                    0           0  0.08s           2022-11-19T10:19:32
/home/airflow/.local/lib/python3.9/site-packages/airflow/example_dags/plugins/workday.py                                                   0           0  0.06s           2022-11-19T10:19:32
/opt/airflow/dags/abc_bank_dag.py                                                                                                          1           0  0.53s           2022-11-19T10:19:23
/opt/airflow/dags/abc_demo_bank_dag.py                                                                                                     1           0  0.52s           2022-11-19T10:19:23
/opt/airflow/dags/khoa_learn_dag.py                                                                                                        1           0  0.51s           2022-11-19T10:19:22
/opt/airflow/dags/mini_loyalty_engine.py                                                                                                   1           0  0.43s           2022-11-19T10:19:23
/home/airflow/.local/lib/python3.9/site-packages/airflow/example_dags/example_trigger_target_dag.py                                        1           0  0.19s           2022-11-19T10:19:23
/home/airflow/.local/lib/python3.9/site-packages/airflow/example_dags/example_latest_only_with_trigger.py                                  1           0  0.19s           2022-11-19T10:19:23
/home/airflow/.local/lib/python3.9/site-packages/airflow/example_dags/example_sla_dag.py                                                   1           0  0.23s           2022-11-19T10:19:24
/home/airflow/.local/lib/python3.9/site-packages/airflow/example_dags/tutorial_taskflow_api.py                                             1           0  0.24s           2022-11-19T10:19:24
/home/airflow/.local/lib/python3.9/site-packages/airflow/example_dags/example_branch_operator.py                                           1           0  0.21s           2022-11-19T10:19:24
/home/airflow/.local/lib/python3.9/site-packages/airflow/example_dags/tutorial_taskflow_api_virtualenv.py                                  1           0  0.23s           2022-11-19T10:19:24
/home/airflow/.local/lib/python3.9/site-packages/airflow/example_dags/example_xcom.py                                                      1           0  0.24s           2022-11-19T10:19:24
/home/airflow/.local/lib/python3.9/site-packages/airflow/example_dags/example_complex.py                                                   1           0  0.25s           2022-11-19T10:19:24
/home/airflow/.local/lib/python3.9/site-packages/airflow/example_dags/example_branch_labels.py                                             1           0  0.22s           2022-11-19T10:19:25
/home/airflow/.local/lib/python3.9/site-packages/airflow/example_dags/example_short_circuit_decorator.py                                   1           0  0.20s           2022-11-19T10:19:25
/home/airflow/.local/lib/python3.9/site-packages/airflow/example_dags/example_kubernetes_executor.py                                       1           0  0.23s           2022-11-19T10:19:25
/home/airflow/.local/lib/python3.9/site-packages/airflow/example_dags/example_time_delta_sensor_async.py                                   1           0  0.45s           2022-11-19T10:19:27
/home/airflow/.local/lib/python3.9/site-packages/airflow/example_dags/example_passing_params_via_test_command.py                           1           0  0.21s           2022-11-19T10:19:27
/home/airflow/.local/lib/python3.9/site-packages/airflow/example_dags/example_latest_only.py                                               1           0  0.17s           2022-11-19T10:19:27
/home/airflow/.local/lib/python3.9/site-packages/airflow/example_dags/example_trigger_controller_dag.py                                    1           0  0.17s           2022-11-19T10:19:27
/home/airflow/.local/lib/python3.9/site-packages/airflow/example_dags/example_task_group_decorator.py                                      1           0  0.21s           2022-11-19T10:19:27
/home/airflow/.local/lib/python3.9/site-packages/airflow/example_dags/example_python_operator.py                                           1           0  0.18s           2022-11-19T10:19:27
/home/airflow/.local/lib/python3.9/site-packages/airflow/example_dags/example_local_kubernetes_executor.py                                 1           0  0.20s           2022-11-19T10:19:28
/home/airflow/.local/lib/python3.9/site-packages/airflow/example_dags/example_branch_python_dop_operator_3.py                              1           0  0.19s           2022-11-19T10:19:28
/home/airflow/.local/lib/python3.9/site-packages/airflow/example_dags/example_branch_day_of_week_operator.py                               1           0  0.17s           2022-11-19T10:19:28
/home/airflow/.local/lib/python3.9/site-packages/airflow/example_dags/example_skip_dag.py                                                  1           0  0.18s           2022-11-19T10:19:28
/home/airflow/.local/lib/python3.9/site-packages/airflow/example_dags/example_bash_operator.py                                             1           0  0.19s           2022-11-19T10:19:30
/home/airflow/.local/lib/python3.9/site-packages/airflow/example_dags/tutorial_dag.py                                                      1           0  0.16s           2022-11-19T10:19:30
/home/airflow/.local/lib/python3.9/site-packages/airflow/example_dags/example_task_group.py                                                1           0  0.17s           2022-11-19T10:19:30
/home/airflow/.local/lib/python3.9/site-packages/airflow/example_dags/example_branch_operator_decorator.py                                 1           0  0.19s           2022-11-19T10:19:30
/home/airflow/.local/lib/python3.9/site-packages/airflow/example_dags/example_nested_branch_dag.py                                         1           0  0.19s           2022-11-19T10:19:31
/home/airflow/.local/lib/python3.9/site-packages/airflow/example_dags/example_short_circuit_operator.py                                    1           0  0.18s           2022-11-19T10:19:31
/home/airflow/.local/lib/python3.9/site-packages/airflow/example_dags/example_dag_decorator.py                                             1           0  0.25s           2022-11-19T10:19:31
/home/airflow/.local/lib/python3.9/site-packages/airflow/example_dags/tutorial.py                                                          1           0  0.19s           2022-11-19T10:19:32
/home/airflow/.local/lib/python3.9/site-packages/airflow/example_dags/example_xcomargs.py                                                  2           0  0.20s           2022-11-19T10:19:26
/home/airflow/.local/lib/python3.9/site-packages/airflow/example_dags/example_external_task_marker_dag.py                                  2           0  0.43s           2022-11-19T10:19:32
/home/airflow/.local/lib/python3.9/site-packages/airflow/example_dags/example_subdag_operator.py                                           3           0  0.45s           2022-11-19T10:19:25
/home/airflow/.local/lib/python3.9/site-packages/airflow/example_dags/example_branch_datetime_operator.py                                  3           0  0.19s           2022-11-19T10:19:29
/home/airflow/.local/lib/python3.9/site-packages/airflow/example_dags/example_datasets.py                                                  6           0  0.22s           2022-11-19T10:19:27
================================================================================
[2022-11-19T10:20:22.765+0000] {manager.py:846} INFO - 
================================================================================
DAG File Processing Stats

File Path                                                                                                         PID    Runtime      # DAGs    # Errors  Last Runtime    Last Run
----------------------------------------------------------------------------------------------------------------  -----  ---------  --------  ----------  --------------  -------------------
/home/airflow/.local/lib/python3.9/site-packages/airflow/example_dags/subdags/subdag.py                                                    0           0  0.07s           2022-11-19T10:20:03
/home/airflow/.local/lib/python3.9/site-packages/airflow/example_dags/plugins/workday.py                                                   0           0  0.06s           2022-11-19T10:20:03
/opt/airflow/dags/abc_bank_dag.py                                                                                                          1           0  0.43s           2022-11-19T10:19:54
/opt/airflow/dags/abc_demo_bank_dag.py                                                                                                     1           0  0.45s           2022-11-19T10:19:54
/opt/airflow/dags/khoa_learn_dag.py                                                                                                        1           0  0.41s           2022-11-19T10:19:53
/opt/airflow/dags/mini_loyalty_engine.py                                                                                                   1           0  0.44s           2022-11-19T10:19:53
/home/airflow/.local/lib/python3.9/site-packages/airflow/example_dags/example_trigger_target_dag.py                                        1           0  0.19s           2022-11-19T10:19:54
/home/airflow/.local/lib/python3.9/site-packages/airflow/example_dags/example_latest_only_with_trigger.py                                  1           0  0.19s           2022-11-19T10:19:54
/home/airflow/.local/lib/python3.9/site-packages/airflow/example_dags/example_sla_dag.py                                                   1           0  0.20s           2022-11-19T10:19:55
/home/airflow/.local/lib/python3.9/site-packages/airflow/example_dags/tutorial_taskflow_api.py                                             1           0  0.20s           2022-11-19T10:19:55
/home/airflow/.local/lib/python3.9/site-packages/airflow/example_dags/example_branch_operator.py                                           1           0  0.26s           2022-11-19T10:19:55
/home/airflow/.local/lib/python3.9/site-packages/airflow/example_dags/tutorial_taskflow_api_virtualenv.py                                  1           0  0.30s           2022-11-19T10:19:55
/home/airflow/.local/lib/python3.9/site-packages/airflow/example_dags/example_xcom.py                                                      1           0  0.28s           2022-11-19T10:19:55
/home/airflow/.local/lib/python3.9/site-packages/airflow/example_dags/example_complex.py                                                   1           0  0.27s           2022-11-19T10:19:55
/home/airflow/.local/lib/python3.9/site-packages/airflow/example_dags/example_branch_labels.py                                             1           0  0.18s           2022-11-19T10:19:55
/home/airflow/.local/lib/python3.9/site-packages/airflow/example_dags/example_short_circuit_decorator.py                                   1           0  0.16s           2022-11-19T10:19:56
/home/airflow/.local/lib/python3.9/site-packages/airflow/example_dags/example_kubernetes_executor.py                                       1           0  0.27s           2022-11-19T10:19:56
/home/airflow/.local/lib/python3.9/site-packages/airflow/example_dags/example_time_delta_sensor_async.py                                   1           0  0.44s           2022-11-19T10:19:57
/home/airflow/.local/lib/python3.9/site-packages/airflow/example_dags/example_passing_params_via_test_command.py                           1           0  0.19s           2022-11-19T10:19:57
/home/airflow/.local/lib/python3.9/site-packages/airflow/example_dags/example_latest_only.py                                               1           0  0.21s           2022-11-19T10:19:57
/home/airflow/.local/lib/python3.9/site-packages/airflow/example_dags/example_trigger_controller_dag.py                                    1           0  0.20s           2022-11-19T10:19:57
/home/airflow/.local/lib/python3.9/site-packages/airflow/example_dags/example_task_group_decorator.py                                      1           0  0.19s           2022-11-19T10:19:58
/home/airflow/.local/lib/python3.9/site-packages/airflow/example_dags/example_python_operator.py                                           1           0  0.21s           2022-11-19T10:19:58
/home/airflow/.local/lib/python3.9/site-packages/airflow/example_dags/example_local_kubernetes_executor.py                                 1           0  0.22s           2022-11-19T10:19:59
/home/airflow/.local/lib/python3.9/site-packages/airflow/example_dags/example_branch_python_dop_operator_3.py                              1           0  0.20s           2022-11-19T10:19:59
/home/airflow/.local/lib/python3.9/site-packages/airflow/example_dags/example_branch_day_of_week_operator.py                               1           0  0.22s           2022-11-19T10:19:59
/home/airflow/.local/lib/python3.9/site-packages/airflow/example_dags/example_skip_dag.py                                                  1           0  0.22s           2022-11-19T10:19:59
/home/airflow/.local/lib/python3.9/site-packages/airflow/example_dags/example_bash_operator.py                                             1           0  0.22s           2022-11-19T10:20:00
/home/airflow/.local/lib/python3.9/site-packages/airflow/example_dags/tutorial_dag.py                                                      1           0  0.19s           2022-11-19T10:20:00
/home/airflow/.local/lib/python3.9/site-packages/airflow/example_dags/example_task_group.py                                                1           0  0.21s           2022-11-19T10:20:01
/home/airflow/.local/lib/python3.9/site-packages/airflow/example_dags/example_branch_operator_decorator.py                                 1           0  0.20s           2022-11-19T10:20:01
/home/airflow/.local/lib/python3.9/site-packages/airflow/example_dags/example_nested_branch_dag.py                                         1           0  0.24s           2022-11-19T10:20:02
/home/airflow/.local/lib/python3.9/site-packages/airflow/example_dags/example_short_circuit_operator.py                                    1           0  0.22s           2022-11-19T10:20:02
/home/airflow/.local/lib/python3.9/site-packages/airflow/example_dags/example_dag_decorator.py                                             1           0  0.23s           2022-11-19T10:20:02
/home/airflow/.local/lib/python3.9/site-packages/airflow/example_dags/tutorial.py                                                          1           0  0.20s           2022-11-19T10:20:03
/home/airflow/.local/lib/python3.9/site-packages/airflow/example_dags/example_xcomargs.py                                                  2           0  0.22s           2022-11-19T10:19:57
/home/airflow/.local/lib/python3.9/site-packages/airflow/example_dags/example_external_task_marker_dag.py                                  2           0  0.44s           2022-11-19T10:20:03
/home/airflow/.local/lib/python3.9/site-packages/airflow/example_dags/example_subdag_operator.py                                           3           0  0.45s           2022-11-19T10:19:56
/home/airflow/.local/lib/python3.9/site-packages/airflow/example_dags/example_branch_datetime_operator.py                                  3           0  0.22s           2022-11-19T10:19:59
/home/airflow/.local/lib/python3.9/site-packages/airflow/example_dags/example_datasets.py                                                  6           0  0.22s           2022-11-19T10:19:58
================================================================================
[2022-11-19T10:20:53.287+0000] {manager.py:846} INFO - 
================================================================================
DAG File Processing Stats

File Path                                                                                                         PID    Runtime      # DAGs    # Errors  Last Runtime    Last Run
----------------------------------------------------------------------------------------------------------------  -----  ---------  --------  ----------  --------------  -------------------
/home/airflow/.local/lib/python3.9/site-packages/airflow/example_dags/subdags/subdag.py                                                    0           0  0.06s           2022-11-19T10:20:34
/home/airflow/.local/lib/python3.9/site-packages/airflow/example_dags/plugins/workday.py                                                   0           0  0.06s           2022-11-19T10:20:34
/opt/airflow/dags/abc_bank_dag.py                                                                                                          1           0  0.44s           2022-11-19T10:20:25
/opt/airflow/dags/abc_demo_bank_dag.py                                                                                                     1           0  0.45s           2022-11-19T10:20:25
/opt/airflow/dags/khoa_learn_dag.py                                                                                                        1           0  0.45s           2022-11-19T10:20:24
/opt/airflow/dags/mini_loyalty_engine.py                                                                                                   1           0  0.46s           2022-11-19T10:20:24
/home/airflow/.local/lib/python3.9/site-packages/airflow/example_dags/example_trigger_target_dag.py                                        1           0  0.19s           2022-11-19T10:20:25
/home/airflow/.local/lib/python3.9/site-packages/airflow/example_dags/example_latest_only_with_trigger.py                                  1           0  0.18s           2022-11-19T10:20:25
/home/airflow/.local/lib/python3.9/site-packages/airflow/example_dags/example_sla_dag.py                                                   1           0  0.19s           2022-11-19T10:20:25
/home/airflow/.local/lib/python3.9/site-packages/airflow/example_dags/tutorial_taskflow_api.py                                             1           0  0.18s           2022-11-19T10:20:25
/home/airflow/.local/lib/python3.9/site-packages/airflow/example_dags/example_branch_operator.py                                           1           0  0.18s           2022-11-19T10:20:25
/home/airflow/.local/lib/python3.9/site-packages/airflow/example_dags/tutorial_taskflow_api_virtualenv.py                                  1           0  0.15s           2022-11-19T10:20:26
/home/airflow/.local/lib/python3.9/site-packages/airflow/example_dags/example_xcom.py                                                      1           0  0.18s           2022-11-19T10:20:26
/home/airflow/.local/lib/python3.9/site-packages/airflow/example_dags/example_complex.py                                                   1           0  0.20s           2022-11-19T10:20:26
/home/airflow/.local/lib/python3.9/site-packages/airflow/example_dags/example_branch_labels.py                                             1           0  0.19s           2022-11-19T10:20:26
/home/airflow/.local/lib/python3.9/site-packages/airflow/example_dags/example_short_circuit_decorator.py                                   1           0  0.20s           2022-11-19T10:20:26
/home/airflow/.local/lib/python3.9/site-packages/airflow/example_dags/example_kubernetes_executor.py                                       1           0  0.20s           2022-11-19T10:20:27
/home/airflow/.local/lib/python3.9/site-packages/airflow/example_dags/example_time_delta_sensor_async.py                                   1           0  0.42s           2022-11-19T10:20:28
/home/airflow/.local/lib/python3.9/site-packages/airflow/example_dags/example_passing_params_via_test_command.py                           1           0  0.19s           2022-11-19T10:20:28
/home/airflow/.local/lib/python3.9/site-packages/airflow/example_dags/example_latest_only.py                                               1           0  0.17s           2022-11-19T10:20:28
/home/airflow/.local/lib/python3.9/site-packages/airflow/example_dags/example_trigger_controller_dag.py                                    1           0  0.17s           2022-11-19T10:20:28
/home/airflow/.local/lib/python3.9/site-packages/airflow/example_dags/example_task_group_decorator.py                                      1           0  0.20s           2022-11-19T10:20:28
/home/airflow/.local/lib/python3.9/site-packages/airflow/example_dags/example_python_operator.py                                           1           0  0.21s           2022-11-19T10:20:28
/home/airflow/.local/lib/python3.9/site-packages/airflow/example_dags/example_local_kubernetes_executor.py                                 1           0  0.18s           2022-11-19T10:20:29
/home/airflow/.local/lib/python3.9/site-packages/airflow/example_dags/example_branch_python_dop_operator_3.py                              1           0  0.23s           2022-11-19T10:20:30
/home/airflow/.local/lib/python3.9/site-packages/airflow/example_dags/example_branch_day_of_week_operator.py                               1           0  0.18s           2022-11-19T10:20:30
/home/airflow/.local/lib/python3.9/site-packages/airflow/example_dags/example_skip_dag.py                                                  1           0  0.17s           2022-11-19T10:20:30
/home/airflow/.local/lib/python3.9/site-packages/airflow/example_dags/example_bash_operator.py                                             1           0  0.19s           2022-11-19T10:20:31
/home/airflow/.local/lib/python3.9/site-packages/airflow/example_dags/tutorial_dag.py                                                      1           0  0.17s           2022-11-19T10:20:31
/home/airflow/.local/lib/python3.9/site-packages/airflow/example_dags/example_task_group.py                                                1           0  0.17s           2022-11-19T10:20:31
/home/airflow/.local/lib/python3.9/site-packages/airflow/example_dags/example_branch_operator_decorator.py                                 1           0  0.18s           2022-11-19T10:20:31
/home/airflow/.local/lib/python3.9/site-packages/airflow/example_dags/example_nested_branch_dag.py                                         1           0  0.19s           2022-11-19T10:20:32
/home/airflow/.local/lib/python3.9/site-packages/airflow/example_dags/example_short_circuit_operator.py                                    1           0  0.18s           2022-11-19T10:20:32
/home/airflow/.local/lib/python3.9/site-packages/airflow/example_dags/example_dag_decorator.py                                             1           0  0.22s           2022-11-19T10:20:33
/home/airflow/.local/lib/python3.9/site-packages/airflow/example_dags/tutorial.py                                                          1           0  0.19s           2022-11-19T10:20:33
/home/airflow/.local/lib/python3.9/site-packages/airflow/example_dags/example_xcomargs.py                                                  2           0  0.20s           2022-11-19T10:20:28
/home/airflow/.local/lib/python3.9/site-packages/airflow/example_dags/example_external_task_marker_dag.py                                  2           0  0.42s           2022-11-19T10:20:34
/home/airflow/.local/lib/python3.9/site-packages/airflow/example_dags/example_subdag_operator.py                                           3           0  0.48s           2022-11-19T10:20:26
/home/airflow/.local/lib/python3.9/site-packages/airflow/example_dags/example_branch_datetime_operator.py                                  3           0  0.19s           2022-11-19T10:20:30
/home/airflow/.local/lib/python3.9/site-packages/airflow/example_dags/example_datasets.py                                                  6           0  0.23s           2022-11-19T10:20:28
================================================================================
[2022-11-19T10:21:23.416+0000] {manager.py:846} INFO - 
================================================================================
DAG File Processing Stats

File Path                                                                                                         PID    Runtime      # DAGs    # Errors  Last Runtime    Last Run
----------------------------------------------------------------------------------------------------------------  -----  ---------  --------  ----------  --------------  -------------------
/home/airflow/.local/lib/python3.9/site-packages/airflow/example_dags/subdags/subdag.py                                                    0           0  0.08s           2022-11-19T10:21:04
/home/airflow/.local/lib/python3.9/site-packages/airflow/example_dags/plugins/workday.py                                                   0           0  0.07s           2022-11-19T10:21:04
/opt/airflow/dags/abc_bank_dag.py                                                                                                          1           0  0.46s           2022-11-19T10:20:56
/opt/airflow/dags/abc_demo_bank_dag.py                                                                                                     1           0  0.44s           2022-11-19T10:20:56
/opt/airflow/dags/khoa_learn_dag.py                                                                                                        1           0  0.42s           2022-11-19T10:20:54
/opt/airflow/dags/mini_loyalty_engine.py                                                                                                   1           0  0.45s           2022-11-19T10:20:54
/home/airflow/.local/lib/python3.9/site-packages/airflow/example_dags/example_trigger_target_dag.py                                        1           0  0.24s           2022-11-19T10:20:56
/home/airflow/.local/lib/python3.9/site-packages/airflow/example_dags/example_latest_only_with_trigger.py                                  1           0  0.20s           2022-11-19T10:20:56
/home/airflow/.local/lib/python3.9/site-packages/airflow/example_dags/example_sla_dag.py                                                   1           0  0.28s           2022-11-19T10:20:56
/home/airflow/.local/lib/python3.9/site-packages/airflow/example_dags/tutorial_taskflow_api.py                                             1           0  0.29s           2022-11-19T10:20:57
/home/airflow/.local/lib/python3.9/site-packages/airflow/example_dags/example_branch_operator.py                                           1           0  0.31s           2022-11-19T10:20:57
/home/airflow/.local/lib/python3.9/site-packages/airflow/example_dags/tutorial_taskflow_api_virtualenv.py                                  1           0  0.28s           2022-11-19T10:20:57
/home/airflow/.local/lib/python3.9/site-packages/airflow/example_dags/example_xcom.py                                                      1           0  0.30s           2022-11-19T10:20:57
/home/airflow/.local/lib/python3.9/site-packages/airflow/example_dags/example_complex.py                                                   1           0  0.26s           2022-11-19T10:20:57
/home/airflow/.local/lib/python3.9/site-packages/airflow/example_dags/example_branch_labels.py                                             1           0  0.20s           2022-11-19T10:20:57
/home/airflow/.local/lib/python3.9/site-packages/airflow/example_dags/example_short_circuit_decorator.py                                   1           0  0.32s           2022-11-19T10:20:57
/home/airflow/.local/lib/python3.9/site-packages/airflow/example_dags/example_kubernetes_executor.py                                       1           0  0.19s           2022-11-19T10:20:58
/home/airflow/.local/lib/python3.9/site-packages/airflow/example_dags/example_time_delta_sensor_async.py                                   1           0  0.42s           2022-11-19T10:20:59
/home/airflow/.local/lib/python3.9/site-packages/airflow/example_dags/example_passing_params_via_test_command.py                           1           0  0.18s           2022-11-19T10:20:59
/home/airflow/.local/lib/python3.9/site-packages/airflow/example_dags/example_latest_only.py                                               1           0  0.16s           2022-11-19T10:20:59
/home/airflow/.local/lib/python3.9/site-packages/airflow/example_dags/example_trigger_controller_dag.py                                    1           0  0.17s           2022-11-19T10:20:59
/home/airflow/.local/lib/python3.9/site-packages/airflow/example_dags/example_task_group_decorator.py                                      1           0  0.21s           2022-11-19T10:20:59
/home/airflow/.local/lib/python3.9/site-packages/airflow/example_dags/example_python_operator.py                                           1           0  0.20s           2022-11-19T10:21:00
/home/airflow/.local/lib/python3.9/site-packages/airflow/example_dags/example_local_kubernetes_executor.py                                 1           0  0.16s           2022-11-19T10:21:00
/home/airflow/.local/lib/python3.9/site-packages/airflow/example_dags/example_branch_python_dop_operator_3.py                              1           0  0.17s           2022-11-19T10:21:00
/home/airflow/.local/lib/python3.9/site-packages/airflow/example_dags/example_branch_day_of_week_operator.py                               1           0  0.17s           2022-11-19T10:21:00
/home/airflow/.local/lib/python3.9/site-packages/airflow/example_dags/example_skip_dag.py                                                  1           0  0.17s           2022-11-19T10:21:00
/home/airflow/.local/lib/python3.9/site-packages/airflow/example_dags/example_bash_operator.py                                             1           0  0.17s           2022-11-19T10:21:01
/home/airflow/.local/lib/python3.9/site-packages/airflow/example_dags/tutorial_dag.py                                                      1           0  0.15s           2022-11-19T10:21:01
/home/airflow/.local/lib/python3.9/site-packages/airflow/example_dags/example_task_group.py                                                1           0  0.16s           2022-11-19T10:21:01
/home/airflow/.local/lib/python3.9/site-packages/airflow/example_dags/example_branch_operator_decorator.py                                 1           0  0.17s           2022-11-19T10:21:01
/home/airflow/.local/lib/python3.9/site-packages/airflow/example_dags/example_nested_branch_dag.py                                         1           0  0.21s           2022-11-19T10:21:02
/home/airflow/.local/lib/python3.9/site-packages/airflow/example_dags/example_short_circuit_operator.py                                    1           0  0.20s           2022-11-19T10:21:02
/home/airflow/.local/lib/python3.9/site-packages/airflow/example_dags/example_dag_decorator.py                                             1           0  0.28s           2022-11-19T10:21:04
/home/airflow/.local/lib/python3.9/site-packages/airflow/example_dags/tutorial.py                                                          1           0  0.22s           2022-11-19T10:21:04
/home/airflow/.local/lib/python3.9/site-packages/airflow/example_dags/example_xcomargs.py                                                  2           0  0.20s           2022-11-19T10:20:59
/home/airflow/.local/lib/python3.9/site-packages/airflow/example_dags/example_external_task_marker_dag.py                                  2           0  0.39s           2022-11-19T10:21:04
/home/airflow/.local/lib/python3.9/site-packages/airflow/example_dags/example_subdag_operator.py                                           3           0  0.59s           2022-11-19T10:20:58
/home/airflow/.local/lib/python3.9/site-packages/airflow/example_dags/example_branch_datetime_operator.py                                  3           0  0.17s           2022-11-19T10:21:00
/home/airflow/.local/lib/python3.9/site-packages/airflow/example_dags/example_datasets.py                                                  6           0  0.23s           2022-11-19T10:20:59
================================================================================
[2022-11-19T10:21:23.811+0000] {manager.py:465} INFO - Exiting gracefully upon receiving signal 15
