[2023-01-05T12:17:08.387+0000] {processor.py:154} INFO - Started process (PID=258) to work on /home/airflow/.local/lib/python3.9/site-packages/airflow/example_dags/example_xcomargs.py
[2023-01-05T12:17:08.389+0000] {processor.py:756} INFO - Processing file /home/airflow/.local/lib/python3.9/site-packages/airflow/example_dags/example_xcomargs.py for tasks to queue
[2023-01-05T12:17:08.391+0000] {logging_mixin.py:120} INFO - [2023-01-05T12:17:08.391+0000] {dagbag.py:537} INFO - Filling up the DagBag from /home/airflow/.local/lib/python3.9/site-packages/airflow/example_dags/example_xcomargs.py
[2023-01-05T12:17:08.425+0000] {processor.py:766} INFO - DAG(s) dict_keys(['example_xcom_args', 'example_xcom_args_with_operators']) retrieved from /home/airflow/.local/lib/python3.9/site-packages/airflow/example_dags/example_xcomargs.py
[2023-01-05T12:17:08.467+0000] {logging_mixin.py:120} INFO - [2023-01-05T12:17:08.466+0000] {dag.py:2585} INFO - Sync 2 DAGs
[2023-01-05T12:17:08.507+0000] {logging_mixin.py:120} INFO - [2023-01-05T12:17:08.507+0000] {dag.py:3336} INFO - Setting next_dagrun for example_xcom_args to None, run_after=None
[2023-01-05T12:17:08.513+0000] {logging_mixin.py:120} INFO - [2023-01-05T12:17:08.513+0000] {dag.py:3336} INFO - Setting next_dagrun for example_xcom_args_with_operators to None, run_after=None
[2023-01-05T12:17:08.540+0000] {processor.py:176} INFO - Processing /home/airflow/.local/lib/python3.9/site-packages/airflow/example_dags/example_xcomargs.py took 0.157 seconds
[2023-01-05T12:17:40.230+0000] {processor.py:154} INFO - Started process (PID=482) to work on /home/airflow/.local/lib/python3.9/site-packages/airflow/example_dags/example_xcomargs.py
[2023-01-05T12:17:40.239+0000] {processor.py:756} INFO - Processing file /home/airflow/.local/lib/python3.9/site-packages/airflow/example_dags/example_xcomargs.py for tasks to queue
[2023-01-05T12:17:40.243+0000] {logging_mixin.py:120} INFO - [2023-01-05T12:17:40.242+0000] {dagbag.py:537} INFO - Filling up the DagBag from /home/airflow/.local/lib/python3.9/site-packages/airflow/example_dags/example_xcomargs.py
[2023-01-05T12:17:40.287+0000] {processor.py:766} INFO - DAG(s) dict_keys(['example_xcom_args', 'example_xcom_args_with_operators']) retrieved from /home/airflow/.local/lib/python3.9/site-packages/airflow/example_dags/example_xcomargs.py
[2023-01-05T12:17:40.362+0000] {logging_mixin.py:120} INFO - [2023-01-05T12:17:40.362+0000] {dag.py:2585} INFO - Sync 2 DAGs
[2023-01-05T12:17:40.402+0000] {logging_mixin.py:120} INFO - [2023-01-05T12:17:40.402+0000] {dag.py:3336} INFO - Setting next_dagrun for example_xcom_args to None, run_after=None
[2023-01-05T12:17:40.409+0000] {logging_mixin.py:120} INFO - [2023-01-05T12:17:40.408+0000] {dag.py:3336} INFO - Setting next_dagrun for example_xcom_args_with_operators to None, run_after=None
[2023-01-05T12:17:40.441+0000] {processor.py:176} INFO - Processing /home/airflow/.local/lib/python3.9/site-packages/airflow/example_dags/example_xcomargs.py took 0.215 seconds
[2023-01-05T12:18:10.757+0000] {processor.py:154} INFO - Started process (PID=704) to work on /home/airflow/.local/lib/python3.9/site-packages/airflow/example_dags/example_xcomargs.py
[2023-01-05T12:18:10.759+0000] {processor.py:756} INFO - Processing file /home/airflow/.local/lib/python3.9/site-packages/airflow/example_dags/example_xcomargs.py for tasks to queue
[2023-01-05T12:18:10.760+0000] {logging_mixin.py:120} INFO - [2023-01-05T12:18:10.760+0000] {dagbag.py:537} INFO - Filling up the DagBag from /home/airflow/.local/lib/python3.9/site-packages/airflow/example_dags/example_xcomargs.py
[2023-01-05T12:18:10.787+0000] {processor.py:766} INFO - DAG(s) dict_keys(['example_xcom_args', 'example_xcom_args_with_operators']) retrieved from /home/airflow/.local/lib/python3.9/site-packages/airflow/example_dags/example_xcomargs.py
[2023-01-05T12:18:10.842+0000] {logging_mixin.py:120} INFO - [2023-01-05T12:18:10.842+0000] {dag.py:2585} INFO - Sync 2 DAGs
[2023-01-05T12:18:10.890+0000] {logging_mixin.py:120} INFO - [2023-01-05T12:18:10.889+0000] {dag.py:3336} INFO - Setting next_dagrun for example_xcom_args to None, run_after=None
[2023-01-05T12:18:10.896+0000] {logging_mixin.py:120} INFO - [2023-01-05T12:18:10.896+0000] {dag.py:3336} INFO - Setting next_dagrun for example_xcom_args_with_operators to None, run_after=None
[2023-01-05T12:18:10.920+0000] {processor.py:176} INFO - Processing /home/airflow/.local/lib/python3.9/site-packages/airflow/example_dags/example_xcomargs.py took 0.166 seconds
[2023-01-05T12:18:41.918+0000] {processor.py:154} INFO - Started process (PID=924) to work on /home/airflow/.local/lib/python3.9/site-packages/airflow/example_dags/example_xcomargs.py
[2023-01-05T12:18:41.921+0000] {processor.py:756} INFO - Processing file /home/airflow/.local/lib/python3.9/site-packages/airflow/example_dags/example_xcomargs.py for tasks to queue
[2023-01-05T12:18:41.923+0000] {logging_mixin.py:120} INFO - [2023-01-05T12:18:41.922+0000] {dagbag.py:537} INFO - Filling up the DagBag from /home/airflow/.local/lib/python3.9/site-packages/airflow/example_dags/example_xcomargs.py
[2023-01-05T12:18:41.960+0000] {processor.py:766} INFO - DAG(s) dict_keys(['example_xcom_args_with_operators', 'example_xcom_args']) retrieved from /home/airflow/.local/lib/python3.9/site-packages/airflow/example_dags/example_xcomargs.py
[2023-01-05T12:18:42.045+0000] {logging_mixin.py:120} INFO - [2023-01-05T12:18:42.045+0000] {dag.py:2585} INFO - Sync 2 DAGs
[2023-01-05T12:18:42.092+0000] {logging_mixin.py:120} INFO - [2023-01-05T12:18:42.091+0000] {dag.py:3336} INFO - Setting next_dagrun for example_xcom_args to None, run_after=None
[2023-01-05T12:18:42.098+0000] {logging_mixin.py:120} INFO - [2023-01-05T12:18:42.098+0000] {dag.py:3336} INFO - Setting next_dagrun for example_xcom_args_with_operators to None, run_after=None
[2023-01-05T12:18:42.134+0000] {processor.py:176} INFO - Processing /home/airflow/.local/lib/python3.9/site-packages/airflow/example_dags/example_xcomargs.py took 0.221 seconds
[2023-01-05T12:19:12.184+0000] {processor.py:154} INFO - Started process (PID=1177) to work on /home/airflow/.local/lib/python3.9/site-packages/airflow/example_dags/example_xcomargs.py
[2023-01-05T12:19:12.186+0000] {processor.py:756} INFO - Processing file /home/airflow/.local/lib/python3.9/site-packages/airflow/example_dags/example_xcomargs.py for tasks to queue
[2023-01-05T12:19:12.188+0000] {logging_mixin.py:120} INFO - [2023-01-05T12:19:12.187+0000] {dagbag.py:537} INFO - Filling up the DagBag from /home/airflow/.local/lib/python3.9/site-packages/airflow/example_dags/example_xcomargs.py
[2023-01-05T12:19:12.219+0000] {processor.py:766} INFO - DAG(s) dict_keys(['example_xcom_args', 'example_xcom_args_with_operators']) retrieved from /home/airflow/.local/lib/python3.9/site-packages/airflow/example_dags/example_xcomargs.py
[2023-01-05T12:19:12.292+0000] {logging_mixin.py:120} INFO - [2023-01-05T12:19:12.292+0000] {dag.py:2585} INFO - Sync 2 DAGs
[2023-01-05T12:19:12.354+0000] {logging_mixin.py:120} INFO - [2023-01-05T12:19:12.354+0000] {dag.py:3336} INFO - Setting next_dagrun for example_xcom_args to None, run_after=None
[2023-01-05T12:19:12.362+0000] {logging_mixin.py:120} INFO - [2023-01-05T12:19:12.362+0000] {dag.py:3336} INFO - Setting next_dagrun for example_xcom_args_with_operators to None, run_after=None
[2023-01-05T12:19:12.408+0000] {processor.py:176} INFO - Processing /home/airflow/.local/lib/python3.9/site-packages/airflow/example_dags/example_xcomargs.py took 0.230 seconds
