[2023-01-05T12:17:10.116+0000] {processor.py:154} INFO - Started process (PID=318) to work on /home/airflow/.local/lib/python3.9/site-packages/airflow/example_dags/example_bash_operator.py
[2023-01-05T12:17:10.137+0000] {processor.py:756} INFO - Processing file /home/airflow/.local/lib/python3.9/site-packages/airflow/example_dags/example_bash_operator.py for tasks to queue
[2023-01-05T12:17:10.141+0000] {logging_mixin.py:120} INFO - [2023-01-05T12:17:10.141+0000] {dagbag.py:537} INFO - Filling up the DagBag from /home/airflow/.local/lib/python3.9/site-packages/airflow/example_dags/example_bash_operator.py
[2023-01-05T12:17:10.286+0000] {processor.py:766} INFO - DAG(s) dict_keys(['example_bash_operator']) retrieved from /home/airflow/.local/lib/python3.9/site-packages/airflow/example_dags/example_bash_operator.py
[2023-01-05T12:17:10.391+0000] {logging_mixin.py:120} INFO - [2023-01-05T12:17:10.391+0000] {dag.py:2585} INFO - Sync 1 DAGs
[2023-01-05T12:17:10.550+0000] {logging_mixin.py:120} INFO - [2023-01-05T12:17:10.550+0000] {dag.py:3336} INFO - Setting next_dagrun for example_bash_operator to 2023-01-04T00:00:00+00:00, run_after=2023-01-05T00:00:00+00:00
[2023-01-05T12:17:10.613+0000] {processor.py:176} INFO - Processing /home/airflow/.local/lib/python3.9/site-packages/airflow/example_dags/example_bash_operator.py took 0.517 seconds
[2023-01-05T12:17:42.009+0000] {processor.py:154} INFO - Started process (PID=542) to work on /home/airflow/.local/lib/python3.9/site-packages/airflow/example_dags/example_bash_operator.py
[2023-01-05T12:17:42.012+0000] {processor.py:756} INFO - Processing file /home/airflow/.local/lib/python3.9/site-packages/airflow/example_dags/example_bash_operator.py for tasks to queue
[2023-01-05T12:17:42.014+0000] {logging_mixin.py:120} INFO - [2023-01-05T12:17:42.014+0000] {dagbag.py:537} INFO - Filling up the DagBag from /home/airflow/.local/lib/python3.9/site-packages/airflow/example_dags/example_bash_operator.py
[2023-01-05T12:17:42.044+0000] {processor.py:766} INFO - DAG(s) dict_keys(['example_bash_operator']) retrieved from /home/airflow/.local/lib/python3.9/site-packages/airflow/example_dags/example_bash_operator.py
[2023-01-05T12:17:42.128+0000] {logging_mixin.py:120} INFO - [2023-01-05T12:17:42.128+0000] {dag.py:2585} INFO - Sync 1 DAGs
[2023-01-05T12:17:42.184+0000] {logging_mixin.py:120} INFO - [2023-01-05T12:17:42.184+0000] {dag.py:3336} INFO - Setting next_dagrun for example_bash_operator to 2023-01-04T00:00:00+00:00, run_after=2023-01-05T00:00:00+00:00
[2023-01-05T12:17:42.237+0000] {processor.py:176} INFO - Processing /home/airflow/.local/lib/python3.9/site-packages/airflow/example_dags/example_bash_operator.py took 0.236 seconds
[2023-01-05T12:18:12.357+0000] {processor.py:154} INFO - Started process (PID=769) to work on /home/airflow/.local/lib/python3.9/site-packages/airflow/example_dags/example_bash_operator.py
[2023-01-05T12:18:12.360+0000] {processor.py:756} INFO - Processing file /home/airflow/.local/lib/python3.9/site-packages/airflow/example_dags/example_bash_operator.py for tasks to queue
[2023-01-05T12:18:12.361+0000] {logging_mixin.py:120} INFO - [2023-01-05T12:18:12.361+0000] {dagbag.py:537} INFO - Filling up the DagBag from /home/airflow/.local/lib/python3.9/site-packages/airflow/example_dags/example_bash_operator.py
[2023-01-05T12:18:12.387+0000] {processor.py:766} INFO - DAG(s) dict_keys(['example_bash_operator']) retrieved from /home/airflow/.local/lib/python3.9/site-packages/airflow/example_dags/example_bash_operator.py
[2023-01-05T12:18:12.447+0000] {logging_mixin.py:120} INFO - [2023-01-05T12:18:12.447+0000] {dag.py:2585} INFO - Sync 1 DAGs
[2023-01-05T12:18:12.478+0000] {logging_mixin.py:120} INFO - [2023-01-05T12:18:12.478+0000] {dag.py:3336} INFO - Setting next_dagrun for example_bash_operator to 2023-01-04T00:00:00+00:00, run_after=2023-01-05T00:00:00+00:00
[2023-01-05T12:18:12.499+0000] {processor.py:176} INFO - Processing /home/airflow/.local/lib/python3.9/site-packages/airflow/example_dags/example_bash_operator.py took 0.146 seconds
[2023-01-05T12:18:43.359+0000] {processor.py:154} INFO - Started process (PID=984) to work on /home/airflow/.local/lib/python3.9/site-packages/airflow/example_dags/example_bash_operator.py
[2023-01-05T12:18:43.362+0000] {processor.py:756} INFO - Processing file /home/airflow/.local/lib/python3.9/site-packages/airflow/example_dags/example_bash_operator.py for tasks to queue
[2023-01-05T12:18:43.364+0000] {logging_mixin.py:120} INFO - [2023-01-05T12:18:43.364+0000] {dagbag.py:537} INFO - Filling up the DagBag from /home/airflow/.local/lib/python3.9/site-packages/airflow/example_dags/example_bash_operator.py
[2023-01-05T12:18:43.393+0000] {processor.py:766} INFO - DAG(s) dict_keys(['example_bash_operator']) retrieved from /home/airflow/.local/lib/python3.9/site-packages/airflow/example_dags/example_bash_operator.py
[2023-01-05T12:18:43.492+0000] {logging_mixin.py:120} INFO - [2023-01-05T12:18:43.492+0000] {dag.py:2585} INFO - Sync 1 DAGs
[2023-01-05T12:18:43.600+0000] {logging_mixin.py:120} INFO - [2023-01-05T12:18:43.599+0000] {dag.py:3336} INFO - Setting next_dagrun for example_bash_operator to 2023-01-04T00:00:00+00:00, run_after=2023-01-05T00:00:00+00:00
[2023-01-05T12:18:43.687+0000] {processor.py:176} INFO - Processing /home/airflow/.local/lib/python3.9/site-packages/airflow/example_dags/example_bash_operator.py took 0.332 seconds
[2023-01-05T12:19:14.048+0000] {processor.py:154} INFO - Started process (PID=1250) to work on /home/airflow/.local/lib/python3.9/site-packages/airflow/example_dags/example_bash_operator.py
[2023-01-05T12:19:14.052+0000] {processor.py:756} INFO - Processing file /home/airflow/.local/lib/python3.9/site-packages/airflow/example_dags/example_bash_operator.py for tasks to queue
[2023-01-05T12:19:14.056+0000] {logging_mixin.py:120} INFO - [2023-01-05T12:19:14.055+0000] {dagbag.py:537} INFO - Filling up the DagBag from /home/airflow/.local/lib/python3.9/site-packages/airflow/example_dags/example_bash_operator.py
[2023-01-05T12:19:14.122+0000] {processor.py:766} INFO - DAG(s) dict_keys(['example_bash_operator']) retrieved from /home/airflow/.local/lib/python3.9/site-packages/airflow/example_dags/example_bash_operator.py
[2023-01-05T12:19:14.319+0000] {logging_mixin.py:120} INFO - [2023-01-05T12:19:14.319+0000] {dag.py:2585} INFO - Sync 1 DAGs
[2023-01-05T12:19:14.456+0000] {logging_mixin.py:120} INFO - [2023-01-05T12:19:14.455+0000] {dag.py:3336} INFO - Setting next_dagrun for example_bash_operator to 2023-01-04T00:00:00+00:00, run_after=2023-01-05T00:00:00+00:00
[2023-01-05T12:19:14.508+0000] {processor.py:176} INFO - Processing /home/airflow/.local/lib/python3.9/site-packages/airflow/example_dags/example_bash_operator.py took 0.465 seconds
