[2023-01-05T12:17:09.017+0000] {processor.py:154} INFO - Started process (PID=288) to work on /home/airflow/.local/lib/python3.9/site-packages/airflow/example_dags/example_python_operator.py
[2023-01-05T12:17:09.018+0000] {processor.py:756} INFO - Processing file /home/airflow/.local/lib/python3.9/site-packages/airflow/example_dags/example_python_operator.py for tasks to queue
[2023-01-05T12:17:09.020+0000] {logging_mixin.py:120} INFO - [2023-01-05T12:17:09.020+0000] {dagbag.py:537} INFO - Filling up the DagBag from /home/airflow/.local/lib/python3.9/site-packages/airflow/example_dags/example_python_operator.py
[2023-01-05T12:17:09.042+0000] {logging_mixin.py:120} INFO - [2023-01-05T12:17:09.042+0000] {taskmixin.py:205} WARNING - Dependency <Task(_PythonDecoratedOperator): print_the_context>, log_sql_query already registered for DAG: example_python_operator
[2023-01-05T12:17:09.043+0000] {logging_mixin.py:120} INFO - [2023-01-05T12:17:09.043+0000] {taskmixin.py:205} WARNING - Dependency <Task(_PythonDecoratedOperator): log_sql_query>, print_the_context already registered for DAG: example_python_operator
[2023-01-05T12:17:09.045+0000] {logging_mixin.py:120} INFO - [2023-01-05T12:17:09.044+0000] {taskmixin.py:205} WARNING - Dependency <Task(_PythonDecoratedOperator): print_the_context>, log_sql_query already registered for DAG: example_python_operator
[2023-01-05T12:17:09.045+0000] {logging_mixin.py:120} INFO - [2023-01-05T12:17:09.045+0000] {taskmixin.py:205} WARNING - Dependency <Task(_PythonDecoratedOperator): log_sql_query>, print_the_context already registered for DAG: example_python_operator
[2023-01-05T12:17:09.047+0000] {logging_mixin.py:120} INFO - [2023-01-05T12:17:09.047+0000] {taskmixin.py:205} WARNING - Dependency <Task(_PythonDecoratedOperator): print_the_context>, log_sql_query already registered for DAG: example_python_operator
[2023-01-05T12:17:09.048+0000] {logging_mixin.py:120} INFO - [2023-01-05T12:17:09.047+0000] {taskmixin.py:205} WARNING - Dependency <Task(_PythonDecoratedOperator): log_sql_query>, print_the_context already registered for DAG: example_python_operator
[2023-01-05T12:17:09.049+0000] {logging_mixin.py:120} INFO - [2023-01-05T12:17:09.049+0000] {taskmixin.py:205} WARNING - Dependency <Task(_PythonDecoratedOperator): print_the_context>, log_sql_query already registered for DAG: example_python_operator
[2023-01-05T12:17:09.051+0000] {logging_mixin.py:120} INFO - [2023-01-05T12:17:09.051+0000] {taskmixin.py:205} WARNING - Dependency <Task(_PythonDecoratedOperator): log_sql_query>, print_the_context already registered for DAG: example_python_operator
[2023-01-05T12:17:09.062+0000] {processor.py:766} INFO - DAG(s) dict_keys(['example_python_operator']) retrieved from /home/airflow/.local/lib/python3.9/site-packages/airflow/example_dags/example_python_operator.py
[2023-01-05T12:17:09.106+0000] {logging_mixin.py:120} INFO - [2023-01-05T12:17:09.106+0000] {dag.py:2585} INFO - Sync 1 DAGs
[2023-01-05T12:17:09.145+0000] {logging_mixin.py:120} INFO - [2023-01-05T12:17:09.145+0000] {dag.py:3336} INFO - Setting next_dagrun for example_python_operator to None, run_after=None
[2023-01-05T12:17:09.177+0000] {processor.py:176} INFO - Processing /home/airflow/.local/lib/python3.9/site-packages/airflow/example_dags/example_python_operator.py took 0.164 seconds
[2023-01-05T12:17:41.075+0000] {processor.py:154} INFO - Started process (PID=512) to work on /home/airflow/.local/lib/python3.9/site-packages/airflow/example_dags/example_python_operator.py
[2023-01-05T12:17:41.078+0000] {processor.py:756} INFO - Processing file /home/airflow/.local/lib/python3.9/site-packages/airflow/example_dags/example_python_operator.py for tasks to queue
[2023-01-05T12:17:41.080+0000] {logging_mixin.py:120} INFO - [2023-01-05T12:17:41.080+0000] {dagbag.py:537} INFO - Filling up the DagBag from /home/airflow/.local/lib/python3.9/site-packages/airflow/example_dags/example_python_operator.py
[2023-01-05T12:17:41.100+0000] {logging_mixin.py:120} INFO - [2023-01-05T12:17:41.100+0000] {taskmixin.py:205} WARNING - Dependency <Task(_PythonDecoratedOperator): print_the_context>, log_sql_query already registered for DAG: example_python_operator
[2023-01-05T12:17:41.102+0000] {logging_mixin.py:120} INFO - [2023-01-05T12:17:41.102+0000] {taskmixin.py:205} WARNING - Dependency <Task(_PythonDecoratedOperator): log_sql_query>, print_the_context already registered for DAG: example_python_operator
[2023-01-05T12:17:41.103+0000] {logging_mixin.py:120} INFO - [2023-01-05T12:17:41.103+0000] {taskmixin.py:205} WARNING - Dependency <Task(_PythonDecoratedOperator): print_the_context>, log_sql_query already registered for DAG: example_python_operator
[2023-01-05T12:17:41.104+0000] {logging_mixin.py:120} INFO - [2023-01-05T12:17:41.104+0000] {taskmixin.py:205} WARNING - Dependency <Task(_PythonDecoratedOperator): log_sql_query>, print_the_context already registered for DAG: example_python_operator
[2023-01-05T12:17:41.105+0000] {logging_mixin.py:120} INFO - [2023-01-05T12:17:41.105+0000] {taskmixin.py:205} WARNING - Dependency <Task(_PythonDecoratedOperator): print_the_context>, log_sql_query already registered for DAG: example_python_operator
[2023-01-05T12:17:41.106+0000] {logging_mixin.py:120} INFO - [2023-01-05T12:17:41.106+0000] {taskmixin.py:205} WARNING - Dependency <Task(_PythonDecoratedOperator): log_sql_query>, print_the_context already registered for DAG: example_python_operator
[2023-01-05T12:17:41.108+0000] {logging_mixin.py:120} INFO - [2023-01-05T12:17:41.107+0000] {taskmixin.py:205} WARNING - Dependency <Task(_PythonDecoratedOperator): print_the_context>, log_sql_query already registered for DAG: example_python_operator
[2023-01-05T12:17:41.109+0000] {logging_mixin.py:120} INFO - [2023-01-05T12:17:41.109+0000] {taskmixin.py:205} WARNING - Dependency <Task(_PythonDecoratedOperator): log_sql_query>, print_the_context already registered for DAG: example_python_operator
[2023-01-05T12:17:41.119+0000] {processor.py:766} INFO - DAG(s) dict_keys(['example_python_operator']) retrieved from /home/airflow/.local/lib/python3.9/site-packages/airflow/example_dags/example_python_operator.py
[2023-01-05T12:17:41.172+0000] {logging_mixin.py:120} INFO - [2023-01-05T12:17:41.172+0000] {dag.py:2585} INFO - Sync 1 DAGs
[2023-01-05T12:17:41.205+0000] {logging_mixin.py:120} INFO - [2023-01-05T12:17:41.204+0000] {dag.py:3336} INFO - Setting next_dagrun for example_python_operator to None, run_after=None
[2023-01-05T12:17:41.232+0000] {processor.py:176} INFO - Processing /home/airflow/.local/lib/python3.9/site-packages/airflow/example_dags/example_python_operator.py took 0.161 seconds
[2023-01-05T12:18:11.622+0000] {processor.py:154} INFO - Started process (PID=737) to work on /home/airflow/.local/lib/python3.9/site-packages/airflow/example_dags/example_python_operator.py
[2023-01-05T12:18:11.624+0000] {processor.py:756} INFO - Processing file /home/airflow/.local/lib/python3.9/site-packages/airflow/example_dags/example_python_operator.py for tasks to queue
[2023-01-05T12:18:11.625+0000] {logging_mixin.py:120} INFO - [2023-01-05T12:18:11.625+0000] {dagbag.py:537} INFO - Filling up the DagBag from /home/airflow/.local/lib/python3.9/site-packages/airflow/example_dags/example_python_operator.py
[2023-01-05T12:18:11.643+0000] {logging_mixin.py:120} INFO - [2023-01-05T12:18:11.643+0000] {taskmixin.py:205} WARNING - Dependency <Task(_PythonDecoratedOperator): print_the_context>, log_sql_query already registered for DAG: example_python_operator
[2023-01-05T12:18:11.644+0000] {logging_mixin.py:120} INFO - [2023-01-05T12:18:11.644+0000] {taskmixin.py:205} WARNING - Dependency <Task(_PythonDecoratedOperator): log_sql_query>, print_the_context already registered for DAG: example_python_operator
[2023-01-05T12:18:11.645+0000] {logging_mixin.py:120} INFO - [2023-01-05T12:18:11.645+0000] {taskmixin.py:205} WARNING - Dependency <Task(_PythonDecoratedOperator): print_the_context>, log_sql_query already registered for DAG: example_python_operator
[2023-01-05T12:18:11.646+0000] {logging_mixin.py:120} INFO - [2023-01-05T12:18:11.646+0000] {taskmixin.py:205} WARNING - Dependency <Task(_PythonDecoratedOperator): log_sql_query>, print_the_context already registered for DAG: example_python_operator
[2023-01-05T12:18:11.648+0000] {logging_mixin.py:120} INFO - [2023-01-05T12:18:11.648+0000] {taskmixin.py:205} WARNING - Dependency <Task(_PythonDecoratedOperator): print_the_context>, log_sql_query already registered for DAG: example_python_operator
[2023-01-05T12:18:11.649+0000] {logging_mixin.py:120} INFO - [2023-01-05T12:18:11.649+0000] {taskmixin.py:205} WARNING - Dependency <Task(_PythonDecoratedOperator): log_sql_query>, print_the_context already registered for DAG: example_python_operator
[2023-01-05T12:18:11.651+0000] {logging_mixin.py:120} INFO - [2023-01-05T12:18:11.650+0000] {taskmixin.py:205} WARNING - Dependency <Task(_PythonDecoratedOperator): print_the_context>, log_sql_query already registered for DAG: example_python_operator
[2023-01-05T12:18:11.651+0000] {logging_mixin.py:120} INFO - [2023-01-05T12:18:11.651+0000] {taskmixin.py:205} WARNING - Dependency <Task(_PythonDecoratedOperator): log_sql_query>, print_the_context already registered for DAG: example_python_operator
[2023-01-05T12:18:11.661+0000] {processor.py:766} INFO - DAG(s) dict_keys(['example_python_operator']) retrieved from /home/airflow/.local/lib/python3.9/site-packages/airflow/example_dags/example_python_operator.py
[2023-01-05T12:18:11.722+0000] {logging_mixin.py:120} INFO - [2023-01-05T12:18:11.721+0000] {dag.py:2585} INFO - Sync 1 DAGs
[2023-01-05T12:18:11.780+0000] {logging_mixin.py:120} INFO - [2023-01-05T12:18:11.780+0000] {dag.py:3336} INFO - Setting next_dagrun for example_python_operator to None, run_after=None
[2023-01-05T12:18:11.810+0000] {processor.py:176} INFO - Processing /home/airflow/.local/lib/python3.9/site-packages/airflow/example_dags/example_python_operator.py took 0.193 seconds
[2023-01-05T12:18:42.733+0000] {processor.py:154} INFO - Started process (PID=954) to work on /home/airflow/.local/lib/python3.9/site-packages/airflow/example_dags/example_python_operator.py
[2023-01-05T12:18:42.736+0000] {processor.py:756} INFO - Processing file /home/airflow/.local/lib/python3.9/site-packages/airflow/example_dags/example_python_operator.py for tasks to queue
[2023-01-05T12:18:42.737+0000] {logging_mixin.py:120} INFO - [2023-01-05T12:18:42.737+0000] {dagbag.py:537} INFO - Filling up the DagBag from /home/airflow/.local/lib/python3.9/site-packages/airflow/example_dags/example_python_operator.py
[2023-01-05T12:18:42.759+0000] {logging_mixin.py:120} INFO - [2023-01-05T12:18:42.759+0000] {taskmixin.py:205} WARNING - Dependency <Task(_PythonDecoratedOperator): print_the_context>, log_sql_query already registered for DAG: example_python_operator
[2023-01-05T12:18:42.761+0000] {logging_mixin.py:120} INFO - [2023-01-05T12:18:42.761+0000] {taskmixin.py:205} WARNING - Dependency <Task(_PythonDecoratedOperator): log_sql_query>, print_the_context already registered for DAG: example_python_operator
[2023-01-05T12:18:42.763+0000] {logging_mixin.py:120} INFO - [2023-01-05T12:18:42.763+0000] {taskmixin.py:205} WARNING - Dependency <Task(_PythonDecoratedOperator): print_the_context>, log_sql_query already registered for DAG: example_python_operator
[2023-01-05T12:18:42.765+0000] {logging_mixin.py:120} INFO - [2023-01-05T12:18:42.765+0000] {taskmixin.py:205} WARNING - Dependency <Task(_PythonDecoratedOperator): log_sql_query>, print_the_context already registered for DAG: example_python_operator
[2023-01-05T12:18:42.767+0000] {logging_mixin.py:120} INFO - [2023-01-05T12:18:42.767+0000] {taskmixin.py:205} WARNING - Dependency <Task(_PythonDecoratedOperator): print_the_context>, log_sql_query already registered for DAG: example_python_operator
[2023-01-05T12:18:42.768+0000] {logging_mixin.py:120} INFO - [2023-01-05T12:18:42.768+0000] {taskmixin.py:205} WARNING - Dependency <Task(_PythonDecoratedOperator): log_sql_query>, print_the_context already registered for DAG: example_python_operator
[2023-01-05T12:18:42.770+0000] {logging_mixin.py:120} INFO - [2023-01-05T12:18:42.770+0000] {taskmixin.py:205} WARNING - Dependency <Task(_PythonDecoratedOperator): print_the_context>, log_sql_query already registered for DAG: example_python_operator
[2023-01-05T12:18:42.773+0000] {logging_mixin.py:120} INFO - [2023-01-05T12:18:42.772+0000] {taskmixin.py:205} WARNING - Dependency <Task(_PythonDecoratedOperator): log_sql_query>, print_the_context already registered for DAG: example_python_operator
[2023-01-05T12:18:42.785+0000] {processor.py:766} INFO - DAG(s) dict_keys(['example_python_operator']) retrieved from /home/airflow/.local/lib/python3.9/site-packages/airflow/example_dags/example_python_operator.py
[2023-01-05T12:18:42.840+0000] {logging_mixin.py:120} INFO - [2023-01-05T12:18:42.839+0000] {dag.py:2585} INFO - Sync 1 DAGs
[2023-01-05T12:18:42.872+0000] {logging_mixin.py:120} INFO - [2023-01-05T12:18:42.872+0000] {dag.py:3336} INFO - Setting next_dagrun for example_python_operator to None, run_after=None
[2023-01-05T12:18:42.896+0000] {processor.py:176} INFO - Processing /home/airflow/.local/lib/python3.9/site-packages/airflow/example_dags/example_python_operator.py took 0.168 seconds
[2023-01-05T12:19:13.396+0000] {processor.py:154} INFO - Started process (PID=1220) to work on /home/airflow/.local/lib/python3.9/site-packages/airflow/example_dags/example_python_operator.py
[2023-01-05T12:19:13.398+0000] {processor.py:756} INFO - Processing file /home/airflow/.local/lib/python3.9/site-packages/airflow/example_dags/example_python_operator.py for tasks to queue
[2023-01-05T12:19:13.399+0000] {logging_mixin.py:120} INFO - [2023-01-05T12:19:13.399+0000] {dagbag.py:537} INFO - Filling up the DagBag from /home/airflow/.local/lib/python3.9/site-packages/airflow/example_dags/example_python_operator.py
[2023-01-05T12:19:13.424+0000] {logging_mixin.py:120} INFO - [2023-01-05T12:19:13.424+0000] {taskmixin.py:205} WARNING - Dependency <Task(_PythonDecoratedOperator): print_the_context>, log_sql_query already registered for DAG: example_python_operator
[2023-01-05T12:19:13.425+0000] {logging_mixin.py:120} INFO - [2023-01-05T12:19:13.425+0000] {taskmixin.py:205} WARNING - Dependency <Task(_PythonDecoratedOperator): log_sql_query>, print_the_context already registered for DAG: example_python_operator
[2023-01-05T12:19:13.426+0000] {logging_mixin.py:120} INFO - [2023-01-05T12:19:13.426+0000] {taskmixin.py:205} WARNING - Dependency <Task(_PythonDecoratedOperator): print_the_context>, log_sql_query already registered for DAG: example_python_operator
[2023-01-05T12:19:13.428+0000] {logging_mixin.py:120} INFO - [2023-01-05T12:19:13.427+0000] {taskmixin.py:205} WARNING - Dependency <Task(_PythonDecoratedOperator): log_sql_query>, print_the_context already registered for DAG: example_python_operator
[2023-01-05T12:19:13.429+0000] {logging_mixin.py:120} INFO - [2023-01-05T12:19:13.429+0000] {taskmixin.py:205} WARNING - Dependency <Task(_PythonDecoratedOperator): print_the_context>, log_sql_query already registered for DAG: example_python_operator
[2023-01-05T12:19:13.430+0000] {logging_mixin.py:120} INFO - [2023-01-05T12:19:13.430+0000] {taskmixin.py:205} WARNING - Dependency <Task(_PythonDecoratedOperator): log_sql_query>, print_the_context already registered for DAG: example_python_operator
[2023-01-05T12:19:13.432+0000] {logging_mixin.py:120} INFO - [2023-01-05T12:19:13.432+0000] {taskmixin.py:205} WARNING - Dependency <Task(_PythonDecoratedOperator): print_the_context>, log_sql_query already registered for DAG: example_python_operator
[2023-01-05T12:19:13.433+0000] {logging_mixin.py:120} INFO - [2023-01-05T12:19:13.433+0000] {taskmixin.py:205} WARNING - Dependency <Task(_PythonDecoratedOperator): log_sql_query>, print_the_context already registered for DAG: example_python_operator
[2023-01-05T12:19:13.444+0000] {processor.py:766} INFO - DAG(s) dict_keys(['example_python_operator']) retrieved from /home/airflow/.local/lib/python3.9/site-packages/airflow/example_dags/example_python_operator.py
[2023-01-05T12:19:13.505+0000] {logging_mixin.py:120} INFO - [2023-01-05T12:19:13.505+0000] {dag.py:2585} INFO - Sync 1 DAGs
[2023-01-05T12:19:13.540+0000] {logging_mixin.py:120} INFO - [2023-01-05T12:19:13.539+0000] {dag.py:3336} INFO - Setting next_dagrun for example_python_operator to None, run_after=None
[2023-01-05T12:19:13.567+0000] {processor.py:176} INFO - Processing /home/airflow/.local/lib/python3.9/site-packages/airflow/example_dags/example_python_operator.py took 0.176 seconds
