[2023-01-05T12:17:08.062+0000] {processor.py:154} INFO - Started process (PID=243) to work on /home/airflow/.local/lib/python3.9/site-packages/airflow/example_dags/example_short_circuit_decorator.py
[2023-01-05T12:17:08.065+0000] {processor.py:756} INFO - Processing file /home/airflow/.local/lib/python3.9/site-packages/airflow/example_dags/example_short_circuit_decorator.py for tasks to queue
[2023-01-05T12:17:08.066+0000] {logging_mixin.py:120} INFO - [2023-01-05T12:17:08.066+0000] {dagbag.py:537} INFO - Filling up the DagBag from /home/airflow/.local/lib/python3.9/site-packages/airflow/example_dags/example_short_circuit_decorator.py
[2023-01-05T12:17:08.101+0000] {processor.py:766} INFO - DAG(s) dict_keys(['example_short_circuit_decorator']) retrieved from /home/airflow/.local/lib/python3.9/site-packages/airflow/example_dags/example_short_circuit_decorator.py
[2023-01-05T12:17:08.158+0000] {logging_mixin.py:120} INFO - [2023-01-05T12:17:08.158+0000] {dag.py:2585} INFO - Sync 1 DAGs
[2023-01-05T12:17:08.219+0000] {logging_mixin.py:120} INFO - [2023-01-05T12:17:08.218+0000] {dag.py:3336} INFO - Setting next_dagrun for example_short_circuit_decorator to 2023-01-04T12:17:08.218520+00:00, run_after=2023-01-05T12:17:08.218520+00:00
[2023-01-05T12:17:08.249+0000] {processor.py:176} INFO - Processing /home/airflow/.local/lib/python3.9/site-packages/airflow/example_dags/example_short_circuit_decorator.py took 0.192 seconds
[2023-01-05T12:17:39.547+0000] {processor.py:154} INFO - Started process (PID=467) to work on /home/airflow/.local/lib/python3.9/site-packages/airflow/example_dags/example_short_circuit_decorator.py
[2023-01-05T12:17:39.549+0000] {processor.py:756} INFO - Processing file /home/airflow/.local/lib/python3.9/site-packages/airflow/example_dags/example_short_circuit_decorator.py for tasks to queue
[2023-01-05T12:17:39.551+0000] {logging_mixin.py:120} INFO - [2023-01-05T12:17:39.551+0000] {dagbag.py:537} INFO - Filling up the DagBag from /home/airflow/.local/lib/python3.9/site-packages/airflow/example_dags/example_short_circuit_decorator.py
[2023-01-05T12:17:39.584+0000] {processor.py:766} INFO - DAG(s) dict_keys(['example_short_circuit_decorator']) retrieved from /home/airflow/.local/lib/python3.9/site-packages/airflow/example_dags/example_short_circuit_decorator.py
[2023-01-05T12:17:39.659+0000] {logging_mixin.py:120} INFO - [2023-01-05T12:17:39.659+0000] {dag.py:2585} INFO - Sync 1 DAGs
[2023-01-05T12:17:39.716+0000] {logging_mixin.py:120} INFO - [2023-01-05T12:17:39.716+0000] {dag.py:3336} INFO - Setting next_dagrun for example_short_circuit_decorator to 2023-01-04T12:17:39.715703+00:00, run_after=2023-01-05T12:17:39.715703+00:00
[2023-01-05T12:17:39.798+0000] {processor.py:176} INFO - Processing /home/airflow/.local/lib/python3.9/site-packages/airflow/example_dags/example_short_circuit_decorator.py took 0.255 seconds
[2023-01-05T12:18:10.256+0000] {processor.py:154} INFO - Started process (PID=692) to work on /home/airflow/.local/lib/python3.9/site-packages/airflow/example_dags/example_short_circuit_decorator.py
[2023-01-05T12:18:10.259+0000] {processor.py:756} INFO - Processing file /home/airflow/.local/lib/python3.9/site-packages/airflow/example_dags/example_short_circuit_decorator.py for tasks to queue
[2023-01-05T12:18:10.261+0000] {logging_mixin.py:120} INFO - [2023-01-05T12:18:10.261+0000] {dagbag.py:537} INFO - Filling up the DagBag from /home/airflow/.local/lib/python3.9/site-packages/airflow/example_dags/example_short_circuit_decorator.py
[2023-01-05T12:18:10.321+0000] {processor.py:766} INFO - DAG(s) dict_keys(['example_short_circuit_decorator']) retrieved from /home/airflow/.local/lib/python3.9/site-packages/airflow/example_dags/example_short_circuit_decorator.py
[2023-01-05T12:18:10.458+0000] {logging_mixin.py:120} INFO - [2023-01-05T12:18:10.458+0000] {dag.py:2585} INFO - Sync 1 DAGs
[2023-01-05T12:18:10.497+0000] {logging_mixin.py:120} INFO - [2023-01-05T12:18:10.497+0000] {dag.py:3336} INFO - Setting next_dagrun for example_short_circuit_decorator to 2023-01-04T12:18:10.497329+00:00, run_after=2023-01-05T12:18:10.497329+00:00
[2023-01-05T12:18:10.527+0000] {processor.py:176} INFO - Processing /home/airflow/.local/lib/python3.9/site-packages/airflow/example_dags/example_short_circuit_decorator.py took 0.276 seconds
[2023-01-05T12:18:41.448+0000] {processor.py:154} INFO - Started process (PID=909) to work on /home/airflow/.local/lib/python3.9/site-packages/airflow/example_dags/example_short_circuit_decorator.py
[2023-01-05T12:18:41.450+0000] {processor.py:756} INFO - Processing file /home/airflow/.local/lib/python3.9/site-packages/airflow/example_dags/example_short_circuit_decorator.py for tasks to queue
[2023-01-05T12:18:41.451+0000] {logging_mixin.py:120} INFO - [2023-01-05T12:18:41.451+0000] {dagbag.py:537} INFO - Filling up the DagBag from /home/airflow/.local/lib/python3.9/site-packages/airflow/example_dags/example_short_circuit_decorator.py
[2023-01-05T12:18:41.480+0000] {processor.py:766} INFO - DAG(s) dict_keys(['example_short_circuit_decorator']) retrieved from /home/airflow/.local/lib/python3.9/site-packages/airflow/example_dags/example_short_circuit_decorator.py
[2023-01-05T12:18:41.531+0000] {logging_mixin.py:120} INFO - [2023-01-05T12:18:41.530+0000] {dag.py:2585} INFO - Sync 1 DAGs
[2023-01-05T12:18:41.571+0000] {logging_mixin.py:120} INFO - [2023-01-05T12:18:41.571+0000] {dag.py:3336} INFO - Setting next_dagrun for example_short_circuit_decorator to 2023-01-04T12:18:41.571116+00:00, run_after=2023-01-05T12:18:41.571116+00:00
[2023-01-05T12:18:41.595+0000] {processor.py:176} INFO - Processing /home/airflow/.local/lib/python3.9/site-packages/airflow/example_dags/example_short_circuit_decorator.py took 0.151 seconds
[2023-01-05T12:19:11.875+0000] {processor.py:154} INFO - Started process (PID=1162) to work on /home/airflow/.local/lib/python3.9/site-packages/airflow/example_dags/example_short_circuit_decorator.py
[2023-01-05T12:19:11.877+0000] {processor.py:756} INFO - Processing file /home/airflow/.local/lib/python3.9/site-packages/airflow/example_dags/example_short_circuit_decorator.py for tasks to queue
[2023-01-05T12:19:11.878+0000] {logging_mixin.py:120} INFO - [2023-01-05T12:19:11.878+0000] {dagbag.py:537} INFO - Filling up the DagBag from /home/airflow/.local/lib/python3.9/site-packages/airflow/example_dags/example_short_circuit_decorator.py
[2023-01-05T12:19:11.907+0000] {processor.py:766} INFO - DAG(s) dict_keys(['example_short_circuit_decorator']) retrieved from /home/airflow/.local/lib/python3.9/site-packages/airflow/example_dags/example_short_circuit_decorator.py
[2023-01-05T12:19:11.986+0000] {logging_mixin.py:120} INFO - [2023-01-05T12:19:11.986+0000] {dag.py:2585} INFO - Sync 1 DAGs
[2023-01-05T12:19:12.040+0000] {logging_mixin.py:120} INFO - [2023-01-05T12:19:12.040+0000] {dag.py:3336} INFO - Setting next_dagrun for example_short_circuit_decorator to 2023-01-04T12:19:12.039906+00:00, run_after=2023-01-05T12:19:12.039906+00:00
[2023-01-05T12:19:12.068+0000] {processor.py:176} INFO - Processing /home/airflow/.local/lib/python3.9/site-packages/airflow/example_dags/example_short_circuit_decorator.py took 0.197 seconds
