[2023-01-05T12:17:09.921+0000] {processor.py:154} INFO - Started process (PID=313) to work on /home/airflow/.local/lib/python3.9/site-packages/airflow/example_dags/example_branch_datetime_operator.py
[2023-01-05T12:17:09.929+0000] {processor.py:756} INFO - Processing file /home/airflow/.local/lib/python3.9/site-packages/airflow/example_dags/example_branch_datetime_operator.py for tasks to queue
[2023-01-05T12:17:09.934+0000] {logging_mixin.py:120} INFO - [2023-01-05T12:17:09.934+0000] {dagbag.py:537} INFO - Filling up the DagBag from /home/airflow/.local/lib/python3.9/site-packages/airflow/example_dags/example_branch_datetime_operator.py
[2023-01-05T12:17:10.007+0000] {processor.py:766} INFO - DAG(s) dict_keys(['example_branch_datetime_operator_2', 'example_branch_datetime_operator_3', 'example_branch_datetime_operator']) retrieved from /home/airflow/.local/lib/python3.9/site-packages/airflow/example_dags/example_branch_datetime_operator.py
[2023-01-05T12:17:10.080+0000] {logging_mixin.py:120} INFO - [2023-01-05T12:17:10.079+0000] {dag.py:2585} INFO - Sync 3 DAGs
[2023-01-05T12:17:10.162+0000] {logging_mixin.py:120} INFO - [2023-01-05T12:17:10.161+0000] {dag.py:3336} INFO - Setting next_dagrun for example_branch_datetime_operator to 2023-01-04T00:00:00+00:00, run_after=2023-01-05T00:00:00+00:00
[2023-01-05T12:17:10.178+0000] {logging_mixin.py:120} INFO - [2023-01-05T12:17:10.178+0000] {dag.py:3336} INFO - Setting next_dagrun for example_branch_datetime_operator_2 to 2023-01-04T00:00:00+00:00, run_after=2023-01-05T00:00:00+00:00
[2023-01-05T12:17:10.191+0000] {logging_mixin.py:120} INFO - [2023-01-05T12:17:10.191+0000] {dag.py:3336} INFO - Setting next_dagrun for example_branch_datetime_operator_3 to 2023-01-04T00:00:00+00:00, run_after=2023-01-05T00:00:00+00:00
[2023-01-05T12:17:10.245+0000] {processor.py:176} INFO - Processing /home/airflow/.local/lib/python3.9/site-packages/airflow/example_dags/example_branch_datetime_operator.py took 0.358 seconds
[2023-01-05T12:17:41.819+0000] {processor.py:154} INFO - Started process (PID=537) to work on /home/airflow/.local/lib/python3.9/site-packages/airflow/example_dags/example_branch_datetime_operator.py
[2023-01-05T12:17:41.825+0000] {processor.py:756} INFO - Processing file /home/airflow/.local/lib/python3.9/site-packages/airflow/example_dags/example_branch_datetime_operator.py for tasks to queue
[2023-01-05T12:17:41.832+0000] {logging_mixin.py:120} INFO - [2023-01-05T12:17:41.830+0000] {dagbag.py:537} INFO - Filling up the DagBag from /home/airflow/.local/lib/python3.9/site-packages/airflow/example_dags/example_branch_datetime_operator.py
[2023-01-05T12:17:41.922+0000] {processor.py:766} INFO - DAG(s) dict_keys(['example_branch_datetime_operator_2', 'example_branch_datetime_operator_3', 'example_branch_datetime_operator']) retrieved from /home/airflow/.local/lib/python3.9/site-packages/airflow/example_dags/example_branch_datetime_operator.py
[2023-01-05T12:17:42.035+0000] {logging_mixin.py:120} INFO - [2023-01-05T12:17:42.035+0000] {dag.py:2585} INFO - Sync 3 DAGs
[2023-01-05T12:17:42.073+0000] {logging_mixin.py:120} INFO - [2023-01-05T12:17:42.073+0000] {dag.py:3336} INFO - Setting next_dagrun for example_branch_datetime_operator to 2023-01-04T00:00:00+00:00, run_after=2023-01-05T00:00:00+00:00
[2023-01-05T12:17:42.083+0000] {logging_mixin.py:120} INFO - [2023-01-05T12:17:42.083+0000] {dag.py:3336} INFO - Setting next_dagrun for example_branch_datetime_operator_2 to 2023-01-04T00:00:00+00:00, run_after=2023-01-05T00:00:00+00:00
[2023-01-05T12:17:42.088+0000] {logging_mixin.py:120} INFO - [2023-01-05T12:17:42.088+0000] {dag.py:3336} INFO - Setting next_dagrun for example_branch_datetime_operator_3 to 2023-01-04T00:00:00+00:00, run_after=2023-01-05T00:00:00+00:00
[2023-01-05T12:17:42.132+0000] {processor.py:176} INFO - Processing /home/airflow/.local/lib/python3.9/site-packages/airflow/example_dags/example_branch_datetime_operator.py took 0.329 seconds
[2023-01-05T12:18:12.173+0000] {processor.py:154} INFO - Started process (PID=762) to work on /home/airflow/.local/lib/python3.9/site-packages/airflow/example_dags/example_branch_datetime_operator.py
[2023-01-05T12:18:12.176+0000] {processor.py:756} INFO - Processing file /home/airflow/.local/lib/python3.9/site-packages/airflow/example_dags/example_branch_datetime_operator.py for tasks to queue
[2023-01-05T12:18:12.177+0000] {logging_mixin.py:120} INFO - [2023-01-05T12:18:12.177+0000] {dagbag.py:537} INFO - Filling up the DagBag from /home/airflow/.local/lib/python3.9/site-packages/airflow/example_dags/example_branch_datetime_operator.py
[2023-01-05T12:18:12.200+0000] {processor.py:766} INFO - DAG(s) dict_keys(['example_branch_datetime_operator_2', 'example_branch_datetime_operator', 'example_branch_datetime_operator_3']) retrieved from /home/airflow/.local/lib/python3.9/site-packages/airflow/example_dags/example_branch_datetime_operator.py
[2023-01-05T12:18:12.262+0000] {logging_mixin.py:120} INFO - [2023-01-05T12:18:12.262+0000] {dag.py:2585} INFO - Sync 3 DAGs
[2023-01-05T12:18:12.295+0000] {logging_mixin.py:120} INFO - [2023-01-05T12:18:12.295+0000] {dag.py:3336} INFO - Setting next_dagrun for example_branch_datetime_operator to 2023-01-04T00:00:00+00:00, run_after=2023-01-05T00:00:00+00:00
[2023-01-05T12:18:12.302+0000] {logging_mixin.py:120} INFO - [2023-01-05T12:18:12.302+0000] {dag.py:3336} INFO - Setting next_dagrun for example_branch_datetime_operator_2 to 2023-01-04T00:00:00+00:00, run_after=2023-01-05T00:00:00+00:00
[2023-01-05T12:18:12.306+0000] {logging_mixin.py:120} INFO - [2023-01-05T12:18:12.305+0000] {dag.py:3336} INFO - Setting next_dagrun for example_branch_datetime_operator_3 to 2023-01-04T00:00:00+00:00, run_after=2023-01-05T00:00:00+00:00
[2023-01-05T12:18:12.326+0000] {processor.py:176} INFO - Processing /home/airflow/.local/lib/python3.9/site-packages/airflow/example_dags/example_branch_datetime_operator.py took 0.158 seconds
[2023-01-05T12:18:43.219+0000] {processor.py:154} INFO - Started process (PID=979) to work on /home/airflow/.local/lib/python3.9/site-packages/airflow/example_dags/example_branch_datetime_operator.py
[2023-01-05T12:18:43.221+0000] {processor.py:756} INFO - Processing file /home/airflow/.local/lib/python3.9/site-packages/airflow/example_dags/example_branch_datetime_operator.py for tasks to queue
[2023-01-05T12:18:43.223+0000] {logging_mixin.py:120} INFO - [2023-01-05T12:18:43.222+0000] {dagbag.py:537} INFO - Filling up the DagBag from /home/airflow/.local/lib/python3.9/site-packages/airflow/example_dags/example_branch_datetime_operator.py
[2023-01-05T12:18:43.245+0000] {processor.py:766} INFO - DAG(s) dict_keys(['example_branch_datetime_operator', 'example_branch_datetime_operator_2', 'example_branch_datetime_operator_3']) retrieved from /home/airflow/.local/lib/python3.9/site-packages/airflow/example_dags/example_branch_datetime_operator.py
[2023-01-05T12:18:43.303+0000] {logging_mixin.py:120} INFO - [2023-01-05T12:18:43.303+0000] {dag.py:2585} INFO - Sync 3 DAGs
[2023-01-05T12:18:43.338+0000] {logging_mixin.py:120} INFO - [2023-01-05T12:18:43.338+0000] {dag.py:3336} INFO - Setting next_dagrun for example_branch_datetime_operator to 2023-01-04T00:00:00+00:00, run_after=2023-01-05T00:00:00+00:00
[2023-01-05T12:18:43.344+0000] {logging_mixin.py:120} INFO - [2023-01-05T12:18:43.344+0000] {dag.py:3336} INFO - Setting next_dagrun for example_branch_datetime_operator_2 to 2023-01-04T00:00:00+00:00, run_after=2023-01-05T00:00:00+00:00
[2023-01-05T12:18:43.348+0000] {logging_mixin.py:120} INFO - [2023-01-05T12:18:43.348+0000] {dag.py:3336} INFO - Setting next_dagrun for example_branch_datetime_operator_3 to 2023-01-04T00:00:00+00:00, run_after=2023-01-05T00:00:00+00:00
[2023-01-05T12:18:43.377+0000] {processor.py:176} INFO - Processing /home/airflow/.local/lib/python3.9/site-packages/airflow/example_dags/example_branch_datetime_operator.py took 0.163 seconds
[2023-01-05T12:19:13.920+0000] {processor.py:154} INFO - Started process (PID=1245) to work on /home/airflow/.local/lib/python3.9/site-packages/airflow/example_dags/example_branch_datetime_operator.py
[2023-01-05T12:19:13.922+0000] {processor.py:756} INFO - Processing file /home/airflow/.local/lib/python3.9/site-packages/airflow/example_dags/example_branch_datetime_operator.py for tasks to queue
[2023-01-05T12:19:13.924+0000] {logging_mixin.py:120} INFO - [2023-01-05T12:19:13.923+0000] {dagbag.py:537} INFO - Filling up the DagBag from /home/airflow/.local/lib/python3.9/site-packages/airflow/example_dags/example_branch_datetime_operator.py
[2023-01-05T12:19:13.947+0000] {processor.py:766} INFO - DAG(s) dict_keys(['example_branch_datetime_operator_2', 'example_branch_datetime_operator_3', 'example_branch_datetime_operator']) retrieved from /home/airflow/.local/lib/python3.9/site-packages/airflow/example_dags/example_branch_datetime_operator.py
[2023-01-05T12:19:14.015+0000] {logging_mixin.py:120} INFO - [2023-01-05T12:19:14.015+0000] {dag.py:2585} INFO - Sync 3 DAGs
[2023-01-05T12:19:14.080+0000] {logging_mixin.py:120} INFO - [2023-01-05T12:19:14.079+0000] {dag.py:3336} INFO - Setting next_dagrun for example_branch_datetime_operator to 2023-01-04T00:00:00+00:00, run_after=2023-01-05T00:00:00+00:00
[2023-01-05T12:19:14.104+0000] {logging_mixin.py:120} INFO - [2023-01-05T12:19:14.104+0000] {dag.py:3336} INFO - Setting next_dagrun for example_branch_datetime_operator_2 to 2023-01-04T00:00:00+00:00, run_after=2023-01-05T00:00:00+00:00
[2023-01-05T12:19:14.112+0000] {logging_mixin.py:120} INFO - [2023-01-05T12:19:14.111+0000] {dag.py:3336} INFO - Setting next_dagrun for example_branch_datetime_operator_3 to 2023-01-04T00:00:00+00:00, run_after=2023-01-05T00:00:00+00:00
[2023-01-05T12:19:14.252+0000] {processor.py:176} INFO - Processing /home/airflow/.local/lib/python3.9/site-packages/airflow/example_dags/example_branch_datetime_operator.py took 0.336 seconds
