[2023-01-05T12:17:10.951+0000] {processor.py:154} INFO - Started process (PID=341) to work on /home/airflow/.local/lib/python3.9/site-packages/airflow/example_dags/example_branch_operator_decorator.py
[2023-01-05T12:17:10.953+0000] {processor.py:756} INFO - Processing file /home/airflow/.local/lib/python3.9/site-packages/airflow/example_dags/example_branch_operator_decorator.py for tasks to queue
[2023-01-05T12:17:10.964+0000] {logging_mixin.py:120} INFO - [2023-01-05T12:17:10.963+0000] {dagbag.py:537} INFO - Filling up the DagBag from /home/airflow/.local/lib/python3.9/site-packages/airflow/example_dags/example_branch_operator_decorator.py
[2023-01-05T12:17:11.080+0000] {processor.py:766} INFO - DAG(s) dict_keys(['example_branch_python_operator_decorator']) retrieved from /home/airflow/.local/lib/python3.9/site-packages/airflow/example_dags/example_branch_operator_decorator.py
[2023-01-05T12:17:11.183+0000] {logging_mixin.py:120} INFO - [2023-01-05T12:17:11.183+0000] {dag.py:2585} INFO - Sync 1 DAGs
[2023-01-05T12:17:11.360+0000] {logging_mixin.py:120} INFO - [2023-01-05T12:17:11.359+0000] {dag.py:3336} INFO - Setting next_dagrun for example_branch_python_operator_decorator to 2023-01-04T00:00:00+00:00, run_after=2023-01-05T00:00:00+00:00
[2023-01-05T12:17:11.474+0000] {processor.py:176} INFO - Processing /home/airflow/.local/lib/python3.9/site-packages/airflow/example_dags/example_branch_operator_decorator.py took 0.542 seconds
[2023-01-05T12:17:42.636+0000] {processor.py:154} INFO - Started process (PID=557) to work on /home/airflow/.local/lib/python3.9/site-packages/airflow/example_dags/example_branch_operator_decorator.py
[2023-01-05T12:17:42.641+0000] {processor.py:756} INFO - Processing file /home/airflow/.local/lib/python3.9/site-packages/airflow/example_dags/example_branch_operator_decorator.py for tasks to queue
[2023-01-05T12:17:42.678+0000] {logging_mixin.py:120} INFO - [2023-01-05T12:17:42.678+0000] {dagbag.py:537} INFO - Filling up the DagBag from /home/airflow/.local/lib/python3.9/site-packages/airflow/example_dags/example_branch_operator_decorator.py
[2023-01-05T12:17:42.741+0000] {processor.py:766} INFO - DAG(s) dict_keys(['example_branch_python_operator_decorator']) retrieved from /home/airflow/.local/lib/python3.9/site-packages/airflow/example_dags/example_branch_operator_decorator.py
[2023-01-05T12:17:42.814+0000] {logging_mixin.py:120} INFO - [2023-01-05T12:17:42.814+0000] {dag.py:2585} INFO - Sync 1 DAGs
[2023-01-05T12:17:42.860+0000] {logging_mixin.py:120} INFO - [2023-01-05T12:17:42.859+0000] {dag.py:3336} INFO - Setting next_dagrun for example_branch_python_operator_decorator to 2023-01-04T00:00:00+00:00, run_after=2023-01-05T00:00:00+00:00
[2023-01-05T12:17:42.895+0000] {processor.py:176} INFO - Processing /home/airflow/.local/lib/python3.9/site-packages/airflow/example_dags/example_branch_operator_decorator.py took 0.264 seconds
[2023-01-05T12:18:13.531+0000] {processor.py:154} INFO - Started process (PID=782) to work on /home/airflow/.local/lib/python3.9/site-packages/airflow/example_dags/example_branch_operator_decorator.py
[2023-01-05T12:18:13.533+0000] {processor.py:756} INFO - Processing file /home/airflow/.local/lib/python3.9/site-packages/airflow/example_dags/example_branch_operator_decorator.py for tasks to queue
[2023-01-05T12:18:13.535+0000] {logging_mixin.py:120} INFO - [2023-01-05T12:18:13.535+0000] {dagbag.py:537} INFO - Filling up the DagBag from /home/airflow/.local/lib/python3.9/site-packages/airflow/example_dags/example_branch_operator_decorator.py
[2023-01-05T12:18:13.564+0000] {processor.py:766} INFO - DAG(s) dict_keys(['example_branch_python_operator_decorator']) retrieved from /home/airflow/.local/lib/python3.9/site-packages/airflow/example_dags/example_branch_operator_decorator.py
[2023-01-05T12:18:13.617+0000] {logging_mixin.py:120} INFO - [2023-01-05T12:18:13.616+0000] {dag.py:2585} INFO - Sync 1 DAGs
[2023-01-05T12:18:13.657+0000] {logging_mixin.py:120} INFO - [2023-01-05T12:18:13.656+0000] {dag.py:3336} INFO - Setting next_dagrun for example_branch_python_operator_decorator to 2023-01-04T00:00:00+00:00, run_after=2023-01-05T00:00:00+00:00
[2023-01-05T12:18:13.697+0000] {processor.py:176} INFO - Processing /home/airflow/.local/lib/python3.9/site-packages/airflow/example_dags/example_branch_operator_decorator.py took 0.170 seconds
[2023-01-05T12:18:44.225+0000] {processor.py:154} INFO - Started process (PID=1001) to work on /home/airflow/.local/lib/python3.9/site-packages/airflow/example_dags/example_branch_operator_decorator.py
[2023-01-05T12:18:44.227+0000] {processor.py:756} INFO - Processing file /home/airflow/.local/lib/python3.9/site-packages/airflow/example_dags/example_branch_operator_decorator.py for tasks to queue
[2023-01-05T12:18:44.229+0000] {logging_mixin.py:120} INFO - [2023-01-05T12:18:44.229+0000] {dagbag.py:537} INFO - Filling up the DagBag from /home/airflow/.local/lib/python3.9/site-packages/airflow/example_dags/example_branch_operator_decorator.py
[2023-01-05T12:18:44.287+0000] {processor.py:766} INFO - DAG(s) dict_keys(['example_branch_python_operator_decorator']) retrieved from /home/airflow/.local/lib/python3.9/site-packages/airflow/example_dags/example_branch_operator_decorator.py
[2023-01-05T12:18:44.350+0000] {logging_mixin.py:120} INFO - [2023-01-05T12:18:44.350+0000] {dag.py:2585} INFO - Sync 1 DAGs
[2023-01-05T12:18:44.401+0000] {logging_mixin.py:120} INFO - [2023-01-05T12:18:44.401+0000] {dag.py:3336} INFO - Setting next_dagrun for example_branch_python_operator_decorator to 2023-01-04T00:00:00+00:00, run_after=2023-01-05T00:00:00+00:00
[2023-01-05T12:18:44.442+0000] {processor.py:176} INFO - Processing /home/airflow/.local/lib/python3.9/site-packages/airflow/example_dags/example_branch_operator_decorator.py took 0.221 seconds
[2023-01-05T12:19:15.112+0000] {processor.py:154} INFO - Started process (PID=1289) to work on /home/airflow/.local/lib/python3.9/site-packages/airflow/example_dags/example_branch_operator_decorator.py
[2023-01-05T12:19:15.131+0000] {processor.py:756} INFO - Processing file /home/airflow/.local/lib/python3.9/site-packages/airflow/example_dags/example_branch_operator_decorator.py for tasks to queue
[2023-01-05T12:19:15.136+0000] {logging_mixin.py:120} INFO - [2023-01-05T12:19:15.135+0000] {dagbag.py:537} INFO - Filling up the DagBag from /home/airflow/.local/lib/python3.9/site-packages/airflow/example_dags/example_branch_operator_decorator.py
[2023-01-05T12:19:15.725+0000] {logging_mixin.py:120} INFO - [2023-01-05T12:19:15.725+0000] {process_utils.py:256} INFO - Waiting up to 5 seconds for processes to exit...
