[2023-01-05T12:17:10.775+0000] {processor.py:154} INFO - Started process (PID=336) to work on /home/airflow/.local/lib/python3.9/site-packages/airflow/example_dags/example_task_group.py
[2023-01-05T12:17:10.778+0000] {processor.py:756} INFO - Processing file /home/airflow/.local/lib/python3.9/site-packages/airflow/example_dags/example_task_group.py for tasks to queue
[2023-01-05T12:17:10.786+0000] {logging_mixin.py:120} INFO - [2023-01-05T12:17:10.786+0000] {dagbag.py:537} INFO - Filling up the DagBag from /home/airflow/.local/lib/python3.9/site-packages/airflow/example_dags/example_task_group.py
[2023-01-05T12:17:10.875+0000] {processor.py:766} INFO - DAG(s) dict_keys(['example_task_group']) retrieved from /home/airflow/.local/lib/python3.9/site-packages/airflow/example_dags/example_task_group.py
[2023-01-05T12:17:10.964+0000] {logging_mixin.py:120} INFO - [2023-01-05T12:17:10.964+0000] {dag.py:2585} INFO - Sync 1 DAGs
[2023-01-05T12:17:11.043+0000] {logging_mixin.py:120} INFO - [2023-01-05T12:17:11.043+0000] {dag.py:3336} INFO - Setting next_dagrun for example_task_group to 2023-01-04T12:17:11.042587+00:00, run_after=2023-01-05T12:17:11.042587+00:00
[2023-01-05T12:17:11.111+0000] {processor.py:176} INFO - Processing /home/airflow/.local/lib/python3.9/site-packages/airflow/example_dags/example_task_group.py took 0.357 seconds
[2023-01-05T12:17:42.295+0000] {processor.py:154} INFO - Started process (PID=552) to work on /home/airflow/.local/lib/python3.9/site-packages/airflow/example_dags/example_task_group.py
[2023-01-05T12:17:42.300+0000] {processor.py:756} INFO - Processing file /home/airflow/.local/lib/python3.9/site-packages/airflow/example_dags/example_task_group.py for tasks to queue
[2023-01-05T12:17:42.321+0000] {logging_mixin.py:120} INFO - [2023-01-05T12:17:42.320+0000] {dagbag.py:537} INFO - Filling up the DagBag from /home/airflow/.local/lib/python3.9/site-packages/airflow/example_dags/example_task_group.py
[2023-01-05T12:17:42.347+0000] {processor.py:766} INFO - DAG(s) dict_keys(['example_task_group']) retrieved from /home/airflow/.local/lib/python3.9/site-packages/airflow/example_dags/example_task_group.py
[2023-01-05T12:17:42.558+0000] {logging_mixin.py:120} INFO - [2023-01-05T12:17:42.558+0000] {dag.py:2585} INFO - Sync 1 DAGs
[2023-01-05T12:17:42.607+0000] {logging_mixin.py:120} INFO - [2023-01-05T12:17:42.607+0000] {dag.py:3336} INFO - Setting next_dagrun for example_task_group to 2023-01-04T12:17:42.607340+00:00, run_after=2023-01-05T12:17:42.607340+00:00
[2023-01-05T12:17:42.692+0000] {processor.py:176} INFO - Processing /home/airflow/.local/lib/python3.9/site-packages/airflow/example_dags/example_task_group.py took 0.406 seconds
[2023-01-05T12:18:13.374+0000] {processor.py:154} INFO - Started process (PID=777) to work on /home/airflow/.local/lib/python3.9/site-packages/airflow/example_dags/example_task_group.py
[2023-01-05T12:18:13.376+0000] {processor.py:756} INFO - Processing file /home/airflow/.local/lib/python3.9/site-packages/airflow/example_dags/example_task_group.py for tasks to queue
[2023-01-05T12:18:13.377+0000] {logging_mixin.py:120} INFO - [2023-01-05T12:18:13.377+0000] {dagbag.py:537} INFO - Filling up the DagBag from /home/airflow/.local/lib/python3.9/site-packages/airflow/example_dags/example_task_group.py
[2023-01-05T12:18:13.407+0000] {processor.py:766} INFO - DAG(s) dict_keys(['example_task_group']) retrieved from /home/airflow/.local/lib/python3.9/site-packages/airflow/example_dags/example_task_group.py
[2023-01-05T12:18:13.463+0000] {logging_mixin.py:120} INFO - [2023-01-05T12:18:13.462+0000] {dag.py:2585} INFO - Sync 1 DAGs
[2023-01-05T12:18:13.492+0000] {logging_mixin.py:120} INFO - [2023-01-05T12:18:13.492+0000] {dag.py:3336} INFO - Setting next_dagrun for example_task_group to 2023-01-04T12:18:13.492069+00:00, run_after=2023-01-05T12:18:13.492069+00:00
[2023-01-05T12:18:13.516+0000] {processor.py:176} INFO - Processing /home/airflow/.local/lib/python3.9/site-packages/airflow/example_dags/example_task_group.py took 0.146 seconds
[2023-01-05T12:18:43.852+0000] {processor.py:154} INFO - Started process (PID=995) to work on /home/airflow/.local/lib/python3.9/site-packages/airflow/example_dags/example_task_group.py
[2023-01-05T12:18:43.864+0000] {processor.py:756} INFO - Processing file /home/airflow/.local/lib/python3.9/site-packages/airflow/example_dags/example_task_group.py for tasks to queue
[2023-01-05T12:18:43.869+0000] {logging_mixin.py:120} INFO - [2023-01-05T12:18:43.868+0000] {dagbag.py:537} INFO - Filling up the DagBag from /home/airflow/.local/lib/python3.9/site-packages/airflow/example_dags/example_task_group.py
[2023-01-05T12:18:43.913+0000] {processor.py:766} INFO - DAG(s) dict_keys(['example_task_group']) retrieved from /home/airflow/.local/lib/python3.9/site-packages/airflow/example_dags/example_task_group.py
[2023-01-05T12:18:44.040+0000] {logging_mixin.py:120} INFO - [2023-01-05T12:18:44.040+0000] {dag.py:2585} INFO - Sync 1 DAGs
[2023-01-05T12:18:44.144+0000] {logging_mixin.py:120} INFO - [2023-01-05T12:18:44.143+0000] {dag.py:3336} INFO - Setting next_dagrun for example_task_group to 2023-01-04T12:18:44.143481+00:00, run_after=2023-01-05T12:18:44.143481+00:00
[2023-01-05T12:18:44.203+0000] {processor.py:176} INFO - Processing /home/airflow/.local/lib/python3.9/site-packages/airflow/example_dags/example_task_group.py took 0.358 seconds
[2023-01-05T12:19:14.617+0000] {processor.py:154} INFO - Started process (PID=1288) to work on /home/airflow/.local/lib/python3.9/site-packages/airflow/example_dags/example_task_group.py
[2023-01-05T12:19:14.620+0000] {processor.py:756} INFO - Processing file /home/airflow/.local/lib/python3.9/site-packages/airflow/example_dags/example_task_group.py for tasks to queue
[2023-01-05T12:19:14.624+0000] {logging_mixin.py:120} INFO - [2023-01-05T12:19:14.623+0000] {dagbag.py:537} INFO - Filling up the DagBag from /home/airflow/.local/lib/python3.9/site-packages/airflow/example_dags/example_task_group.py
[2023-01-05T12:19:14.692+0000] {processor.py:766} INFO - DAG(s) dict_keys(['example_task_group']) retrieved from /home/airflow/.local/lib/python3.9/site-packages/airflow/example_dags/example_task_group.py
[2023-01-05T12:19:14.864+0000] {logging_mixin.py:120} INFO - [2023-01-05T12:19:14.863+0000] {dag.py:2585} INFO - Sync 1 DAGs
[2023-01-05T12:19:14.955+0000] {logging_mixin.py:120} INFO - [2023-01-05T12:19:14.954+0000] {dag.py:3336} INFO - Setting next_dagrun for example_task_group to 2023-01-04T12:19:14.954257+00:00, run_after=2023-01-05T12:19:14.954257+00:00
[2023-01-05T12:19:15.035+0000] {processor.py:176} INFO - Processing /home/airflow/.local/lib/python3.9/site-packages/airflow/example_dags/example_task_group.py took 0.433 seconds
