[2023-01-05T12:17:09.254+0000] {processor.py:154} INFO - Started process (PID=298) to work on /home/airflow/.local/lib/python3.9/site-packages/airflow/example_dags/example_branch_python_dop_operator_3.py
[2023-01-05T12:17:09.257+0000] {processor.py:756} INFO - Processing file /home/airflow/.local/lib/python3.9/site-packages/airflow/example_dags/example_branch_python_dop_operator_3.py for tasks to queue
[2023-01-05T12:17:09.260+0000] {logging_mixin.py:120} INFO - [2023-01-05T12:17:09.260+0000] {dagbag.py:537} INFO - Filling up the DagBag from /home/airflow/.local/lib/python3.9/site-packages/airflow/example_dags/example_branch_python_dop_operator_3.py
[2023-01-05T12:17:09.321+0000] {processor.py:766} INFO - DAG(s) dict_keys(['example_branch_dop_operator_v3']) retrieved from /home/airflow/.local/lib/python3.9/site-packages/airflow/example_dags/example_branch_python_dop_operator_3.py
[2023-01-05T12:17:09.391+0000] {logging_mixin.py:120} INFO - [2023-01-05T12:17:09.390+0000] {dag.py:2585} INFO - Sync 1 DAGs
[2023-01-05T12:17:09.473+0000] {logging_mixin.py:120} INFO - [2023-01-05T12:17:09.473+0000] {dag.py:3336} INFO - Setting next_dagrun for example_branch_dop_operator_v3 to 2023-01-05T12:16:00+00:00, run_after=2023-01-05T12:17:00+00:00
[2023-01-05T12:17:09.522+0000] {processor.py:176} INFO - Processing /home/airflow/.local/lib/python3.9/site-packages/airflow/example_dags/example_branch_python_dop_operator_3.py took 0.272 seconds
[2023-01-05T12:17:41.340+0000] {processor.py:154} INFO - Started process (PID=522) to work on /home/airflow/.local/lib/python3.9/site-packages/airflow/example_dags/example_branch_python_dop_operator_3.py
[2023-01-05T12:17:41.342+0000] {processor.py:756} INFO - Processing file /home/airflow/.local/lib/python3.9/site-packages/airflow/example_dags/example_branch_python_dop_operator_3.py for tasks to queue
[2023-01-05T12:17:41.345+0000] {logging_mixin.py:120} INFO - [2023-01-05T12:17:41.345+0000] {dagbag.py:537} INFO - Filling up the DagBag from /home/airflow/.local/lib/python3.9/site-packages/airflow/example_dags/example_branch_python_dop_operator_3.py
[2023-01-05T12:17:41.386+0000] {processor.py:766} INFO - DAG(s) dict_keys(['example_branch_dop_operator_v3']) retrieved from /home/airflow/.local/lib/python3.9/site-packages/airflow/example_dags/example_branch_python_dop_operator_3.py
[2023-01-05T12:17:41.471+0000] {logging_mixin.py:120} INFO - [2023-01-05T12:17:41.470+0000] {dag.py:2585} INFO - Sync 1 DAGs
[2023-01-05T12:17:41.524+0000] {logging_mixin.py:120} INFO - [2023-01-05T12:17:41.524+0000] {dag.py:3336} INFO - Setting next_dagrun for example_branch_dop_operator_v3 to 2023-01-05T12:16:00+00:00, run_after=2023-01-05T12:17:00+00:00
[2023-01-05T12:17:41.569+0000] {processor.py:176} INFO - Processing /home/airflow/.local/lib/python3.9/site-packages/airflow/example_dags/example_branch_python_dop_operator_3.py took 0.233 seconds
[2023-01-05T12:18:11.848+0000] {processor.py:154} INFO - Started process (PID=747) to work on /home/airflow/.local/lib/python3.9/site-packages/airflow/example_dags/example_branch_python_dop_operator_3.py
[2023-01-05T12:18:11.850+0000] {processor.py:756} INFO - Processing file /home/airflow/.local/lib/python3.9/site-packages/airflow/example_dags/example_branch_python_dop_operator_3.py for tasks to queue
[2023-01-05T12:18:11.851+0000] {logging_mixin.py:120} INFO - [2023-01-05T12:18:11.851+0000] {dagbag.py:537} INFO - Filling up the DagBag from /home/airflow/.local/lib/python3.9/site-packages/airflow/example_dags/example_branch_python_dop_operator_3.py
[2023-01-05T12:18:11.881+0000] {processor.py:766} INFO - DAG(s) dict_keys(['example_branch_dop_operator_v3']) retrieved from /home/airflow/.local/lib/python3.9/site-packages/airflow/example_dags/example_branch_python_dop_operator_3.py
[2023-01-05T12:18:11.933+0000] {logging_mixin.py:120} INFO - [2023-01-05T12:18:11.933+0000] {dag.py:2585} INFO - Sync 1 DAGs
[2023-01-05T12:18:11.972+0000] {logging_mixin.py:120} INFO - [2023-01-05T12:18:11.972+0000] {dag.py:3336} INFO - Setting next_dagrun for example_branch_dop_operator_v3 to 2023-01-05T12:17:00+00:00, run_after=2023-01-05T12:18:00+00:00
[2023-01-05T12:18:12.003+0000] {processor.py:176} INFO - Processing /home/airflow/.local/lib/python3.9/site-packages/airflow/example_dags/example_branch_python_dop_operator_3.py took 0.159 seconds
[2023-01-05T12:18:42.933+0000] {processor.py:154} INFO - Started process (PID=964) to work on /home/airflow/.local/lib/python3.9/site-packages/airflow/example_dags/example_branch_python_dop_operator_3.py
[2023-01-05T12:18:42.935+0000] {processor.py:756} INFO - Processing file /home/airflow/.local/lib/python3.9/site-packages/airflow/example_dags/example_branch_python_dop_operator_3.py for tasks to queue
[2023-01-05T12:18:42.936+0000] {logging_mixin.py:120} INFO - [2023-01-05T12:18:42.936+0000] {dagbag.py:537} INFO - Filling up the DagBag from /home/airflow/.local/lib/python3.9/site-packages/airflow/example_dags/example_branch_python_dop_operator_3.py
[2023-01-05T12:18:42.978+0000] {processor.py:766} INFO - DAG(s) dict_keys(['example_branch_dop_operator_v3']) retrieved from /home/airflow/.local/lib/python3.9/site-packages/airflow/example_dags/example_branch_python_dop_operator_3.py
[2023-01-05T12:18:43.049+0000] {logging_mixin.py:120} INFO - [2023-01-05T12:18:43.049+0000] {dag.py:2585} INFO - Sync 1 DAGs
[2023-01-05T12:18:43.109+0000] {logging_mixin.py:120} INFO - [2023-01-05T12:18:43.109+0000] {dag.py:3336} INFO - Setting next_dagrun for example_branch_dop_operator_v3 to 2023-01-05T12:17:00+00:00, run_after=2023-01-05T12:18:00+00:00
[2023-01-05T12:18:43.144+0000] {processor.py:176} INFO - Processing /home/airflow/.local/lib/python3.9/site-packages/airflow/example_dags/example_branch_python_dop_operator_3.py took 0.215 seconds
[2023-01-05T12:19:13.602+0000] {processor.py:154} INFO - Started process (PID=1230) to work on /home/airflow/.local/lib/python3.9/site-packages/airflow/example_dags/example_branch_python_dop_operator_3.py
[2023-01-05T12:19:13.604+0000] {processor.py:756} INFO - Processing file /home/airflow/.local/lib/python3.9/site-packages/airflow/example_dags/example_branch_python_dop_operator_3.py for tasks to queue
[2023-01-05T12:19:13.605+0000] {logging_mixin.py:120} INFO - [2023-01-05T12:19:13.605+0000] {dagbag.py:537} INFO - Filling up the DagBag from /home/airflow/.local/lib/python3.9/site-packages/airflow/example_dags/example_branch_python_dop_operator_3.py
[2023-01-05T12:19:13.642+0000] {processor.py:766} INFO - DAG(s) dict_keys(['example_branch_dop_operator_v3']) retrieved from /home/airflow/.local/lib/python3.9/site-packages/airflow/example_dags/example_branch_python_dop_operator_3.py
[2023-01-05T12:19:13.715+0000] {logging_mixin.py:120} INFO - [2023-01-05T12:19:13.715+0000] {dag.py:2585} INFO - Sync 1 DAGs
[2023-01-05T12:19:13.765+0000] {logging_mixin.py:120} INFO - [2023-01-05T12:19:13.765+0000] {dag.py:3336} INFO - Setting next_dagrun for example_branch_dop_operator_v3 to 2023-01-05T12:18:00+00:00, run_after=2023-01-05T12:19:00+00:00
[2023-01-05T12:19:13.800+0000] {processor.py:176} INFO - Processing /home/airflow/.local/lib/python3.9/site-packages/airflow/example_dags/example_branch_python_dop_operator_3.py took 0.201 seconds
