[2023-01-05T12:17:12.023+0000] {processor.py:154} INFO - Started process (PID=361) to work on /home/airflow/.local/lib/python3.9/site-packages/airflow/example_dags/example_dag_decorator.py
[2023-01-05T12:17:12.026+0000] {processor.py:756} INFO - Processing file /home/airflow/.local/lib/python3.9/site-packages/airflow/example_dags/example_dag_decorator.py for tasks to queue
[2023-01-05T12:17:12.033+0000] {logging_mixin.py:120} INFO - [2023-01-05T12:17:12.033+0000] {dagbag.py:537} INFO - Filling up the DagBag from /home/airflow/.local/lib/python3.9/site-packages/airflow/example_dags/example_dag_decorator.py
[2023-01-05T12:17:12.103+0000] {logging_mixin.py:120} INFO - [2023-01-05T12:17:12.103+0000] {taskmixin.py:205} WARNING - Dependency <Task(_PythonDecoratedOperator): prepare_email>, send_email already registered for DAG: example_dag_decorator
[2023-01-05T12:17:12.106+0000] {logging_mixin.py:120} INFO - [2023-01-05T12:17:12.106+0000] {taskmixin.py:205} WARNING - Dependency <Task(EmailOperator): send_email>, prepare_email already registered for DAG: example_dag_decorator
[2023-01-05T12:17:12.236+0000] {processor.py:766} INFO - DAG(s) dict_keys(['example_dag_decorator']) retrieved from /home/airflow/.local/lib/python3.9/site-packages/airflow/example_dags/example_dag_decorator.py
[2023-01-05T12:17:12.347+0000] {logging_mixin.py:120} INFO - [2023-01-05T12:17:12.347+0000] {dag.py:2585} INFO - Sync 1 DAGs
[2023-01-05T12:17:12.419+0000] {logging_mixin.py:120} INFO - [2023-01-05T12:17:12.418+0000] {dag.py:3336} INFO - Setting next_dagrun for example_dag_decorator to None, run_after=None
[2023-01-05T12:17:12.492+0000] {processor.py:176} INFO - Processing /home/airflow/.local/lib/python3.9/site-packages/airflow/example_dags/example_dag_decorator.py took 0.478 seconds
[2023-01-05T12:17:43.266+0000] {processor.py:154} INFO - Started process (PID=577) to work on /home/airflow/.local/lib/python3.9/site-packages/airflow/example_dags/example_dag_decorator.py
[2023-01-05T12:17:43.279+0000] {processor.py:756} INFO - Processing file /home/airflow/.local/lib/python3.9/site-packages/airflow/example_dags/example_dag_decorator.py for tasks to queue
[2023-01-05T12:17:43.302+0000] {logging_mixin.py:120} INFO - [2023-01-05T12:17:43.302+0000] {dagbag.py:537} INFO - Filling up the DagBag from /home/airflow/.local/lib/python3.9/site-packages/airflow/example_dags/example_dag_decorator.py
[2023-01-05T12:17:43.341+0000] {logging_mixin.py:120} INFO - [2023-01-05T12:17:43.341+0000] {taskmixin.py:205} WARNING - Dependency <Task(_PythonDecoratedOperator): prepare_email>, send_email already registered for DAG: example_dag_decorator
[2023-01-05T12:17:43.342+0000] {logging_mixin.py:120} INFO - [2023-01-05T12:17:43.342+0000] {taskmixin.py:205} WARNING - Dependency <Task(EmailOperator): send_email>, prepare_email already registered for DAG: example_dag_decorator
[2023-01-05T12:17:43.357+0000] {processor.py:766} INFO - DAG(s) dict_keys(['example_dag_decorator']) retrieved from /home/airflow/.local/lib/python3.9/site-packages/airflow/example_dags/example_dag_decorator.py
[2023-01-05T12:17:43.459+0000] {logging_mixin.py:120} INFO - [2023-01-05T12:17:43.459+0000] {dag.py:2585} INFO - Sync 1 DAGs
[2023-01-05T12:17:43.515+0000] {logging_mixin.py:120} INFO - [2023-01-05T12:17:43.515+0000] {dag.py:3336} INFO - Setting next_dagrun for example_dag_decorator to None, run_after=None
[2023-01-05T12:17:43.569+0000] {processor.py:176} INFO - Processing /home/airflow/.local/lib/python3.9/site-packages/airflow/example_dags/example_dag_decorator.py took 0.308 seconds
[2023-01-05T12:18:13.933+0000] {processor.py:154} INFO - Started process (PID=802) to work on /home/airflow/.local/lib/python3.9/site-packages/airflow/example_dags/example_dag_decorator.py
[2023-01-05T12:18:13.938+0000] {processor.py:756} INFO - Processing file /home/airflow/.local/lib/python3.9/site-packages/airflow/example_dags/example_dag_decorator.py for tasks to queue
[2023-01-05T12:18:13.941+0000] {logging_mixin.py:120} INFO - [2023-01-05T12:18:13.941+0000] {dagbag.py:537} INFO - Filling up the DagBag from /home/airflow/.local/lib/python3.9/site-packages/airflow/example_dags/example_dag_decorator.py
[2023-01-05T12:18:13.968+0000] {logging_mixin.py:120} INFO - [2023-01-05T12:18:13.968+0000] {taskmixin.py:205} WARNING - Dependency <Task(_PythonDecoratedOperator): prepare_email>, send_email already registered for DAG: example_dag_decorator
[2023-01-05T12:18:13.969+0000] {logging_mixin.py:120} INFO - [2023-01-05T12:18:13.969+0000] {taskmixin.py:205} WARNING - Dependency <Task(EmailOperator): send_email>, prepare_email already registered for DAG: example_dag_decorator
[2023-01-05T12:18:13.985+0000] {processor.py:766} INFO - DAG(s) dict_keys(['example_dag_decorator']) retrieved from /home/airflow/.local/lib/python3.9/site-packages/airflow/example_dags/example_dag_decorator.py
[2023-01-05T12:18:14.075+0000] {logging_mixin.py:120} INFO - [2023-01-05T12:18:14.075+0000] {dag.py:2585} INFO - Sync 1 DAGs
[2023-01-05T12:18:14.111+0000] {logging_mixin.py:120} INFO - [2023-01-05T12:18:14.111+0000] {dag.py:3336} INFO - Setting next_dagrun for example_dag_decorator to None, run_after=None
[2023-01-05T12:18:14.137+0000] {processor.py:176} INFO - Processing /home/airflow/.local/lib/python3.9/site-packages/airflow/example_dags/example_dag_decorator.py took 0.213 seconds
[2023-01-05T12:18:44.854+0000] {processor.py:154} INFO - Started process (PID=1022) to work on /home/airflow/.local/lib/python3.9/site-packages/airflow/example_dags/example_dag_decorator.py
[2023-01-05T12:18:44.858+0000] {processor.py:756} INFO - Processing file /home/airflow/.local/lib/python3.9/site-packages/airflow/example_dags/example_dag_decorator.py for tasks to queue
[2023-01-05T12:18:44.861+0000] {logging_mixin.py:120} INFO - [2023-01-05T12:18:44.860+0000] {dagbag.py:537} INFO - Filling up the DagBag from /home/airflow/.local/lib/python3.9/site-packages/airflow/example_dags/example_dag_decorator.py
[2023-01-05T12:18:44.909+0000] {logging_mixin.py:120} INFO - [2023-01-05T12:18:44.909+0000] {taskmixin.py:205} WARNING - Dependency <Task(_PythonDecoratedOperator): prepare_email>, send_email already registered for DAG: example_dag_decorator
[2023-01-05T12:18:44.913+0000] {logging_mixin.py:120} INFO - [2023-01-05T12:18:44.913+0000] {taskmixin.py:205} WARNING - Dependency <Task(EmailOperator): send_email>, prepare_email already registered for DAG: example_dag_decorator
[2023-01-05T12:18:44.951+0000] {processor.py:766} INFO - DAG(s) dict_keys(['example_dag_decorator']) retrieved from /home/airflow/.local/lib/python3.9/site-packages/airflow/example_dags/example_dag_decorator.py
[2023-01-05T12:18:45.186+0000] {logging_mixin.py:120} INFO - [2023-01-05T12:18:45.185+0000] {dag.py:2585} INFO - Sync 1 DAGs
[2023-01-05T12:18:45.253+0000] {logging_mixin.py:120} INFO - [2023-01-05T12:18:45.252+0000] {dag.py:3336} INFO - Setting next_dagrun for example_dag_decorator to None, run_after=None
[2023-01-05T12:18:45.336+0000] {processor.py:176} INFO - Processing /home/airflow/.local/lib/python3.9/site-packages/airflow/example_dags/example_dag_decorator.py took 0.492 seconds
