[2023-01-05T12:17:09.423+0000] {processor.py:154} INFO - Started process (PID=303) to work on /home/airflow/.local/lib/python3.9/site-packages/airflow/example_dags/example_branch_day_of_week_operator.py
[2023-01-05T12:17:09.429+0000] {processor.py:756} INFO - Processing file /home/airflow/.local/lib/python3.9/site-packages/airflow/example_dags/example_branch_day_of_week_operator.py for tasks to queue
[2023-01-05T12:17:09.431+0000] {logging_mixin.py:120} INFO - [2023-01-05T12:17:09.431+0000] {dagbag.py:537} INFO - Filling up the DagBag from /home/airflow/.local/lib/python3.9/site-packages/airflow/example_dags/example_branch_day_of_week_operator.py
[2023-01-05T12:17:09.515+0000] {processor.py:766} INFO - DAG(s) dict_keys(['example_weekday_branch_operator']) retrieved from /home/airflow/.local/lib/python3.9/site-packages/airflow/example_dags/example_branch_day_of_week_operator.py
[2023-01-05T12:17:09.615+0000] {logging_mixin.py:120} INFO - [2023-01-05T12:17:09.615+0000] {dag.py:2585} INFO - Sync 1 DAGs
[2023-01-05T12:17:09.688+0000] {logging_mixin.py:120} INFO - [2023-01-05T12:17:09.688+0000] {dag.py:3336} INFO - Setting next_dagrun for example_weekday_branch_operator to 2023-01-04T00:00:00+00:00, run_after=2023-01-05T00:00:00+00:00
[2023-01-05T12:17:09.744+0000] {processor.py:176} INFO - Processing /home/airflow/.local/lib/python3.9/site-packages/airflow/example_dags/example_branch_day_of_week_operator.py took 0.337 seconds
[2023-01-05T12:17:41.524+0000] {processor.py:154} INFO - Started process (PID=527) to work on /home/airflow/.local/lib/python3.9/site-packages/airflow/example_dags/example_branch_day_of_week_operator.py
[2023-01-05T12:17:41.529+0000] {processor.py:756} INFO - Processing file /home/airflow/.local/lib/python3.9/site-packages/airflow/example_dags/example_branch_day_of_week_operator.py for tasks to queue
[2023-01-05T12:17:41.531+0000] {logging_mixin.py:120} INFO - [2023-01-05T12:17:41.531+0000] {dagbag.py:537} INFO - Filling up the DagBag from /home/airflow/.local/lib/python3.9/site-packages/airflow/example_dags/example_branch_day_of_week_operator.py
[2023-01-05T12:17:41.552+0000] {processor.py:766} INFO - DAG(s) dict_keys(['example_weekday_branch_operator']) retrieved from /home/airflow/.local/lib/python3.9/site-packages/airflow/example_dags/example_branch_day_of_week_operator.py
[2023-01-05T12:17:41.616+0000] {logging_mixin.py:120} INFO - [2023-01-05T12:17:41.616+0000] {dag.py:2585} INFO - Sync 1 DAGs
[2023-01-05T12:17:41.655+0000] {logging_mixin.py:120} INFO - [2023-01-05T12:17:41.654+0000] {dag.py:3336} INFO - Setting next_dagrun for example_weekday_branch_operator to 2023-01-04T00:00:00+00:00, run_after=2023-01-05T00:00:00+00:00
[2023-01-05T12:17:41.706+0000] {processor.py:176} INFO - Processing /home/airflow/.local/lib/python3.9/site-packages/airflow/example_dags/example_branch_day_of_week_operator.py took 0.187 seconds
[2023-01-05T12:18:11.996+0000] {processor.py:154} INFO - Started process (PID=752) to work on /home/airflow/.local/lib/python3.9/site-packages/airflow/example_dags/example_branch_day_of_week_operator.py
[2023-01-05T12:18:11.998+0000] {processor.py:756} INFO - Processing file /home/airflow/.local/lib/python3.9/site-packages/airflow/example_dags/example_branch_day_of_week_operator.py for tasks to queue
[2023-01-05T12:18:12.000+0000] {logging_mixin.py:120} INFO - [2023-01-05T12:18:11.999+0000] {dagbag.py:537} INFO - Filling up the DagBag from /home/airflow/.local/lib/python3.9/site-packages/airflow/example_dags/example_branch_day_of_week_operator.py
[2023-01-05T12:18:12.022+0000] {processor.py:766} INFO - DAG(s) dict_keys(['example_weekday_branch_operator']) retrieved from /home/airflow/.local/lib/python3.9/site-packages/airflow/example_dags/example_branch_day_of_week_operator.py
[2023-01-05T12:18:12.076+0000] {logging_mixin.py:120} INFO - [2023-01-05T12:18:12.076+0000] {dag.py:2585} INFO - Sync 1 DAGs
[2023-01-05T12:18:12.111+0000] {logging_mixin.py:120} INFO - [2023-01-05T12:18:12.111+0000] {dag.py:3336} INFO - Setting next_dagrun for example_weekday_branch_operator to 2023-01-04T00:00:00+00:00, run_after=2023-01-05T00:00:00+00:00
[2023-01-05T12:18:12.137+0000] {processor.py:176} INFO - Processing /home/airflow/.local/lib/python3.9/site-packages/airflow/example_dags/example_branch_day_of_week_operator.py took 0.145 seconds
[2023-01-05T12:18:42.988+0000] {processor.py:154} INFO - Started process (PID=969) to work on /home/airflow/.local/lib/python3.9/site-packages/airflow/example_dags/example_branch_day_of_week_operator.py
[2023-01-05T12:18:42.991+0000] {processor.py:756} INFO - Processing file /home/airflow/.local/lib/python3.9/site-packages/airflow/example_dags/example_branch_day_of_week_operator.py for tasks to queue
[2023-01-05T12:18:42.993+0000] {logging_mixin.py:120} INFO - [2023-01-05T12:18:42.992+0000] {dagbag.py:537} INFO - Filling up the DagBag from /home/airflow/.local/lib/python3.9/site-packages/airflow/example_dags/example_branch_day_of_week_operator.py
[2023-01-05T12:18:43.018+0000] {processor.py:766} INFO - DAG(s) dict_keys(['example_weekday_branch_operator']) retrieved from /home/airflow/.local/lib/python3.9/site-packages/airflow/example_dags/example_branch_day_of_week_operator.py
[2023-01-05T12:18:43.095+0000] {logging_mixin.py:120} INFO - [2023-01-05T12:18:43.095+0000] {dag.py:2585} INFO - Sync 1 DAGs
[2023-01-05T12:18:43.138+0000] {logging_mixin.py:120} INFO - [2023-01-05T12:18:43.138+0000] {dag.py:3336} INFO - Setting next_dagrun for example_weekday_branch_operator to 2023-01-04T00:00:00+00:00, run_after=2023-01-05T00:00:00+00:00
[2023-01-05T12:18:43.175+0000] {processor.py:176} INFO - Processing /home/airflow/.local/lib/python3.9/site-packages/airflow/example_dags/example_branch_day_of_week_operator.py took 0.191 seconds
[2023-01-05T12:19:13.721+0000] {processor.py:154} INFO - Started process (PID=1235) to work on /home/airflow/.local/lib/python3.9/site-packages/airflow/example_dags/example_branch_day_of_week_operator.py
[2023-01-05T12:19:13.724+0000] {processor.py:756} INFO - Processing file /home/airflow/.local/lib/python3.9/site-packages/airflow/example_dags/example_branch_day_of_week_operator.py for tasks to queue
[2023-01-05T12:19:13.727+0000] {logging_mixin.py:120} INFO - [2023-01-05T12:19:13.726+0000] {dagbag.py:537} INFO - Filling up the DagBag from /home/airflow/.local/lib/python3.9/site-packages/airflow/example_dags/example_branch_day_of_week_operator.py
[2023-01-05T12:19:13.751+0000] {processor.py:766} INFO - DAG(s) dict_keys(['example_weekday_branch_operator']) retrieved from /home/airflow/.local/lib/python3.9/site-packages/airflow/example_dags/example_branch_day_of_week_operator.py
[2023-01-05T12:19:13.812+0000] {logging_mixin.py:120} INFO - [2023-01-05T12:19:13.812+0000] {dag.py:2585} INFO - Sync 1 DAGs
[2023-01-05T12:19:13.851+0000] {logging_mixin.py:120} INFO - [2023-01-05T12:19:13.851+0000] {dag.py:3336} INFO - Setting next_dagrun for example_weekday_branch_operator to 2023-01-04T00:00:00+00:00, run_after=2023-01-05T00:00:00+00:00
[2023-01-05T12:19:13.881+0000] {processor.py:176} INFO - Processing /home/airflow/.local/lib/python3.9/site-packages/airflow/example_dags/example_branch_day_of_week_operator.py took 0.164 seconds
