[2023-01-05T12:17:08.822+0000] {processor.py:154} INFO - Started process (PID=278) to work on /home/airflow/.local/lib/python3.9/site-packages/airflow/example_dags/example_task_group_decorator.py
[2023-01-05T12:17:08.823+0000] {processor.py:756} INFO - Processing file /home/airflow/.local/lib/python3.9/site-packages/airflow/example_dags/example_task_group_decorator.py for tasks to queue
[2023-01-05T12:17:08.825+0000] {logging_mixin.py:120} INFO - [2023-01-05T12:17:08.824+0000] {dagbag.py:537} INFO - Filling up the DagBag from /home/airflow/.local/lib/python3.9/site-packages/airflow/example_dags/example_task_group_decorator.py
[2023-01-05T12:17:08.875+0000] {processor.py:766} INFO - DAG(s) dict_keys(['example_task_group_decorator']) retrieved from /home/airflow/.local/lib/python3.9/site-packages/airflow/example_dags/example_task_group_decorator.py
[2023-01-05T12:17:08.912+0000] {logging_mixin.py:120} INFO - [2023-01-05T12:17:08.912+0000] {dag.py:2585} INFO - Sync 1 DAGs
[2023-01-05T12:17:08.948+0000] {logging_mixin.py:120} INFO - [2023-01-05T12:17:08.948+0000] {dag.py:3336} INFO - Setting next_dagrun for example_task_group_decorator to 2023-01-04T12:17:08.947917+00:00, run_after=2023-01-05T12:17:08.947917+00:00
[2023-01-05T12:17:08.973+0000] {processor.py:176} INFO - Processing /home/airflow/.local/lib/python3.9/site-packages/airflow/example_dags/example_task_group_decorator.py took 0.156 seconds
[2023-01-05T12:17:40.859+0000] {processor.py:154} INFO - Started process (PID=502) to work on /home/airflow/.local/lib/python3.9/site-packages/airflow/example_dags/example_task_group_decorator.py
[2023-01-05T12:17:40.861+0000] {processor.py:756} INFO - Processing file /home/airflow/.local/lib/python3.9/site-packages/airflow/example_dags/example_task_group_decorator.py for tasks to queue
[2023-01-05T12:17:40.863+0000] {logging_mixin.py:120} INFO - [2023-01-05T12:17:40.863+0000] {dagbag.py:537} INFO - Filling up the DagBag from /home/airflow/.local/lib/python3.9/site-packages/airflow/example_dags/example_task_group_decorator.py
[2023-01-05T12:17:40.897+0000] {processor.py:766} INFO - DAG(s) dict_keys(['example_task_group_decorator']) retrieved from /home/airflow/.local/lib/python3.9/site-packages/airflow/example_dags/example_task_group_decorator.py
[2023-01-05T12:17:40.951+0000] {logging_mixin.py:120} INFO - [2023-01-05T12:17:40.951+0000] {dag.py:2585} INFO - Sync 1 DAGs
[2023-01-05T12:17:40.986+0000] {logging_mixin.py:120} INFO - [2023-01-05T12:17:40.986+0000] {dag.py:3336} INFO - Setting next_dagrun for example_task_group_decorator to 2023-01-04T12:17:40.986095+00:00, run_after=2023-01-05T12:17:40.986095+00:00
[2023-01-05T12:17:41.032+0000] {processor.py:176} INFO - Processing /home/airflow/.local/lib/python3.9/site-packages/airflow/example_dags/example_task_group_decorator.py took 0.178 seconds
[2023-01-05T12:18:11.421+0000] {processor.py:154} INFO - Started process (PID=727) to work on /home/airflow/.local/lib/python3.9/site-packages/airflow/example_dags/example_task_group_decorator.py
[2023-01-05T12:18:11.423+0000] {processor.py:756} INFO - Processing file /home/airflow/.local/lib/python3.9/site-packages/airflow/example_dags/example_task_group_decorator.py for tasks to queue
[2023-01-05T12:18:11.424+0000] {logging_mixin.py:120} INFO - [2023-01-05T12:18:11.424+0000] {dagbag.py:537} INFO - Filling up the DagBag from /home/airflow/.local/lib/python3.9/site-packages/airflow/example_dags/example_task_group_decorator.py
[2023-01-05T12:18:11.459+0000] {processor.py:766} INFO - DAG(s) dict_keys(['example_task_group_decorator']) retrieved from /home/airflow/.local/lib/python3.9/site-packages/airflow/example_dags/example_task_group_decorator.py
[2023-01-05T12:18:11.520+0000] {logging_mixin.py:120} INFO - [2023-01-05T12:18:11.520+0000] {dag.py:2585} INFO - Sync 1 DAGs
[2023-01-05T12:18:11.554+0000] {logging_mixin.py:120} INFO - [2023-01-05T12:18:11.554+0000] {dag.py:3336} INFO - Setting next_dagrun for example_task_group_decorator to 2023-01-04T12:18:11.553996+00:00, run_after=2023-01-05T12:18:11.553996+00:00
[2023-01-05T12:18:11.581+0000] {processor.py:176} INFO - Processing /home/airflow/.local/lib/python3.9/site-packages/airflow/example_dags/example_task_group_decorator.py took 0.164 seconds
[2023-01-05T12:18:42.508+0000] {processor.py:154} INFO - Started process (PID=944) to work on /home/airflow/.local/lib/python3.9/site-packages/airflow/example_dags/example_task_group_decorator.py
[2023-01-05T12:18:42.510+0000] {processor.py:756} INFO - Processing file /home/airflow/.local/lib/python3.9/site-packages/airflow/example_dags/example_task_group_decorator.py for tasks to queue
[2023-01-05T12:18:42.512+0000] {logging_mixin.py:120} INFO - [2023-01-05T12:18:42.512+0000] {dagbag.py:537} INFO - Filling up the DagBag from /home/airflow/.local/lib/python3.9/site-packages/airflow/example_dags/example_task_group_decorator.py
[2023-01-05T12:18:42.554+0000] {processor.py:766} INFO - DAG(s) dict_keys(['example_task_group_decorator']) retrieved from /home/airflow/.local/lib/python3.9/site-packages/airflow/example_dags/example_task_group_decorator.py
[2023-01-05T12:18:42.615+0000] {logging_mixin.py:120} INFO - [2023-01-05T12:18:42.614+0000] {dag.py:2585} INFO - Sync 1 DAGs
[2023-01-05T12:18:42.663+0000] {logging_mixin.py:120} INFO - [2023-01-05T12:18:42.662+0000] {dag.py:3336} INFO - Setting next_dagrun for example_task_group_decorator to 2023-01-04T12:18:42.662569+00:00, run_after=2023-01-05T12:18:42.662569+00:00
[2023-01-05T12:18:42.690+0000] {processor.py:176} INFO - Processing /home/airflow/.local/lib/python3.9/site-packages/airflow/example_dags/example_task_group_decorator.py took 0.187 seconds
[2023-01-05T12:19:13.166+0000] {processor.py:154} INFO - Started process (PID=1206) to work on /home/airflow/.local/lib/python3.9/site-packages/airflow/example_dags/example_task_group_decorator.py
[2023-01-05T12:19:13.193+0000] {processor.py:756} INFO - Processing file /home/airflow/.local/lib/python3.9/site-packages/airflow/example_dags/example_task_group_decorator.py for tasks to queue
[2023-01-05T12:19:13.195+0000] {logging_mixin.py:120} INFO - [2023-01-05T12:19:13.194+0000] {dagbag.py:537} INFO - Filling up the DagBag from /home/airflow/.local/lib/python3.9/site-packages/airflow/example_dags/example_task_group_decorator.py
[2023-01-05T12:19:13.230+0000] {processor.py:766} INFO - DAG(s) dict_keys(['example_task_group_decorator']) retrieved from /home/airflow/.local/lib/python3.9/site-packages/airflow/example_dags/example_task_group_decorator.py
[2023-01-05T12:19:13.293+0000] {logging_mixin.py:120} INFO - [2023-01-05T12:19:13.293+0000] {dag.py:2585} INFO - Sync 1 DAGs
[2023-01-05T12:19:13.329+0000] {logging_mixin.py:120} INFO - [2023-01-05T12:19:13.329+0000] {dag.py:3336} INFO - Setting next_dagrun for example_task_group_decorator to 2023-01-04T12:19:13.328866+00:00, run_after=2023-01-05T12:19:13.328866+00:00
[2023-01-05T12:19:13.359+0000] {processor.py:176} INFO - Processing /home/airflow/.local/lib/python3.9/site-packages/airflow/example_dags/example_task_group_decorator.py took 0.197 seconds
