[2023-01-05T12:17:07.875+0000] {processor.py:154} INFO - Started process (PID=235) to work on /home/airflow/.local/lib/python3.9/site-packages/airflow/example_dags/example_branch_labels.py
[2023-01-05T12:17:07.877+0000] {processor.py:756} INFO - Processing file /home/airflow/.local/lib/python3.9/site-packages/airflow/example_dags/example_branch_labels.py for tasks to queue
[2023-01-05T12:17:07.878+0000] {logging_mixin.py:120} INFO - [2023-01-05T12:17:07.878+0000] {dagbag.py:537} INFO - Filling up the DagBag from /home/airflow/.local/lib/python3.9/site-packages/airflow/example_dags/example_branch_labels.py
[2023-01-05T12:17:07.901+0000] {processor.py:766} INFO - DAG(s) dict_keys(['example_branch_labels']) retrieved from /home/airflow/.local/lib/python3.9/site-packages/airflow/example_dags/example_branch_labels.py
[2023-01-05T12:17:07.944+0000] {logging_mixin.py:120} INFO - [2023-01-05T12:17:07.944+0000] {dag.py:2585} INFO - Sync 1 DAGs
[2023-01-05T12:17:07.988+0000] {logging_mixin.py:120} INFO - [2023-01-05T12:17:07.988+0000] {dag.py:3336} INFO - Setting next_dagrun for example_branch_labels to 2023-01-04T00:00:00+00:00, run_after=2023-01-05T00:00:00+00:00
[2023-01-05T12:17:08.019+0000] {processor.py:176} INFO - Processing /home/airflow/.local/lib/python3.9/site-packages/airflow/example_dags/example_branch_labels.py took 0.147 seconds
[2023-01-05T12:17:39.288+0000] {processor.py:154} INFO - Started process (PID=459) to work on /home/airflow/.local/lib/python3.9/site-packages/airflow/example_dags/example_branch_labels.py
[2023-01-05T12:17:39.290+0000] {processor.py:756} INFO - Processing file /home/airflow/.local/lib/python3.9/site-packages/airflow/example_dags/example_branch_labels.py for tasks to queue
[2023-01-05T12:17:39.292+0000] {logging_mixin.py:120} INFO - [2023-01-05T12:17:39.292+0000] {dagbag.py:537} INFO - Filling up the DagBag from /home/airflow/.local/lib/python3.9/site-packages/airflow/example_dags/example_branch_labels.py
[2023-01-05T12:17:39.317+0000] {processor.py:766} INFO - DAG(s) dict_keys(['example_branch_labels']) retrieved from /home/airflow/.local/lib/python3.9/site-packages/airflow/example_dags/example_branch_labels.py
[2023-01-05T12:17:39.409+0000] {logging_mixin.py:120} INFO - [2023-01-05T12:17:39.409+0000] {dag.py:2585} INFO - Sync 1 DAGs
[2023-01-05T12:17:39.458+0000] {logging_mixin.py:120} INFO - [2023-01-05T12:17:39.457+0000] {dag.py:3336} INFO - Setting next_dagrun for example_branch_labels to 2023-01-04T00:00:00+00:00, run_after=2023-01-05T00:00:00+00:00
[2023-01-05T12:17:39.490+0000] {processor.py:176} INFO - Processing /home/airflow/.local/lib/python3.9/site-packages/airflow/example_dags/example_branch_labels.py took 0.206 seconds
[2023-01-05T12:18:10.035+0000] {processor.py:154} INFO - Started process (PID=682) to work on /home/airflow/.local/lib/python3.9/site-packages/airflow/example_dags/example_branch_labels.py
[2023-01-05T12:18:10.037+0000] {processor.py:756} INFO - Processing file /home/airflow/.local/lib/python3.9/site-packages/airflow/example_dags/example_branch_labels.py for tasks to queue
[2023-01-05T12:18:10.039+0000] {logging_mixin.py:120} INFO - [2023-01-05T12:18:10.039+0000] {dagbag.py:537} INFO - Filling up the DagBag from /home/airflow/.local/lib/python3.9/site-packages/airflow/example_dags/example_branch_labels.py
[2023-01-05T12:18:10.063+0000] {processor.py:766} INFO - DAG(s) dict_keys(['example_branch_labels']) retrieved from /home/airflow/.local/lib/python3.9/site-packages/airflow/example_dags/example_branch_labels.py
[2023-01-05T12:18:10.133+0000] {logging_mixin.py:120} INFO - [2023-01-05T12:18:10.133+0000] {dag.py:2585} INFO - Sync 1 DAGs
[2023-01-05T12:18:10.175+0000] {logging_mixin.py:120} INFO - [2023-01-05T12:18:10.174+0000] {dag.py:3336} INFO - Setting next_dagrun for example_branch_labels to 2023-01-04T00:00:00+00:00, run_after=2023-01-05T00:00:00+00:00
[2023-01-05T12:18:10.206+0000] {processor.py:176} INFO - Processing /home/airflow/.local/lib/python3.9/site-packages/airflow/example_dags/example_branch_labels.py took 0.176 seconds
[2023-01-05T12:18:40.314+0000] {processor.py:154} INFO - Started process (PID=899) to work on /home/airflow/.local/lib/python3.9/site-packages/airflow/example_dags/example_branch_labels.py
[2023-01-05T12:18:40.318+0000] {processor.py:756} INFO - Processing file /home/airflow/.local/lib/python3.9/site-packages/airflow/example_dags/example_branch_labels.py for tasks to queue
[2023-01-05T12:18:40.320+0000] {logging_mixin.py:120} INFO - [2023-01-05T12:18:40.320+0000] {dagbag.py:537} INFO - Filling up the DagBag from /home/airflow/.local/lib/python3.9/site-packages/airflow/example_dags/example_branch_labels.py
[2023-01-05T12:18:40.342+0000] {processor.py:766} INFO - DAG(s) dict_keys(['example_branch_labels']) retrieved from /home/airflow/.local/lib/python3.9/site-packages/airflow/example_dags/example_branch_labels.py
[2023-01-05T12:18:40.403+0000] {logging_mixin.py:120} INFO - [2023-01-05T12:18:40.403+0000] {dag.py:2585} INFO - Sync 1 DAGs
[2023-01-05T12:18:40.446+0000] {logging_mixin.py:120} INFO - [2023-01-05T12:18:40.446+0000] {dag.py:3336} INFO - Setting next_dagrun for example_branch_labels to 2023-01-04T00:00:00+00:00, run_after=2023-01-05T00:00:00+00:00
[2023-01-05T12:18:40.486+0000] {processor.py:176} INFO - Processing /home/airflow/.local/lib/python3.9/site-packages/airflow/example_dags/example_branch_labels.py took 0.176 seconds
[2023-01-05T12:19:11.764+0000] {processor.py:154} INFO - Started process (PID=1157) to work on /home/airflow/.local/lib/python3.9/site-packages/airflow/example_dags/example_branch_labels.py
[2023-01-05T12:19:11.766+0000] {processor.py:756} INFO - Processing file /home/airflow/.local/lib/python3.9/site-packages/airflow/example_dags/example_branch_labels.py for tasks to queue
[2023-01-05T12:19:11.767+0000] {logging_mixin.py:120} INFO - [2023-01-05T12:19:11.767+0000] {dagbag.py:537} INFO - Filling up the DagBag from /home/airflow/.local/lib/python3.9/site-packages/airflow/example_dags/example_branch_labels.py
[2023-01-05T12:19:11.790+0000] {processor.py:766} INFO - DAG(s) dict_keys(['example_branch_labels']) retrieved from /home/airflow/.local/lib/python3.9/site-packages/airflow/example_dags/example_branch_labels.py
[2023-01-05T12:19:11.851+0000] {logging_mixin.py:120} INFO - [2023-01-05T12:19:11.851+0000] {dag.py:2585} INFO - Sync 1 DAGs
[2023-01-05T12:19:11.887+0000] {logging_mixin.py:120} INFO - [2023-01-05T12:19:11.887+0000] {dag.py:3336} INFO - Setting next_dagrun for example_branch_labels to 2023-01-04T00:00:00+00:00, run_after=2023-01-05T00:00:00+00:00
[2023-01-05T12:19:11.911+0000] {processor.py:176} INFO - Processing /home/airflow/.local/lib/python3.9/site-packages/airflow/example_dags/example_branch_labels.py took 0.150 seconds
