[2023-01-05T12:17:06.835+0000] {processor.py:154} INFO - Started process (PID=198) to work on /home/airflow/.local/lib/python3.9/site-packages/airflow/example_dags/example_latest_only_with_trigger.py
[2023-01-05T12:17:06.837+0000] {processor.py:756} INFO - Processing file /home/airflow/.local/lib/python3.9/site-packages/airflow/example_dags/example_latest_only_with_trigger.py for tasks to queue
[2023-01-05T12:17:06.839+0000] {logging_mixin.py:120} INFO - [2023-01-05T12:17:06.839+0000] {dagbag.py:537} INFO - Filling up the DagBag from /home/airflow/.local/lib/python3.9/site-packages/airflow/example_dags/example_latest_only_with_trigger.py
[2023-01-05T12:17:06.864+0000] {processor.py:766} INFO - DAG(s) dict_keys(['latest_only_with_trigger']) retrieved from /home/airflow/.local/lib/python3.9/site-packages/airflow/example_dags/example_latest_only_with_trigger.py
[2023-01-05T12:17:06.911+0000] {logging_mixin.py:120} INFO - [2023-01-05T12:17:06.910+0000] {dag.py:2585} INFO - Sync 1 DAGs
[2023-01-05T12:17:06.951+0000] {logging_mixin.py:120} INFO - [2023-01-05T12:17:06.950+0000] {dag.py:3336} INFO - Setting next_dagrun for latest_only_with_trigger to 2023-01-05T08:17:06.950489+00:00, run_after=2023-01-05T12:17:06.950489+00:00
[2023-01-05T12:17:06.982+0000] {processor.py:176} INFO - Processing /home/airflow/.local/lib/python3.9/site-packages/airflow/example_dags/example_latest_only_with_trigger.py took 0.151 seconds
[2023-01-05T12:17:38.297+0000] {processor.py:154} INFO - Started process (PID=422) to work on /home/airflow/.local/lib/python3.9/site-packages/airflow/example_dags/example_latest_only_with_trigger.py
[2023-01-05T12:17:38.301+0000] {processor.py:756} INFO - Processing file /home/airflow/.local/lib/python3.9/site-packages/airflow/example_dags/example_latest_only_with_trigger.py for tasks to queue
[2023-01-05T12:17:38.303+0000] {logging_mixin.py:120} INFO - [2023-01-05T12:17:38.302+0000] {dagbag.py:537} INFO - Filling up the DagBag from /home/airflow/.local/lib/python3.9/site-packages/airflow/example_dags/example_latest_only_with_trigger.py
[2023-01-05T12:17:38.326+0000] {processor.py:766} INFO - DAG(s) dict_keys(['latest_only_with_trigger']) retrieved from /home/airflow/.local/lib/python3.9/site-packages/airflow/example_dags/example_latest_only_with_trigger.py
[2023-01-05T12:17:38.384+0000] {logging_mixin.py:120} INFO - [2023-01-05T12:17:38.384+0000] {dag.py:2585} INFO - Sync 1 DAGs
[2023-01-05T12:17:38.426+0000] {logging_mixin.py:120} INFO - [2023-01-05T12:17:38.426+0000] {dag.py:3336} INFO - Setting next_dagrun for latest_only_with_trigger to 2023-01-05T08:17:38.425838+00:00, run_after=2023-01-05T12:17:38.425838+00:00
[2023-01-05T12:17:38.465+0000] {processor.py:176} INFO - Processing /home/airflow/.local/lib/python3.9/site-packages/airflow/example_dags/example_latest_only_with_trigger.py took 0.172 seconds
[2023-01-05T12:18:09.135+0000] {processor.py:154} INFO - Started process (PID=639) to work on /home/airflow/.local/lib/python3.9/site-packages/airflow/example_dags/example_latest_only_with_trigger.py
[2023-01-05T12:18:09.138+0000] {processor.py:756} INFO - Processing file /home/airflow/.local/lib/python3.9/site-packages/airflow/example_dags/example_latest_only_with_trigger.py for tasks to queue
[2023-01-05T12:18:09.141+0000] {logging_mixin.py:120} INFO - [2023-01-05T12:18:09.141+0000] {dagbag.py:537} INFO - Filling up the DagBag from /home/airflow/.local/lib/python3.9/site-packages/airflow/example_dags/example_latest_only_with_trigger.py
[2023-01-05T12:18:09.176+0000] {processor.py:766} INFO - DAG(s) dict_keys(['latest_only_with_trigger']) retrieved from /home/airflow/.local/lib/python3.9/site-packages/airflow/example_dags/example_latest_only_with_trigger.py
[2023-01-05T12:18:09.248+0000] {logging_mixin.py:120} INFO - [2023-01-05T12:18:09.248+0000] {dag.py:2585} INFO - Sync 1 DAGs
[2023-01-05T12:18:09.281+0000] {logging_mixin.py:120} INFO - [2023-01-05T12:18:09.281+0000] {dag.py:3336} INFO - Setting next_dagrun for latest_only_with_trigger to 2023-01-05T08:18:09.280901+00:00, run_after=2023-01-05T12:18:09.280901+00:00
[2023-01-05T12:18:09.312+0000] {processor.py:176} INFO - Processing /home/airflow/.local/lib/python3.9/site-packages/airflow/example_dags/example_latest_only_with_trigger.py took 0.181 seconds
[2023-01-05T12:18:39.446+0000] {processor.py:154} INFO - Started process (PID=861) to work on /home/airflow/.local/lib/python3.9/site-packages/airflow/example_dags/example_latest_only_with_trigger.py
[2023-01-05T12:18:39.448+0000] {processor.py:756} INFO - Processing file /home/airflow/.local/lib/python3.9/site-packages/airflow/example_dags/example_latest_only_with_trigger.py for tasks to queue
[2023-01-05T12:18:39.449+0000] {logging_mixin.py:120} INFO - [2023-01-05T12:18:39.449+0000] {dagbag.py:537} INFO - Filling up the DagBag from /home/airflow/.local/lib/python3.9/site-packages/airflow/example_dags/example_latest_only_with_trigger.py
[2023-01-05T12:18:39.466+0000] {processor.py:766} INFO - DAG(s) dict_keys(['latest_only_with_trigger']) retrieved from /home/airflow/.local/lib/python3.9/site-packages/airflow/example_dags/example_latest_only_with_trigger.py
[2023-01-05T12:18:39.515+0000] {logging_mixin.py:120} INFO - [2023-01-05T12:18:39.515+0000] {dag.py:2585} INFO - Sync 1 DAGs
[2023-01-05T12:18:39.546+0000] {logging_mixin.py:120} INFO - [2023-01-05T12:18:39.546+0000] {dag.py:3336} INFO - Setting next_dagrun for latest_only_with_trigger to 2023-01-05T08:18:39.546425+00:00, run_after=2023-01-05T12:18:39.546425+00:00
[2023-01-05T12:18:39.569+0000] {processor.py:176} INFO - Processing /home/airflow/.local/lib/python3.9/site-packages/airflow/example_dags/example_latest_only_with_trigger.py took 0.126 seconds
[2023-01-05T12:19:10.845+0000] {processor.py:154} INFO - Started process (PID=1117) to work on /home/airflow/.local/lib/python3.9/site-packages/airflow/example_dags/example_latest_only_with_trigger.py
[2023-01-05T12:19:10.847+0000] {processor.py:756} INFO - Processing file /home/airflow/.local/lib/python3.9/site-packages/airflow/example_dags/example_latest_only_with_trigger.py for tasks to queue
[2023-01-05T12:19:10.849+0000] {logging_mixin.py:120} INFO - [2023-01-05T12:19:10.848+0000] {dagbag.py:537} INFO - Filling up the DagBag from /home/airflow/.local/lib/python3.9/site-packages/airflow/example_dags/example_latest_only_with_trigger.py
[2023-01-05T12:19:10.868+0000] {processor.py:766} INFO - DAG(s) dict_keys(['latest_only_with_trigger']) retrieved from /home/airflow/.local/lib/python3.9/site-packages/airflow/example_dags/example_latest_only_with_trigger.py
[2023-01-05T12:19:10.920+0000] {logging_mixin.py:120} INFO - [2023-01-05T12:19:10.920+0000] {dag.py:2585} INFO - Sync 1 DAGs
[2023-01-05T12:19:10.955+0000] {logging_mixin.py:120} INFO - [2023-01-05T12:19:10.955+0000] {dag.py:3336} INFO - Setting next_dagrun for latest_only_with_trigger to 2023-01-05T08:19:10.954780+00:00, run_after=2023-01-05T12:19:10.954780+00:00
[2023-01-05T12:19:10.982+0000] {processor.py:176} INFO - Processing /home/airflow/.local/lib/python3.9/site-packages/airflow/example_dags/example_latest_only_with_trigger.py took 0.141 seconds
