[2023-01-05T12:17:06.803+0000] {processor.py:154} INFO - Started process (PID=193) to work on /home/airflow/.local/lib/python3.9/site-packages/airflow/example_dags/example_trigger_target_dag.py
[2023-01-05T12:17:06.805+0000] {processor.py:756} INFO - Processing file /home/airflow/.local/lib/python3.9/site-packages/airflow/example_dags/example_trigger_target_dag.py for tasks to queue
[2023-01-05T12:17:06.807+0000] {logging_mixin.py:120} INFO - [2023-01-05T12:17:06.807+0000] {dagbag.py:537} INFO - Filling up the DagBag from /home/airflow/.local/lib/python3.9/site-packages/airflow/example_dags/example_trigger_target_dag.py
[2023-01-05T12:17:06.846+0000] {processor.py:766} INFO - DAG(s) dict_keys(['example_trigger_target_dag']) retrieved from /home/airflow/.local/lib/python3.9/site-packages/airflow/example_dags/example_trigger_target_dag.py
[2023-01-05T12:17:06.894+0000] {logging_mixin.py:120} INFO - [2023-01-05T12:17:06.893+0000] {dag.py:2585} INFO - Sync 1 DAGs
[2023-01-05T12:17:06.943+0000] {logging_mixin.py:120} INFO - [2023-01-05T12:17:06.943+0000] {dag.py:3336} INFO - Setting next_dagrun for example_trigger_target_dag to None, run_after=None
[2023-01-05T12:17:06.981+0000] {processor.py:176} INFO - Processing /home/airflow/.local/lib/python3.9/site-packages/airflow/example_dags/example_trigger_target_dag.py took 0.184 seconds
[2023-01-05T12:17:38.294+0000] {processor.py:154} INFO - Started process (PID=419) to work on /home/airflow/.local/lib/python3.9/site-packages/airflow/example_dags/example_trigger_target_dag.py
[2023-01-05T12:17:38.296+0000] {processor.py:756} INFO - Processing file /home/airflow/.local/lib/python3.9/site-packages/airflow/example_dags/example_trigger_target_dag.py for tasks to queue
[2023-01-05T12:17:38.299+0000] {logging_mixin.py:120} INFO - [2023-01-05T12:17:38.298+0000] {dagbag.py:537} INFO - Filling up the DagBag from /home/airflow/.local/lib/python3.9/site-packages/airflow/example_dags/example_trigger_target_dag.py
[2023-01-05T12:17:38.333+0000] {processor.py:766} INFO - DAG(s) dict_keys(['example_trigger_target_dag']) retrieved from /home/airflow/.local/lib/python3.9/site-packages/airflow/example_dags/example_trigger_target_dag.py
[2023-01-05T12:17:38.396+0000] {logging_mixin.py:120} INFO - [2023-01-05T12:17:38.396+0000] {dag.py:2585} INFO - Sync 1 DAGs
[2023-01-05T12:17:38.436+0000] {logging_mixin.py:120} INFO - [2023-01-05T12:17:38.436+0000] {dag.py:3336} INFO - Setting next_dagrun for example_trigger_target_dag to None, run_after=None
[2023-01-05T12:17:38.474+0000] {processor.py:176} INFO - Processing /home/airflow/.local/lib/python3.9/site-packages/airflow/example_dags/example_trigger_target_dag.py took 0.184 seconds
[2023-01-05T12:18:08.896+0000] {processor.py:154} INFO - Started process (PID=634) to work on /home/airflow/.local/lib/python3.9/site-packages/airflow/example_dags/example_trigger_target_dag.py
[2023-01-05T12:18:08.909+0000] {processor.py:756} INFO - Processing file /home/airflow/.local/lib/python3.9/site-packages/airflow/example_dags/example_trigger_target_dag.py for tasks to queue
[2023-01-05T12:18:08.911+0000] {logging_mixin.py:120} INFO - [2023-01-05T12:18:08.911+0000] {dagbag.py:537} INFO - Filling up the DagBag from /home/airflow/.local/lib/python3.9/site-packages/airflow/example_dags/example_trigger_target_dag.py
[2023-01-05T12:18:08.938+0000] {processor.py:766} INFO - DAG(s) dict_keys(['example_trigger_target_dag']) retrieved from /home/airflow/.local/lib/python3.9/site-packages/airflow/example_dags/example_trigger_target_dag.py
[2023-01-05T12:18:09.008+0000] {logging_mixin.py:120} INFO - [2023-01-05T12:18:09.008+0000] {dag.py:2585} INFO - Sync 1 DAGs
[2023-01-05T12:18:09.050+0000] {logging_mixin.py:120} INFO - [2023-01-05T12:18:09.050+0000] {dag.py:3336} INFO - Setting next_dagrun for example_trigger_target_dag to None, run_after=None
[2023-01-05T12:18:09.084+0000] {processor.py:176} INFO - Processing /home/airflow/.local/lib/python3.9/site-packages/airflow/example_dags/example_trigger_target_dag.py took 0.192 seconds
[2023-01-05T12:18:39.291+0000] {processor.py:154} INFO - Started process (PID=856) to work on /home/airflow/.local/lib/python3.9/site-packages/airflow/example_dags/example_trigger_target_dag.py
[2023-01-05T12:18:39.294+0000] {processor.py:756} INFO - Processing file /home/airflow/.local/lib/python3.9/site-packages/airflow/example_dags/example_trigger_target_dag.py for tasks to queue
[2023-01-05T12:18:39.295+0000] {logging_mixin.py:120} INFO - [2023-01-05T12:18:39.295+0000] {dagbag.py:537} INFO - Filling up the DagBag from /home/airflow/.local/lib/python3.9/site-packages/airflow/example_dags/example_trigger_target_dag.py
[2023-01-05T12:18:39.318+0000] {processor.py:766} INFO - DAG(s) dict_keys(['example_trigger_target_dag']) retrieved from /home/airflow/.local/lib/python3.9/site-packages/airflow/example_dags/example_trigger_target_dag.py
[2023-01-05T12:18:39.364+0000] {logging_mixin.py:120} INFO - [2023-01-05T12:18:39.363+0000] {dag.py:2585} INFO - Sync 1 DAGs
[2023-01-05T12:18:39.392+0000] {logging_mixin.py:120} INFO - [2023-01-05T12:18:39.392+0000] {dag.py:3336} INFO - Setting next_dagrun for example_trigger_target_dag to None, run_after=None
[2023-01-05T12:18:39.414+0000] {processor.py:176} INFO - Processing /home/airflow/.local/lib/python3.9/site-packages/airflow/example_dags/example_trigger_target_dag.py took 0.126 seconds
[2023-01-05T12:19:10.817+0000] {processor.py:154} INFO - Started process (PID=1112) to work on /home/airflow/.local/lib/python3.9/site-packages/airflow/example_dags/example_trigger_target_dag.py
[2023-01-05T12:19:10.820+0000] {processor.py:756} INFO - Processing file /home/airflow/.local/lib/python3.9/site-packages/airflow/example_dags/example_trigger_target_dag.py for tasks to queue
[2023-01-05T12:19:10.822+0000] {logging_mixin.py:120} INFO - [2023-01-05T12:19:10.822+0000] {dagbag.py:537} INFO - Filling up the DagBag from /home/airflow/.local/lib/python3.9/site-packages/airflow/example_dags/example_trigger_target_dag.py
[2023-01-05T12:19:10.855+0000] {processor.py:766} INFO - DAG(s) dict_keys(['example_trigger_target_dag']) retrieved from /home/airflow/.local/lib/python3.9/site-packages/airflow/example_dags/example_trigger_target_dag.py
[2023-01-05T12:19:10.906+0000] {logging_mixin.py:120} INFO - [2023-01-05T12:19:10.906+0000] {dag.py:2585} INFO - Sync 1 DAGs
[2023-01-05T12:19:10.941+0000] {logging_mixin.py:120} INFO - [2023-01-05T12:19:10.941+0000] {dag.py:3336} INFO - Setting next_dagrun for example_trigger_target_dag to None, run_after=None
[2023-01-05T12:19:10.967+0000] {processor.py:176} INFO - Processing /home/airflow/.local/lib/python3.9/site-packages/airflow/example_dags/example_trigger_target_dag.py took 0.155 seconds
