[2023-01-05T12:17:07.892+0000] {processor.py:154} INFO - Started process (PID=238) to work on /home/airflow/.local/lib/python3.9/site-packages/airflow/example_dags/example_subdag_operator.py
[2023-01-05T12:17:07.894+0000] {processor.py:756} INFO - Processing file /home/airflow/.local/lib/python3.9/site-packages/airflow/example_dags/example_subdag_operator.py for tasks to queue
[2023-01-05T12:17:07.896+0000] {logging_mixin.py:120} INFO - [2023-01-05T12:17:07.896+0000] {dagbag.py:537} INFO - Filling up the DagBag from /home/airflow/.local/lib/python3.9/site-packages/airflow/example_dags/example_subdag_operator.py
[2023-01-05T12:17:07.957+0000] {processor.py:766} INFO - DAG(s) dict_keys(['example_subdag_operator.section-1', 'example_subdag_operator.section-2', 'example_subdag_operator']) retrieved from /home/airflow/.local/lib/python3.9/site-packages/airflow/example_dags/example_subdag_operator.py
[2023-01-05T12:17:07.983+0000] {logging_mixin.py:120} INFO - [2023-01-05T12:17:07.983+0000] {dag.py:2585} INFO - Sync 3 DAGs
[2023-01-05T12:17:08.022+0000] {logging_mixin.py:120} INFO - [2023-01-05T12:17:08.022+0000] {dag.py:3336} INFO - Setting next_dagrun for example_subdag_operator to 2022-01-01T00:00:00+00:00, run_after=2022-01-01T00:00:00+00:00
[2023-01-05T12:17:08.030+0000] {logging_mixin.py:120} INFO - [2023-01-05T12:17:08.029+0000] {dag.py:3336} INFO - Setting next_dagrun for example_subdag_operator.section-1 to None, run_after=None
[2023-01-05T12:17:08.034+0000] {logging_mixin.py:120} INFO - [2023-01-05T12:17:08.034+0000] {dag.py:3336} INFO - Setting next_dagrun for example_subdag_operator.section-2 to None, run_after=None
[2023-01-05T12:17:08.047+0000] {logging_mixin.py:120} INFO - [2023-01-05T12:17:08.047+0000] {dag.py:2585} INFO - Sync 2 DAGs
[2023-01-05T12:17:08.064+0000] {logging_mixin.py:120} INFO - [2023-01-05T12:17:08.064+0000] {dag.py:3336} INFO - Setting next_dagrun for example_subdag_operator.section-1 to None, run_after=None
[2023-01-05T12:17:08.066+0000] {logging_mixin.py:120} INFO - [2023-01-05T12:17:08.065+0000] {dag.py:3336} INFO - Setting next_dagrun for example_subdag_operator.section-2 to None, run_after=None
[2023-01-05T12:17:08.086+0000] {processor.py:176} INFO - Processing /home/airflow/.local/lib/python3.9/site-packages/airflow/example_dags/example_subdag_operator.py took 0.197 seconds
[2023-01-05T12:17:39.304+0000] {processor.py:154} INFO - Started process (PID=462) to work on /home/airflow/.local/lib/python3.9/site-packages/airflow/example_dags/example_subdag_operator.py
[2023-01-05T12:17:39.307+0000] {processor.py:756} INFO - Processing file /home/airflow/.local/lib/python3.9/site-packages/airflow/example_dags/example_subdag_operator.py for tasks to queue
[2023-01-05T12:17:39.309+0000] {logging_mixin.py:120} INFO - [2023-01-05T12:17:39.309+0000] {dagbag.py:537} INFO - Filling up the DagBag from /home/airflow/.local/lib/python3.9/site-packages/airflow/example_dags/example_subdag_operator.py
[2023-01-05T12:17:39.394+0000] {processor.py:766} INFO - DAG(s) dict_keys(['example_subdag_operator.section-1', 'example_subdag_operator.section-2', 'example_subdag_operator']) retrieved from /home/airflow/.local/lib/python3.9/site-packages/airflow/example_dags/example_subdag_operator.py
[2023-01-05T12:17:39.839+0000] {logging_mixin.py:120} INFO - [2023-01-05T12:17:39.838+0000] {dag.py:2585} INFO - Sync 3 DAGs
[2023-01-05T12:17:39.897+0000] {logging_mixin.py:120} INFO - [2023-01-05T12:17:39.897+0000] {dag.py:3336} INFO - Setting next_dagrun for example_subdag_operator to 2022-01-01T00:00:00+00:00, run_after=2022-01-01T00:00:00+00:00
[2023-01-05T12:17:39.906+0000] {logging_mixin.py:120} INFO - [2023-01-05T12:17:39.905+0000] {dag.py:3336} INFO - Setting next_dagrun for example_subdag_operator.section-1 to None, run_after=None
[2023-01-05T12:17:39.912+0000] {logging_mixin.py:120} INFO - [2023-01-05T12:17:39.911+0000] {dag.py:3336} INFO - Setting next_dagrun for example_subdag_operator.section-2 to None, run_after=None
[2023-01-05T12:17:39.927+0000] {logging_mixin.py:120} INFO - [2023-01-05T12:17:39.926+0000] {dag.py:2585} INFO - Sync 2 DAGs
[2023-01-05T12:17:39.948+0000] {logging_mixin.py:120} INFO - [2023-01-05T12:17:39.948+0000] {dag.py:3336} INFO - Setting next_dagrun for example_subdag_operator.section-1 to None, run_after=None
[2023-01-05T12:17:39.961+0000] {logging_mixin.py:120} INFO - [2023-01-05T12:17:39.961+0000] {dag.py:3336} INFO - Setting next_dagrun for example_subdag_operator.section-2 to None, run_after=None
[2023-01-05T12:17:39.991+0000] {processor.py:176} INFO - Processing /home/airflow/.local/lib/python3.9/site-packages/airflow/example_dags/example_subdag_operator.py took 0.690 seconds
[2023-01-05T12:18:10.120+0000] {processor.py:154} INFO - Started process (PID=687) to work on /home/airflow/.local/lib/python3.9/site-packages/airflow/example_dags/example_subdag_operator.py
[2023-01-05T12:18:10.122+0000] {processor.py:756} INFO - Processing file /home/airflow/.local/lib/python3.9/site-packages/airflow/example_dags/example_subdag_operator.py for tasks to queue
[2023-01-05T12:18:10.124+0000] {logging_mixin.py:120} INFO - [2023-01-05T12:18:10.124+0000] {dagbag.py:537} INFO - Filling up the DagBag from /home/airflow/.local/lib/python3.9/site-packages/airflow/example_dags/example_subdag_operator.py
[2023-01-05T12:18:10.195+0000] {processor.py:766} INFO - DAG(s) dict_keys(['example_subdag_operator.section-1', 'example_subdag_operator.section-2', 'example_subdag_operator']) retrieved from /home/airflow/.local/lib/python3.9/site-packages/airflow/example_dags/example_subdag_operator.py
[2023-01-05T12:18:10.623+0000] {logging_mixin.py:120} INFO - [2023-01-05T12:18:10.623+0000] {dag.py:2585} INFO - Sync 3 DAGs
[2023-01-05T12:18:10.654+0000] {logging_mixin.py:120} INFO - [2023-01-05T12:18:10.654+0000] {dag.py:3336} INFO - Setting next_dagrun for example_subdag_operator to 2022-01-01T00:00:00+00:00, run_after=2022-01-01T00:00:00+00:00
[2023-01-05T12:18:10.660+0000] {logging_mixin.py:120} INFO - [2023-01-05T12:18:10.660+0000] {dag.py:3336} INFO - Setting next_dagrun for example_subdag_operator.section-1 to None, run_after=None
[2023-01-05T12:18:10.663+0000] {logging_mixin.py:120} INFO - [2023-01-05T12:18:10.663+0000] {dag.py:3336} INFO - Setting next_dagrun for example_subdag_operator.section-2 to None, run_after=None
[2023-01-05T12:18:10.673+0000] {logging_mixin.py:120} INFO - [2023-01-05T12:18:10.673+0000] {dag.py:2585} INFO - Sync 2 DAGs
[2023-01-05T12:18:10.681+0000] {logging_mixin.py:120} INFO - [2023-01-05T12:18:10.681+0000] {dag.py:3336} INFO - Setting next_dagrun for example_subdag_operator.section-1 to None, run_after=None
[2023-01-05T12:18:10.698+0000] {logging_mixin.py:120} INFO - [2023-01-05T12:18:10.698+0000] {dag.py:3336} INFO - Setting next_dagrun for example_subdag_operator.section-2 to None, run_after=None
[2023-01-05T12:18:10.715+0000] {processor.py:176} INFO - Processing /home/airflow/.local/lib/python3.9/site-packages/airflow/example_dags/example_subdag_operator.py took 0.606 seconds
[2023-01-05T12:18:41.441+0000] {processor.py:154} INFO - Started process (PID=906) to work on /home/airflow/.local/lib/python3.9/site-packages/airflow/example_dags/example_subdag_operator.py
[2023-01-05T12:18:41.443+0000] {processor.py:756} INFO - Processing file /home/airflow/.local/lib/python3.9/site-packages/airflow/example_dags/example_subdag_operator.py for tasks to queue
[2023-01-05T12:18:41.444+0000] {logging_mixin.py:120} INFO - [2023-01-05T12:18:41.444+0000] {dagbag.py:537} INFO - Filling up the DagBag from /home/airflow/.local/lib/python3.9/site-packages/airflow/example_dags/example_subdag_operator.py
[2023-01-05T12:18:41.487+0000] {processor.py:766} INFO - DAG(s) dict_keys(['example_subdag_operator.section-1', 'example_subdag_operator.section-2', 'example_subdag_operator']) retrieved from /home/airflow/.local/lib/python3.9/site-packages/airflow/example_dags/example_subdag_operator.py
[2023-01-05T12:18:41.777+0000] {logging_mixin.py:120} INFO - [2023-01-05T12:18:41.777+0000] {dag.py:2585} INFO - Sync 3 DAGs
[2023-01-05T12:18:41.810+0000] {logging_mixin.py:120} INFO - [2023-01-05T12:18:41.810+0000] {dag.py:3336} INFO - Setting next_dagrun for example_subdag_operator to 2022-01-01T00:00:00+00:00, run_after=2022-01-01T00:00:00+00:00
[2023-01-05T12:18:41.821+0000] {logging_mixin.py:120} INFO - [2023-01-05T12:18:41.820+0000] {dag.py:3336} INFO - Setting next_dagrun for example_subdag_operator.section-1 to None, run_after=None
[2023-01-05T12:18:41.827+0000] {logging_mixin.py:120} INFO - [2023-01-05T12:18:41.826+0000] {dag.py:3336} INFO - Setting next_dagrun for example_subdag_operator.section-2 to None, run_after=None
[2023-01-05T12:18:41.845+0000] {logging_mixin.py:120} INFO - [2023-01-05T12:18:41.844+0000] {dag.py:2585} INFO - Sync 2 DAGs
[2023-01-05T12:18:41.853+0000] {logging_mixin.py:120} INFO - [2023-01-05T12:18:41.853+0000] {dag.py:3336} INFO - Setting next_dagrun for example_subdag_operator.section-1 to None, run_after=None
[2023-01-05T12:18:41.854+0000] {logging_mixin.py:120} INFO - [2023-01-05T12:18:41.854+0000] {dag.py:3336} INFO - Setting next_dagrun for example_subdag_operator.section-2 to None, run_after=None
[2023-01-05T12:18:41.875+0000] {processor.py:176} INFO - Processing /home/airflow/.local/lib/python3.9/site-packages/airflow/example_dags/example_subdag_operator.py took 0.438 seconds
[2023-01-05T12:19:12.106+0000] {processor.py:154} INFO - Started process (PID=1172) to work on /home/airflow/.local/lib/python3.9/site-packages/airflow/example_dags/example_subdag_operator.py
[2023-01-05T12:19:12.108+0000] {processor.py:756} INFO - Processing file /home/airflow/.local/lib/python3.9/site-packages/airflow/example_dags/example_subdag_operator.py for tasks to queue
[2023-01-05T12:19:12.110+0000] {logging_mixin.py:120} INFO - [2023-01-05T12:19:12.110+0000] {dagbag.py:537} INFO - Filling up the DagBag from /home/airflow/.local/lib/python3.9/site-packages/airflow/example_dags/example_subdag_operator.py
[2023-01-05T12:19:12.160+0000] {processor.py:766} INFO - DAG(s) dict_keys(['example_subdag_operator.section-1', 'example_subdag_operator.section-2', 'example_subdag_operator']) retrieved from /home/airflow/.local/lib/python3.9/site-packages/airflow/example_dags/example_subdag_operator.py
[2023-01-05T12:19:12.544+0000] {logging_mixin.py:120} INFO - [2023-01-05T12:19:12.544+0000] {dag.py:2585} INFO - Sync 3 DAGs
[2023-01-05T12:19:12.604+0000] {logging_mixin.py:120} INFO - [2023-01-05T12:19:12.603+0000] {dag.py:3336} INFO - Setting next_dagrun for example_subdag_operator to 2022-01-01T00:00:00+00:00, run_after=2022-01-01T00:00:00+00:00
[2023-01-05T12:19:12.616+0000] {logging_mixin.py:120} INFO - [2023-01-05T12:19:12.616+0000] {dag.py:3336} INFO - Setting next_dagrun for example_subdag_operator.section-1 to None, run_after=None
[2023-01-05T12:19:12.622+0000] {logging_mixin.py:120} INFO - [2023-01-05T12:19:12.622+0000] {dag.py:3336} INFO - Setting next_dagrun for example_subdag_operator.section-2 to None, run_after=None
[2023-01-05T12:19:12.640+0000] {logging_mixin.py:120} INFO - [2023-01-05T12:19:12.640+0000] {dag.py:2585} INFO - Sync 2 DAGs
[2023-01-05T12:19:12.650+0000] {logging_mixin.py:120} INFO - [2023-01-05T12:19:12.649+0000] {dag.py:3336} INFO - Setting next_dagrun for example_subdag_operator.section-1 to None, run_after=None
[2023-01-05T12:19:12.651+0000] {logging_mixin.py:120} INFO - [2023-01-05T12:19:12.651+0000] {dag.py:3336} INFO - Setting next_dagrun for example_subdag_operator.section-2 to None, run_after=None
[2023-01-05T12:19:12.677+0000] {processor.py:176} INFO - Processing /home/airflow/.local/lib/python3.9/site-packages/airflow/example_dags/example_subdag_operator.py took 0.575 seconds
