[2023-01-05T12:17:11.615+0000] {processor.py:154} INFO - Started process (PID=351) to work on /home/airflow/.local/lib/python3.9/site-packages/airflow/example_dags/example_short_circuit_operator.py
[2023-01-05T12:17:11.618+0000] {processor.py:756} INFO - Processing file /home/airflow/.local/lib/python3.9/site-packages/airflow/example_dags/example_short_circuit_operator.py for tasks to queue
[2023-01-05T12:17:11.621+0000] {logging_mixin.py:120} INFO - [2023-01-05T12:17:11.621+0000] {dagbag.py:537} INFO - Filling up the DagBag from /home/airflow/.local/lib/python3.9/site-packages/airflow/example_dags/example_short_circuit_operator.py
[2023-01-05T12:17:11.686+0000] {processor.py:766} INFO - DAG(s) dict_keys(['example_short_circuit_operator']) retrieved from /home/airflow/.local/lib/python3.9/site-packages/airflow/example_dags/example_short_circuit_operator.py
[2023-01-05T12:17:11.783+0000] {logging_mixin.py:120} INFO - [2023-01-05T12:17:11.782+0000] {dag.py:2585} INFO - Sync 1 DAGs
[2023-01-05T12:17:11.847+0000] {logging_mixin.py:120} INFO - [2023-01-05T12:17:11.847+0000] {dag.py:3336} INFO - Setting next_dagrun for example_short_circuit_operator to 2023-01-04T12:17:11.847404+00:00, run_after=2023-01-05T12:17:11.847404+00:00
[2023-01-05T12:17:11.899+0000] {processor.py:176} INFO - Processing /home/airflow/.local/lib/python3.9/site-packages/airflow/example_dags/example_short_circuit_operator.py took 0.297 seconds
[2023-01-05T12:17:42.947+0000] {processor.py:154} INFO - Started process (PID=567) to work on /home/airflow/.local/lib/python3.9/site-packages/airflow/example_dags/example_short_circuit_operator.py
[2023-01-05T12:17:42.960+0000] {processor.py:756} INFO - Processing file /home/airflow/.local/lib/python3.9/site-packages/airflow/example_dags/example_short_circuit_operator.py for tasks to queue
[2023-01-05T12:17:42.979+0000] {logging_mixin.py:120} INFO - [2023-01-05T12:17:42.979+0000] {dagbag.py:537} INFO - Filling up the DagBag from /home/airflow/.local/lib/python3.9/site-packages/airflow/example_dags/example_short_circuit_operator.py
[2023-01-05T12:17:43.007+0000] {processor.py:766} INFO - DAG(s) dict_keys(['example_short_circuit_operator']) retrieved from /home/airflow/.local/lib/python3.9/site-packages/airflow/example_dags/example_short_circuit_operator.py
[2023-01-05T12:17:43.098+0000] {logging_mixin.py:120} INFO - [2023-01-05T12:17:43.098+0000] {dag.py:2585} INFO - Sync 1 DAGs
[2023-01-05T12:17:43.157+0000] {logging_mixin.py:120} INFO - [2023-01-05T12:17:43.157+0000] {dag.py:3336} INFO - Setting next_dagrun for example_short_circuit_operator to 2023-01-04T12:17:43.156813+00:00, run_after=2023-01-05T12:17:43.156813+00:00
[2023-01-05T12:17:43.218+0000] {processor.py:176} INFO - Processing /home/airflow/.local/lib/python3.9/site-packages/airflow/example_dags/example_short_circuit_operator.py took 0.276 seconds
[2023-01-05T12:18:13.732+0000] {processor.py:154} INFO - Started process (PID=794) to work on /home/airflow/.local/lib/python3.9/site-packages/airflow/example_dags/example_short_circuit_operator.py
[2023-01-05T12:18:13.734+0000] {processor.py:756} INFO - Processing file /home/airflow/.local/lib/python3.9/site-packages/airflow/example_dags/example_short_circuit_operator.py for tasks to queue
[2023-01-05T12:18:13.737+0000] {logging_mixin.py:120} INFO - [2023-01-05T12:18:13.736+0000] {dagbag.py:537} INFO - Filling up the DagBag from /home/airflow/.local/lib/python3.9/site-packages/airflow/example_dags/example_short_circuit_operator.py
[2023-01-05T12:18:13.759+0000] {processor.py:766} INFO - DAG(s) dict_keys(['example_short_circuit_operator']) retrieved from /home/airflow/.local/lib/python3.9/site-packages/airflow/example_dags/example_short_circuit_operator.py
[2023-01-05T12:18:13.813+0000] {logging_mixin.py:120} INFO - [2023-01-05T12:18:13.813+0000] {dag.py:2585} INFO - Sync 1 DAGs
[2023-01-05T12:18:13.845+0000] {logging_mixin.py:120} INFO - [2023-01-05T12:18:13.845+0000] {dag.py:3336} INFO - Setting next_dagrun for example_short_circuit_operator to 2023-01-04T12:18:13.844784+00:00, run_after=2023-01-05T12:18:13.844784+00:00
[2023-01-05T12:18:13.880+0000] {processor.py:176} INFO - Processing /home/airflow/.local/lib/python3.9/site-packages/airflow/example_dags/example_short_circuit_operator.py took 0.152 seconds
[2023-01-05T12:18:44.511+0000] {processor.py:154} INFO - Started process (PID=1011) to work on /home/airflow/.local/lib/python3.9/site-packages/airflow/example_dags/example_short_circuit_operator.py
[2023-01-05T12:18:44.513+0000] {processor.py:756} INFO - Processing file /home/airflow/.local/lib/python3.9/site-packages/airflow/example_dags/example_short_circuit_operator.py for tasks to queue
[2023-01-05T12:18:44.515+0000] {logging_mixin.py:120} INFO - [2023-01-05T12:18:44.515+0000] {dagbag.py:537} INFO - Filling up the DagBag from /home/airflow/.local/lib/python3.9/site-packages/airflow/example_dags/example_short_circuit_operator.py
[2023-01-05T12:18:44.545+0000] {processor.py:766} INFO - DAG(s) dict_keys(['example_short_circuit_operator']) retrieved from /home/airflow/.local/lib/python3.9/site-packages/airflow/example_dags/example_short_circuit_operator.py
[2023-01-05T12:18:44.628+0000] {logging_mixin.py:120} INFO - [2023-01-05T12:18:44.627+0000] {dag.py:2585} INFO - Sync 1 DAGs
[2023-01-05T12:18:44.702+0000] {logging_mixin.py:120} INFO - [2023-01-05T12:18:44.701+0000] {dag.py:3336} INFO - Setting next_dagrun for example_short_circuit_operator to 2023-01-04T12:18:44.701581+00:00, run_after=2023-01-05T12:18:44.701581+00:00
[2023-01-05T12:18:44.759+0000] {processor.py:176} INFO - Processing /home/airflow/.local/lib/python3.9/site-packages/airflow/example_dags/example_short_circuit_operator.py took 0.254 seconds
