[2023-01-05T12:17:07.654+0000] {processor.py:154} INFO - Started process (PID=228) to work on /home/airflow/.local/lib/python3.9/site-packages/airflow/example_dags/example_complex.py
[2023-01-05T12:17:07.658+0000] {processor.py:756} INFO - Processing file /home/airflow/.local/lib/python3.9/site-packages/airflow/example_dags/example_complex.py for tasks to queue
[2023-01-05T12:17:07.660+0000] {logging_mixin.py:120} INFO - [2023-01-05T12:17:07.660+0000] {dagbag.py:537} INFO - Filling up the DagBag from /home/airflow/.local/lib/python3.9/site-packages/airflow/example_dags/example_complex.py
[2023-01-05T12:17:07.680+0000] {logging_mixin.py:120} INFO - [2023-01-05T12:17:07.680+0000] {taskmixin.py:205} WARNING - Dependency <Task(BashOperator): create_entry_group>, delete_entry_group already registered for DAG: example_complex
[2023-01-05T12:17:07.681+0000] {logging_mixin.py:120} INFO - [2023-01-05T12:17:07.681+0000] {taskmixin.py:205} WARNING - Dependency <Task(BashOperator): delete_entry_group>, create_entry_group already registered for DAG: example_complex
[2023-01-05T12:17:07.682+0000] {logging_mixin.py:120} INFO - [2023-01-05T12:17:07.682+0000] {taskmixin.py:205} WARNING - Dependency <Task(BashOperator): create_entry_gcs>, delete_entry already registered for DAG: example_complex
[2023-01-05T12:17:07.683+0000] {logging_mixin.py:120} INFO - [2023-01-05T12:17:07.683+0000] {taskmixin.py:205} WARNING - Dependency <Task(BashOperator): delete_entry>, create_entry_gcs already registered for DAG: example_complex
[2023-01-05T12:17:07.685+0000] {logging_mixin.py:120} INFO - [2023-01-05T12:17:07.684+0000] {taskmixin.py:205} WARNING - Dependency <Task(BashOperator): create_tag>, delete_tag already registered for DAG: example_complex
[2023-01-05T12:17:07.686+0000] {logging_mixin.py:120} INFO - [2023-01-05T12:17:07.685+0000] {taskmixin.py:205} WARNING - Dependency <Task(BashOperator): delete_tag>, create_tag already registered for DAG: example_complex
[2023-01-05T12:17:07.696+0000] {processor.py:766} INFO - DAG(s) dict_keys(['example_complex']) retrieved from /home/airflow/.local/lib/python3.9/site-packages/airflow/example_dags/example_complex.py
[2023-01-05T12:17:07.737+0000] {logging_mixin.py:120} INFO - [2023-01-05T12:17:07.737+0000] {dag.py:2585} INFO - Sync 1 DAGs
[2023-01-05T12:17:07.791+0000] {logging_mixin.py:120} INFO - [2023-01-05T12:17:07.791+0000] {dag.py:3336} INFO - Setting next_dagrun for example_complex to None, run_after=None
[2023-01-05T12:17:07.831+0000] {processor.py:176} INFO - Processing /home/airflow/.local/lib/python3.9/site-packages/airflow/example_dags/example_complex.py took 0.182 seconds
[2023-01-05T12:17:39.113+0000] {processor.py:154} INFO - Started process (PID=452) to work on /home/airflow/.local/lib/python3.9/site-packages/airflow/example_dags/example_complex.py
[2023-01-05T12:17:39.115+0000] {processor.py:756} INFO - Processing file /home/airflow/.local/lib/python3.9/site-packages/airflow/example_dags/example_complex.py for tasks to queue
[2023-01-05T12:17:39.117+0000] {logging_mixin.py:120} INFO - [2023-01-05T12:17:39.117+0000] {dagbag.py:537} INFO - Filling up the DagBag from /home/airflow/.local/lib/python3.9/site-packages/airflow/example_dags/example_complex.py
[2023-01-05T12:17:39.130+0000] {logging_mixin.py:120} INFO - [2023-01-05T12:17:39.129+0000] {taskmixin.py:205} WARNING - Dependency <Task(BashOperator): create_entry_group>, delete_entry_group already registered for DAG: example_complex
[2023-01-05T12:17:39.131+0000] {logging_mixin.py:120} INFO - [2023-01-05T12:17:39.130+0000] {taskmixin.py:205} WARNING - Dependency <Task(BashOperator): delete_entry_group>, create_entry_group already registered for DAG: example_complex
[2023-01-05T12:17:39.132+0000] {logging_mixin.py:120} INFO - [2023-01-05T12:17:39.131+0000] {taskmixin.py:205} WARNING - Dependency <Task(BashOperator): create_entry_gcs>, delete_entry already registered for DAG: example_complex
[2023-01-05T12:17:39.132+0000] {logging_mixin.py:120} INFO - [2023-01-05T12:17:39.132+0000] {taskmixin.py:205} WARNING - Dependency <Task(BashOperator): delete_entry>, create_entry_gcs already registered for DAG: example_complex
[2023-01-05T12:17:39.134+0000] {logging_mixin.py:120} INFO - [2023-01-05T12:17:39.134+0000] {taskmixin.py:205} WARNING - Dependency <Task(BashOperator): create_tag>, delete_tag already registered for DAG: example_complex
[2023-01-05T12:17:39.135+0000] {logging_mixin.py:120} INFO - [2023-01-05T12:17:39.135+0000] {taskmixin.py:205} WARNING - Dependency <Task(BashOperator): delete_tag>, create_tag already registered for DAG: example_complex
[2023-01-05T12:17:39.144+0000] {processor.py:766} INFO - DAG(s) dict_keys(['example_complex']) retrieved from /home/airflow/.local/lib/python3.9/site-packages/airflow/example_dags/example_complex.py
[2023-01-05T12:17:39.202+0000] {logging_mixin.py:120} INFO - [2023-01-05T12:17:39.202+0000] {dag.py:2585} INFO - Sync 1 DAGs
[2023-01-05T12:17:39.232+0000] {logging_mixin.py:120} INFO - [2023-01-05T12:17:39.231+0000] {dag.py:3336} INFO - Setting next_dagrun for example_complex to None, run_after=None
[2023-01-05T12:17:39.257+0000] {processor.py:176} INFO - Processing /home/airflow/.local/lib/python3.9/site-packages/airflow/example_dags/example_complex.py took 0.148 seconds
[2023-01-05T12:18:09.864+0000] {processor.py:154} INFO - Started process (PID=677) to work on /home/airflow/.local/lib/python3.9/site-packages/airflow/example_dags/example_complex.py
[2023-01-05T12:18:09.866+0000] {processor.py:756} INFO - Processing file /home/airflow/.local/lib/python3.9/site-packages/airflow/example_dags/example_complex.py for tasks to queue
[2023-01-05T12:18:09.867+0000] {logging_mixin.py:120} INFO - [2023-01-05T12:18:09.867+0000] {dagbag.py:537} INFO - Filling up the DagBag from /home/airflow/.local/lib/python3.9/site-packages/airflow/example_dags/example_complex.py
[2023-01-05T12:18:09.880+0000] {logging_mixin.py:120} INFO - [2023-01-05T12:18:09.880+0000] {taskmixin.py:205} WARNING - Dependency <Task(BashOperator): create_entry_group>, delete_entry_group already registered for DAG: example_complex
[2023-01-05T12:18:09.882+0000] {logging_mixin.py:120} INFO - [2023-01-05T12:18:09.881+0000] {taskmixin.py:205} WARNING - Dependency <Task(BashOperator): delete_entry_group>, create_entry_group already registered for DAG: example_complex
[2023-01-05T12:18:09.883+0000] {logging_mixin.py:120} INFO - [2023-01-05T12:18:09.883+0000] {taskmixin.py:205} WARNING - Dependency <Task(BashOperator): create_entry_gcs>, delete_entry already registered for DAG: example_complex
[2023-01-05T12:18:09.884+0000] {logging_mixin.py:120} INFO - [2023-01-05T12:18:09.884+0000] {taskmixin.py:205} WARNING - Dependency <Task(BashOperator): delete_entry>, create_entry_gcs already registered for DAG: example_complex
[2023-01-05T12:18:09.885+0000] {logging_mixin.py:120} INFO - [2023-01-05T12:18:09.885+0000] {taskmixin.py:205} WARNING - Dependency <Task(BashOperator): create_tag>, delete_tag already registered for DAG: example_complex
[2023-01-05T12:18:09.886+0000] {logging_mixin.py:120} INFO - [2023-01-05T12:18:09.885+0000] {taskmixin.py:205} WARNING - Dependency <Task(BashOperator): delete_tag>, create_tag already registered for DAG: example_complex
[2023-01-05T12:18:09.895+0000] {processor.py:766} INFO - DAG(s) dict_keys(['example_complex']) retrieved from /home/airflow/.local/lib/python3.9/site-packages/airflow/example_dags/example_complex.py
[2023-01-05T12:18:09.986+0000] {logging_mixin.py:120} INFO - [2023-01-05T12:18:09.986+0000] {dag.py:2585} INFO - Sync 1 DAGs
[2023-01-05T12:18:10.031+0000] {logging_mixin.py:120} INFO - [2023-01-05T12:18:10.031+0000] {dag.py:3336} INFO - Setting next_dagrun for example_complex to None, run_after=None
[2023-01-05T12:18:10.066+0000] {processor.py:176} INFO - Processing /home/airflow/.local/lib/python3.9/site-packages/airflow/example_dags/example_complex.py took 0.206 seconds
[2023-01-05T12:18:40.228+0000] {processor.py:154} INFO - Started process (PID=894) to work on /home/airflow/.local/lib/python3.9/site-packages/airflow/example_dags/example_complex.py
[2023-01-05T12:18:40.230+0000] {processor.py:756} INFO - Processing file /home/airflow/.local/lib/python3.9/site-packages/airflow/example_dags/example_complex.py for tasks to queue
[2023-01-05T12:18:40.232+0000] {logging_mixin.py:120} INFO - [2023-01-05T12:18:40.232+0000] {dagbag.py:537} INFO - Filling up the DagBag from /home/airflow/.local/lib/python3.9/site-packages/airflow/example_dags/example_complex.py
[2023-01-05T12:18:40.246+0000] {logging_mixin.py:120} INFO - [2023-01-05T12:18:40.246+0000] {taskmixin.py:205} WARNING - Dependency <Task(BashOperator): create_entry_group>, delete_entry_group already registered for DAG: example_complex
[2023-01-05T12:18:40.247+0000] {logging_mixin.py:120} INFO - [2023-01-05T12:18:40.247+0000] {taskmixin.py:205} WARNING - Dependency <Task(BashOperator): delete_entry_group>, create_entry_group already registered for DAG: example_complex
[2023-01-05T12:18:40.248+0000] {logging_mixin.py:120} INFO - [2023-01-05T12:18:40.248+0000] {taskmixin.py:205} WARNING - Dependency <Task(BashOperator): create_entry_gcs>, delete_entry already registered for DAG: example_complex
[2023-01-05T12:18:40.249+0000] {logging_mixin.py:120} INFO - [2023-01-05T12:18:40.249+0000] {taskmixin.py:205} WARNING - Dependency <Task(BashOperator): delete_entry>, create_entry_gcs already registered for DAG: example_complex
[2023-01-05T12:18:40.250+0000] {logging_mixin.py:120} INFO - [2023-01-05T12:18:40.250+0000] {taskmixin.py:205} WARNING - Dependency <Task(BashOperator): create_tag>, delete_tag already registered for DAG: example_complex
[2023-01-05T12:18:40.251+0000] {logging_mixin.py:120} INFO - [2023-01-05T12:18:40.251+0000] {taskmixin.py:205} WARNING - Dependency <Task(BashOperator): delete_tag>, create_tag already registered for DAG: example_complex
[2023-01-05T12:18:40.261+0000] {processor.py:766} INFO - DAG(s) dict_keys(['example_complex']) retrieved from /home/airflow/.local/lib/python3.9/site-packages/airflow/example_dags/example_complex.py
[2023-01-05T12:18:40.326+0000] {logging_mixin.py:120} INFO - [2023-01-05T12:18:40.325+0000] {dag.py:2585} INFO - Sync 1 DAGs
[2023-01-05T12:18:40.360+0000] {logging_mixin.py:120} INFO - [2023-01-05T12:18:40.360+0000] {dag.py:3336} INFO - Setting next_dagrun for example_complex to None, run_after=None
[2023-01-05T12:18:40.394+0000] {processor.py:176} INFO - Processing /home/airflow/.local/lib/python3.9/site-packages/airflow/example_dags/example_complex.py took 0.170 seconds
[2023-01-05T12:19:11.674+0000] {processor.py:154} INFO - Started process (PID=1152) to work on /home/airflow/.local/lib/python3.9/site-packages/airflow/example_dags/example_complex.py
[2023-01-05T12:19:11.676+0000] {processor.py:756} INFO - Processing file /home/airflow/.local/lib/python3.9/site-packages/airflow/example_dags/example_complex.py for tasks to queue
[2023-01-05T12:19:11.677+0000] {logging_mixin.py:120} INFO - [2023-01-05T12:19:11.677+0000] {dagbag.py:537} INFO - Filling up the DagBag from /home/airflow/.local/lib/python3.9/site-packages/airflow/example_dags/example_complex.py
[2023-01-05T12:19:11.691+0000] {logging_mixin.py:120} INFO - [2023-01-05T12:19:11.690+0000] {taskmixin.py:205} WARNING - Dependency <Task(BashOperator): create_entry_group>, delete_entry_group already registered for DAG: example_complex
[2023-01-05T12:19:11.692+0000] {logging_mixin.py:120} INFO - [2023-01-05T12:19:11.692+0000] {taskmixin.py:205} WARNING - Dependency <Task(BashOperator): delete_entry_group>, create_entry_group already registered for DAG: example_complex
[2023-01-05T12:19:11.693+0000] {logging_mixin.py:120} INFO - [2023-01-05T12:19:11.693+0000] {taskmixin.py:205} WARNING - Dependency <Task(BashOperator): create_entry_gcs>, delete_entry already registered for DAG: example_complex
[2023-01-05T12:19:11.694+0000] {logging_mixin.py:120} INFO - [2023-01-05T12:19:11.694+0000] {taskmixin.py:205} WARNING - Dependency <Task(BashOperator): delete_entry>, create_entry_gcs already registered for DAG: example_complex
[2023-01-05T12:19:11.695+0000] {logging_mixin.py:120} INFO - [2023-01-05T12:19:11.695+0000] {taskmixin.py:205} WARNING - Dependency <Task(BashOperator): create_tag>, delete_tag already registered for DAG: example_complex
[2023-01-05T12:19:11.697+0000] {logging_mixin.py:120} INFO - [2023-01-05T12:19:11.697+0000] {taskmixin.py:205} WARNING - Dependency <Task(BashOperator): delete_tag>, create_tag already registered for DAG: example_complex
[2023-01-05T12:19:11.707+0000] {processor.py:766} INFO - DAG(s) dict_keys(['example_complex']) retrieved from /home/airflow/.local/lib/python3.9/site-packages/airflow/example_dags/example_complex.py
[2023-01-05T12:19:11.773+0000] {logging_mixin.py:120} INFO - [2023-01-05T12:19:11.773+0000] {dag.py:2585} INFO - Sync 1 DAGs
[2023-01-05T12:19:11.811+0000] {logging_mixin.py:120} INFO - [2023-01-05T12:19:11.811+0000] {dag.py:3336} INFO - Setting next_dagrun for example_complex to None, run_after=None
[2023-01-05T12:19:11.837+0000] {processor.py:176} INFO - Processing /home/airflow/.local/lib/python3.9/site-packages/airflow/example_dags/example_complex.py took 0.168 seconds
