[2023-01-05T12:17:11.275+0000] {processor.py:154} INFO - Started process (PID=346) to work on /home/airflow/.local/lib/python3.9/site-packages/airflow/example_dags/example_nested_branch_dag.py
[2023-01-05T12:17:11.281+0000] {processor.py:756} INFO - Processing file /home/airflow/.local/lib/python3.9/site-packages/airflow/example_dags/example_nested_branch_dag.py for tasks to queue
[2023-01-05T12:17:11.288+0000] {logging_mixin.py:120} INFO - [2023-01-05T12:17:11.287+0000] {dagbag.py:537} INFO - Filling up the DagBag from /home/airflow/.local/lib/python3.9/site-packages/airflow/example_dags/example_nested_branch_dag.py
[2023-01-05T12:17:11.483+0000] {processor.py:766} INFO - DAG(s) dict_keys(['example_nested_branch_dag']) retrieved from /home/airflow/.local/lib/python3.9/site-packages/airflow/example_dags/example_nested_branch_dag.py
[2023-01-05T12:17:11.577+0000] {logging_mixin.py:120} INFO - [2023-01-05T12:17:11.576+0000] {dag.py:2585} INFO - Sync 1 DAGs
[2023-01-05T12:17:11.646+0000] {logging_mixin.py:120} INFO - [2023-01-05T12:17:11.646+0000] {dag.py:3336} INFO - Setting next_dagrun for example_nested_branch_dag to 2023-01-04T00:00:00+00:00, run_after=2023-01-05T00:00:00+00:00
[2023-01-05T12:17:11.697+0000] {processor.py:176} INFO - Processing /home/airflow/.local/lib/python3.9/site-packages/airflow/example_dags/example_nested_branch_dag.py took 0.441 seconds
[2023-01-05T12:17:42.743+0000] {processor.py:154} INFO - Started process (PID=562) to work on /home/airflow/.local/lib/python3.9/site-packages/airflow/example_dags/example_nested_branch_dag.py
[2023-01-05T12:17:42.755+0000] {processor.py:756} INFO - Processing file /home/airflow/.local/lib/python3.9/site-packages/airflow/example_dags/example_nested_branch_dag.py for tasks to queue
[2023-01-05T12:17:42.759+0000] {logging_mixin.py:120} INFO - [2023-01-05T12:17:42.759+0000] {dagbag.py:537} INFO - Filling up the DagBag from /home/airflow/.local/lib/python3.9/site-packages/airflow/example_dags/example_nested_branch_dag.py
[2023-01-05T12:17:42.810+0000] {processor.py:766} INFO - DAG(s) dict_keys(['example_nested_branch_dag']) retrieved from /home/airflow/.local/lib/python3.9/site-packages/airflow/example_dags/example_nested_branch_dag.py
[2023-01-05T12:17:42.885+0000] {logging_mixin.py:120} INFO - [2023-01-05T12:17:42.885+0000] {dag.py:2585} INFO - Sync 1 DAGs
[2023-01-05T12:17:42.945+0000] {logging_mixin.py:120} INFO - [2023-01-05T12:17:42.945+0000] {dag.py:3336} INFO - Setting next_dagrun for example_nested_branch_dag to 2023-01-04T00:00:00+00:00, run_after=2023-01-05T00:00:00+00:00
[2023-01-05T12:17:42.995+0000] {processor.py:176} INFO - Processing /home/airflow/.local/lib/python3.9/site-packages/airflow/example_dags/example_nested_branch_dag.py took 0.256 seconds
[2023-01-05T12:18:13.554+0000] {processor.py:154} INFO - Started process (PID=787) to work on /home/airflow/.local/lib/python3.9/site-packages/airflow/example_dags/example_nested_branch_dag.py
[2023-01-05T12:18:13.555+0000] {processor.py:756} INFO - Processing file /home/airflow/.local/lib/python3.9/site-packages/airflow/example_dags/example_nested_branch_dag.py for tasks to queue
[2023-01-05T12:18:13.557+0000] {logging_mixin.py:120} INFO - [2023-01-05T12:18:13.557+0000] {dagbag.py:537} INFO - Filling up the DagBag from /home/airflow/.local/lib/python3.9/site-packages/airflow/example_dags/example_nested_branch_dag.py
[2023-01-05T12:18:13.586+0000] {processor.py:766} INFO - DAG(s) dict_keys(['example_nested_branch_dag']) retrieved from /home/airflow/.local/lib/python3.9/site-packages/airflow/example_dags/example_nested_branch_dag.py
[2023-01-05T12:18:13.640+0000] {logging_mixin.py:120} INFO - [2023-01-05T12:18:13.640+0000] {dag.py:2585} INFO - Sync 1 DAGs
[2023-01-05T12:18:13.678+0000] {logging_mixin.py:120} INFO - [2023-01-05T12:18:13.678+0000] {dag.py:3336} INFO - Setting next_dagrun for example_nested_branch_dag to 2023-01-04T00:00:00+00:00, run_after=2023-01-05T00:00:00+00:00
[2023-01-05T12:18:13.709+0000] {processor.py:176} INFO - Processing /home/airflow/.local/lib/python3.9/site-packages/airflow/example_dags/example_nested_branch_dag.py took 0.159 seconds
[2023-01-05T12:18:44.252+0000] {processor.py:154} INFO - Started process (PID=1006) to work on /home/airflow/.local/lib/python3.9/site-packages/airflow/example_dags/example_nested_branch_dag.py
[2023-01-05T12:18:44.254+0000] {processor.py:756} INFO - Processing file /home/airflow/.local/lib/python3.9/site-packages/airflow/example_dags/example_nested_branch_dag.py for tasks to queue
[2023-01-05T12:18:44.257+0000] {logging_mixin.py:120} INFO - [2023-01-05T12:18:44.256+0000] {dagbag.py:537} INFO - Filling up the DagBag from /home/airflow/.local/lib/python3.9/site-packages/airflow/example_dags/example_nested_branch_dag.py
[2023-01-05T12:18:44.297+0000] {processor.py:766} INFO - DAG(s) dict_keys(['example_nested_branch_dag']) retrieved from /home/airflow/.local/lib/python3.9/site-packages/airflow/example_dags/example_nested_branch_dag.py
[2023-01-05T12:18:44.376+0000] {logging_mixin.py:120} INFO - [2023-01-05T12:18:44.375+0000] {dag.py:2585} INFO - Sync 1 DAGs
[2023-01-05T12:18:44.427+0000] {logging_mixin.py:120} INFO - [2023-01-05T12:18:44.427+0000] {dag.py:3336} INFO - Setting next_dagrun for example_nested_branch_dag to 2023-01-04T00:00:00+00:00, run_after=2023-01-05T00:00:00+00:00
[2023-01-05T12:18:44.480+0000] {processor.py:176} INFO - Processing /home/airflow/.local/lib/python3.9/site-packages/airflow/example_dags/example_nested_branch_dag.py took 0.233 seconds
[2023-01-05T12:19:15.757+0000] {logging_mixin.py:120} INFO - [2023-01-05T12:19:15.757+0000] {process_utils.py:256} INFO - Waiting up to 5 seconds for processes to exit...
