[2023-01-05T12:17:10.361+0000] {processor.py:154} INFO - Started process (PID=330) to work on /home/airflow/.local/lib/python3.9/site-packages/airflow/example_dags/tutorial_dag.py
[2023-01-05T12:17:10.363+0000] {processor.py:756} INFO - Processing file /home/airflow/.local/lib/python3.9/site-packages/airflow/example_dags/tutorial_dag.py for tasks to queue
[2023-01-05T12:17:10.365+0000] {logging_mixin.py:120} INFO - [2023-01-05T12:17:10.365+0000] {dagbag.py:537} INFO - Filling up the DagBag from /home/airflow/.local/lib/python3.9/site-packages/airflow/example_dags/tutorial_dag.py
[2023-01-05T12:17:10.387+0000] {processor.py:766} INFO - DAG(s) dict_keys(['tutorial_dag']) retrieved from /home/airflow/.local/lib/python3.9/site-packages/airflow/example_dags/tutorial_dag.py
[2023-01-05T12:17:10.543+0000] {logging_mixin.py:120} INFO - [2023-01-05T12:17:10.537+0000] {dag.py:2585} INFO - Sync 1 DAGs
[2023-01-05T12:17:10.675+0000] {logging_mixin.py:120} INFO - [2023-01-05T12:17:10.674+0000] {dag.py:3336} INFO - Setting next_dagrun for tutorial_dag to None, run_after=None
[2023-01-05T12:17:10.778+0000] {processor.py:176} INFO - Processing /home/airflow/.local/lib/python3.9/site-packages/airflow/example_dags/tutorial_dag.py took 0.432 seconds
[2023-01-05T12:17:42.189+0000] {processor.py:154} INFO - Started process (PID=547) to work on /home/airflow/.local/lib/python3.9/site-packages/airflow/example_dags/tutorial_dag.py
[2023-01-05T12:17:42.222+0000] {processor.py:756} INFO - Processing file /home/airflow/.local/lib/python3.9/site-packages/airflow/example_dags/tutorial_dag.py for tasks to queue
[2023-01-05T12:17:42.242+0000] {logging_mixin.py:120} INFO - [2023-01-05T12:17:42.242+0000] {dagbag.py:537} INFO - Filling up the DagBag from /home/airflow/.local/lib/python3.9/site-packages/airflow/example_dags/tutorial_dag.py
[2023-01-05T12:17:42.286+0000] {processor.py:766} INFO - DAG(s) dict_keys(['tutorial_dag']) retrieved from /home/airflow/.local/lib/python3.9/site-packages/airflow/example_dags/tutorial_dag.py
[2023-01-05T12:17:42.476+0000] {logging_mixin.py:120} INFO - [2023-01-05T12:17:42.476+0000] {dag.py:2585} INFO - Sync 1 DAGs
[2023-01-05T12:17:42.538+0000] {logging_mixin.py:120} INFO - [2023-01-05T12:17:42.537+0000] {dag.py:3336} INFO - Setting next_dagrun for tutorial_dag to None, run_after=None
[2023-01-05T12:17:42.587+0000] {processor.py:176} INFO - Processing /home/airflow/.local/lib/python3.9/site-packages/airflow/example_dags/tutorial_dag.py took 0.405 seconds
[2023-01-05T12:18:13.371+0000] {processor.py:154} INFO - Started process (PID=774) to work on /home/airflow/.local/lib/python3.9/site-packages/airflow/example_dags/tutorial_dag.py
[2023-01-05T12:18:13.373+0000] {processor.py:756} INFO - Processing file /home/airflow/.local/lib/python3.9/site-packages/airflow/example_dags/tutorial_dag.py for tasks to queue
[2023-01-05T12:18:13.374+0000] {logging_mixin.py:120} INFO - [2023-01-05T12:18:13.374+0000] {dagbag.py:537} INFO - Filling up the DagBag from /home/airflow/.local/lib/python3.9/site-packages/airflow/example_dags/tutorial_dag.py
[2023-01-05T12:18:13.391+0000] {processor.py:766} INFO - DAG(s) dict_keys(['tutorial_dag']) retrieved from /home/airflow/.local/lib/python3.9/site-packages/airflow/example_dags/tutorial_dag.py
[2023-01-05T12:18:13.441+0000] {logging_mixin.py:120} INFO - [2023-01-05T12:18:13.441+0000] {dag.py:2585} INFO - Sync 1 DAGs
[2023-01-05T12:18:13.471+0000] {logging_mixin.py:120} INFO - [2023-01-05T12:18:13.471+0000] {dag.py:3336} INFO - Setting next_dagrun for tutorial_dag to None, run_after=None
[2023-01-05T12:18:13.496+0000] {processor.py:176} INFO - Processing /home/airflow/.local/lib/python3.9/site-packages/airflow/example_dags/tutorial_dag.py took 0.130 seconds
[2023-01-05T12:18:43.846+0000] {processor.py:154} INFO - Started process (PID=993) to work on /home/airflow/.local/lib/python3.9/site-packages/airflow/example_dags/tutorial_dag.py
[2023-01-05T12:18:43.851+0000] {processor.py:756} INFO - Processing file /home/airflow/.local/lib/python3.9/site-packages/airflow/example_dags/tutorial_dag.py for tasks to queue
[2023-01-05T12:18:43.854+0000] {logging_mixin.py:120} INFO - [2023-01-05T12:18:43.854+0000] {dagbag.py:537} INFO - Filling up the DagBag from /home/airflow/.local/lib/python3.9/site-packages/airflow/example_dags/tutorial_dag.py
[2023-01-05T12:18:43.895+0000] {processor.py:766} INFO - DAG(s) dict_keys(['tutorial_dag']) retrieved from /home/airflow/.local/lib/python3.9/site-packages/airflow/example_dags/tutorial_dag.py
[2023-01-05T12:18:44.005+0000] {logging_mixin.py:120} INFO - [2023-01-05T12:18:44.005+0000] {dag.py:2585} INFO - Sync 1 DAGs
[2023-01-05T12:18:44.099+0000] {logging_mixin.py:120} INFO - [2023-01-05T12:18:44.092+0000] {dag.py:3336} INFO - Setting next_dagrun for tutorial_dag to None, run_after=None
[2023-01-05T12:18:44.163+0000] {processor.py:176} INFO - Processing /home/airflow/.local/lib/python3.9/site-packages/airflow/example_dags/tutorial_dag.py took 0.325 seconds
[2023-01-05T12:19:14.579+0000] {processor.py:154} INFO - Started process (PID=1287) to work on /home/airflow/.local/lib/python3.9/site-packages/airflow/example_dags/tutorial_dag.py
[2023-01-05T12:19:14.584+0000] {processor.py:756} INFO - Processing file /home/airflow/.local/lib/python3.9/site-packages/airflow/example_dags/tutorial_dag.py for tasks to queue
[2023-01-05T12:19:14.588+0000] {logging_mixin.py:120} INFO - [2023-01-05T12:19:14.587+0000] {dagbag.py:537} INFO - Filling up the DagBag from /home/airflow/.local/lib/python3.9/site-packages/airflow/example_dags/tutorial_dag.py
[2023-01-05T12:19:14.637+0000] {processor.py:766} INFO - DAG(s) dict_keys(['tutorial_dag']) retrieved from /home/airflow/.local/lib/python3.9/site-packages/airflow/example_dags/tutorial_dag.py
[2023-01-05T12:19:14.794+0000] {logging_mixin.py:120} INFO - [2023-01-05T12:19:14.793+0000] {dag.py:2585} INFO - Sync 1 DAGs
[2023-01-05T12:19:14.913+0000] {logging_mixin.py:120} INFO - [2023-01-05T12:19:14.913+0000] {dag.py:3336} INFO - Setting next_dagrun for tutorial_dag to None, run_after=None
[2023-01-05T12:19:14.997+0000] {processor.py:176} INFO - Processing /home/airflow/.local/lib/python3.9/site-packages/airflow/example_dags/tutorial_dag.py took 0.443 seconds
