[2023-01-05T12:17:07.470+0000] {processor.py:154} INFO - Started process (PID=220) to work on /home/airflow/.local/lib/python3.9/site-packages/airflow/example_dags/tutorial_taskflow_api_virtualenv.py
[2023-01-05T12:17:07.472+0000] {processor.py:756} INFO - Processing file /home/airflow/.local/lib/python3.9/site-packages/airflow/example_dags/tutorial_taskflow_api_virtualenv.py for tasks to queue
[2023-01-05T12:17:07.474+0000] {logging_mixin.py:120} INFO - [2023-01-05T12:17:07.474+0000] {dagbag.py:537} INFO - Filling up the DagBag from /home/airflow/.local/lib/python3.9/site-packages/airflow/example_dags/tutorial_taskflow_api_virtualenv.py
[2023-01-05T12:17:07.502+0000] {processor.py:766} INFO - DAG(s) dict_keys(['tutorial_taskflow_api_virtualenv']) retrieved from /home/airflow/.local/lib/python3.9/site-packages/airflow/example_dags/tutorial_taskflow_api_virtualenv.py
[2023-01-05T12:17:07.539+0000] {logging_mixin.py:120} INFO - [2023-01-05T12:17:07.539+0000] {dag.py:2585} INFO - Sync 1 DAGs
[2023-01-05T12:17:07.572+0000] {logging_mixin.py:120} INFO - [2023-01-05T12:17:07.572+0000] {dag.py:3336} INFO - Setting next_dagrun for tutorial_taskflow_api_virtualenv to None, run_after=None
[2023-01-05T12:17:07.599+0000] {processor.py:176} INFO - Processing /home/airflow/.local/lib/python3.9/site-packages/airflow/example_dags/tutorial_taskflow_api_virtualenv.py took 0.133 seconds
[2023-01-05T12:17:38.938+0000] {processor.py:154} INFO - Started process (PID=444) to work on /home/airflow/.local/lib/python3.9/site-packages/airflow/example_dags/tutorial_taskflow_api_virtualenv.py
[2023-01-05T12:17:38.940+0000] {processor.py:756} INFO - Processing file /home/airflow/.local/lib/python3.9/site-packages/airflow/example_dags/tutorial_taskflow_api_virtualenv.py for tasks to queue
[2023-01-05T12:17:38.941+0000] {logging_mixin.py:120} INFO - [2023-01-05T12:17:38.941+0000] {dagbag.py:537} INFO - Filling up the DagBag from /home/airflow/.local/lib/python3.9/site-packages/airflow/example_dags/tutorial_taskflow_api_virtualenv.py
[2023-01-05T12:17:38.967+0000] {processor.py:766} INFO - DAG(s) dict_keys(['tutorial_taskflow_api_virtualenv']) retrieved from /home/airflow/.local/lib/python3.9/site-packages/airflow/example_dags/tutorial_taskflow_api_virtualenv.py
[2023-01-05T12:17:39.020+0000] {logging_mixin.py:120} INFO - [2023-01-05T12:17:39.019+0000] {dag.py:2585} INFO - Sync 1 DAGs
[2023-01-05T12:17:39.049+0000] {logging_mixin.py:120} INFO - [2023-01-05T12:17:39.049+0000] {dag.py:3336} INFO - Setting next_dagrun for tutorial_taskflow_api_virtualenv to None, run_after=None
[2023-01-05T12:17:39.072+0000] {processor.py:176} INFO - Processing /home/airflow/.local/lib/python3.9/site-packages/airflow/example_dags/tutorial_taskflow_api_virtualenv.py took 0.138 seconds
[2023-01-05T12:18:09.651+0000] {processor.py:154} INFO - Started process (PID=665) to work on /home/airflow/.local/lib/python3.9/site-packages/airflow/example_dags/tutorial_taskflow_api_virtualenv.py
[2023-01-05T12:18:09.653+0000] {processor.py:756} INFO - Processing file /home/airflow/.local/lib/python3.9/site-packages/airflow/example_dags/tutorial_taskflow_api_virtualenv.py for tasks to queue
[2023-01-05T12:18:09.655+0000] {logging_mixin.py:120} INFO - [2023-01-05T12:18:09.654+0000] {dagbag.py:537} INFO - Filling up the DagBag from /home/airflow/.local/lib/python3.9/site-packages/airflow/example_dags/tutorial_taskflow_api_virtualenv.py
[2023-01-05T12:18:09.693+0000] {processor.py:766} INFO - DAG(s) dict_keys(['tutorial_taskflow_api_virtualenv']) retrieved from /home/airflow/.local/lib/python3.9/site-packages/airflow/example_dags/tutorial_taskflow_api_virtualenv.py
[2023-01-05T12:18:09.765+0000] {logging_mixin.py:120} INFO - [2023-01-05T12:18:09.765+0000] {dag.py:2585} INFO - Sync 1 DAGs
[2023-01-05T12:18:09.798+0000] {logging_mixin.py:120} INFO - [2023-01-05T12:18:09.798+0000] {dag.py:3336} INFO - Setting next_dagrun for tutorial_taskflow_api_virtualenv to None, run_after=None
[2023-01-05T12:18:09.825+0000] {processor.py:176} INFO - Processing /home/airflow/.local/lib/python3.9/site-packages/airflow/example_dags/tutorial_taskflow_api_virtualenv.py took 0.179 seconds
[2023-01-05T12:18:40.045+0000] {processor.py:154} INFO - Started process (PID=884) to work on /home/airflow/.local/lib/python3.9/site-packages/airflow/example_dags/tutorial_taskflow_api_virtualenv.py
[2023-01-05T12:18:40.047+0000] {processor.py:756} INFO - Processing file /home/airflow/.local/lib/python3.9/site-packages/airflow/example_dags/tutorial_taskflow_api_virtualenv.py for tasks to queue
[2023-01-05T12:18:40.048+0000] {logging_mixin.py:120} INFO - [2023-01-05T12:18:40.048+0000] {dagbag.py:537} INFO - Filling up the DagBag from /home/airflow/.local/lib/python3.9/site-packages/airflow/example_dags/tutorial_taskflow_api_virtualenv.py
[2023-01-05T12:18:40.075+0000] {processor.py:766} INFO - DAG(s) dict_keys(['tutorial_taskflow_api_virtualenv']) retrieved from /home/airflow/.local/lib/python3.9/site-packages/airflow/example_dags/tutorial_taskflow_api_virtualenv.py
[2023-01-05T12:18:40.129+0000] {logging_mixin.py:120} INFO - [2023-01-05T12:18:40.129+0000] {dag.py:2585} INFO - Sync 1 DAGs
[2023-01-05T12:18:40.160+0000] {logging_mixin.py:120} INFO - [2023-01-05T12:18:40.160+0000] {dag.py:3336} INFO - Setting next_dagrun for tutorial_taskflow_api_virtualenv to None, run_after=None
[2023-01-05T12:18:40.187+0000] {processor.py:176} INFO - Processing /home/airflow/.local/lib/python3.9/site-packages/airflow/example_dags/tutorial_taskflow_api_virtualenv.py took 0.146 seconds
[2023-01-05T12:19:11.483+0000] {processor.py:154} INFO - Started process (PID=1142) to work on /home/airflow/.local/lib/python3.9/site-packages/airflow/example_dags/tutorial_taskflow_api_virtualenv.py
[2023-01-05T12:19:11.485+0000] {processor.py:756} INFO - Processing file /home/airflow/.local/lib/python3.9/site-packages/airflow/example_dags/tutorial_taskflow_api_virtualenv.py for tasks to queue
[2023-01-05T12:19:11.487+0000] {logging_mixin.py:120} INFO - [2023-01-05T12:19:11.487+0000] {dagbag.py:537} INFO - Filling up the DagBag from /home/airflow/.local/lib/python3.9/site-packages/airflow/example_dags/tutorial_taskflow_api_virtualenv.py
[2023-01-05T12:19:11.513+0000] {processor.py:766} INFO - DAG(s) dict_keys(['tutorial_taskflow_api_virtualenv']) retrieved from /home/airflow/.local/lib/python3.9/site-packages/airflow/example_dags/tutorial_taskflow_api_virtualenv.py
[2023-01-05T12:19:11.569+0000] {logging_mixin.py:120} INFO - [2023-01-05T12:19:11.568+0000] {dag.py:2585} INFO - Sync 1 DAGs
[2023-01-05T12:19:11.602+0000] {logging_mixin.py:120} INFO - [2023-01-05T12:19:11.602+0000] {dag.py:3336} INFO - Setting next_dagrun for tutorial_taskflow_api_virtualenv to None, run_after=None
[2023-01-05T12:19:11.632+0000] {processor.py:176} INFO - Processing /home/airflow/.local/lib/python3.9/site-packages/airflow/example_dags/tutorial_taskflow_api_virtualenv.py took 0.152 seconds
