[2023-01-05T12:17:12.352+0000] {processor.py:154} INFO - Started process (PID=366) to work on /home/airflow/.local/lib/python3.9/site-packages/airflow/example_dags/tutorial.py
[2023-01-05T12:17:12.357+0000] {processor.py:756} INFO - Processing file /home/airflow/.local/lib/python3.9/site-packages/airflow/example_dags/tutorial.py for tasks to queue
[2023-01-05T12:17:12.360+0000] {logging_mixin.py:120} INFO - [2023-01-05T12:17:12.360+0000] {dagbag.py:537} INFO - Filling up the DagBag from /home/airflow/.local/lib/python3.9/site-packages/airflow/example_dags/tutorial.py
[2023-01-05T12:17:12.437+0000] {processor.py:766} INFO - DAG(s) dict_keys(['tutorial']) retrieved from /home/airflow/.local/lib/python3.9/site-packages/airflow/example_dags/tutorial.py
[2023-01-05T12:17:12.557+0000] {logging_mixin.py:120} INFO - [2023-01-05T12:17:12.557+0000] {dag.py:2585} INFO - Sync 1 DAGs
[2023-01-05T12:17:12.631+0000] {logging_mixin.py:120} INFO - [2023-01-05T12:17:12.630+0000] {dag.py:3336} INFO - Setting next_dagrun for tutorial to 2023-01-04T12:17:12.630235+00:00, run_after=2023-01-05T12:17:12.630235+00:00
[2023-01-05T12:17:12.691+0000] {processor.py:176} INFO - Processing /home/airflow/.local/lib/python3.9/site-packages/airflow/example_dags/tutorial.py took 0.344 seconds
[2023-01-05T12:17:43.629+0000] {processor.py:154} INFO - Started process (PID=584) to work on /home/airflow/.local/lib/python3.9/site-packages/airflow/example_dags/tutorial.py
[2023-01-05T12:17:43.631+0000] {processor.py:756} INFO - Processing file /home/airflow/.local/lib/python3.9/site-packages/airflow/example_dags/tutorial.py for tasks to queue
[2023-01-05T12:17:43.633+0000] {logging_mixin.py:120} INFO - [2023-01-05T12:17:43.632+0000] {dagbag.py:537} INFO - Filling up the DagBag from /home/airflow/.local/lib/python3.9/site-packages/airflow/example_dags/tutorial.py
[2023-01-05T12:17:43.653+0000] {processor.py:766} INFO - DAG(s) dict_keys(['tutorial']) retrieved from /home/airflow/.local/lib/python3.9/site-packages/airflow/example_dags/tutorial.py
[2023-01-05T12:17:43.707+0000] {logging_mixin.py:120} INFO - [2023-01-05T12:17:43.707+0000] {dag.py:2585} INFO - Sync 1 DAGs
[2023-01-05T12:17:43.739+0000] {logging_mixin.py:120} INFO - [2023-01-05T12:17:43.739+0000] {dag.py:3336} INFO - Setting next_dagrun for tutorial to 2023-01-04T12:17:43.739460+00:00, run_after=2023-01-05T12:17:43.739460+00:00
[2023-01-05T12:17:43.767+0000] {processor.py:176} INFO - Processing /home/airflow/.local/lib/python3.9/site-packages/airflow/example_dags/tutorial.py took 0.143 seconds
[2023-01-05T12:18:14.227+0000] {processor.py:154} INFO - Started process (PID=812) to work on /home/airflow/.local/lib/python3.9/site-packages/airflow/example_dags/tutorial.py
[2023-01-05T12:18:14.261+0000] {processor.py:756} INFO - Processing file /home/airflow/.local/lib/python3.9/site-packages/airflow/example_dags/tutorial.py for tasks to queue
[2023-01-05T12:18:14.263+0000] {logging_mixin.py:120} INFO - [2023-01-05T12:18:14.263+0000] {dagbag.py:537} INFO - Filling up the DagBag from /home/airflow/.local/lib/python3.9/site-packages/airflow/example_dags/tutorial.py
[2023-01-05T12:18:14.281+0000] {processor.py:766} INFO - DAG(s) dict_keys(['tutorial']) retrieved from /home/airflow/.local/lib/python3.9/site-packages/airflow/example_dags/tutorial.py
[2023-01-05T12:18:14.332+0000] {logging_mixin.py:120} INFO - [2023-01-05T12:18:14.332+0000] {dag.py:2585} INFO - Sync 1 DAGs
[2023-01-05T12:18:14.361+0000] {logging_mixin.py:120} INFO - [2023-01-05T12:18:14.361+0000] {dag.py:3336} INFO - Setting next_dagrun for tutorial to 2023-01-04T12:18:14.361284+00:00, run_after=2023-01-05T12:18:14.361284+00:00
[2023-01-05T12:18:14.387+0000] {processor.py:176} INFO - Processing /home/airflow/.local/lib/python3.9/site-packages/airflow/example_dags/tutorial.py took 0.165 seconds
[2023-01-05T12:18:45.407+0000] {processor.py:154} INFO - Started process (PID=1042) to work on /home/airflow/.local/lib/python3.9/site-packages/airflow/example_dags/tutorial.py
[2023-01-05T12:18:45.410+0000] {processor.py:756} INFO - Processing file /home/airflow/.local/lib/python3.9/site-packages/airflow/example_dags/tutorial.py for tasks to queue
[2023-01-05T12:18:45.413+0000] {logging_mixin.py:120} INFO - [2023-01-05T12:18:45.413+0000] {dagbag.py:537} INFO - Filling up the DagBag from /home/airflow/.local/lib/python3.9/site-packages/airflow/example_dags/tutorial.py
[2023-01-05T12:18:45.440+0000] {processor.py:766} INFO - DAG(s) dict_keys(['tutorial']) retrieved from /home/airflow/.local/lib/python3.9/site-packages/airflow/example_dags/tutorial.py
[2023-01-05T12:18:45.516+0000] {logging_mixin.py:120} INFO - [2023-01-05T12:18:45.516+0000] {dag.py:2585} INFO - Sync 1 DAGs
[2023-01-05T12:18:45.552+0000] {logging_mixin.py:120} INFO - [2023-01-05T12:18:45.552+0000] {dag.py:3336} INFO - Setting next_dagrun for tutorial to 2023-01-04T12:18:45.552363+00:00, run_after=2023-01-05T12:18:45.552363+00:00
[2023-01-05T12:18:45.582+0000] {processor.py:176} INFO - Processing /home/airflow/.local/lib/python3.9/site-packages/airflow/example_dags/tutorial.py took 0.187 seconds
