[2022-11-19T10:18:52.383+0000] {processor.py:154} INFO - Started process (PID=207) to work on /opt/airflow/dags/abc_bank_dag.py
[2022-11-19T10:18:52.386+0000] {processor.py:756} INFO - Processing file /opt/airflow/dags/abc_bank_dag.py for tasks to queue
[2022-11-19T10:18:52.388+0000] {logging_mixin.py:120} INFO - [2022-11-19T10:18:52.388+0000] {dagbag.py:537} INFO - Filling up the DagBag from /opt/airflow/dags/abc_bank_dag.py
[2022-11-19T10:18:52.513+0000] {processor.py:766} INFO - DAG(s) dict_keys(['abc_bank']) retrieved from /opt/airflow/dags/abc_bank_dag.py
[2022-11-19T10:18:52.860+0000] {logging_mixin.py:120} INFO - [2022-11-19T10:18:52.859+0000] {manager.py:507} INFO - Created Permission View: can edit on DAG:abc_bank
[2022-11-19T10:18:52.876+0000] {logging_mixin.py:120} INFO - [2022-11-19T10:18:52.876+0000] {manager.py:507} INFO - Created Permission View: can read on DAG:abc_bank
[2022-11-19T10:18:52.896+0000] {logging_mixin.py:120} INFO - [2022-11-19T10:18:52.896+0000] {manager.py:507} INFO - Created Permission View: can delete on DAG:abc_bank
[2022-11-19T10:18:52.899+0000] {logging_mixin.py:120} INFO - [2022-11-19T10:18:52.898+0000] {dag.py:2585} INFO - Sync 1 DAGs
[2022-11-19T10:18:52.920+0000] {logging_mixin.py:120} INFO - [2022-11-19T10:18:52.920+0000] {dag.py:2606} INFO - Creating ORM DAG for abc_bank
[2022-11-19T10:18:52.942+0000] {logging_mixin.py:120} INFO - [2022-11-19T10:18:52.942+0000] {dag.py:3336} INFO - Setting next_dagrun for abc_bank to None, run_after=None
[2022-11-19T10:18:52.985+0000] {processor.py:176} INFO - Processing /opt/airflow/dags/abc_bank_dag.py took 0.605 seconds
[2022-11-19T10:19:23.269+0000] {processor.py:154} INFO - Started process (PID=421) to work on /opt/airflow/dags/abc_bank_dag.py
[2022-11-19T10:19:23.271+0000] {processor.py:756} INFO - Processing file /opt/airflow/dags/abc_bank_dag.py for tasks to queue
[2022-11-19T10:19:23.272+0000] {logging_mixin.py:120} INFO - [2022-11-19T10:19:23.272+0000] {dagbag.py:537} INFO - Filling up the DagBag from /opt/airflow/dags/abc_bank_dag.py
[2022-11-19T10:19:23.381+0000] {processor.py:766} INFO - DAG(s) dict_keys(['abc_bank']) retrieved from /opt/airflow/dags/abc_bank_dag.py
[2022-11-19T10:19:23.684+0000] {logging_mixin.py:120} INFO - [2022-11-19T10:19:23.684+0000] {dag.py:2585} INFO - Sync 1 DAGs
[2022-11-19T10:19:23.731+0000] {logging_mixin.py:120} INFO - [2022-11-19T10:19:23.731+0000] {dag.py:3336} INFO - Setting next_dagrun for abc_bank to None, run_after=None
[2022-11-19T10:19:23.758+0000] {processor.py:176} INFO - Processing /opt/airflow/dags/abc_bank_dag.py took 0.494 seconds
[2022-11-19T10:19:54.350+0000] {processor.py:154} INFO - Started process (PID=646) to work on /opt/airflow/dags/abc_bank_dag.py
[2022-11-19T10:19:54.351+0000] {processor.py:756} INFO - Processing file /opt/airflow/dags/abc_bank_dag.py for tasks to queue
[2022-11-19T10:19:54.353+0000] {logging_mixin.py:120} INFO - [2022-11-19T10:19:54.352+0000] {dagbag.py:537} INFO - Filling up the DagBag from /opt/airflow/dags/abc_bank_dag.py
[2022-11-19T10:19:54.448+0000] {processor.py:766} INFO - DAG(s) dict_keys(['abc_bank']) retrieved from /opt/airflow/dags/abc_bank_dag.py
[2022-11-19T10:19:54.685+0000] {logging_mixin.py:120} INFO - [2022-11-19T10:19:54.685+0000] {dag.py:2585} INFO - Sync 1 DAGs
[2022-11-19T10:19:54.712+0000] {logging_mixin.py:120} INFO - [2022-11-19T10:19:54.712+0000] {dag.py:3336} INFO - Setting next_dagrun for abc_bank to None, run_after=None
[2022-11-19T10:19:54.739+0000] {processor.py:176} INFO - Processing /opt/airflow/dags/abc_bank_dag.py took 0.393 seconds
[2022-11-19T10:20:24.912+0000] {processor.py:154} INFO - Started process (PID=867) to work on /opt/airflow/dags/abc_bank_dag.py
[2022-11-19T10:20:24.914+0000] {processor.py:756} INFO - Processing file /opt/airflow/dags/abc_bank_dag.py for tasks to queue
[2022-11-19T10:20:24.915+0000] {logging_mixin.py:120} INFO - [2022-11-19T10:20:24.915+0000] {dagbag.py:537} INFO - Filling up the DagBag from /opt/airflow/dags/abc_bank_dag.py
[2022-11-19T10:20:25.013+0000] {processor.py:766} INFO - DAG(s) dict_keys(['abc_bank']) retrieved from /opt/airflow/dags/abc_bank_dag.py
[2022-11-19T10:20:25.252+0000] {logging_mixin.py:120} INFO - [2022-11-19T10:20:25.252+0000] {dag.py:2585} INFO - Sync 1 DAGs
[2022-11-19T10:20:25.279+0000] {logging_mixin.py:120} INFO - [2022-11-19T10:20:25.278+0000] {dag.py:3336} INFO - Setting next_dagrun for abc_bank to None, run_after=None
[2022-11-19T10:20:25.301+0000] {processor.py:176} INFO - Processing /opt/airflow/dags/abc_bank_dag.py took 0.394 seconds
[2022-11-19T10:20:55.771+0000] {processor.py:154} INFO - Started process (PID=1082) to work on /opt/airflow/dags/abc_bank_dag.py
[2022-11-19T10:20:55.773+0000] {processor.py:756} INFO - Processing file /opt/airflow/dags/abc_bank_dag.py for tasks to queue
[2022-11-19T10:20:55.774+0000] {logging_mixin.py:120} INFO - [2022-11-19T10:20:55.774+0000] {dagbag.py:537} INFO - Filling up the DagBag from /opt/airflow/dags/abc_bank_dag.py
[2022-11-19T10:20:55.856+0000] {processor.py:766} INFO - DAG(s) dict_keys(['abc_bank']) retrieved from /opt/airflow/dags/abc_bank_dag.py
[2022-11-19T10:20:56.127+0000] {logging_mixin.py:120} INFO - [2022-11-19T10:20:56.126+0000] {dag.py:2585} INFO - Sync 1 DAGs
[2022-11-19T10:20:56.161+0000] {logging_mixin.py:120} INFO - [2022-11-19T10:20:56.161+0000] {dag.py:3336} INFO - Setting next_dagrun for abc_bank to None, run_after=None
[2022-11-19T10:20:56.194+0000] {processor.py:176} INFO - Processing /opt/airflow/dags/abc_bank_dag.py took 0.470 seconds
