[2022-11-19T10:18:52.333+0000] {processor.py:154} INFO - Started process (PID=202) to work on /opt/airflow/dags/abc_demo_bank_dag.py
[2022-11-19T10:18:52.334+0000] {processor.py:756} INFO - Processing file /opt/airflow/dags/abc_demo_bank_dag.py for tasks to queue
[2022-11-19T10:18:52.336+0000] {logging_mixin.py:120} INFO - [2022-11-19T10:18:52.336+0000] {dagbag.py:537} INFO - Filling up the DagBag from /opt/airflow/dags/abc_demo_bank_dag.py
[2022-11-19T10:18:52.474+0000] {processor.py:766} INFO - DAG(s) dict_keys(['abc_bank_batch']) retrieved from /opt/airflow/dags/abc_demo_bank_dag.py
[2022-11-19T10:18:52.823+0000] {logging_mixin.py:120} INFO - [2022-11-19T10:18:52.823+0000] {manager.py:507} INFO - Created Permission View: can edit on DAG:abc_bank_batch
[2022-11-19T10:18:52.835+0000] {logging_mixin.py:120} INFO - [2022-11-19T10:18:52.835+0000] {manager.py:507} INFO - Created Permission View: can read on DAG:abc_bank_batch
[2022-11-19T10:18:52.844+0000] {logging_mixin.py:120} INFO - [2022-11-19T10:18:52.844+0000] {manager.py:507} INFO - Created Permission View: can delete on DAG:abc_bank_batch
[2022-11-19T10:18:52.845+0000] {logging_mixin.py:120} INFO - [2022-11-19T10:18:52.845+0000] {dag.py:2585} INFO - Sync 1 DAGs
[2022-11-19T10:18:52.863+0000] {logging_mixin.py:120} INFO - [2022-11-19T10:18:52.863+0000] {dag.py:2606} INFO - Creating ORM DAG for abc_bank_batch
[2022-11-19T10:18:52.883+0000] {logging_mixin.py:120} INFO - [2022-11-19T10:18:52.883+0000] {dag.py:3336} INFO - Setting next_dagrun for abc_bank_batch to None, run_after=None
[2022-11-19T10:18:52.919+0000] {processor.py:176} INFO - Processing /opt/airflow/dags/abc_demo_bank_dag.py took 0.591 seconds
[2022-11-19T10:19:23.262+0000] {processor.py:154} INFO - Started process (PID=418) to work on /opt/airflow/dags/abc_demo_bank_dag.py
[2022-11-19T10:19:23.264+0000] {processor.py:756} INFO - Processing file /opt/airflow/dags/abc_demo_bank_dag.py for tasks to queue
[2022-11-19T10:19:23.265+0000] {logging_mixin.py:120} INFO - [2022-11-19T10:19:23.265+0000] {dagbag.py:537} INFO - Filling up the DagBag from /opt/airflow/dags/abc_demo_bank_dag.py
[2022-11-19T10:19:23.378+0000] {processor.py:766} INFO - DAG(s) dict_keys(['abc_bank_batch']) retrieved from /opt/airflow/dags/abc_demo_bank_dag.py
[2022-11-19T10:19:23.671+0000] {logging_mixin.py:120} INFO - [2022-11-19T10:19:23.670+0000] {dag.py:2585} INFO - Sync 1 DAGs
[2022-11-19T10:19:23.718+0000] {logging_mixin.py:120} INFO - [2022-11-19T10:19:23.717+0000] {dag.py:3336} INFO - Setting next_dagrun for abc_bank_batch to None, run_after=None
[2022-11-19T10:19:23.747+0000] {processor.py:176} INFO - Processing /opt/airflow/dags/abc_demo_bank_dag.py took 0.490 seconds
[2022-11-19T10:19:54.346+0000] {processor.py:154} INFO - Started process (PID=643) to work on /opt/airflow/dags/abc_demo_bank_dag.py
[2022-11-19T10:19:54.348+0000] {processor.py:756} INFO - Processing file /opt/airflow/dags/abc_demo_bank_dag.py for tasks to queue
[2022-11-19T10:19:54.349+0000] {logging_mixin.py:120} INFO - [2022-11-19T10:19:54.349+0000] {dagbag.py:537} INFO - Filling up the DagBag from /opt/airflow/dags/abc_demo_bank_dag.py
[2022-11-19T10:19:54.456+0000] {processor.py:766} INFO - DAG(s) dict_keys(['abc_bank_batch']) retrieved from /opt/airflow/dags/abc_demo_bank_dag.py
[2022-11-19T10:19:54.697+0000] {logging_mixin.py:120} INFO - [2022-11-19T10:19:54.697+0000] {dag.py:2585} INFO - Sync 1 DAGs
[2022-11-19T10:19:54.726+0000] {logging_mixin.py:120} INFO - [2022-11-19T10:19:54.726+0000] {dag.py:3336} INFO - Setting next_dagrun for abc_bank_batch to None, run_after=None
[2022-11-19T10:19:54.756+0000] {processor.py:176} INFO - Processing /opt/airflow/dags/abc_demo_bank_dag.py took 0.414 seconds
[2022-11-19T10:20:24.899+0000] {processor.py:154} INFO - Started process (PID=864) to work on /opt/airflow/dags/abc_demo_bank_dag.py
[2022-11-19T10:20:24.901+0000] {processor.py:756} INFO - Processing file /opt/airflow/dags/abc_demo_bank_dag.py for tasks to queue
[2022-11-19T10:20:24.903+0000] {logging_mixin.py:120} INFO - [2022-11-19T10:20:24.903+0000] {dagbag.py:537} INFO - Filling up the DagBag from /opt/airflow/dags/abc_demo_bank_dag.py
[2022-11-19T10:20:25.014+0000] {processor.py:766} INFO - DAG(s) dict_keys(['abc_bank_batch']) retrieved from /opt/airflow/dags/abc_demo_bank_dag.py
[2022-11-19T10:20:25.249+0000] {logging_mixin.py:120} INFO - [2022-11-19T10:20:25.249+0000] {dag.py:2585} INFO - Sync 1 DAGs
[2022-11-19T10:20:25.278+0000] {logging_mixin.py:120} INFO - [2022-11-19T10:20:25.277+0000] {dag.py:3336} INFO - Setting next_dagrun for abc_bank_batch to None, run_after=None
[2022-11-19T10:20:25.302+0000] {processor.py:176} INFO - Processing /opt/airflow/dags/abc_demo_bank_dag.py took 0.407 seconds
[2022-11-19T10:20:55.761+0000] {processor.py:154} INFO - Started process (PID=1079) to work on /opt/airflow/dags/abc_demo_bank_dag.py
[2022-11-19T10:20:55.763+0000] {processor.py:756} INFO - Processing file /opt/airflow/dags/abc_demo_bank_dag.py for tasks to queue
[2022-11-19T10:20:55.764+0000] {logging_mixin.py:120} INFO - [2022-11-19T10:20:55.764+0000] {dagbag.py:537} INFO - Filling up the DagBag from /opt/airflow/dags/abc_demo_bank_dag.py
[2022-11-19T10:20:55.861+0000] {processor.py:766} INFO - DAG(s) dict_keys(['abc_bank_batch']) retrieved from /opt/airflow/dags/abc_demo_bank_dag.py
[2022-11-19T10:20:56.102+0000] {logging_mixin.py:120} INFO - [2022-11-19T10:20:56.102+0000] {dag.py:2585} INFO - Sync 1 DAGs
[2022-11-19T10:20:56.131+0000] {logging_mixin.py:120} INFO - [2022-11-19T10:20:56.131+0000] {dag.py:3336} INFO - Setting next_dagrun for abc_bank_batch to None, run_after=None
[2022-11-19T10:20:56.159+0000] {processor.py:176} INFO - Processing /opt/airflow/dags/abc_demo_bank_dag.py took 0.446 seconds
