[2022-11-19T10:18:51.296+0000] {processor.py:154} INFO - Started process (PID=196) to work on /opt/airflow/dags/khoa_learn_dag.py
[2022-11-19T10:18:51.298+0000] {processor.py:756} INFO - Processing file /opt/airflow/dags/khoa_learn_dag.py for tasks to queue
[2022-11-19T10:18:51.299+0000] {logging_mixin.py:120} INFO - [2022-11-19T10:18:51.299+0000] {dagbag.py:537} INFO - Filling up the DagBag from /opt/airflow/dags/khoa_learn_dag.py
[2022-11-19T10:18:51.635+0000] {processor.py:766} INFO - DAG(s) dict_keys(['khoa_learn_dag']) retrieved from /opt/airflow/dags/khoa_learn_dag.py
[2022-11-19T10:18:52.138+0000] {logging_mixin.py:120} INFO - [2022-11-19T10:18:52.138+0000] {manager.py:507} INFO - Created Permission View: can edit on DAG:khoa_learn_dag
[2022-11-19T10:18:52.153+0000] {logging_mixin.py:120} INFO - [2022-11-19T10:18:52.153+0000] {manager.py:507} INFO - Created Permission View: can read on DAG:khoa_learn_dag
[2022-11-19T10:18:52.162+0000] {logging_mixin.py:120} INFO - [2022-11-19T10:18:52.162+0000] {manager.py:507} INFO - Created Permission View: can delete on DAG:khoa_learn_dag
[2022-11-19T10:18:52.163+0000] {logging_mixin.py:120} INFO - [2022-11-19T10:18:52.163+0000] {dag.py:2585} INFO - Sync 1 DAGs
[2022-11-19T10:18:52.180+0000] {logging_mixin.py:120} INFO - [2022-11-19T10:18:52.180+0000] {dag.py:2606} INFO - Creating ORM DAG for khoa_learn_dag
[2022-11-19T10:18:52.198+0000] {logging_mixin.py:120} INFO - [2022-11-19T10:18:52.198+0000] {dag.py:3336} INFO - Setting next_dagrun for khoa_learn_dag to None, run_after=None
[2022-11-19T10:18:52.239+0000] {processor.py:176} INFO - Processing /opt/airflow/dags/khoa_learn_dag.py took 0.950 seconds
[2022-11-19T10:19:22.313+0000] {processor.py:154} INFO - Started process (PID=408) to work on /opt/airflow/dags/khoa_learn_dag.py
[2022-11-19T10:19:22.316+0000] {processor.py:756} INFO - Processing file /opt/airflow/dags/khoa_learn_dag.py for tasks to queue
[2022-11-19T10:19:22.318+0000] {logging_mixin.py:120} INFO - [2022-11-19T10:19:22.317+0000] {dagbag.py:537} INFO - Filling up the DagBag from /opt/airflow/dags/khoa_learn_dag.py
[2022-11-19T10:19:22.432+0000] {processor.py:766} INFO - DAG(s) dict_keys(['khoa_learn_dag']) retrieved from /opt/airflow/dags/khoa_learn_dag.py
[2022-11-19T10:19:22.709+0000] {logging_mixin.py:120} INFO - [2022-11-19T10:19:22.708+0000] {dag.py:2585} INFO - Sync 1 DAGs
[2022-11-19T10:19:22.751+0000] {logging_mixin.py:120} INFO - [2022-11-19T10:19:22.751+0000] {dag.py:3336} INFO - Setting next_dagrun for khoa_learn_dag to None, run_after=None
[2022-11-19T10:19:22.779+0000] {processor.py:176} INFO - Processing /opt/airflow/dags/khoa_learn_dag.py took 0.469 seconds
[2022-11-19T10:19:52.920+0000] {processor.py:154} INFO - Started process (PID=632) to work on /opt/airflow/dags/khoa_learn_dag.py
[2022-11-19T10:19:52.922+0000] {processor.py:756} INFO - Processing file /opt/airflow/dags/khoa_learn_dag.py for tasks to queue
[2022-11-19T10:19:52.923+0000] {logging_mixin.py:120} INFO - [2022-11-19T10:19:52.923+0000] {dagbag.py:537} INFO - Filling up the DagBag from /opt/airflow/dags/khoa_learn_dag.py
[2022-11-19T10:19:53.025+0000] {processor.py:766} INFO - DAG(s) dict_keys(['khoa_learn_dag']) retrieved from /opt/airflow/dags/khoa_learn_dag.py
[2022-11-19T10:19:53.249+0000] {logging_mixin.py:120} INFO - [2022-11-19T10:19:53.249+0000] {dag.py:2585} INFO - Sync 1 DAGs
[2022-11-19T10:19:53.276+0000] {logging_mixin.py:120} INFO - [2022-11-19T10:19:53.276+0000] {dag.py:3336} INFO - Setting next_dagrun for khoa_learn_dag to None, run_after=None
[2022-11-19T10:19:53.298+0000] {processor.py:176} INFO - Processing /opt/airflow/dags/khoa_learn_dag.py took 0.382 seconds
[2022-11-19T10:20:23.807+0000] {processor.py:154} INFO - Started process (PID=857) to work on /opt/airflow/dags/khoa_learn_dag.py
[2022-11-19T10:20:23.809+0000] {processor.py:756} INFO - Processing file /opt/airflow/dags/khoa_learn_dag.py for tasks to queue
[2022-11-19T10:20:23.811+0000] {logging_mixin.py:120} INFO - [2022-11-19T10:20:23.811+0000] {dagbag.py:537} INFO - Filling up the DagBag from /opt/airflow/dags/khoa_learn_dag.py
[2022-11-19T10:20:23.917+0000] {processor.py:766} INFO - DAG(s) dict_keys(['khoa_learn_dag']) retrieved from /opt/airflow/dags/khoa_learn_dag.py
[2022-11-19T10:20:24.161+0000] {logging_mixin.py:120} INFO - [2022-11-19T10:20:24.161+0000] {dag.py:2585} INFO - Sync 1 DAGs
[2022-11-19T10:20:24.189+0000] {logging_mixin.py:120} INFO - [2022-11-19T10:20:24.189+0000] {dag.py:3336} INFO - Setting next_dagrun for khoa_learn_dag to None, run_after=None
[2022-11-19T10:20:24.214+0000] {processor.py:176} INFO - Processing /opt/airflow/dags/khoa_learn_dag.py took 0.412 seconds
[2022-11-19T10:20:54.331+0000] {processor.py:154} INFO - Started process (PID=1072) to work on /opt/airflow/dags/khoa_learn_dag.py
[2022-11-19T10:20:54.333+0000] {processor.py:756} INFO - Processing file /opt/airflow/dags/khoa_learn_dag.py for tasks to queue
[2022-11-19T10:20:54.334+0000] {logging_mixin.py:120} INFO - [2022-11-19T10:20:54.334+0000] {dagbag.py:537} INFO - Filling up the DagBag from /opt/airflow/dags/khoa_learn_dag.py
[2022-11-19T10:20:54.434+0000] {processor.py:766} INFO - DAG(s) dict_keys(['khoa_learn_dag']) retrieved from /opt/airflow/dags/khoa_learn_dag.py
[2022-11-19T10:20:54.657+0000] {logging_mixin.py:120} INFO - [2022-11-19T10:20:54.657+0000] {dag.py:2585} INFO - Sync 1 DAGs
[2022-11-19T10:20:54.686+0000] {logging_mixin.py:120} INFO - [2022-11-19T10:20:54.685+0000] {dag.py:3336} INFO - Setting next_dagrun for khoa_learn_dag to None, run_after=None
[2022-11-19T10:20:54.712+0000] {processor.py:176} INFO - Processing /opt/airflow/dags/khoa_learn_dag.py took 0.387 seconds
