[2022-11-19T10:18:59.241+0000] {processor.py:154} INFO - Started process (PID=352) to work on /home/airflow/.local/lib/python3.9/site-packages/airflow/example_dags/example_branch_operator_decorator.py
[2022-11-19T10:18:59.243+0000] {processor.py:756} INFO - Processing file /home/airflow/.local/lib/python3.9/site-packages/airflow/example_dags/example_branch_operator_decorator.py for tasks to queue
[2022-11-19T10:18:59.248+0000] {logging_mixin.py:120} INFO - [2022-11-19T10:18:59.248+0000] {dagbag.py:537} INFO - Filling up the DagBag from /home/airflow/.local/lib/python3.9/site-packages/airflow/example_dags/example_branch_operator_decorator.py
[2022-11-19T10:18:59.310+0000] {processor.py:766} INFO - DAG(s) dict_keys(['example_branch_python_operator_decorator']) retrieved from /home/airflow/.local/lib/python3.9/site-packages/airflow/example_dags/example_branch_operator_decorator.py
[2022-11-19T10:18:59.582+0000] {logging_mixin.py:120} INFO - [2022-11-19T10:18:59.582+0000] {manager.py:507} INFO - Created Permission View: can edit on DAG:example_branch_python_operator_decorator
[2022-11-19T10:18:59.607+0000] {logging_mixin.py:120} INFO - [2022-11-19T10:18:59.606+0000] {manager.py:507} INFO - Created Permission View: can read on DAG:example_branch_python_operator_decorator
[2022-11-19T10:18:59.627+0000] {logging_mixin.py:120} INFO - [2022-11-19T10:18:59.626+0000] {manager.py:507} INFO - Created Permission View: can delete on DAG:example_branch_python_operator_decorator
[2022-11-19T10:18:59.628+0000] {logging_mixin.py:120} INFO - [2022-11-19T10:18:59.628+0000] {dag.py:2585} INFO - Sync 1 DAGs
[2022-11-19T10:18:59.657+0000] {logging_mixin.py:120} INFO - [2022-11-19T10:18:59.656+0000] {dag.py:2606} INFO - Creating ORM DAG for example_branch_python_operator_decorator
[2022-11-19T10:18:59.699+0000] {logging_mixin.py:120} INFO - [2022-11-19T10:18:59.698+0000] {dag.py:3336} INFO - Setting next_dagrun for example_branch_python_operator_decorator to 2022-11-18T00:00:00+00:00, run_after=2022-11-19T00:00:00+00:00
[2022-11-19T10:18:59.743+0000] {processor.py:176} INFO - Processing /home/airflow/.local/lib/python3.9/site-packages/airflow/example_dags/example_branch_operator_decorator.py took 0.509 seconds
[2022-11-19T10:19:30.077+0000] {processor.py:154} INFO - Started process (PID=574) to work on /home/airflow/.local/lib/python3.9/site-packages/airflow/example_dags/example_branch_operator_decorator.py
[2022-11-19T10:19:30.079+0000] {processor.py:756} INFO - Processing file /home/airflow/.local/lib/python3.9/site-packages/airflow/example_dags/example_branch_operator_decorator.py for tasks to queue
[2022-11-19T10:19:30.081+0000] {logging_mixin.py:120} INFO - [2022-11-19T10:19:30.081+0000] {dagbag.py:537} INFO - Filling up the DagBag from /home/airflow/.local/lib/python3.9/site-packages/airflow/example_dags/example_branch_operator_decorator.py
[2022-11-19T10:19:30.112+0000] {processor.py:766} INFO - DAG(s) dict_keys(['example_branch_python_operator_decorator']) retrieved from /home/airflow/.local/lib/python3.9/site-packages/airflow/example_dags/example_branch_operator_decorator.py
[2022-11-19T10:19:30.167+0000] {logging_mixin.py:120} INFO - [2022-11-19T10:19:30.167+0000] {dag.py:2585} INFO - Sync 1 DAGs
[2022-11-19T10:19:30.207+0000] {logging_mixin.py:120} INFO - [2022-11-19T10:19:30.207+0000] {dag.py:3336} INFO - Setting next_dagrun for example_branch_python_operator_decorator to 2022-11-18T00:00:00+00:00, run_after=2022-11-19T00:00:00+00:00
[2022-11-19T10:19:30.232+0000] {processor.py:176} INFO - Processing /home/airflow/.local/lib/python3.9/site-packages/airflow/example_dags/example_branch_operator_decorator.py took 0.158 seconds
[2022-11-19T10:20:00.850+0000] {processor.py:154} INFO - Started process (PID=798) to work on /home/airflow/.local/lib/python3.9/site-packages/airflow/example_dags/example_branch_operator_decorator.py
[2022-11-19T10:20:00.852+0000] {processor.py:756} INFO - Processing file /home/airflow/.local/lib/python3.9/site-packages/airflow/example_dags/example_branch_operator_decorator.py for tasks to queue
[2022-11-19T10:20:00.853+0000] {logging_mixin.py:120} INFO - [2022-11-19T10:20:00.853+0000] {dagbag.py:537} INFO - Filling up the DagBag from /home/airflow/.local/lib/python3.9/site-packages/airflow/example_dags/example_branch_operator_decorator.py
[2022-11-19T10:20:00.888+0000] {processor.py:766} INFO - DAG(s) dict_keys(['example_branch_python_operator_decorator']) retrieved from /home/airflow/.local/lib/python3.9/site-packages/airflow/example_dags/example_branch_operator_decorator.py
[2022-11-19T10:20:00.945+0000] {logging_mixin.py:120} INFO - [2022-11-19T10:20:00.945+0000] {dag.py:2585} INFO - Sync 1 DAGs
[2022-11-19T10:20:00.982+0000] {logging_mixin.py:120} INFO - [2022-11-19T10:20:00.982+0000] {dag.py:3336} INFO - Setting next_dagrun for example_branch_python_operator_decorator to 2022-11-18T00:00:00+00:00, run_after=2022-11-19T00:00:00+00:00
[2022-11-19T10:20:01.015+0000] {processor.py:176} INFO - Processing /home/airflow/.local/lib/python3.9/site-packages/airflow/example_dags/example_branch_operator_decorator.py took 0.169 seconds
[2022-11-19T10:20:31.445+0000] {processor.py:154} INFO - Started process (PID=1012) to work on /home/airflow/.local/lib/python3.9/site-packages/airflow/example_dags/example_branch_operator_decorator.py
[2022-11-19T10:20:31.447+0000] {processor.py:756} INFO - Processing file /home/airflow/.local/lib/python3.9/site-packages/airflow/example_dags/example_branch_operator_decorator.py for tasks to queue
[2022-11-19T10:20:31.448+0000] {logging_mixin.py:120} INFO - [2022-11-19T10:20:31.448+0000] {dagbag.py:537} INFO - Filling up the DagBag from /home/airflow/.local/lib/python3.9/site-packages/airflow/example_dags/example_branch_operator_decorator.py
[2022-11-19T10:20:31.479+0000] {processor.py:766} INFO - DAG(s) dict_keys(['example_branch_python_operator_decorator']) retrieved from /home/airflow/.local/lib/python3.9/site-packages/airflow/example_dags/example_branch_operator_decorator.py
[2022-11-19T10:20:31.534+0000] {logging_mixin.py:120} INFO - [2022-11-19T10:20:31.534+0000] {dag.py:2585} INFO - Sync 1 DAGs
[2022-11-19T10:20:31.566+0000] {logging_mixin.py:120} INFO - [2022-11-19T10:20:31.566+0000] {dag.py:3336} INFO - Setting next_dagrun for example_branch_python_operator_decorator to 2022-11-18T00:00:00+00:00, run_after=2022-11-19T00:00:00+00:00
[2022-11-19T10:20:31.593+0000] {processor.py:176} INFO - Processing /home/airflow/.local/lib/python3.9/site-packages/airflow/example_dags/example_branch_operator_decorator.py took 0.151 seconds
[2022-11-19T10:21:01.640+0000] {processor.py:154} INFO - Started process (PID=1234) to work on /home/airflow/.local/lib/python3.9/site-packages/airflow/example_dags/example_branch_operator_decorator.py
[2022-11-19T10:21:01.642+0000] {processor.py:756} INFO - Processing file /home/airflow/.local/lib/python3.9/site-packages/airflow/example_dags/example_branch_operator_decorator.py for tasks to queue
[2022-11-19T10:21:01.644+0000] {logging_mixin.py:120} INFO - [2022-11-19T10:21:01.644+0000] {dagbag.py:537} INFO - Filling up the DagBag from /home/airflow/.local/lib/python3.9/site-packages/airflow/example_dags/example_branch_operator_decorator.py
[2022-11-19T10:21:01.672+0000] {processor.py:766} INFO - DAG(s) dict_keys(['example_branch_python_operator_decorator']) retrieved from /home/airflow/.local/lib/python3.9/site-packages/airflow/example_dags/example_branch_operator_decorator.py
[2022-11-19T10:21:01.727+0000] {logging_mixin.py:120} INFO - [2022-11-19T10:21:01.727+0000] {dag.py:2585} INFO - Sync 1 DAGs
[2022-11-19T10:21:01.757+0000] {logging_mixin.py:120} INFO - [2022-11-19T10:21:01.756+0000] {dag.py:3336} INFO - Setting next_dagrun for example_branch_python_operator_decorator to 2022-11-18T00:00:00+00:00, run_after=2022-11-19T00:00:00+00:00
[2022-11-19T10:21:01.780+0000] {processor.py:176} INFO - Processing /home/airflow/.local/lib/python3.9/site-packages/airflow/example_dags/example_branch_operator_decorator.py took 0.144 seconds
