[2022-11-19T10:18:57.294+0000] {processor.py:154} INFO - Started process (PID=317) to work on /home/airflow/.local/lib/python3.9/site-packages/airflow/example_dags/example_branch_python_dop_operator_3.py
[2022-11-19T10:18:57.297+0000] {processor.py:756} INFO - Processing file /home/airflow/.local/lib/python3.9/site-packages/airflow/example_dags/example_branch_python_dop_operator_3.py for tasks to queue
[2022-11-19T10:18:57.299+0000] {logging_mixin.py:120} INFO - [2022-11-19T10:18:57.299+0000] {dagbag.py:537} INFO - Filling up the DagBag from /home/airflow/.local/lib/python3.9/site-packages/airflow/example_dags/example_branch_python_dop_operator_3.py
[2022-11-19T10:18:57.333+0000] {processor.py:766} INFO - DAG(s) dict_keys(['example_branch_dop_operator_v3']) retrieved from /home/airflow/.local/lib/python3.9/site-packages/airflow/example_dags/example_branch_python_dop_operator_3.py
[2022-11-19T10:18:57.513+0000] {logging_mixin.py:120} INFO - [2022-11-19T10:18:57.512+0000] {manager.py:507} INFO - Created Permission View: can edit on DAG:example_branch_dop_operator_v3
[2022-11-19T10:18:57.540+0000] {logging_mixin.py:120} INFO - [2022-11-19T10:18:57.539+0000] {manager.py:507} INFO - Created Permission View: can read on DAG:example_branch_dop_operator_v3
[2022-11-19T10:18:57.554+0000] {logging_mixin.py:120} INFO - [2022-11-19T10:18:57.554+0000] {manager.py:507} INFO - Created Permission View: can delete on DAG:example_branch_dop_operator_v3
[2022-11-19T10:18:57.556+0000] {logging_mixin.py:120} INFO - [2022-11-19T10:18:57.556+0000] {dag.py:2585} INFO - Sync 1 DAGs
[2022-11-19T10:18:57.579+0000] {logging_mixin.py:120} INFO - [2022-11-19T10:18:57.579+0000] {dag.py:2606} INFO - Creating ORM DAG for example_branch_dop_operator_v3
[2022-11-19T10:18:57.617+0000] {logging_mixin.py:120} INFO - [2022-11-19T10:18:57.617+0000] {dag.py:3336} INFO - Setting next_dagrun for example_branch_dop_operator_v3 to 2022-11-19T10:17:00+00:00, run_after=2022-11-19T10:18:00+00:00
[2022-11-19T10:18:57.680+0000] {processor.py:176} INFO - Processing /home/airflow/.local/lib/python3.9/site-packages/airflow/example_dags/example_branch_python_dop_operator_3.py took 0.391 seconds
[2022-11-19T10:19:28.498+0000] {processor.py:154} INFO - Started process (PID=539) to work on /home/airflow/.local/lib/python3.9/site-packages/airflow/example_dags/example_branch_python_dop_operator_3.py
[2022-11-19T10:19:28.500+0000] {processor.py:756} INFO - Processing file /home/airflow/.local/lib/python3.9/site-packages/airflow/example_dags/example_branch_python_dop_operator_3.py for tasks to queue
[2022-11-19T10:19:28.502+0000] {logging_mixin.py:120} INFO - [2022-11-19T10:19:28.501+0000] {dagbag.py:537} INFO - Filling up the DagBag from /home/airflow/.local/lib/python3.9/site-packages/airflow/example_dags/example_branch_python_dop_operator_3.py
[2022-11-19T10:19:28.532+0000] {processor.py:766} INFO - DAG(s) dict_keys(['example_branch_dop_operator_v3']) retrieved from /home/airflow/.local/lib/python3.9/site-packages/airflow/example_dags/example_branch_python_dop_operator_3.py
[2022-11-19T10:19:28.583+0000] {logging_mixin.py:120} INFO - [2022-11-19T10:19:28.583+0000] {dag.py:2585} INFO - Sync 1 DAGs
[2022-11-19T10:19:28.623+0000] {logging_mixin.py:120} INFO - [2022-11-19T10:19:28.623+0000] {dag.py:3336} INFO - Setting next_dagrun for example_branch_dop_operator_v3 to 2022-11-19T10:18:00+00:00, run_after=2022-11-19T10:19:00+00:00
[2022-11-19T10:19:28.648+0000] {processor.py:176} INFO - Processing /home/airflow/.local/lib/python3.9/site-packages/airflow/example_dags/example_branch_python_dop_operator_3.py took 0.155 seconds
[2022-11-19T10:19:59.158+0000] {processor.py:154} INFO - Started process (PID=763) to work on /home/airflow/.local/lib/python3.9/site-packages/airflow/example_dags/example_branch_python_dop_operator_3.py
[2022-11-19T10:19:59.160+0000] {processor.py:756} INFO - Processing file /home/airflow/.local/lib/python3.9/site-packages/airflow/example_dags/example_branch_python_dop_operator_3.py for tasks to queue
[2022-11-19T10:19:59.162+0000] {logging_mixin.py:120} INFO - [2022-11-19T10:19:59.162+0000] {dagbag.py:537} INFO - Filling up the DagBag from /home/airflow/.local/lib/python3.9/site-packages/airflow/example_dags/example_branch_python_dop_operator_3.py
[2022-11-19T10:19:59.191+0000] {processor.py:766} INFO - DAG(s) dict_keys(['example_branch_dop_operator_v3']) retrieved from /home/airflow/.local/lib/python3.9/site-packages/airflow/example_dags/example_branch_python_dop_operator_3.py
[2022-11-19T10:19:59.245+0000] {logging_mixin.py:120} INFO - [2022-11-19T10:19:59.245+0000] {dag.py:2585} INFO - Sync 1 DAGs
[2022-11-19T10:19:59.289+0000] {logging_mixin.py:120} INFO - [2022-11-19T10:19:59.289+0000] {dag.py:3336} INFO - Setting next_dagrun for example_branch_dop_operator_v3 to 2022-11-19T10:18:00+00:00, run_after=2022-11-19T10:19:00+00:00
[2022-11-19T10:19:59.319+0000] {processor.py:176} INFO - Processing /home/airflow/.local/lib/python3.9/site-packages/airflow/example_dags/example_branch_python_dop_operator_3.py took 0.164 seconds
[2022-11-19T10:20:29.835+0000] {processor.py:154} INFO - Started process (PID=977) to work on /home/airflow/.local/lib/python3.9/site-packages/airflow/example_dags/example_branch_python_dop_operator_3.py
[2022-11-19T10:20:29.837+0000] {processor.py:756} INFO - Processing file /home/airflow/.local/lib/python3.9/site-packages/airflow/example_dags/example_branch_python_dop_operator_3.py for tasks to queue
[2022-11-19T10:20:29.838+0000] {logging_mixin.py:120} INFO - [2022-11-19T10:20:29.838+0000] {dagbag.py:537} INFO - Filling up the DagBag from /home/airflow/.local/lib/python3.9/site-packages/airflow/example_dags/example_branch_python_dop_operator_3.py
[2022-11-19T10:20:29.877+0000] {processor.py:766} INFO - DAG(s) dict_keys(['example_branch_dop_operator_v3']) retrieved from /home/airflow/.local/lib/python3.9/site-packages/airflow/example_dags/example_branch_python_dop_operator_3.py
[2022-11-19T10:20:29.941+0000] {logging_mixin.py:120} INFO - [2022-11-19T10:20:29.941+0000] {dag.py:2585} INFO - Sync 1 DAGs
[2022-11-19T10:20:29.999+0000] {logging_mixin.py:120} INFO - [2022-11-19T10:20:29.999+0000] {dag.py:3336} INFO - Setting next_dagrun for example_branch_dop_operator_v3 to 2022-11-19T10:19:00+00:00, run_after=2022-11-19T10:20:00+00:00
[2022-11-19T10:20:30.028+0000] {processor.py:176} INFO - Processing /home/airflow/.local/lib/python3.9/site-packages/airflow/example_dags/example_branch_python_dop_operator_3.py took 0.197 seconds
[2022-11-19T10:21:00.117+0000] {processor.py:154} INFO - Started process (PID=1199) to work on /home/airflow/.local/lib/python3.9/site-packages/airflow/example_dags/example_branch_python_dop_operator_3.py
[2022-11-19T10:21:00.119+0000] {processor.py:756} INFO - Processing file /home/airflow/.local/lib/python3.9/site-packages/airflow/example_dags/example_branch_python_dop_operator_3.py for tasks to queue
[2022-11-19T10:21:00.121+0000] {logging_mixin.py:120} INFO - [2022-11-19T10:21:00.120+0000] {dagbag.py:537} INFO - Filling up the DagBag from /home/airflow/.local/lib/python3.9/site-packages/airflow/example_dags/example_branch_python_dop_operator_3.py
[2022-11-19T10:21:00.146+0000] {processor.py:766} INFO - DAG(s) dict_keys(['example_branch_dop_operator_v3']) retrieved from /home/airflow/.local/lib/python3.9/site-packages/airflow/example_dags/example_branch_python_dop_operator_3.py
[2022-11-19T10:21:00.195+0000] {logging_mixin.py:120} INFO - [2022-11-19T10:21:00.194+0000] {dag.py:2585} INFO - Sync 1 DAGs
[2022-11-19T10:21:00.229+0000] {logging_mixin.py:120} INFO - [2022-11-19T10:21:00.229+0000] {dag.py:3336} INFO - Setting next_dagrun for example_branch_dop_operator_v3 to 2022-11-19T10:20:00+00:00, run_after=2022-11-19T10:21:00+00:00
[2022-11-19T10:21:00.253+0000] {processor.py:176} INFO - Processing /home/airflow/.local/lib/python3.9/site-packages/airflow/example_dags/example_branch_python_dop_operator_3.py took 0.139 seconds
