[2022-11-19T10:18:56.911+0000] {processor.py:154} INFO - Started process (PID=307) to work on /home/airflow/.local/lib/python3.9/site-packages/airflow/example_dags/example_python_operator.py
[2022-11-19T10:18:56.913+0000] {processor.py:756} INFO - Processing file /home/airflow/.local/lib/python3.9/site-packages/airflow/example_dags/example_python_operator.py for tasks to queue
[2022-11-19T10:18:56.915+0000] {logging_mixin.py:120} INFO - [2022-11-19T10:18:56.915+0000] {dagbag.py:537} INFO - Filling up the DagBag from /home/airflow/.local/lib/python3.9/site-packages/airflow/example_dags/example_python_operator.py
[2022-11-19T10:18:56.939+0000] {logging_mixin.py:120} INFO - [2022-11-19T10:18:56.938+0000] {taskmixin.py:205} WARNING - Dependency <Task(_PythonDecoratedOperator): print_the_context>, log_sql_query already registered for DAG: example_python_operator
[2022-11-19T10:18:56.940+0000] {logging_mixin.py:120} INFO - [2022-11-19T10:18:56.940+0000] {taskmixin.py:205} WARNING - Dependency <Task(_PythonDecoratedOperator): log_sql_query>, print_the_context already registered for DAG: example_python_operator
[2022-11-19T10:18:56.942+0000] {logging_mixin.py:120} INFO - [2022-11-19T10:18:56.942+0000] {taskmixin.py:205} WARNING - Dependency <Task(_PythonDecoratedOperator): print_the_context>, log_sql_query already registered for DAG: example_python_operator
[2022-11-19T10:18:56.943+0000] {logging_mixin.py:120} INFO - [2022-11-19T10:18:56.943+0000] {taskmixin.py:205} WARNING - Dependency <Task(_PythonDecoratedOperator): log_sql_query>, print_the_context already registered for DAG: example_python_operator
[2022-11-19T10:18:56.945+0000] {logging_mixin.py:120} INFO - [2022-11-19T10:18:56.945+0000] {taskmixin.py:205} WARNING - Dependency <Task(_PythonDecoratedOperator): print_the_context>, log_sql_query already registered for DAG: example_python_operator
[2022-11-19T10:18:56.946+0000] {logging_mixin.py:120} INFO - [2022-11-19T10:18:56.946+0000] {taskmixin.py:205} WARNING - Dependency <Task(_PythonDecoratedOperator): log_sql_query>, print_the_context already registered for DAG: example_python_operator
[2022-11-19T10:18:56.948+0000] {logging_mixin.py:120} INFO - [2022-11-19T10:18:56.948+0000] {taskmixin.py:205} WARNING - Dependency <Task(_PythonDecoratedOperator): print_the_context>, log_sql_query already registered for DAG: example_python_operator
[2022-11-19T10:18:56.949+0000] {logging_mixin.py:120} INFO - [2022-11-19T10:18:56.949+0000] {taskmixin.py:205} WARNING - Dependency <Task(_PythonDecoratedOperator): log_sql_query>, print_the_context already registered for DAG: example_python_operator
[2022-11-19T10:18:56.958+0000] {processor.py:766} INFO - DAG(s) dict_keys(['example_python_operator']) retrieved from /home/airflow/.local/lib/python3.9/site-packages/airflow/example_dags/example_python_operator.py
[2022-11-19T10:18:57.123+0000] {logging_mixin.py:120} INFO - [2022-11-19T10:18:57.123+0000] {manager.py:507} INFO - Created Permission View: can edit on DAG:example_python_operator
[2022-11-19T10:18:57.136+0000] {logging_mixin.py:120} INFO - [2022-11-19T10:18:57.136+0000] {manager.py:507} INFO - Created Permission View: can read on DAG:example_python_operator
[2022-11-19T10:18:57.145+0000] {logging_mixin.py:120} INFO - [2022-11-19T10:18:57.145+0000] {manager.py:507} INFO - Created Permission View: can delete on DAG:example_python_operator
[2022-11-19T10:18:57.147+0000] {logging_mixin.py:120} INFO - [2022-11-19T10:18:57.146+0000] {dag.py:2585} INFO - Sync 1 DAGs
[2022-11-19T10:18:57.164+0000] {logging_mixin.py:120} INFO - [2022-11-19T10:18:57.164+0000] {dag.py:2606} INFO - Creating ORM DAG for example_python_operator
[2022-11-19T10:18:57.188+0000] {logging_mixin.py:120} INFO - [2022-11-19T10:18:57.188+0000] {dag.py:3336} INFO - Setting next_dagrun for example_python_operator to None, run_after=None
[2022-11-19T10:18:57.240+0000] {processor.py:176} INFO - Processing /home/airflow/.local/lib/python3.9/site-packages/airflow/example_dags/example_python_operator.py took 0.333 seconds
[2022-11-19T10:19:27.438+0000] {processor.py:154} INFO - Started process (PID=529) to work on /home/airflow/.local/lib/python3.9/site-packages/airflow/example_dags/example_python_operator.py
[2022-11-19T10:19:27.441+0000] {processor.py:756} INFO - Processing file /home/airflow/.local/lib/python3.9/site-packages/airflow/example_dags/example_python_operator.py for tasks to queue
[2022-11-19T10:19:27.442+0000] {logging_mixin.py:120} INFO - [2022-11-19T10:19:27.442+0000] {dagbag.py:537} INFO - Filling up the DagBag from /home/airflow/.local/lib/python3.9/site-packages/airflow/example_dags/example_python_operator.py
[2022-11-19T10:19:27.462+0000] {logging_mixin.py:120} INFO - [2022-11-19T10:19:27.462+0000] {taskmixin.py:205} WARNING - Dependency <Task(_PythonDecoratedOperator): print_the_context>, log_sql_query already registered for DAG: example_python_operator
[2022-11-19T10:19:27.463+0000] {logging_mixin.py:120} INFO - [2022-11-19T10:19:27.463+0000] {taskmixin.py:205} WARNING - Dependency <Task(_PythonDecoratedOperator): log_sql_query>, print_the_context already registered for DAG: example_python_operator
[2022-11-19T10:19:27.464+0000] {logging_mixin.py:120} INFO - [2022-11-19T10:19:27.464+0000] {taskmixin.py:205} WARNING - Dependency <Task(_PythonDecoratedOperator): print_the_context>, log_sql_query already registered for DAG: example_python_operator
[2022-11-19T10:19:27.465+0000] {logging_mixin.py:120} INFO - [2022-11-19T10:19:27.465+0000] {taskmixin.py:205} WARNING - Dependency <Task(_PythonDecoratedOperator): log_sql_query>, print_the_context already registered for DAG: example_python_operator
[2022-11-19T10:19:27.466+0000] {logging_mixin.py:120} INFO - [2022-11-19T10:19:27.466+0000] {taskmixin.py:205} WARNING - Dependency <Task(_PythonDecoratedOperator): print_the_context>, log_sql_query already registered for DAG: example_python_operator
[2022-11-19T10:19:27.467+0000] {logging_mixin.py:120} INFO - [2022-11-19T10:19:27.467+0000] {taskmixin.py:205} WARNING - Dependency <Task(_PythonDecoratedOperator): log_sql_query>, print_the_context already registered for DAG: example_python_operator
[2022-11-19T10:19:27.469+0000] {logging_mixin.py:120} INFO - [2022-11-19T10:19:27.468+0000] {taskmixin.py:205} WARNING - Dependency <Task(_PythonDecoratedOperator): print_the_context>, log_sql_query already registered for DAG: example_python_operator
[2022-11-19T10:19:27.469+0000] {logging_mixin.py:120} INFO - [2022-11-19T10:19:27.469+0000] {taskmixin.py:205} WARNING - Dependency <Task(_PythonDecoratedOperator): log_sql_query>, print_the_context already registered for DAG: example_python_operator
[2022-11-19T10:19:27.479+0000] {processor.py:766} INFO - DAG(s) dict_keys(['example_python_operator']) retrieved from /home/airflow/.local/lib/python3.9/site-packages/airflow/example_dags/example_python_operator.py
[2022-11-19T10:19:27.531+0000] {logging_mixin.py:120} INFO - [2022-11-19T10:19:27.531+0000] {dag.py:2585} INFO - Sync 1 DAGs
[2022-11-19T10:19:27.560+0000] {logging_mixin.py:120} INFO - [2022-11-19T10:19:27.560+0000] {dag.py:3336} INFO - Setting next_dagrun for example_python_operator to None, run_after=None
[2022-11-19T10:19:27.587+0000] {processor.py:176} INFO - Processing /home/airflow/.local/lib/python3.9/site-packages/airflow/example_dags/example_python_operator.py took 0.152 seconds
[2022-11-19T10:19:58.091+0000] {processor.py:154} INFO - Started process (PID=746) to work on /home/airflow/.local/lib/python3.9/site-packages/airflow/example_dags/example_python_operator.py
[2022-11-19T10:19:58.093+0000] {processor.py:756} INFO - Processing file /home/airflow/.local/lib/python3.9/site-packages/airflow/example_dags/example_python_operator.py for tasks to queue
[2022-11-19T10:19:58.095+0000] {logging_mixin.py:120} INFO - [2022-11-19T10:19:58.094+0000] {dagbag.py:537} INFO - Filling up the DagBag from /home/airflow/.local/lib/python3.9/site-packages/airflow/example_dags/example_python_operator.py
[2022-11-19T10:19:58.115+0000] {logging_mixin.py:120} INFO - [2022-11-19T10:19:58.115+0000] {taskmixin.py:205} WARNING - Dependency <Task(_PythonDecoratedOperator): print_the_context>, log_sql_query already registered for DAG: example_python_operator
[2022-11-19T10:19:58.117+0000] {logging_mixin.py:120} INFO - [2022-11-19T10:19:58.117+0000] {taskmixin.py:205} WARNING - Dependency <Task(_PythonDecoratedOperator): log_sql_query>, print_the_context already registered for DAG: example_python_operator
[2022-11-19T10:19:58.119+0000] {logging_mixin.py:120} INFO - [2022-11-19T10:19:58.119+0000] {taskmixin.py:205} WARNING - Dependency <Task(_PythonDecoratedOperator): print_the_context>, log_sql_query already registered for DAG: example_python_operator
[2022-11-19T10:19:58.120+0000] {logging_mixin.py:120} INFO - [2022-11-19T10:19:58.120+0000] {taskmixin.py:205} WARNING - Dependency <Task(_PythonDecoratedOperator): log_sql_query>, print_the_context already registered for DAG: example_python_operator
[2022-11-19T10:19:58.121+0000] {logging_mixin.py:120} INFO - [2022-11-19T10:19:58.121+0000] {taskmixin.py:205} WARNING - Dependency <Task(_PythonDecoratedOperator): print_the_context>, log_sql_query already registered for DAG: example_python_operator
[2022-11-19T10:19:58.123+0000] {logging_mixin.py:120} INFO - [2022-11-19T10:19:58.122+0000] {taskmixin.py:205} WARNING - Dependency <Task(_PythonDecoratedOperator): log_sql_query>, print_the_context already registered for DAG: example_python_operator
[2022-11-19T10:19:58.124+0000] {logging_mixin.py:120} INFO - [2022-11-19T10:19:58.124+0000] {taskmixin.py:205} WARNING - Dependency <Task(_PythonDecoratedOperator): print_the_context>, log_sql_query already registered for DAG: example_python_operator
[2022-11-19T10:19:58.125+0000] {logging_mixin.py:120} INFO - [2022-11-19T10:19:58.125+0000] {taskmixin.py:205} WARNING - Dependency <Task(_PythonDecoratedOperator): log_sql_query>, print_the_context already registered for DAG: example_python_operator
[2022-11-19T10:19:58.134+0000] {processor.py:766} INFO - DAG(s) dict_keys(['example_python_operator']) retrieved from /home/airflow/.local/lib/python3.9/site-packages/airflow/example_dags/example_python_operator.py
[2022-11-19T10:19:58.196+0000] {logging_mixin.py:120} INFO - [2022-11-19T10:19:58.196+0000] {dag.py:2585} INFO - Sync 1 DAGs
[2022-11-19T10:19:58.229+0000] {logging_mixin.py:120} INFO - [2022-11-19T10:19:58.229+0000] {dag.py:3336} INFO - Setting next_dagrun for example_python_operator to None, run_after=None
[2022-11-19T10:19:58.264+0000] {processor.py:176} INFO - Processing /home/airflow/.local/lib/python3.9/site-packages/airflow/example_dags/example_python_operator.py took 0.177 seconds
[2022-11-19T10:20:28.752+0000] {processor.py:154} INFO - Started process (PID=967) to work on /home/airflow/.local/lib/python3.9/site-packages/airflow/example_dags/example_python_operator.py
[2022-11-19T10:20:28.755+0000] {processor.py:756} INFO - Processing file /home/airflow/.local/lib/python3.9/site-packages/airflow/example_dags/example_python_operator.py for tasks to queue
[2022-11-19T10:20:28.756+0000] {logging_mixin.py:120} INFO - [2022-11-19T10:20:28.756+0000] {dagbag.py:537} INFO - Filling up the DagBag from /home/airflow/.local/lib/python3.9/site-packages/airflow/example_dags/example_python_operator.py
[2022-11-19T10:20:28.776+0000] {logging_mixin.py:120} INFO - [2022-11-19T10:20:28.776+0000] {taskmixin.py:205} WARNING - Dependency <Task(_PythonDecoratedOperator): print_the_context>, log_sql_query already registered for DAG: example_python_operator
[2022-11-19T10:20:28.777+0000] {logging_mixin.py:120} INFO - [2022-11-19T10:20:28.777+0000] {taskmixin.py:205} WARNING - Dependency <Task(_PythonDecoratedOperator): log_sql_query>, print_the_context already registered for DAG: example_python_operator
[2022-11-19T10:20:28.779+0000] {logging_mixin.py:120} INFO - [2022-11-19T10:20:28.779+0000] {taskmixin.py:205} WARNING - Dependency <Task(_PythonDecoratedOperator): print_the_context>, log_sql_query already registered for DAG: example_python_operator
[2022-11-19T10:20:28.780+0000] {logging_mixin.py:120} INFO - [2022-11-19T10:20:28.780+0000] {taskmixin.py:205} WARNING - Dependency <Task(_PythonDecoratedOperator): log_sql_query>, print_the_context already registered for DAG: example_python_operator
[2022-11-19T10:20:28.782+0000] {logging_mixin.py:120} INFO - [2022-11-19T10:20:28.782+0000] {taskmixin.py:205} WARNING - Dependency <Task(_PythonDecoratedOperator): print_the_context>, log_sql_query already registered for DAG: example_python_operator
[2022-11-19T10:20:28.783+0000] {logging_mixin.py:120} INFO - [2022-11-19T10:20:28.783+0000] {taskmixin.py:205} WARNING - Dependency <Task(_PythonDecoratedOperator): log_sql_query>, print_the_context already registered for DAG: example_python_operator
[2022-11-19T10:20:28.785+0000] {logging_mixin.py:120} INFO - [2022-11-19T10:20:28.785+0000] {taskmixin.py:205} WARNING - Dependency <Task(_PythonDecoratedOperator): print_the_context>, log_sql_query already registered for DAG: example_python_operator
[2022-11-19T10:20:28.786+0000] {logging_mixin.py:120} INFO - [2022-11-19T10:20:28.786+0000] {taskmixin.py:205} WARNING - Dependency <Task(_PythonDecoratedOperator): log_sql_query>, print_the_context already registered for DAG: example_python_operator
[2022-11-19T10:20:28.798+0000] {processor.py:766} INFO - DAG(s) dict_keys(['example_python_operator']) retrieved from /home/airflow/.local/lib/python3.9/site-packages/airflow/example_dags/example_python_operator.py
[2022-11-19T10:20:28.862+0000] {logging_mixin.py:120} INFO - [2022-11-19T10:20:28.861+0000] {dag.py:2585} INFO - Sync 1 DAGs
[2022-11-19T10:20:28.894+0000] {logging_mixin.py:120} INFO - [2022-11-19T10:20:28.894+0000] {dag.py:3336} INFO - Setting next_dagrun for example_python_operator to None, run_after=None
[2022-11-19T10:20:28.919+0000] {processor.py:176} INFO - Processing /home/airflow/.local/lib/python3.9/site-packages/airflow/example_dags/example_python_operator.py took 0.171 seconds
[2022-11-19T10:20:59.908+0000] {processor.py:154} INFO - Started process (PID=1189) to work on /home/airflow/.local/lib/python3.9/site-packages/airflow/example_dags/example_python_operator.py
[2022-11-19T10:20:59.909+0000] {processor.py:756} INFO - Processing file /home/airflow/.local/lib/python3.9/site-packages/airflow/example_dags/example_python_operator.py for tasks to queue
[2022-11-19T10:20:59.911+0000] {logging_mixin.py:120} INFO - [2022-11-19T10:20:59.911+0000] {dagbag.py:537} INFO - Filling up the DagBag from /home/airflow/.local/lib/python3.9/site-packages/airflow/example_dags/example_python_operator.py
[2022-11-19T10:20:59.928+0000] {logging_mixin.py:120} INFO - [2022-11-19T10:20:59.928+0000] {taskmixin.py:205} WARNING - Dependency <Task(_PythonDecoratedOperator): print_the_context>, log_sql_query already registered for DAG: example_python_operator
[2022-11-19T10:20:59.929+0000] {logging_mixin.py:120} INFO - [2022-11-19T10:20:59.929+0000] {taskmixin.py:205} WARNING - Dependency <Task(_PythonDecoratedOperator): log_sql_query>, print_the_context already registered for DAG: example_python_operator
[2022-11-19T10:20:59.931+0000] {logging_mixin.py:120} INFO - [2022-11-19T10:20:59.931+0000] {taskmixin.py:205} WARNING - Dependency <Task(_PythonDecoratedOperator): print_the_context>, log_sql_query already registered for DAG: example_python_operator
[2022-11-19T10:20:59.932+0000] {logging_mixin.py:120} INFO - [2022-11-19T10:20:59.932+0000] {taskmixin.py:205} WARNING - Dependency <Task(_PythonDecoratedOperator): log_sql_query>, print_the_context already registered for DAG: example_python_operator
[2022-11-19T10:20:59.933+0000] {logging_mixin.py:120} INFO - [2022-11-19T10:20:59.933+0000] {taskmixin.py:205} WARNING - Dependency <Task(_PythonDecoratedOperator): print_the_context>, log_sql_query already registered for DAG: example_python_operator
[2022-11-19T10:20:59.934+0000] {logging_mixin.py:120} INFO - [2022-11-19T10:20:59.934+0000] {taskmixin.py:205} WARNING - Dependency <Task(_PythonDecoratedOperator): log_sql_query>, print_the_context already registered for DAG: example_python_operator
[2022-11-19T10:20:59.935+0000] {logging_mixin.py:120} INFO - [2022-11-19T10:20:59.935+0000] {taskmixin.py:205} WARNING - Dependency <Task(_PythonDecoratedOperator): print_the_context>, log_sql_query already registered for DAG: example_python_operator
[2022-11-19T10:20:59.937+0000] {logging_mixin.py:120} INFO - [2022-11-19T10:20:59.936+0000] {taskmixin.py:205} WARNING - Dependency <Task(_PythonDecoratedOperator): log_sql_query>, print_the_context already registered for DAG: example_python_operator
[2022-11-19T10:20:59.947+0000] {processor.py:766} INFO - DAG(s) dict_keys(['example_python_operator']) retrieved from /home/airflow/.local/lib/python3.9/site-packages/airflow/example_dags/example_python_operator.py
[2022-11-19T10:21:00.000+0000] {logging_mixin.py:120} INFO - [2022-11-19T10:21:00.000+0000] {dag.py:2585} INFO - Sync 1 DAGs
[2022-11-19T10:21:00.046+0000] {logging_mixin.py:120} INFO - [2022-11-19T10:21:00.046+0000] {dag.py:3336} INFO - Setting next_dagrun for example_python_operator to None, run_after=None
[2022-11-19T10:21:00.075+0000] {processor.py:176} INFO - Processing /home/airflow/.local/lib/python3.9/site-packages/airflow/example_dags/example_python_operator.py took 0.172 seconds
