[2022-11-19T10:18:56.165+0000] {processor.py:154} INFO - Started process (PID=287) to work on /home/airflow/.local/lib/python3.9/site-packages/airflow/example_dags/example_latest_only.py
[2022-11-19T10:18:56.168+0000] {processor.py:756} INFO - Processing file /home/airflow/.local/lib/python3.9/site-packages/airflow/example_dags/example_latest_only.py for tasks to queue
[2022-11-19T10:18:56.169+0000] {logging_mixin.py:120} INFO - [2022-11-19T10:18:56.169+0000] {dagbag.py:537} INFO - Filling up the DagBag from /home/airflow/.local/lib/python3.9/site-packages/airflow/example_dags/example_latest_only.py
[2022-11-19T10:18:56.199+0000] {processor.py:766} INFO - DAG(s) dict_keys(['latest_only']) retrieved from /home/airflow/.local/lib/python3.9/site-packages/airflow/example_dags/example_latest_only.py
[2022-11-19T10:18:56.399+0000] {logging_mixin.py:120} INFO - [2022-11-19T10:18:56.399+0000] {manager.py:507} INFO - Created Permission View: can edit on DAG:latest_only
[2022-11-19T10:18:56.412+0000] {logging_mixin.py:120} INFO - [2022-11-19T10:18:56.412+0000] {manager.py:507} INFO - Created Permission View: can read on DAG:latest_only
[2022-11-19T10:18:56.426+0000] {logging_mixin.py:120} INFO - [2022-11-19T10:18:56.426+0000] {manager.py:507} INFO - Created Permission View: can delete on DAG:latest_only
[2022-11-19T10:18:56.428+0000] {logging_mixin.py:120} INFO - [2022-11-19T10:18:56.427+0000] {dag.py:2585} INFO - Sync 1 DAGs
[2022-11-19T10:18:56.445+0000] {logging_mixin.py:120} INFO - [2022-11-19T10:18:56.444+0000] {dag.py:2606} INFO - Creating ORM DAG for latest_only
[2022-11-19T10:18:56.464+0000] {logging_mixin.py:120} INFO - [2022-11-19T10:18:56.464+0000] {dag.py:3336} INFO - Setting next_dagrun for latest_only to 2022-11-19T06:18:56.464276+00:00, run_after=2022-11-19T10:18:56.464276+00:00
[2022-11-19T10:18:56.503+0000] {processor.py:176} INFO - Processing /home/airflow/.local/lib/python3.9/site-packages/airflow/example_dags/example_latest_only.py took 0.342 seconds
[2022-11-19T10:19:27.046+0000] {processor.py:154} INFO - Started process (PID=510) to work on /home/airflow/.local/lib/python3.9/site-packages/airflow/example_dags/example_latest_only.py
[2022-11-19T10:19:27.048+0000] {processor.py:756} INFO - Processing file /home/airflow/.local/lib/python3.9/site-packages/airflow/example_dags/example_latest_only.py for tasks to queue
[2022-11-19T10:19:27.050+0000] {logging_mixin.py:120} INFO - [2022-11-19T10:19:27.049+0000] {dagbag.py:537} INFO - Filling up the DagBag from /home/airflow/.local/lib/python3.9/site-packages/airflow/example_dags/example_latest_only.py
[2022-11-19T10:19:27.069+0000] {processor.py:766} INFO - DAG(s) dict_keys(['latest_only']) retrieved from /home/airflow/.local/lib/python3.9/site-packages/airflow/example_dags/example_latest_only.py
[2022-11-19T10:19:27.124+0000] {logging_mixin.py:120} INFO - [2022-11-19T10:19:27.124+0000] {dag.py:2585} INFO - Sync 1 DAGs
[2022-11-19T10:19:27.154+0000] {logging_mixin.py:120} INFO - [2022-11-19T10:19:27.154+0000] {dag.py:3336} INFO - Setting next_dagrun for latest_only to 2022-11-19T06:19:27.154465+00:00, run_after=2022-11-19T10:19:27.154465+00:00
[2022-11-19T10:19:27.182+0000] {processor.py:176} INFO - Processing /home/airflow/.local/lib/python3.9/site-packages/airflow/example_dags/example_latest_only.py took 0.140 seconds
[2022-11-19T10:19:57.687+0000] {processor.py:154} INFO - Started process (PID=728) to work on /home/airflow/.local/lib/python3.9/site-packages/airflow/example_dags/example_latest_only.py
[2022-11-19T10:19:57.689+0000] {processor.py:756} INFO - Processing file /home/airflow/.local/lib/python3.9/site-packages/airflow/example_dags/example_latest_only.py for tasks to queue
[2022-11-19T10:19:57.690+0000] {logging_mixin.py:120} INFO - [2022-11-19T10:19:57.690+0000] {dagbag.py:537} INFO - Filling up the DagBag from /home/airflow/.local/lib/python3.9/site-packages/airflow/example_dags/example_latest_only.py
[2022-11-19T10:19:57.711+0000] {processor.py:766} INFO - DAG(s) dict_keys(['latest_only']) retrieved from /home/airflow/.local/lib/python3.9/site-packages/airflow/example_dags/example_latest_only.py
[2022-11-19T10:19:57.772+0000] {logging_mixin.py:120} INFO - [2022-11-19T10:19:57.771+0000] {dag.py:2585} INFO - Sync 1 DAGs
[2022-11-19T10:19:57.815+0000] {logging_mixin.py:120} INFO - [2022-11-19T10:19:57.815+0000] {dag.py:3336} INFO - Setting next_dagrun for latest_only to 2022-11-19T06:19:57.815209+00:00, run_after=2022-11-19T10:19:57.815209+00:00
[2022-11-19T10:19:57.849+0000] {processor.py:176} INFO - Processing /home/airflow/.local/lib/python3.9/site-packages/airflow/example_dags/example_latest_only.py took 0.167 seconds
[2022-11-19T10:20:28.372+0000] {processor.py:154} INFO - Started process (PID=949) to work on /home/airflow/.local/lib/python3.9/site-packages/airflow/example_dags/example_latest_only.py
[2022-11-19T10:20:28.374+0000] {processor.py:756} INFO - Processing file /home/airflow/.local/lib/python3.9/site-packages/airflow/example_dags/example_latest_only.py for tasks to queue
[2022-11-19T10:20:28.376+0000] {logging_mixin.py:120} INFO - [2022-11-19T10:20:28.376+0000] {dagbag.py:537} INFO - Filling up the DagBag from /home/airflow/.local/lib/python3.9/site-packages/airflow/example_dags/example_latest_only.py
[2022-11-19T10:20:28.396+0000] {processor.py:766} INFO - DAG(s) dict_keys(['latest_only']) retrieved from /home/airflow/.local/lib/python3.9/site-packages/airflow/example_dags/example_latest_only.py
[2022-11-19T10:20:28.449+0000] {logging_mixin.py:120} INFO - [2022-11-19T10:20:28.448+0000] {dag.py:2585} INFO - Sync 1 DAGs
[2022-11-19T10:20:28.480+0000] {logging_mixin.py:120} INFO - [2022-11-19T10:20:28.480+0000] {dag.py:3336} INFO - Setting next_dagrun for latest_only to 2022-11-19T06:20:28.480316+00:00, run_after=2022-11-19T10:20:28.480316+00:00
[2022-11-19T10:20:28.505+0000] {processor.py:176} INFO - Processing /home/airflow/.local/lib/python3.9/site-packages/airflow/example_dags/example_latest_only.py took 0.137 seconds
[2022-11-19T10:20:59.521+0000] {processor.py:154} INFO - Started process (PID=1169) to work on /home/airflow/.local/lib/python3.9/site-packages/airflow/example_dags/example_latest_only.py
[2022-11-19T10:20:59.523+0000] {processor.py:756} INFO - Processing file /home/airflow/.local/lib/python3.9/site-packages/airflow/example_dags/example_latest_only.py for tasks to queue
[2022-11-19T10:20:59.524+0000] {logging_mixin.py:120} INFO - [2022-11-19T10:20:59.524+0000] {dagbag.py:537} INFO - Filling up the DagBag from /home/airflow/.local/lib/python3.9/site-packages/airflow/example_dags/example_latest_only.py
[2022-11-19T10:20:59.542+0000] {processor.py:766} INFO - DAG(s) dict_keys(['latest_only']) retrieved from /home/airflow/.local/lib/python3.9/site-packages/airflow/example_dags/example_latest_only.py
[2022-11-19T10:20:59.593+0000] {logging_mixin.py:120} INFO - [2022-11-19T10:20:59.593+0000] {dag.py:2585} INFO - Sync 1 DAGs
[2022-11-19T10:20:59.624+0000] {logging_mixin.py:120} INFO - [2022-11-19T10:20:59.624+0000] {dag.py:3336} INFO - Setting next_dagrun for latest_only to 2022-11-19T06:20:59.623788+00:00, run_after=2022-11-19T10:20:59.623788+00:00
[2022-11-19T10:20:59.651+0000] {processor.py:176} INFO - Processing /home/airflow/.local/lib/python3.9/site-packages/airflow/example_dags/example_latest_only.py took 0.134 seconds
