[2022-11-19T10:18:57.221+0000] {processor.py:154} INFO - Started process (PID=312) to work on /home/airflow/.local/lib/python3.9/site-packages/airflow/example_dags/example_local_kubernetes_executor.py
[2022-11-19T10:18:57.223+0000] {processor.py:756} INFO - Processing file /home/airflow/.local/lib/python3.9/site-packages/airflow/example_dags/example_local_kubernetes_executor.py for tasks to queue
[2022-11-19T10:18:57.226+0000] {logging_mixin.py:120} INFO - [2022-11-19T10:18:57.225+0000] {dagbag.py:537} INFO - Filling up the DagBag from /home/airflow/.local/lib/python3.9/site-packages/airflow/example_dags/example_local_kubernetes_executor.py
[2022-11-19T10:18:57.281+0000] {processor.py:766} INFO - DAG(s) dict_keys(['example_local_kubernetes_executor']) retrieved from /home/airflow/.local/lib/python3.9/site-packages/airflow/example_dags/example_local_kubernetes_executor.py
[2022-11-19T10:18:57.449+0000] {logging_mixin.py:120} INFO - [2022-11-19T10:18:57.449+0000] {manager.py:507} INFO - Created Permission View: can edit on DAG:example_local_kubernetes_executor
[2022-11-19T10:18:57.465+0000] {logging_mixin.py:120} INFO - [2022-11-19T10:18:57.465+0000] {manager.py:507} INFO - Created Permission View: can read on DAG:example_local_kubernetes_executor
[2022-11-19T10:18:57.485+0000] {logging_mixin.py:120} INFO - [2022-11-19T10:18:57.484+0000] {manager.py:507} INFO - Created Permission View: can delete on DAG:example_local_kubernetes_executor
[2022-11-19T10:18:57.486+0000] {logging_mixin.py:120} INFO - [2022-11-19T10:18:57.486+0000] {dag.py:2585} INFO - Sync 1 DAGs
[2022-11-19T10:18:57.508+0000] {logging_mixin.py:120} INFO - [2022-11-19T10:18:57.508+0000] {dag.py:2606} INFO - Creating ORM DAG for example_local_kubernetes_executor
[2022-11-19T10:18:57.546+0000] {logging_mixin.py:120} INFO - [2022-11-19T10:18:57.545+0000] {dag.py:3336} INFO - Setting next_dagrun for example_local_kubernetes_executor to None, run_after=None
[2022-11-19T10:18:57.580+0000] {processor.py:176} INFO - Processing /home/airflow/.local/lib/python3.9/site-packages/airflow/example_dags/example_local_kubernetes_executor.py took 0.363 seconds
[2022-11-19T10:19:28.491+0000] {processor.py:154} INFO - Started process (PID=536) to work on /home/airflow/.local/lib/python3.9/site-packages/airflow/example_dags/example_local_kubernetes_executor.py
[2022-11-19T10:19:28.493+0000] {processor.py:756} INFO - Processing file /home/airflow/.local/lib/python3.9/site-packages/airflow/example_dags/example_local_kubernetes_executor.py for tasks to queue
[2022-11-19T10:19:28.495+0000] {logging_mixin.py:120} INFO - [2022-11-19T10:19:28.495+0000] {dagbag.py:537} INFO - Filling up the DagBag from /home/airflow/.local/lib/python3.9/site-packages/airflow/example_dags/example_local_kubernetes_executor.py
[2022-11-19T10:19:28.524+0000] {processor.py:766} INFO - DAG(s) dict_keys(['example_local_kubernetes_executor']) retrieved from /home/airflow/.local/lib/python3.9/site-packages/airflow/example_dags/example_local_kubernetes_executor.py
[2022-11-19T10:19:28.574+0000] {logging_mixin.py:120} INFO - [2022-11-19T10:19:28.574+0000] {dag.py:2585} INFO - Sync 1 DAGs
[2022-11-19T10:19:28.620+0000] {logging_mixin.py:120} INFO - [2022-11-19T10:19:28.620+0000] {dag.py:3336} INFO - Setting next_dagrun for example_local_kubernetes_executor to None, run_after=None
[2022-11-19T10:19:28.648+0000] {processor.py:176} INFO - Processing /home/airflow/.local/lib/python3.9/site-packages/airflow/example_dags/example_local_kubernetes_executor.py took 0.162 seconds
[2022-11-19T10:19:59.156+0000] {processor.py:154} INFO - Started process (PID=760) to work on /home/airflow/.local/lib/python3.9/site-packages/airflow/example_dags/example_local_kubernetes_executor.py
[2022-11-19T10:19:59.159+0000] {processor.py:756} INFO - Processing file /home/airflow/.local/lib/python3.9/site-packages/airflow/example_dags/example_local_kubernetes_executor.py for tasks to queue
[2022-11-19T10:19:59.161+0000] {logging_mixin.py:120} INFO - [2022-11-19T10:19:59.161+0000] {dagbag.py:537} INFO - Filling up the DagBag from /home/airflow/.local/lib/python3.9/site-packages/airflow/example_dags/example_local_kubernetes_executor.py
[2022-11-19T10:19:59.189+0000] {processor.py:766} INFO - DAG(s) dict_keys(['example_local_kubernetes_executor']) retrieved from /home/airflow/.local/lib/python3.9/site-packages/airflow/example_dags/example_local_kubernetes_executor.py
[2022-11-19T10:19:59.250+0000] {logging_mixin.py:120} INFO - [2022-11-19T10:19:59.249+0000] {dag.py:2585} INFO - Sync 1 DAGs
[2022-11-19T10:19:59.291+0000] {logging_mixin.py:120} INFO - [2022-11-19T10:19:59.291+0000] {dag.py:3336} INFO - Setting next_dagrun for example_local_kubernetes_executor to None, run_after=None
[2022-11-19T10:19:59.327+0000] {processor.py:176} INFO - Processing /home/airflow/.local/lib/python3.9/site-packages/airflow/example_dags/example_local_kubernetes_executor.py took 0.177 seconds
[2022-11-19T10:20:29.824+0000] {processor.py:154} INFO - Started process (PID=974) to work on /home/airflow/.local/lib/python3.9/site-packages/airflow/example_dags/example_local_kubernetes_executor.py
[2022-11-19T10:20:29.827+0000] {processor.py:756} INFO - Processing file /home/airflow/.local/lib/python3.9/site-packages/airflow/example_dags/example_local_kubernetes_executor.py for tasks to queue
[2022-11-19T10:20:29.828+0000] {logging_mixin.py:120} INFO - [2022-11-19T10:20:29.828+0000] {dagbag.py:537} INFO - Filling up the DagBag from /home/airflow/.local/lib/python3.9/site-packages/airflow/example_dags/example_local_kubernetes_executor.py
[2022-11-19T10:20:29.855+0000] {processor.py:766} INFO - DAG(s) dict_keys(['example_local_kubernetes_executor']) retrieved from /home/airflow/.local/lib/python3.9/site-packages/airflow/example_dags/example_local_kubernetes_executor.py
[2022-11-19T10:20:29.907+0000] {logging_mixin.py:120} INFO - [2022-11-19T10:20:29.907+0000] {dag.py:2585} INFO - Sync 1 DAGs
[2022-11-19T10:20:29.940+0000] {logging_mixin.py:120} INFO - [2022-11-19T10:20:29.939+0000] {dag.py:3336} INFO - Setting next_dagrun for example_local_kubernetes_executor to None, run_after=None
[2022-11-19T10:20:29.971+0000] {processor.py:176} INFO - Processing /home/airflow/.local/lib/python3.9/site-packages/airflow/example_dags/example_local_kubernetes_executor.py took 0.153 seconds
[2022-11-19T10:21:00.111+0000] {processor.py:154} INFO - Started process (PID=1196) to work on /home/airflow/.local/lib/python3.9/site-packages/airflow/example_dags/example_local_kubernetes_executor.py
[2022-11-19T10:21:00.113+0000] {processor.py:756} INFO - Processing file /home/airflow/.local/lib/python3.9/site-packages/airflow/example_dags/example_local_kubernetes_executor.py for tasks to queue
[2022-11-19T10:21:00.114+0000] {logging_mixin.py:120} INFO - [2022-11-19T10:21:00.114+0000] {dagbag.py:537} INFO - Filling up the DagBag from /home/airflow/.local/lib/python3.9/site-packages/airflow/example_dags/example_local_kubernetes_executor.py
[2022-11-19T10:21:00.139+0000] {processor.py:766} INFO - DAG(s) dict_keys(['example_local_kubernetes_executor']) retrieved from /home/airflow/.local/lib/python3.9/site-packages/airflow/example_dags/example_local_kubernetes_executor.py
[2022-11-19T10:21:00.188+0000] {logging_mixin.py:120} INFO - [2022-11-19T10:21:00.187+0000] {dag.py:2585} INFO - Sync 1 DAGs
[2022-11-19T10:21:00.216+0000] {logging_mixin.py:120} INFO - [2022-11-19T10:21:00.216+0000] {dag.py:3336} INFO - Setting next_dagrun for example_local_kubernetes_executor to None, run_after=None
[2022-11-19T10:21:00.238+0000] {processor.py:176} INFO - Processing /home/airflow/.local/lib/python3.9/site-packages/airflow/example_dags/example_local_kubernetes_executor.py took 0.131 seconds
