[2022-11-19T10:18:53.654+0000] {processor.py:154} INFO - Started process (PID=232) to work on /home/airflow/.local/lib/python3.9/site-packages/airflow/example_dags/example_branch_operator.py
[2022-11-19T10:18:53.656+0000] {processor.py:756} INFO - Processing file /home/airflow/.local/lib/python3.9/site-packages/airflow/example_dags/example_branch_operator.py for tasks to queue
[2022-11-19T10:18:53.658+0000] {logging_mixin.py:120} INFO - [2022-11-19T10:18:53.658+0000] {dagbag.py:537} INFO - Filling up the DagBag from /home/airflow/.local/lib/python3.9/site-packages/airflow/example_dags/example_branch_operator.py
[2022-11-19T10:18:53.683+0000] {processor.py:766} INFO - DAG(s) dict_keys(['example_branch_operator']) retrieved from /home/airflow/.local/lib/python3.9/site-packages/airflow/example_dags/example_branch_operator.py
[2022-11-19T10:18:53.856+0000] {logging_mixin.py:120} INFO - [2022-11-19T10:18:53.856+0000] {manager.py:507} INFO - Created Permission View: can edit on DAG:example_branch_operator
[2022-11-19T10:18:53.870+0000] {logging_mixin.py:120} INFO - [2022-11-19T10:18:53.869+0000] {manager.py:507} INFO - Created Permission View: can read on DAG:example_branch_operator
[2022-11-19T10:18:53.880+0000] {logging_mixin.py:120} INFO - [2022-11-19T10:18:53.880+0000] {manager.py:507} INFO - Created Permission View: can delete on DAG:example_branch_operator
[2022-11-19T10:18:53.881+0000] {logging_mixin.py:120} INFO - [2022-11-19T10:18:53.881+0000] {dag.py:2585} INFO - Sync 1 DAGs
[2022-11-19T10:18:53.898+0000] {logging_mixin.py:120} INFO - [2022-11-19T10:18:53.898+0000] {dag.py:2606} INFO - Creating ORM DAG for example_branch_operator
[2022-11-19T10:18:53.916+0000] {logging_mixin.py:120} INFO - [2022-11-19T10:18:53.916+0000] {dag.py:3336} INFO - Setting next_dagrun for example_branch_operator to 2022-11-18T00:00:00+00:00, run_after=2022-11-19T00:00:00+00:00
[2022-11-19T10:18:53.960+0000] {processor.py:176} INFO - Processing /home/airflow/.local/lib/python3.9/site-packages/airflow/example_dags/example_branch_operator.py took 0.310 seconds
[2022-11-19T10:19:24.230+0000] {processor.py:154} INFO - Started process (PID=456) to work on /home/airflow/.local/lib/python3.9/site-packages/airflow/example_dags/example_branch_operator.py
[2022-11-19T10:19:24.232+0000] {processor.py:756} INFO - Processing file /home/airflow/.local/lib/python3.9/site-packages/airflow/example_dags/example_branch_operator.py for tasks to queue
[2022-11-19T10:19:24.234+0000] {logging_mixin.py:120} INFO - [2022-11-19T10:19:24.234+0000] {dagbag.py:537} INFO - Filling up the DagBag from /home/airflow/.local/lib/python3.9/site-packages/airflow/example_dags/example_branch_operator.py
[2022-11-19T10:19:24.259+0000] {processor.py:766} INFO - DAG(s) dict_keys(['example_branch_operator']) retrieved from /home/airflow/.local/lib/python3.9/site-packages/airflow/example_dags/example_branch_operator.py
[2022-11-19T10:19:24.330+0000] {logging_mixin.py:120} INFO - [2022-11-19T10:19:24.330+0000] {dag.py:2585} INFO - Sync 1 DAGs
[2022-11-19T10:19:24.365+0000] {logging_mixin.py:120} INFO - [2022-11-19T10:19:24.365+0000] {dag.py:3336} INFO - Setting next_dagrun for example_branch_operator to 2022-11-18T00:00:00+00:00, run_after=2022-11-19T00:00:00+00:00
[2022-11-19T10:19:24.397+0000] {processor.py:176} INFO - Processing /home/airflow/.local/lib/python3.9/site-packages/airflow/example_dags/example_branch_operator.py took 0.170 seconds
[2022-11-19T10:19:55.192+0000] {processor.py:154} INFO - Started process (PID=671) to work on /home/airflow/.local/lib/python3.9/site-packages/airflow/example_dags/example_branch_operator.py
[2022-11-19T10:19:55.194+0000] {processor.py:756} INFO - Processing file /home/airflow/.local/lib/python3.9/site-packages/airflow/example_dags/example_branch_operator.py for tasks to queue
[2022-11-19T10:19:55.196+0000] {logging_mixin.py:120} INFO - [2022-11-19T10:19:55.195+0000] {dagbag.py:537} INFO - Filling up the DagBag from /home/airflow/.local/lib/python3.9/site-packages/airflow/example_dags/example_branch_operator.py
[2022-11-19T10:19:55.219+0000] {processor.py:766} INFO - DAG(s) dict_keys(['example_branch_operator']) retrieved from /home/airflow/.local/lib/python3.9/site-packages/airflow/example_dags/example_branch_operator.py
[2022-11-19T10:19:55.300+0000] {logging_mixin.py:120} INFO - [2022-11-19T10:19:55.300+0000] {dag.py:2585} INFO - Sync 1 DAGs
[2022-11-19T10:19:55.351+0000] {logging_mixin.py:120} INFO - [2022-11-19T10:19:55.350+0000] {dag.py:3336} INFO - Setting next_dagrun for example_branch_operator to 2022-11-18T00:00:00+00:00, run_after=2022-11-19T00:00:00+00:00
[2022-11-19T10:19:55.407+0000] {processor.py:176} INFO - Processing /home/airflow/.local/lib/python3.9/site-packages/airflow/example_dags/example_branch_operator.py took 0.218 seconds
[2022-11-19T10:20:25.749+0000] {processor.py:154} INFO - Started process (PID=892) to work on /home/airflow/.local/lib/python3.9/site-packages/airflow/example_dags/example_branch_operator.py
[2022-11-19T10:20:25.751+0000] {processor.py:756} INFO - Processing file /home/airflow/.local/lib/python3.9/site-packages/airflow/example_dags/example_branch_operator.py for tasks to queue
[2022-11-19T10:20:25.752+0000] {logging_mixin.py:120} INFO - [2022-11-19T10:20:25.752+0000] {dagbag.py:537} INFO - Filling up the DagBag from /home/airflow/.local/lib/python3.9/site-packages/airflow/example_dags/example_branch_operator.py
[2022-11-19T10:20:25.773+0000] {processor.py:766} INFO - DAG(s) dict_keys(['example_branch_operator']) retrieved from /home/airflow/.local/lib/python3.9/site-packages/airflow/example_dags/example_branch_operator.py
[2022-11-19T10:20:25.828+0000] {logging_mixin.py:120} INFO - [2022-11-19T10:20:25.827+0000] {dag.py:2585} INFO - Sync 1 DAGs
[2022-11-19T10:20:25.863+0000] {logging_mixin.py:120} INFO - [2022-11-19T10:20:25.863+0000] {dag.py:3336} INFO - Setting next_dagrun for example_branch_operator to 2022-11-18T00:00:00+00:00, run_after=2022-11-19T00:00:00+00:00
[2022-11-19T10:20:25.890+0000] {processor.py:176} INFO - Processing /home/airflow/.local/lib/python3.9/site-packages/airflow/example_dags/example_branch_operator.py took 0.145 seconds
[2022-11-19T10:20:56.744+0000] {processor.py:154} INFO - Started process (PID=1114) to work on /home/airflow/.local/lib/python3.9/site-packages/airflow/example_dags/example_branch_operator.py
[2022-11-19T10:20:56.746+0000] {processor.py:756} INFO - Processing file /home/airflow/.local/lib/python3.9/site-packages/airflow/example_dags/example_branch_operator.py for tasks to queue
[2022-11-19T10:20:56.747+0000] {logging_mixin.py:120} INFO - [2022-11-19T10:20:56.747+0000] {dagbag.py:537} INFO - Filling up the DagBag from /home/airflow/.local/lib/python3.9/site-packages/airflow/example_dags/example_branch_operator.py
[2022-11-19T10:20:56.786+0000] {processor.py:766} INFO - DAG(s) dict_keys(['example_branch_operator']) retrieved from /home/airflow/.local/lib/python3.9/site-packages/airflow/example_dags/example_branch_operator.py
[2022-11-19T10:20:56.893+0000] {logging_mixin.py:120} INFO - [2022-11-19T10:20:56.891+0000] {dag.py:2585} INFO - Sync 1 DAGs
[2022-11-19T10:20:56.961+0000] {logging_mixin.py:120} INFO - [2022-11-19T10:20:56.961+0000] {dag.py:3336} INFO - Setting next_dagrun for example_branch_operator to 2022-11-18T00:00:00+00:00, run_after=2022-11-19T00:00:00+00:00
[2022-11-19T10:20:57.004+0000] {processor.py:176} INFO - Processing /home/airflow/.local/lib/python3.9/site-packages/airflow/example_dags/example_branch_operator.py took 0.265 seconds
