[2022-11-19T10:18:54.071+0000] {processor.py:154} INFO - Started process (PID=247) to work on /home/airflow/.local/lib/python3.9/site-packages/airflow/example_dags/example_complex.py
[2022-11-19T10:18:54.073+0000] {processor.py:756} INFO - Processing file /home/airflow/.local/lib/python3.9/site-packages/airflow/example_dags/example_complex.py for tasks to queue
[2022-11-19T10:18:54.075+0000] {logging_mixin.py:120} INFO - [2022-11-19T10:18:54.075+0000] {dagbag.py:537} INFO - Filling up the DagBag from /home/airflow/.local/lib/python3.9/site-packages/airflow/example_dags/example_complex.py
[2022-11-19T10:18:54.092+0000] {logging_mixin.py:120} INFO - [2022-11-19T10:18:54.092+0000] {taskmixin.py:205} WARNING - Dependency <Task(BashOperator): create_entry_group>, delete_entry_group already registered for DAG: example_complex
[2022-11-19T10:18:54.094+0000] {logging_mixin.py:120} INFO - [2022-11-19T10:18:54.093+0000] {taskmixin.py:205} WARNING - Dependency <Task(BashOperator): delete_entry_group>, create_entry_group already registered for DAG: example_complex
[2022-11-19T10:18:54.096+0000] {logging_mixin.py:120} INFO - [2022-11-19T10:18:54.095+0000] {taskmixin.py:205} WARNING - Dependency <Task(BashOperator): create_entry_gcs>, delete_entry already registered for DAG: example_complex
[2022-11-19T10:18:54.097+0000] {logging_mixin.py:120} INFO - [2022-11-19T10:18:54.097+0000] {taskmixin.py:205} WARNING - Dependency <Task(BashOperator): delete_entry>, create_entry_gcs already registered for DAG: example_complex
[2022-11-19T10:18:54.099+0000] {logging_mixin.py:120} INFO - [2022-11-19T10:18:54.099+0000] {taskmixin.py:205} WARNING - Dependency <Task(BashOperator): create_tag>, delete_tag already registered for DAG: example_complex
[2022-11-19T10:18:54.101+0000] {logging_mixin.py:120} INFO - [2022-11-19T10:18:54.100+0000] {taskmixin.py:205} WARNING - Dependency <Task(BashOperator): delete_tag>, create_tag already registered for DAG: example_complex
[2022-11-19T10:18:54.116+0000] {processor.py:766} INFO - DAG(s) dict_keys(['example_complex']) retrieved from /home/airflow/.local/lib/python3.9/site-packages/airflow/example_dags/example_complex.py
[2022-11-19T10:18:54.335+0000] {logging_mixin.py:120} INFO - [2022-11-19T10:18:54.335+0000] {manager.py:507} INFO - Created Permission View: can edit on DAG:example_complex
[2022-11-19T10:18:54.358+0000] {logging_mixin.py:120} INFO - [2022-11-19T10:18:54.358+0000] {manager.py:507} INFO - Created Permission View: can read on DAG:example_complex
[2022-11-19T10:18:54.379+0000] {logging_mixin.py:120} INFO - [2022-11-19T10:18:54.378+0000] {manager.py:507} INFO - Created Permission View: can delete on DAG:example_complex
[2022-11-19T10:18:54.380+0000] {logging_mixin.py:120} INFO - [2022-11-19T10:18:54.380+0000] {dag.py:2585} INFO - Sync 1 DAGs
[2022-11-19T10:18:54.404+0000] {logging_mixin.py:120} INFO - [2022-11-19T10:18:54.403+0000] {dag.py:2606} INFO - Creating ORM DAG for example_complex
[2022-11-19T10:18:54.433+0000] {logging_mixin.py:120} INFO - [2022-11-19T10:18:54.433+0000] {dag.py:3336} INFO - Setting next_dagrun for example_complex to None, run_after=None
[2022-11-19T10:18:54.463+0000] {processor.py:176} INFO - Processing /home/airflow/.local/lib/python3.9/site-packages/airflow/example_dags/example_complex.py took 0.398 seconds
[2022-11-19T10:19:24.704+0000] {processor.py:154} INFO - Started process (PID=471) to work on /home/airflow/.local/lib/python3.9/site-packages/airflow/example_dags/example_complex.py
[2022-11-19T10:19:24.706+0000] {processor.py:756} INFO - Processing file /home/airflow/.local/lib/python3.9/site-packages/airflow/example_dags/example_complex.py for tasks to queue
[2022-11-19T10:19:24.708+0000] {logging_mixin.py:120} INFO - [2022-11-19T10:19:24.708+0000] {dagbag.py:537} INFO - Filling up the DagBag from /home/airflow/.local/lib/python3.9/site-packages/airflow/example_dags/example_complex.py
[2022-11-19T10:19:24.722+0000] {logging_mixin.py:120} INFO - [2022-11-19T10:19:24.722+0000] {taskmixin.py:205} WARNING - Dependency <Task(BashOperator): create_entry_group>, delete_entry_group already registered for DAG: example_complex
[2022-11-19T10:19:24.725+0000] {logging_mixin.py:120} INFO - [2022-11-19T10:19:24.724+0000] {taskmixin.py:205} WARNING - Dependency <Task(BashOperator): delete_entry_group>, create_entry_group already registered for DAG: example_complex
[2022-11-19T10:19:24.726+0000] {logging_mixin.py:120} INFO - [2022-11-19T10:19:24.725+0000] {taskmixin.py:205} WARNING - Dependency <Task(BashOperator): create_entry_gcs>, delete_entry already registered for DAG: example_complex
[2022-11-19T10:19:24.726+0000] {logging_mixin.py:120} INFO - [2022-11-19T10:19:24.726+0000] {taskmixin.py:205} WARNING - Dependency <Task(BashOperator): delete_entry>, create_entry_gcs already registered for DAG: example_complex
[2022-11-19T10:19:24.728+0000] {logging_mixin.py:120} INFO - [2022-11-19T10:19:24.728+0000] {taskmixin.py:205} WARNING - Dependency <Task(BashOperator): create_tag>, delete_tag already registered for DAG: example_complex
[2022-11-19T10:19:24.729+0000] {logging_mixin.py:120} INFO - [2022-11-19T10:19:24.728+0000] {taskmixin.py:205} WARNING - Dependency <Task(BashOperator): delete_tag>, create_tag already registered for DAG: example_complex
[2022-11-19T10:19:24.738+0000] {processor.py:766} INFO - DAG(s) dict_keys(['example_complex']) retrieved from /home/airflow/.local/lib/python3.9/site-packages/airflow/example_dags/example_complex.py
[2022-11-19T10:19:24.822+0000] {logging_mixin.py:120} INFO - [2022-11-19T10:19:24.822+0000] {dag.py:2585} INFO - Sync 1 DAGs
[2022-11-19T10:19:24.869+0000] {logging_mixin.py:120} INFO - [2022-11-19T10:19:24.868+0000] {dag.py:3336} INFO - Setting next_dagrun for example_complex to None, run_after=None
[2022-11-19T10:19:24.906+0000] {processor.py:176} INFO - Processing /home/airflow/.local/lib/python3.9/site-packages/airflow/example_dags/example_complex.py took 0.206 seconds
[2022-11-19T10:19:55.538+0000] {processor.py:154} INFO - Started process (PID=686) to work on /home/airflow/.local/lib/python3.9/site-packages/airflow/example_dags/example_complex.py
[2022-11-19T10:19:55.541+0000] {processor.py:756} INFO - Processing file /home/airflow/.local/lib/python3.9/site-packages/airflow/example_dags/example_complex.py for tasks to queue
[2022-11-19T10:19:55.544+0000] {logging_mixin.py:120} INFO - [2022-11-19T10:19:55.544+0000] {dagbag.py:537} INFO - Filling up the DagBag from /home/airflow/.local/lib/python3.9/site-packages/airflow/example_dags/example_complex.py
[2022-11-19T10:19:55.571+0000] {logging_mixin.py:120} INFO - [2022-11-19T10:19:55.571+0000] {taskmixin.py:205} WARNING - Dependency <Task(BashOperator): create_entry_group>, delete_entry_group already registered for DAG: example_complex
[2022-11-19T10:19:55.573+0000] {logging_mixin.py:120} INFO - [2022-11-19T10:19:55.573+0000] {taskmixin.py:205} WARNING - Dependency <Task(BashOperator): delete_entry_group>, create_entry_group already registered for DAG: example_complex
[2022-11-19T10:19:55.575+0000] {logging_mixin.py:120} INFO - [2022-11-19T10:19:55.575+0000] {taskmixin.py:205} WARNING - Dependency <Task(BashOperator): create_entry_gcs>, delete_entry already registered for DAG: example_complex
[2022-11-19T10:19:55.577+0000] {logging_mixin.py:120} INFO - [2022-11-19T10:19:55.576+0000] {taskmixin.py:205} WARNING - Dependency <Task(BashOperator): delete_entry>, create_entry_gcs already registered for DAG: example_complex
[2022-11-19T10:19:55.579+0000] {logging_mixin.py:120} INFO - [2022-11-19T10:19:55.579+0000] {taskmixin.py:205} WARNING - Dependency <Task(BashOperator): create_tag>, delete_tag already registered for DAG: example_complex
[2022-11-19T10:19:55.581+0000] {logging_mixin.py:120} INFO - [2022-11-19T10:19:55.580+0000] {taskmixin.py:205} WARNING - Dependency <Task(BashOperator): delete_tag>, create_tag already registered for DAG: example_complex
[2022-11-19T10:19:55.597+0000] {processor.py:766} INFO - DAG(s) dict_keys(['example_complex']) retrieved from /home/airflow/.local/lib/python3.9/site-packages/airflow/example_dags/example_complex.py
[2022-11-19T10:19:55.674+0000] {logging_mixin.py:120} INFO - [2022-11-19T10:19:55.674+0000] {dag.py:2585} INFO - Sync 1 DAGs
[2022-11-19T10:19:55.724+0000] {logging_mixin.py:120} INFO - [2022-11-19T10:19:55.724+0000] {dag.py:3336} INFO - Setting next_dagrun for example_complex to None, run_after=None
[2022-11-19T10:19:55.757+0000] {processor.py:176} INFO - Processing /home/airflow/.local/lib/python3.9/site-packages/airflow/example_dags/example_complex.py took 0.226 seconds
[2022-11-19T10:20:26.066+0000] {processor.py:154} INFO - Started process (PID=909) to work on /home/airflow/.local/lib/python3.9/site-packages/airflow/example_dags/example_complex.py
[2022-11-19T10:20:26.067+0000] {processor.py:756} INFO - Processing file /home/airflow/.local/lib/python3.9/site-packages/airflow/example_dags/example_complex.py for tasks to queue
[2022-11-19T10:20:26.069+0000] {logging_mixin.py:120} INFO - [2022-11-19T10:20:26.068+0000] {dagbag.py:537} INFO - Filling up the DagBag from /home/airflow/.local/lib/python3.9/site-packages/airflow/example_dags/example_complex.py
[2022-11-19T10:20:26.082+0000] {logging_mixin.py:120} INFO - [2022-11-19T10:20:26.082+0000] {taskmixin.py:205} WARNING - Dependency <Task(BashOperator): create_entry_group>, delete_entry_group already registered for DAG: example_complex
[2022-11-19T10:20:26.083+0000] {logging_mixin.py:120} INFO - [2022-11-19T10:20:26.083+0000] {taskmixin.py:205} WARNING - Dependency <Task(BashOperator): delete_entry_group>, create_entry_group already registered for DAG: example_complex
[2022-11-19T10:20:26.085+0000] {logging_mixin.py:120} INFO - [2022-11-19T10:20:26.084+0000] {taskmixin.py:205} WARNING - Dependency <Task(BashOperator): create_entry_gcs>, delete_entry already registered for DAG: example_complex
[2022-11-19T10:20:26.086+0000] {logging_mixin.py:120} INFO - [2022-11-19T10:20:26.085+0000] {taskmixin.py:205} WARNING - Dependency <Task(BashOperator): delete_entry>, create_entry_gcs already registered for DAG: example_complex
[2022-11-19T10:20:26.087+0000] {logging_mixin.py:120} INFO - [2022-11-19T10:20:26.086+0000] {taskmixin.py:205} WARNING - Dependency <Task(BashOperator): create_tag>, delete_tag already registered for DAG: example_complex
[2022-11-19T10:20:26.087+0000] {logging_mixin.py:120} INFO - [2022-11-19T10:20:26.087+0000] {taskmixin.py:205} WARNING - Dependency <Task(BashOperator): delete_tag>, create_tag already registered for DAG: example_complex
[2022-11-19T10:20:26.099+0000] {processor.py:766} INFO - DAG(s) dict_keys(['example_complex']) retrieved from /home/airflow/.local/lib/python3.9/site-packages/airflow/example_dags/example_complex.py
[2022-11-19T10:20:26.160+0000] {logging_mixin.py:120} INFO - [2022-11-19T10:20:26.160+0000] {dag.py:2585} INFO - Sync 1 DAGs
[2022-11-19T10:20:26.196+0000] {logging_mixin.py:120} INFO - [2022-11-19T10:20:26.195+0000] {dag.py:3336} INFO - Setting next_dagrun for example_complex to None, run_after=None
[2022-11-19T10:20:26.226+0000] {processor.py:176} INFO - Processing /home/airflow/.local/lib/python3.9/site-packages/airflow/example_dags/example_complex.py took 0.164 seconds
[2022-11-19T10:20:57.344+0000] {processor.py:154} INFO - Started process (PID=1131) to work on /home/airflow/.local/lib/python3.9/site-packages/airflow/example_dags/example_complex.py
[2022-11-19T10:20:57.372+0000] {processor.py:756} INFO - Processing file /home/airflow/.local/lib/python3.9/site-packages/airflow/example_dags/example_complex.py for tasks to queue
[2022-11-19T10:20:57.375+0000] {logging_mixin.py:120} INFO - [2022-11-19T10:20:57.374+0000] {dagbag.py:537} INFO - Filling up the DagBag from /home/airflow/.local/lib/python3.9/site-packages/airflow/example_dags/example_complex.py
[2022-11-19T10:20:57.390+0000] {logging_mixin.py:120} INFO - [2022-11-19T10:20:57.389+0000] {taskmixin.py:205} WARNING - Dependency <Task(BashOperator): create_entry_group>, delete_entry_group already registered for DAG: example_complex
[2022-11-19T10:20:57.391+0000] {logging_mixin.py:120} INFO - [2022-11-19T10:20:57.391+0000] {taskmixin.py:205} WARNING - Dependency <Task(BashOperator): delete_entry_group>, create_entry_group already registered for DAG: example_complex
[2022-11-19T10:20:57.412+0000] {logging_mixin.py:120} INFO - [2022-11-19T10:20:57.412+0000] {taskmixin.py:205} WARNING - Dependency <Task(BashOperator): create_entry_gcs>, delete_entry already registered for DAG: example_complex
[2022-11-19T10:20:57.413+0000] {logging_mixin.py:120} INFO - [2022-11-19T10:20:57.412+0000] {taskmixin.py:205} WARNING - Dependency <Task(BashOperator): delete_entry>, create_entry_gcs already registered for DAG: example_complex
[2022-11-19T10:20:57.414+0000] {logging_mixin.py:120} INFO - [2022-11-19T10:20:57.414+0000] {taskmixin.py:205} WARNING - Dependency <Task(BashOperator): create_tag>, delete_tag already registered for DAG: example_complex
[2022-11-19T10:20:57.415+0000] {logging_mixin.py:120} INFO - [2022-11-19T10:20:57.415+0000] {taskmixin.py:205} WARNING - Dependency <Task(BashOperator): delete_tag>, create_tag already registered for DAG: example_complex
[2022-11-19T10:20:57.425+0000] {processor.py:766} INFO - DAG(s) dict_keys(['example_complex']) retrieved from /home/airflow/.local/lib/python3.9/site-packages/airflow/example_dags/example_complex.py
[2022-11-19T10:20:57.488+0000] {logging_mixin.py:120} INFO - [2022-11-19T10:20:57.488+0000] {dag.py:2585} INFO - Sync 1 DAGs
[2022-11-19T10:20:57.520+0000] {logging_mixin.py:120} INFO - [2022-11-19T10:20:57.520+0000] {dag.py:3336} INFO - Setting next_dagrun for example_complex to None, run_after=None
[2022-11-19T10:20:57.549+0000] {processor.py:176} INFO - Processing /home/airflow/.local/lib/python3.9/site-packages/airflow/example_dags/example_complex.py took 0.210 seconds
