[2022-11-19T10:18:59.886+0000] {processor.py:154} INFO - Started process (PID=368) to work on /home/airflow/.local/lib/python3.9/site-packages/airflow/example_dags/example_short_circuit_operator.py
[2022-11-19T10:18:59.889+0000] {processor.py:756} INFO - Processing file /home/airflow/.local/lib/python3.9/site-packages/airflow/example_dags/example_short_circuit_operator.py for tasks to queue
[2022-11-19T10:18:59.891+0000] {logging_mixin.py:120} INFO - [2022-11-19T10:18:59.891+0000] {dagbag.py:537} INFO - Filling up the DagBag from /home/airflow/.local/lib/python3.9/site-packages/airflow/example_dags/example_short_circuit_operator.py
[2022-11-19T10:18:59.917+0000] {processor.py:766} INFO - DAG(s) dict_keys(['example_short_circuit_operator']) retrieved from /home/airflow/.local/lib/python3.9/site-packages/airflow/example_dags/example_short_circuit_operator.py
[2022-11-19T10:19:00.099+0000] {logging_mixin.py:120} INFO - [2022-11-19T10:19:00.099+0000] {manager.py:507} INFO - Created Permission View: can edit on DAG:example_short_circuit_operator
[2022-11-19T10:19:00.110+0000] {logging_mixin.py:120} INFO - [2022-11-19T10:19:00.110+0000] {manager.py:507} INFO - Created Permission View: can read on DAG:example_short_circuit_operator
[2022-11-19T10:19:00.121+0000] {logging_mixin.py:120} INFO - [2022-11-19T10:19:00.121+0000] {manager.py:507} INFO - Created Permission View: can delete on DAG:example_short_circuit_operator
[2022-11-19T10:19:00.123+0000] {logging_mixin.py:120} INFO - [2022-11-19T10:19:00.122+0000] {dag.py:2585} INFO - Sync 1 DAGs
[2022-11-19T10:19:00.145+0000] {logging_mixin.py:120} INFO - [2022-11-19T10:19:00.144+0000] {dag.py:2606} INFO - Creating ORM DAG for example_short_circuit_operator
[2022-11-19T10:19:00.187+0000] {logging_mixin.py:120} INFO - [2022-11-19T10:19:00.187+0000] {dag.py:3336} INFO - Setting next_dagrun for example_short_circuit_operator to 2022-11-18T10:19:00.187452+00:00, run_after=2022-11-19T10:19:00.187452+00:00
[2022-11-19T10:19:00.254+0000] {processor.py:176} INFO - Processing /home/airflow/.local/lib/python3.9/site-packages/airflow/example_dags/example_short_circuit_operator.py took 0.373 seconds
[2022-11-19T10:19:31.254+0000] {processor.py:154} INFO - Started process (PID=584) to work on /home/airflow/.local/lib/python3.9/site-packages/airflow/example_dags/example_short_circuit_operator.py
[2022-11-19T10:19:31.258+0000] {processor.py:756} INFO - Processing file /home/airflow/.local/lib/python3.9/site-packages/airflow/example_dags/example_short_circuit_operator.py for tasks to queue
[2022-11-19T10:19:31.259+0000] {logging_mixin.py:120} INFO - [2022-11-19T10:19:31.259+0000] {dagbag.py:537} INFO - Filling up the DagBag from /home/airflow/.local/lib/python3.9/site-packages/airflow/example_dags/example_short_circuit_operator.py
[2022-11-19T10:19:31.283+0000] {processor.py:766} INFO - DAG(s) dict_keys(['example_short_circuit_operator']) retrieved from /home/airflow/.local/lib/python3.9/site-packages/airflow/example_dags/example_short_circuit_operator.py
[2022-11-19T10:19:31.340+0000] {logging_mixin.py:120} INFO - [2022-11-19T10:19:31.340+0000] {dag.py:2585} INFO - Sync 1 DAGs
[2022-11-19T10:19:31.370+0000] {logging_mixin.py:120} INFO - [2022-11-19T10:19:31.370+0000] {dag.py:3336} INFO - Setting next_dagrun for example_short_circuit_operator to 2022-11-18T10:19:31.370464+00:00, run_after=2022-11-19T10:19:31.370464+00:00
[2022-11-19T10:19:31.396+0000] {processor.py:176} INFO - Processing /home/airflow/.local/lib/python3.9/site-packages/airflow/example_dags/example_short_circuit_operator.py took 0.146 seconds
[2022-11-19T10:20:02.058+0000] {processor.py:154} INFO - Started process (PID=808) to work on /home/airflow/.local/lib/python3.9/site-packages/airflow/example_dags/example_short_circuit_operator.py
[2022-11-19T10:20:02.060+0000] {processor.py:756} INFO - Processing file /home/airflow/.local/lib/python3.9/site-packages/airflow/example_dags/example_short_circuit_operator.py for tasks to queue
[2022-11-19T10:20:02.062+0000] {logging_mixin.py:120} INFO - [2022-11-19T10:20:02.062+0000] {dagbag.py:537} INFO - Filling up the DagBag from /home/airflow/.local/lib/python3.9/site-packages/airflow/example_dags/example_short_circuit_operator.py
[2022-11-19T10:20:02.089+0000] {processor.py:766} INFO - DAG(s) dict_keys(['example_short_circuit_operator']) retrieved from /home/airflow/.local/lib/python3.9/site-packages/airflow/example_dags/example_short_circuit_operator.py
[2022-11-19T10:20:02.142+0000] {logging_mixin.py:120} INFO - [2022-11-19T10:20:02.142+0000] {dag.py:2585} INFO - Sync 1 DAGs
[2022-11-19T10:20:02.197+0000] {logging_mixin.py:120} INFO - [2022-11-19T10:20:02.197+0000] {dag.py:3336} INFO - Setting next_dagrun for example_short_circuit_operator to 2022-11-18T10:20:02.197069+00:00, run_after=2022-11-19T10:20:02.197069+00:00
[2022-11-19T10:20:02.237+0000] {processor.py:176} INFO - Processing /home/airflow/.local/lib/python3.9/site-packages/airflow/example_dags/example_short_circuit_operator.py took 0.184 seconds
[2022-11-19T10:20:32.615+0000] {processor.py:154} INFO - Started process (PID=1022) to work on /home/airflow/.local/lib/python3.9/site-packages/airflow/example_dags/example_short_circuit_operator.py
[2022-11-19T10:20:32.618+0000] {processor.py:756} INFO - Processing file /home/airflow/.local/lib/python3.9/site-packages/airflow/example_dags/example_short_circuit_operator.py for tasks to queue
[2022-11-19T10:20:32.620+0000] {logging_mixin.py:120} INFO - [2022-11-19T10:20:32.620+0000] {dagbag.py:537} INFO - Filling up the DagBag from /home/airflow/.local/lib/python3.9/site-packages/airflow/example_dags/example_short_circuit_operator.py
[2022-11-19T10:20:32.642+0000] {processor.py:766} INFO - DAG(s) dict_keys(['example_short_circuit_operator']) retrieved from /home/airflow/.local/lib/python3.9/site-packages/airflow/example_dags/example_short_circuit_operator.py
[2022-11-19T10:20:32.695+0000] {logging_mixin.py:120} INFO - [2022-11-19T10:20:32.695+0000] {dag.py:2585} INFO - Sync 1 DAGs
[2022-11-19T10:20:32.728+0000] {logging_mixin.py:120} INFO - [2022-11-19T10:20:32.727+0000] {dag.py:3336} INFO - Setting next_dagrun for example_short_circuit_operator to 2022-11-18T10:20:32.727438+00:00, run_after=2022-11-19T10:20:32.727438+00:00
[2022-11-19T10:20:32.760+0000] {processor.py:176} INFO - Processing /home/airflow/.local/lib/python3.9/site-packages/airflow/example_dags/example_short_circuit_operator.py took 0.149 seconds
[2022-11-19T10:21:02.817+0000] {processor.py:154} INFO - Started process (PID=1244) to work on /home/airflow/.local/lib/python3.9/site-packages/airflow/example_dags/example_short_circuit_operator.py
[2022-11-19T10:21:02.819+0000] {processor.py:756} INFO - Processing file /home/airflow/.local/lib/python3.9/site-packages/airflow/example_dags/example_short_circuit_operator.py for tasks to queue
[2022-11-19T10:21:02.820+0000] {logging_mixin.py:120} INFO - [2022-11-19T10:21:02.820+0000] {dagbag.py:537} INFO - Filling up the DagBag from /home/airflow/.local/lib/python3.9/site-packages/airflow/example_dags/example_short_circuit_operator.py
[2022-11-19T10:21:02.842+0000] {processor.py:766} INFO - DAG(s) dict_keys(['example_short_circuit_operator']) retrieved from /home/airflow/.local/lib/python3.9/site-packages/airflow/example_dags/example_short_circuit_operator.py
[2022-11-19T10:21:02.902+0000] {logging_mixin.py:120} INFO - [2022-11-19T10:21:02.902+0000] {dag.py:2585} INFO - Sync 1 DAGs
[2022-11-19T10:21:02.935+0000] {logging_mixin.py:120} INFO - [2022-11-19T10:21:02.935+0000] {dag.py:3336} INFO - Setting next_dagrun for example_short_circuit_operator to 2022-11-18T10:21:02.934745+00:00, run_after=2022-11-19T10:21:02.934745+00:00
[2022-11-19T10:21:02.966+0000] {processor.py:176} INFO - Processing /home/airflow/.local/lib/python3.9/site-packages/airflow/example_dags/example_short_circuit_operator.py took 0.154 seconds
