[2022-11-19T10:18:59.118+0000] {processor.py:154} INFO - Started process (PID=347) to work on /home/airflow/.local/lib/python3.9/site-packages/airflow/example_dags/example_task_group.py
[2022-11-19T10:18:59.123+0000] {processor.py:756} INFO - Processing file /home/airflow/.local/lib/python3.9/site-packages/airflow/example_dags/example_task_group.py for tasks to queue
[2022-11-19T10:18:59.124+0000] {logging_mixin.py:120} INFO - [2022-11-19T10:18:59.124+0000] {dagbag.py:537} INFO - Filling up the DagBag from /home/airflow/.local/lib/python3.9/site-packages/airflow/example_dags/example_task_group.py
[2022-11-19T10:18:59.146+0000] {processor.py:766} INFO - DAG(s) dict_keys(['example_task_group']) retrieved from /home/airflow/.local/lib/python3.9/site-packages/airflow/example_dags/example_task_group.py
[2022-11-19T10:18:59.431+0000] {logging_mixin.py:120} INFO - [2022-11-19T10:18:59.431+0000] {manager.py:507} INFO - Created Permission View: can edit on DAG:example_task_group
[2022-11-19T10:18:59.451+0000] {logging_mixin.py:120} INFO - [2022-11-19T10:18:59.450+0000] {manager.py:507} INFO - Created Permission View: can read on DAG:example_task_group
[2022-11-19T10:18:59.467+0000] {logging_mixin.py:120} INFO - [2022-11-19T10:18:59.467+0000] {manager.py:507} INFO - Created Permission View: can delete on DAG:example_task_group
[2022-11-19T10:18:59.469+0000] {logging_mixin.py:120} INFO - [2022-11-19T10:18:59.469+0000] {dag.py:2585} INFO - Sync 1 DAGs
[2022-11-19T10:18:59.495+0000] {logging_mixin.py:120} INFO - [2022-11-19T10:18:59.494+0000] {dag.py:2606} INFO - Creating ORM DAG for example_task_group
[2022-11-19T10:18:59.519+0000] {logging_mixin.py:120} INFO - [2022-11-19T10:18:59.519+0000] {dag.py:3336} INFO - Setting next_dagrun for example_task_group to 2022-11-18T10:18:59.518974+00:00, run_after=2022-11-19T10:18:59.518974+00:00
[2022-11-19T10:18:59.592+0000] {processor.py:176} INFO - Processing /home/airflow/.local/lib/python3.9/site-packages/airflow/example_dags/example_task_group.py took 0.480 seconds
[2022-11-19T10:19:30.056+0000] {processor.py:154} INFO - Started process (PID=571) to work on /home/airflow/.local/lib/python3.9/site-packages/airflow/example_dags/example_task_group.py
[2022-11-19T10:19:30.058+0000] {processor.py:756} INFO - Processing file /home/airflow/.local/lib/python3.9/site-packages/airflow/example_dags/example_task_group.py for tasks to queue
[2022-11-19T10:19:30.059+0000] {logging_mixin.py:120} INFO - [2022-11-19T10:19:30.059+0000] {dagbag.py:537} INFO - Filling up the DagBag from /home/airflow/.local/lib/python3.9/site-packages/airflow/example_dags/example_task_group.py
[2022-11-19T10:19:30.080+0000] {processor.py:766} INFO - DAG(s) dict_keys(['example_task_group']) retrieved from /home/airflow/.local/lib/python3.9/site-packages/airflow/example_dags/example_task_group.py
[2022-11-19T10:19:30.136+0000] {logging_mixin.py:120} INFO - [2022-11-19T10:19:30.136+0000] {dag.py:2585} INFO - Sync 1 DAGs
[2022-11-19T10:19:30.168+0000] {logging_mixin.py:120} INFO - [2022-11-19T10:19:30.168+0000] {dag.py:3336} INFO - Setting next_dagrun for example_task_group to 2022-11-18T10:19:30.168140+00:00, run_after=2022-11-19T10:19:30.168140+00:00
[2022-11-19T10:19:30.196+0000] {processor.py:176} INFO - Processing /home/airflow/.local/lib/python3.9/site-packages/airflow/example_dags/example_task_group.py took 0.144 seconds
[2022-11-19T10:20:00.827+0000] {processor.py:154} INFO - Started process (PID=794) to work on /home/airflow/.local/lib/python3.9/site-packages/airflow/example_dags/example_task_group.py
[2022-11-19T10:20:00.829+0000] {processor.py:756} INFO - Processing file /home/airflow/.local/lib/python3.9/site-packages/airflow/example_dags/example_task_group.py for tasks to queue
[2022-11-19T10:20:00.830+0000] {logging_mixin.py:120} INFO - [2022-11-19T10:20:00.830+0000] {dagbag.py:537} INFO - Filling up the DagBag from /home/airflow/.local/lib/python3.9/site-packages/airflow/example_dags/example_task_group.py
[2022-11-19T10:20:00.852+0000] {processor.py:766} INFO - DAG(s) dict_keys(['example_task_group']) retrieved from /home/airflow/.local/lib/python3.9/site-packages/airflow/example_dags/example_task_group.py
[2022-11-19T10:20:00.914+0000] {logging_mixin.py:120} INFO - [2022-11-19T10:20:00.914+0000] {dag.py:2585} INFO - Sync 1 DAGs
[2022-11-19T10:20:00.959+0000] {logging_mixin.py:120} INFO - [2022-11-19T10:20:00.959+0000] {dag.py:3336} INFO - Setting next_dagrun for example_task_group to 2022-11-18T10:20:00.959103+00:00, run_after=2022-11-19T10:20:00.959103+00:00
[2022-11-19T10:20:00.992+0000] {processor.py:176} INFO - Processing /home/airflow/.local/lib/python3.9/site-packages/airflow/example_dags/example_task_group.py took 0.169 seconds
[2022-11-19T10:20:31.429+0000] {processor.py:154} INFO - Started process (PID=1009) to work on /home/airflow/.local/lib/python3.9/site-packages/airflow/example_dags/example_task_group.py
[2022-11-19T10:20:31.432+0000] {processor.py:756} INFO - Processing file /home/airflow/.local/lib/python3.9/site-packages/airflow/example_dags/example_task_group.py for tasks to queue
[2022-11-19T10:20:31.433+0000] {logging_mixin.py:120} INFO - [2022-11-19T10:20:31.433+0000] {dagbag.py:537} INFO - Filling up the DagBag from /home/airflow/.local/lib/python3.9/site-packages/airflow/example_dags/example_task_group.py
[2022-11-19T10:20:31.455+0000] {processor.py:766} INFO - DAG(s) dict_keys(['example_task_group']) retrieved from /home/airflow/.local/lib/python3.9/site-packages/airflow/example_dags/example_task_group.py
[2022-11-19T10:20:31.511+0000] {logging_mixin.py:120} INFO - [2022-11-19T10:20:31.511+0000] {dag.py:2585} INFO - Sync 1 DAGs
[2022-11-19T10:20:31.542+0000] {logging_mixin.py:120} INFO - [2022-11-19T10:20:31.541+0000] {dag.py:3336} INFO - Setting next_dagrun for example_task_group to 2022-11-18T10:20:31.541596+00:00, run_after=2022-11-19T10:20:31.541596+00:00
[2022-11-19T10:20:31.565+0000] {processor.py:176} INFO - Processing /home/airflow/.local/lib/python3.9/site-packages/airflow/example_dags/example_task_group.py took 0.139 seconds
[2022-11-19T10:21:01.624+0000] {processor.py:154} INFO - Started process (PID=1231) to work on /home/airflow/.local/lib/python3.9/site-packages/airflow/example_dags/example_task_group.py
[2022-11-19T10:21:01.625+0000] {processor.py:756} INFO - Processing file /home/airflow/.local/lib/python3.9/site-packages/airflow/example_dags/example_task_group.py for tasks to queue
[2022-11-19T10:21:01.627+0000] {logging_mixin.py:120} INFO - [2022-11-19T10:21:01.626+0000] {dagbag.py:537} INFO - Filling up the DagBag from /home/airflow/.local/lib/python3.9/site-packages/airflow/example_dags/example_task_group.py
[2022-11-19T10:21:01.648+0000] {processor.py:766} INFO - DAG(s) dict_keys(['example_task_group']) retrieved from /home/airflow/.local/lib/python3.9/site-packages/airflow/example_dags/example_task_group.py
[2022-11-19T10:21:01.702+0000] {logging_mixin.py:120} INFO - [2022-11-19T10:21:01.702+0000] {dag.py:2585} INFO - Sync 1 DAGs
[2022-11-19T10:21:01.732+0000] {logging_mixin.py:120} INFO - [2022-11-19T10:21:01.732+0000] {dag.py:3336} INFO - Setting next_dagrun for example_task_group to 2022-11-18T10:21:01.731940+00:00, run_after=2022-11-19T10:21:01.731940+00:00
[2022-11-19T10:21:01.755+0000] {processor.py:176} INFO - Processing /home/airflow/.local/lib/python3.9/site-packages/airflow/example_dags/example_task_group.py took 0.135 seconds
