[2022-11-19T10:19:00.448+0000] {processor.py:154} INFO - Started process (PID=376) to work on /home/airflow/.local/lib/python3.9/site-packages/airflow/example_dags/example_external_task_marker_dag.py
[2022-11-19T10:19:00.460+0000] {processor.py:756} INFO - Processing file /home/airflow/.local/lib/python3.9/site-packages/airflow/example_dags/example_external_task_marker_dag.py for tasks to queue
[2022-11-19T10:19:00.467+0000] {logging_mixin.py:120} INFO - [2022-11-19T10:19:00.466+0000] {dagbag.py:537} INFO - Filling up the DagBag from /home/airflow/.local/lib/python3.9/site-packages/airflow/example_dags/example_external_task_marker_dag.py
[2022-11-19T10:19:00.543+0000] {processor.py:766} INFO - DAG(s) dict_keys(['example_external_task_marker_child', 'example_external_task_marker_parent']) retrieved from /home/airflow/.local/lib/python3.9/site-packages/airflow/example_dags/example_external_task_marker_dag.py
[2022-11-19T10:19:01.506+0000] {logging_mixin.py:120} INFO - [2022-11-19T10:19:01.506+0000] {manager.py:507} INFO - Created Permission View: can edit on DAG:example_external_task_marker_child
[2022-11-19T10:19:01.535+0000] {logging_mixin.py:120} INFO - [2022-11-19T10:19:01.535+0000] {manager.py:507} INFO - Created Permission View: can read on DAG:example_external_task_marker_child
[2022-11-19T10:19:01.555+0000] {logging_mixin.py:120} INFO - [2022-11-19T10:19:01.554+0000] {manager.py:507} INFO - Created Permission View: can delete on DAG:example_external_task_marker_child
[2022-11-19T10:19:01.611+0000] {logging_mixin.py:120} INFO - [2022-11-19T10:19:01.610+0000] {manager.py:507} INFO - Created Permission View: can edit on DAG:example_external_task_marker_parent
[2022-11-19T10:19:01.638+0000] {logging_mixin.py:120} INFO - [2022-11-19T10:19:01.637+0000] {manager.py:507} INFO - Created Permission View: can read on DAG:example_external_task_marker_parent
[2022-11-19T10:19:01.667+0000] {logging_mixin.py:120} INFO - [2022-11-19T10:19:01.667+0000] {manager.py:507} INFO - Created Permission View: can delete on DAG:example_external_task_marker_parent
[2022-11-19T10:19:01.669+0000] {logging_mixin.py:120} INFO - [2022-11-19T10:19:01.668+0000] {dag.py:2585} INFO - Sync 2 DAGs
[2022-11-19T10:19:01.715+0000] {logging_mixin.py:120} INFO - [2022-11-19T10:19:01.715+0000] {dag.py:2606} INFO - Creating ORM DAG for example_external_task_marker_child
[2022-11-19T10:19:01.718+0000] {logging_mixin.py:120} INFO - [2022-11-19T10:19:01.717+0000] {dag.py:2606} INFO - Creating ORM DAG for example_external_task_marker_parent
[2022-11-19T10:19:01.748+0000] {logging_mixin.py:120} INFO - [2022-11-19T10:19:01.747+0000] {dag.py:3336} INFO - Setting next_dagrun for example_external_task_marker_child to None, run_after=None
[2022-11-19T10:19:01.750+0000] {logging_mixin.py:120} INFO - [2022-11-19T10:19:01.750+0000] {dag.py:3336} INFO - Setting next_dagrun for example_external_task_marker_parent to None, run_after=None
[2022-11-19T10:19:01.822+0000] {processor.py:176} INFO - Processing /home/airflow/.local/lib/python3.9/site-packages/airflow/example_dags/example_external_task_marker_dag.py took 1.393 seconds
[2022-11-19T10:19:32.453+0000] {processor.py:154} INFO - Started process (PID=596) to work on /home/airflow/.local/lib/python3.9/site-packages/airflow/example_dags/example_external_task_marker_dag.py
[2022-11-19T10:19:32.456+0000] {processor.py:756} INFO - Processing file /home/airflow/.local/lib/python3.9/site-packages/airflow/example_dags/example_external_task_marker_dag.py for tasks to queue
[2022-11-19T10:19:32.458+0000] {logging_mixin.py:120} INFO - [2022-11-19T10:19:32.457+0000] {dagbag.py:537} INFO - Filling up the DagBag from /home/airflow/.local/lib/python3.9/site-packages/airflow/example_dags/example_external_task_marker_dag.py
[2022-11-19T10:19:32.476+0000] {processor.py:766} INFO - DAG(s) dict_keys(['example_external_task_marker_parent', 'example_external_task_marker_child']) retrieved from /home/airflow/.local/lib/python3.9/site-packages/airflow/example_dags/example_external_task_marker_dag.py
[2022-11-19T10:19:32.789+0000] {logging_mixin.py:120} INFO - [2022-11-19T10:19:32.789+0000] {dag.py:2585} INFO - Sync 2 DAGs
[2022-11-19T10:19:32.819+0000] {logging_mixin.py:120} INFO - [2022-11-19T10:19:32.819+0000] {dag.py:3336} INFO - Setting next_dagrun for example_external_task_marker_child to None, run_after=None
[2022-11-19T10:19:32.824+0000] {logging_mixin.py:120} INFO - [2022-11-19T10:19:32.824+0000] {dag.py:3336} INFO - Setting next_dagrun for example_external_task_marker_parent to None, run_after=None
[2022-11-19T10:19:32.845+0000] {processor.py:176} INFO - Processing /home/airflow/.local/lib/python3.9/site-packages/airflow/example_dags/example_external_task_marker_dag.py took 0.397 seconds
[2022-11-19T10:20:03.315+0000] {processor.py:154} INFO - Started process (PID=820) to work on /home/airflow/.local/lib/python3.9/site-packages/airflow/example_dags/example_external_task_marker_dag.py
[2022-11-19T10:20:03.318+0000] {processor.py:756} INFO - Processing file /home/airflow/.local/lib/python3.9/site-packages/airflow/example_dags/example_external_task_marker_dag.py for tasks to queue
[2022-11-19T10:20:03.319+0000] {logging_mixin.py:120} INFO - [2022-11-19T10:20:03.319+0000] {dagbag.py:537} INFO - Filling up the DagBag from /home/airflow/.local/lib/python3.9/site-packages/airflow/example_dags/example_external_task_marker_dag.py
[2022-11-19T10:20:03.341+0000] {processor.py:766} INFO - DAG(s) dict_keys(['example_external_task_marker_child', 'example_external_task_marker_parent']) retrieved from /home/airflow/.local/lib/python3.9/site-packages/airflow/example_dags/example_external_task_marker_dag.py
[2022-11-19T10:20:03.664+0000] {logging_mixin.py:120} INFO - [2022-11-19T10:20:03.663+0000] {dag.py:2585} INFO - Sync 2 DAGs
[2022-11-19T10:20:03.693+0000] {logging_mixin.py:120} INFO - [2022-11-19T10:20:03.693+0000] {dag.py:3336} INFO - Setting next_dagrun for example_external_task_marker_child to None, run_after=None
[2022-11-19T10:20:03.698+0000] {logging_mixin.py:120} INFO - [2022-11-19T10:20:03.698+0000] {dag.py:3336} INFO - Setting next_dagrun for example_external_task_marker_parent to None, run_after=None
[2022-11-19T10:20:03.722+0000] {processor.py:176} INFO - Processing /home/airflow/.local/lib/python3.9/site-packages/airflow/example_dags/example_external_task_marker_dag.py took 0.411 seconds
[2022-11-19T10:20:33.808+0000] {processor.py:154} INFO - Started process (PID=1042) to work on /home/airflow/.local/lib/python3.9/site-packages/airflow/example_dags/example_external_task_marker_dag.py
[2022-11-19T10:20:33.810+0000] {processor.py:756} INFO - Processing file /home/airflow/.local/lib/python3.9/site-packages/airflow/example_dags/example_external_task_marker_dag.py for tasks to queue
[2022-11-19T10:20:33.812+0000] {logging_mixin.py:120} INFO - [2022-11-19T10:20:33.811+0000] {dagbag.py:537} INFO - Filling up the DagBag from /home/airflow/.local/lib/python3.9/site-packages/airflow/example_dags/example_external_task_marker_dag.py
[2022-11-19T10:20:33.829+0000] {processor.py:766} INFO - DAG(s) dict_keys(['example_external_task_marker_parent', 'example_external_task_marker_child']) retrieved from /home/airflow/.local/lib/python3.9/site-packages/airflow/example_dags/example_external_task_marker_dag.py
[2022-11-19T10:20:34.138+0000] {logging_mixin.py:120} INFO - [2022-11-19T10:20:34.138+0000] {dag.py:2585} INFO - Sync 2 DAGs
[2022-11-19T10:20:34.166+0000] {logging_mixin.py:120} INFO - [2022-11-19T10:20:34.165+0000] {dag.py:3336} INFO - Setting next_dagrun for example_external_task_marker_child to None, run_after=None
[2022-11-19T10:20:34.170+0000] {logging_mixin.py:120} INFO - [2022-11-19T10:20:34.170+0000] {dag.py:3336} INFO - Setting next_dagrun for example_external_task_marker_parent to None, run_after=None
[2022-11-19T10:20:34.189+0000] {processor.py:176} INFO - Processing /home/airflow/.local/lib/python3.9/site-packages/airflow/example_dags/example_external_task_marker_dag.py took 0.385 seconds
[2022-11-19T10:21:04.246+0000] {processor.py:154} INFO - Started process (PID=1269) to work on /home/airflow/.local/lib/python3.9/site-packages/airflow/example_dags/example_external_task_marker_dag.py
[2022-11-19T10:21:04.252+0000] {processor.py:756} INFO - Processing file /home/airflow/.local/lib/python3.9/site-packages/airflow/example_dags/example_external_task_marker_dag.py for tasks to queue
[2022-11-19T10:21:04.254+0000] {logging_mixin.py:120} INFO - [2022-11-19T10:21:04.254+0000] {dagbag.py:537} INFO - Filling up the DagBag from /home/airflow/.local/lib/python3.9/site-packages/airflow/example_dags/example_external_task_marker_dag.py
[2022-11-19T10:21:04.273+0000] {processor.py:766} INFO - DAG(s) dict_keys(['example_external_task_marker_parent', 'example_external_task_marker_child']) retrieved from /home/airflow/.local/lib/python3.9/site-packages/airflow/example_dags/example_external_task_marker_dag.py
[2022-11-19T10:21:04.541+0000] {logging_mixin.py:120} INFO - [2022-11-19T10:21:04.541+0000] {dag.py:2585} INFO - Sync 2 DAGs
[2022-11-19T10:21:04.567+0000] {logging_mixin.py:120} INFO - [2022-11-19T10:21:04.567+0000] {dag.py:3336} INFO - Setting next_dagrun for example_external_task_marker_child to None, run_after=None
[2022-11-19T10:21:04.571+0000] {logging_mixin.py:120} INFO - [2022-11-19T10:21:04.571+0000] {dag.py:3336} INFO - Setting next_dagrun for example_external_task_marker_parent to None, run_after=None
[2022-11-19T10:21:04.598+0000] {processor.py:176} INFO - Processing /home/airflow/.local/lib/python3.9/site-packages/airflow/example_dags/example_external_task_marker_dag.py took 0.356 seconds
