[2022-11-19T10:18:57.687+0000] {processor.py:154} INFO - Started process (PID=322) to work on /home/airflow/.local/lib/python3.9/site-packages/airflow/example_dags/example_branch_day_of_week_operator.py
[2022-11-19T10:18:57.696+0000] {processor.py:756} INFO - Processing file /home/airflow/.local/lib/python3.9/site-packages/airflow/example_dags/example_branch_day_of_week_operator.py for tasks to queue
[2022-11-19T10:18:57.701+0000] {logging_mixin.py:120} INFO - [2022-11-19T10:18:57.700+0000] {dagbag.py:537} INFO - Filling up the DagBag from /home/airflow/.local/lib/python3.9/site-packages/airflow/example_dags/example_branch_day_of_week_operator.py
[2022-11-19T10:18:57.764+0000] {processor.py:766} INFO - DAG(s) dict_keys(['example_weekday_branch_operator']) retrieved from /home/airflow/.local/lib/python3.9/site-packages/airflow/example_dags/example_branch_day_of_week_operator.py
[2022-11-19T10:18:58.052+0000] {logging_mixin.py:120} INFO - [2022-11-19T10:18:58.052+0000] {manager.py:507} INFO - Created Permission View: can edit on DAG:example_weekday_branch_operator
[2022-11-19T10:18:58.071+0000] {logging_mixin.py:120} INFO - [2022-11-19T10:18:58.071+0000] {manager.py:507} INFO - Created Permission View: can read on DAG:example_weekday_branch_operator
[2022-11-19T10:18:58.087+0000] {logging_mixin.py:120} INFO - [2022-11-19T10:18:58.086+0000] {manager.py:507} INFO - Created Permission View: can delete on DAG:example_weekday_branch_operator
[2022-11-19T10:18:58.088+0000] {logging_mixin.py:120} INFO - [2022-11-19T10:18:58.088+0000] {dag.py:2585} INFO - Sync 1 DAGs
[2022-11-19T10:18:58.127+0000] {logging_mixin.py:120} INFO - [2022-11-19T10:18:58.126+0000] {dag.py:2606} INFO - Creating ORM DAG for example_weekday_branch_operator
[2022-11-19T10:18:58.159+0000] {logging_mixin.py:120} INFO - [2022-11-19T10:18:58.159+0000] {dag.py:3336} INFO - Setting next_dagrun for example_weekday_branch_operator to 2022-11-18T00:00:00+00:00, run_after=2022-11-19T00:00:00+00:00
[2022-11-19T10:18:58.212+0000] {processor.py:176} INFO - Processing /home/airflow/.local/lib/python3.9/site-packages/airflow/example_dags/example_branch_day_of_week_operator.py took 0.532 seconds
[2022-11-19T10:19:28.687+0000] {processor.py:154} INFO - Started process (PID=546) to work on /home/airflow/.local/lib/python3.9/site-packages/airflow/example_dags/example_branch_day_of_week_operator.py
[2022-11-19T10:19:28.690+0000] {processor.py:756} INFO - Processing file /home/airflow/.local/lib/python3.9/site-packages/airflow/example_dags/example_branch_day_of_week_operator.py for tasks to queue
[2022-11-19T10:19:28.691+0000] {logging_mixin.py:120} INFO - [2022-11-19T10:19:28.691+0000] {dagbag.py:537} INFO - Filling up the DagBag from /home/airflow/.local/lib/python3.9/site-packages/airflow/example_dags/example_branch_day_of_week_operator.py
[2022-11-19T10:19:28.713+0000] {processor.py:766} INFO - DAG(s) dict_keys(['example_weekday_branch_operator']) retrieved from /home/airflow/.local/lib/python3.9/site-packages/airflow/example_dags/example_branch_day_of_week_operator.py
[2022-11-19T10:19:28.771+0000] {logging_mixin.py:120} INFO - [2022-11-19T10:19:28.770+0000] {dag.py:2585} INFO - Sync 1 DAGs
[2022-11-19T10:19:28.802+0000] {logging_mixin.py:120} INFO - [2022-11-19T10:19:28.802+0000] {dag.py:3336} INFO - Setting next_dagrun for example_weekday_branch_operator to 2022-11-18T00:00:00+00:00, run_after=2022-11-19T00:00:00+00:00
[2022-11-19T10:19:28.826+0000] {processor.py:176} INFO - Processing /home/airflow/.local/lib/python3.9/site-packages/airflow/example_dags/example_branch_day_of_week_operator.py took 0.144 seconds
[2022-11-19T10:19:59.368+0000] {processor.py:154} INFO - Started process (PID=770) to work on /home/airflow/.local/lib/python3.9/site-packages/airflow/example_dags/example_branch_day_of_week_operator.py
[2022-11-19T10:19:59.371+0000] {processor.py:756} INFO - Processing file /home/airflow/.local/lib/python3.9/site-packages/airflow/example_dags/example_branch_day_of_week_operator.py for tasks to queue
[2022-11-19T10:19:59.373+0000] {logging_mixin.py:120} INFO - [2022-11-19T10:19:59.373+0000] {dagbag.py:537} INFO - Filling up the DagBag from /home/airflow/.local/lib/python3.9/site-packages/airflow/example_dags/example_branch_day_of_week_operator.py
[2022-11-19T10:19:59.401+0000] {processor.py:766} INFO - DAG(s) dict_keys(['example_weekday_branch_operator']) retrieved from /home/airflow/.local/lib/python3.9/site-packages/airflow/example_dags/example_branch_day_of_week_operator.py
[2022-11-19T10:19:59.465+0000] {logging_mixin.py:120} INFO - [2022-11-19T10:19:59.465+0000] {dag.py:2585} INFO - Sync 1 DAGs
[2022-11-19T10:19:59.506+0000] {logging_mixin.py:120} INFO - [2022-11-19T10:19:59.505+0000] {dag.py:3336} INFO - Setting next_dagrun for example_weekday_branch_operator to 2022-11-18T00:00:00+00:00, run_after=2022-11-19T00:00:00+00:00
[2022-11-19T10:19:59.539+0000] {processor.py:176} INFO - Processing /home/airflow/.local/lib/python3.9/site-packages/airflow/example_dags/example_branch_day_of_week_operator.py took 0.175 seconds
[2022-11-19T10:20:30.009+0000] {processor.py:154} INFO - Started process (PID=982) to work on /home/airflow/.local/lib/python3.9/site-packages/airflow/example_dags/example_branch_day_of_week_operator.py
[2022-11-19T10:20:30.012+0000] {processor.py:756} INFO - Processing file /home/airflow/.local/lib/python3.9/site-packages/airflow/example_dags/example_branch_day_of_week_operator.py for tasks to queue
[2022-11-19T10:20:30.013+0000] {logging_mixin.py:120} INFO - [2022-11-19T10:20:30.013+0000] {dagbag.py:537} INFO - Filling up the DagBag from /home/airflow/.local/lib/python3.9/site-packages/airflow/example_dags/example_branch_day_of_week_operator.py
[2022-11-19T10:20:30.034+0000] {processor.py:766} INFO - DAG(s) dict_keys(['example_weekday_branch_operator']) retrieved from /home/airflow/.local/lib/python3.9/site-packages/airflow/example_dags/example_branch_day_of_week_operator.py
[2022-11-19T10:20:30.090+0000] {logging_mixin.py:120} INFO - [2022-11-19T10:20:30.089+0000] {dag.py:2585} INFO - Sync 1 DAGs
[2022-11-19T10:20:30.123+0000] {logging_mixin.py:120} INFO - [2022-11-19T10:20:30.123+0000] {dag.py:3336} INFO - Setting next_dagrun for example_weekday_branch_operator to 2022-11-18T00:00:00+00:00, run_after=2022-11-19T00:00:00+00:00
[2022-11-19T10:20:30.150+0000] {processor.py:176} INFO - Processing /home/airflow/.local/lib/python3.9/site-packages/airflow/example_dags/example_branch_day_of_week_operator.py took 0.146 seconds
[2022-11-19T10:21:00.273+0000] {processor.py:154} INFO - Started process (PID=1206) to work on /home/airflow/.local/lib/python3.9/site-packages/airflow/example_dags/example_branch_day_of_week_operator.py
[2022-11-19T10:21:00.275+0000] {processor.py:756} INFO - Processing file /home/airflow/.local/lib/python3.9/site-packages/airflow/example_dags/example_branch_day_of_week_operator.py for tasks to queue
[2022-11-19T10:21:00.276+0000] {logging_mixin.py:120} INFO - [2022-11-19T10:21:00.276+0000] {dagbag.py:537} INFO - Filling up the DagBag from /home/airflow/.local/lib/python3.9/site-packages/airflow/example_dags/example_branch_day_of_week_operator.py
[2022-11-19T10:21:00.298+0000] {processor.py:766} INFO - DAG(s) dict_keys(['example_weekday_branch_operator']) retrieved from /home/airflow/.local/lib/python3.9/site-packages/airflow/example_dags/example_branch_day_of_week_operator.py
[2022-11-19T10:21:00.351+0000] {logging_mixin.py:120} INFO - [2022-11-19T10:21:00.351+0000] {dag.py:2585} INFO - Sync 1 DAGs
[2022-11-19T10:21:00.385+0000] {logging_mixin.py:120} INFO - [2022-11-19T10:21:00.385+0000] {dag.py:3336} INFO - Setting next_dagrun for example_weekday_branch_operator to 2022-11-18T00:00:00+00:00, run_after=2022-11-19T00:00:00+00:00
[2022-11-19T10:21:00.407+0000] {processor.py:176} INFO - Processing /home/airflow/.local/lib/python3.9/site-packages/airflow/example_dags/example_branch_day_of_week_operator.py took 0.137 seconds
