[2022-11-19T10:18:58.270+0000] {processor.py:154} INFO - Started process (PID=334) to work on /home/airflow/.local/lib/python3.9/site-packages/airflow/example_dags/example_branch_datetime_operator.py
[2022-11-19T10:18:58.274+0000] {processor.py:756} INFO - Processing file /home/airflow/.local/lib/python3.9/site-packages/airflow/example_dags/example_branch_datetime_operator.py for tasks to queue
[2022-11-19T10:18:58.275+0000] {logging_mixin.py:120} INFO - [2022-11-19T10:18:58.275+0000] {dagbag.py:537} INFO - Filling up the DagBag from /home/airflow/.local/lib/python3.9/site-packages/airflow/example_dags/example_branch_datetime_operator.py
[2022-11-19T10:18:58.317+0000] {processor.py:766} INFO - DAG(s) dict_keys(['example_branch_datetime_operator_2', 'example_branch_datetime_operator_3', 'example_branch_datetime_operator']) retrieved from /home/airflow/.local/lib/python3.9/site-packages/airflow/example_dags/example_branch_datetime_operator.py
[2022-11-19T10:18:58.482+0000] {logging_mixin.py:120} INFO - [2022-11-19T10:18:58.482+0000] {manager.py:507} INFO - Created Permission View: can edit on DAG:example_branch_datetime_operator_2
[2022-11-19T10:18:58.493+0000] {logging_mixin.py:120} INFO - [2022-11-19T10:18:58.493+0000] {manager.py:507} INFO - Created Permission View: can read on DAG:example_branch_datetime_operator_2
[2022-11-19T10:18:58.502+0000] {logging_mixin.py:120} INFO - [2022-11-19T10:18:58.502+0000] {manager.py:507} INFO - Created Permission View: can delete on DAG:example_branch_datetime_operator_2
[2022-11-19T10:18:58.518+0000] {logging_mixin.py:120} INFO - [2022-11-19T10:18:58.518+0000] {manager.py:507} INFO - Created Permission View: can edit on DAG:example_branch_datetime_operator_3
[2022-11-19T10:18:58.526+0000] {logging_mixin.py:120} INFO - [2022-11-19T10:18:58.526+0000] {manager.py:507} INFO - Created Permission View: can read on DAG:example_branch_datetime_operator_3
[2022-11-19T10:18:58.535+0000] {logging_mixin.py:120} INFO - [2022-11-19T10:18:58.534+0000] {manager.py:507} INFO - Created Permission View: can delete on DAG:example_branch_datetime_operator_3
[2022-11-19T10:18:58.551+0000] {logging_mixin.py:120} INFO - [2022-11-19T10:18:58.551+0000] {manager.py:507} INFO - Created Permission View: can edit on DAG:example_branch_datetime_operator
[2022-11-19T10:18:58.559+0000] {logging_mixin.py:120} INFO - [2022-11-19T10:18:58.559+0000] {manager.py:507} INFO - Created Permission View: can read on DAG:example_branch_datetime_operator
[2022-11-19T10:18:58.568+0000] {logging_mixin.py:120} INFO - [2022-11-19T10:18:58.568+0000] {manager.py:507} INFO - Created Permission View: can delete on DAG:example_branch_datetime_operator
[2022-11-19T10:18:58.569+0000] {logging_mixin.py:120} INFO - [2022-11-19T10:18:58.569+0000] {dag.py:2585} INFO - Sync 3 DAGs
[2022-11-19T10:18:58.586+0000] {logging_mixin.py:120} INFO - [2022-11-19T10:18:58.585+0000] {dag.py:2606} INFO - Creating ORM DAG for example_branch_datetime_operator_2
[2022-11-19T10:18:58.587+0000] {logging_mixin.py:120} INFO - [2022-11-19T10:18:58.587+0000] {dag.py:2606} INFO - Creating ORM DAG for example_branch_datetime_operator_3
[2022-11-19T10:18:58.588+0000] {logging_mixin.py:120} INFO - [2022-11-19T10:18:58.588+0000] {dag.py:2606} INFO - Creating ORM DAG for example_branch_datetime_operator
[2022-11-19T10:18:58.605+0000] {logging_mixin.py:120} INFO - [2022-11-19T10:18:58.605+0000] {dag.py:3336} INFO - Setting next_dagrun for example_branch_datetime_operator to 2022-11-18T00:00:00+00:00, run_after=2022-11-19T00:00:00+00:00
[2022-11-19T10:18:58.610+0000] {logging_mixin.py:120} INFO - [2022-11-19T10:18:58.610+0000] {dag.py:3336} INFO - Setting next_dagrun for example_branch_datetime_operator_2 to 2022-11-18T00:00:00+00:00, run_after=2022-11-19T00:00:00+00:00
[2022-11-19T10:18:58.615+0000] {logging_mixin.py:120} INFO - [2022-11-19T10:18:58.615+0000] {dag.py:3336} INFO - Setting next_dagrun for example_branch_datetime_operator_3 to 2022-11-18T00:00:00+00:00, run_after=2022-11-19T00:00:00+00:00
[2022-11-19T10:18:58.649+0000] {processor.py:176} INFO - Processing /home/airflow/.local/lib/python3.9/site-packages/airflow/example_dags/example_branch_datetime_operator.py took 0.384 seconds
[2022-11-19T10:19:28.865+0000] {processor.py:154} INFO - Started process (PID=556) to work on /home/airflow/.local/lib/python3.9/site-packages/airflow/example_dags/example_branch_datetime_operator.py
[2022-11-19T10:19:28.867+0000] {processor.py:756} INFO - Processing file /home/airflow/.local/lib/python3.9/site-packages/airflow/example_dags/example_branch_datetime_operator.py for tasks to queue
[2022-11-19T10:19:28.868+0000] {logging_mixin.py:120} INFO - [2022-11-19T10:19:28.868+0000] {dagbag.py:537} INFO - Filling up the DagBag from /home/airflow/.local/lib/python3.9/site-packages/airflow/example_dags/example_branch_datetime_operator.py
[2022-11-19T10:19:28.890+0000] {processor.py:766} INFO - DAG(s) dict_keys(['example_branch_datetime_operator_2', 'example_branch_datetime_operator_3', 'example_branch_datetime_operator']) retrieved from /home/airflow/.local/lib/python3.9/site-packages/airflow/example_dags/example_branch_datetime_operator.py
[2022-11-19T10:19:28.951+0000] {logging_mixin.py:120} INFO - [2022-11-19T10:19:28.951+0000] {dag.py:2585} INFO - Sync 3 DAGs
[2022-11-19T10:19:28.983+0000] {logging_mixin.py:120} INFO - [2022-11-19T10:19:28.983+0000] {dag.py:3336} INFO - Setting next_dagrun for example_branch_datetime_operator to 2022-11-18T00:00:00+00:00, run_after=2022-11-19T00:00:00+00:00
[2022-11-19T10:19:28.989+0000] {logging_mixin.py:120} INFO - [2022-11-19T10:19:28.989+0000] {dag.py:3336} INFO - Setting next_dagrun for example_branch_datetime_operator_2 to 2022-11-18T00:00:00+00:00, run_after=2022-11-19T00:00:00+00:00
[2022-11-19T10:19:28.993+0000] {logging_mixin.py:120} INFO - [2022-11-19T10:19:28.993+0000] {dag.py:3336} INFO - Setting next_dagrun for example_branch_datetime_operator_3 to 2022-11-18T00:00:00+00:00, run_after=2022-11-19T00:00:00+00:00
[2022-11-19T10:19:29.019+0000] {processor.py:176} INFO - Processing /home/airflow/.local/lib/python3.9/site-packages/airflow/example_dags/example_branch_datetime_operator.py took 0.158 seconds
[2022-11-19T10:19:59.591+0000] {processor.py:154} INFO - Started process (PID=780) to work on /home/airflow/.local/lib/python3.9/site-packages/airflow/example_dags/example_branch_datetime_operator.py
[2022-11-19T10:19:59.594+0000] {processor.py:756} INFO - Processing file /home/airflow/.local/lib/python3.9/site-packages/airflow/example_dags/example_branch_datetime_operator.py for tasks to queue
[2022-11-19T10:19:59.596+0000] {logging_mixin.py:120} INFO - [2022-11-19T10:19:59.596+0000] {dagbag.py:537} INFO - Filling up the DagBag from /home/airflow/.local/lib/python3.9/site-packages/airflow/example_dags/example_branch_datetime_operator.py
[2022-11-19T10:19:59.644+0000] {processor.py:766} INFO - DAG(s) dict_keys(['example_branch_datetime_operator_2', 'example_branch_datetime_operator', 'example_branch_datetime_operator_3']) retrieved from /home/airflow/.local/lib/python3.9/site-packages/airflow/example_dags/example_branch_datetime_operator.py
[2022-11-19T10:19:59.704+0000] {logging_mixin.py:120} INFO - [2022-11-19T10:19:59.704+0000] {dag.py:2585} INFO - Sync 3 DAGs
[2022-11-19T10:19:59.738+0000] {logging_mixin.py:120} INFO - [2022-11-19T10:19:59.738+0000] {dag.py:3336} INFO - Setting next_dagrun for example_branch_datetime_operator to 2022-11-18T00:00:00+00:00, run_after=2022-11-19T00:00:00+00:00
[2022-11-19T10:19:59.745+0000] {logging_mixin.py:120} INFO - [2022-11-19T10:19:59.744+0000] {dag.py:3336} INFO - Setting next_dagrun for example_branch_datetime_operator_2 to 2022-11-18T00:00:00+00:00, run_after=2022-11-19T00:00:00+00:00
[2022-11-19T10:19:59.748+0000] {logging_mixin.py:120} INFO - [2022-11-19T10:19:59.748+0000] {dag.py:3336} INFO - Setting next_dagrun for example_branch_datetime_operator_3 to 2022-11-18T00:00:00+00:00, run_after=2022-11-19T00:00:00+00:00
[2022-11-19T10:19:59.769+0000] {processor.py:176} INFO - Processing /home/airflow/.local/lib/python3.9/site-packages/airflow/example_dags/example_branch_datetime_operator.py took 0.182 seconds
[2022-11-19T10:20:30.186+0000] {processor.py:154} INFO - Started process (PID=992) to work on /home/airflow/.local/lib/python3.9/site-packages/airflow/example_dags/example_branch_datetime_operator.py
[2022-11-19T10:20:30.189+0000] {processor.py:756} INFO - Processing file /home/airflow/.local/lib/python3.9/site-packages/airflow/example_dags/example_branch_datetime_operator.py for tasks to queue
[2022-11-19T10:20:30.191+0000] {logging_mixin.py:120} INFO - [2022-11-19T10:20:30.191+0000] {dagbag.py:537} INFO - Filling up the DagBag from /home/airflow/.local/lib/python3.9/site-packages/airflow/example_dags/example_branch_datetime_operator.py
[2022-11-19T10:20:30.213+0000] {processor.py:766} INFO - DAG(s) dict_keys(['example_branch_datetime_operator_3', 'example_branch_datetime_operator', 'example_branch_datetime_operator_2']) retrieved from /home/airflow/.local/lib/python3.9/site-packages/airflow/example_dags/example_branch_datetime_operator.py
[2022-11-19T10:20:30.275+0000] {logging_mixin.py:120} INFO - [2022-11-19T10:20:30.275+0000] {dag.py:2585} INFO - Sync 3 DAGs
[2022-11-19T10:20:30.309+0000] {logging_mixin.py:120} INFO - [2022-11-19T10:20:30.308+0000] {dag.py:3336} INFO - Setting next_dagrun for example_branch_datetime_operator to 2022-11-18T00:00:00+00:00, run_after=2022-11-19T00:00:00+00:00
[2022-11-19T10:20:30.316+0000] {logging_mixin.py:120} INFO - [2022-11-19T10:20:30.316+0000] {dag.py:3336} INFO - Setting next_dagrun for example_branch_datetime_operator_2 to 2022-11-18T00:00:00+00:00, run_after=2022-11-19T00:00:00+00:00
[2022-11-19T10:20:30.320+0000] {logging_mixin.py:120} INFO - [2022-11-19T10:20:30.320+0000] {dag.py:3336} INFO - Setting next_dagrun for example_branch_datetime_operator_3 to 2022-11-18T00:00:00+00:00, run_after=2022-11-19T00:00:00+00:00
[2022-11-19T10:20:30.343+0000] {processor.py:176} INFO - Processing /home/airflow/.local/lib/python3.9/site-packages/airflow/example_dags/example_branch_datetime_operator.py took 0.161 seconds
[2022-11-19T10:21:00.452+0000] {processor.py:154} INFO - Started process (PID=1216) to work on /home/airflow/.local/lib/python3.9/site-packages/airflow/example_dags/example_branch_datetime_operator.py
[2022-11-19T10:21:00.454+0000] {processor.py:756} INFO - Processing file /home/airflow/.local/lib/python3.9/site-packages/airflow/example_dags/example_branch_datetime_operator.py for tasks to queue
[2022-11-19T10:21:00.456+0000] {logging_mixin.py:120} INFO - [2022-11-19T10:21:00.455+0000] {dagbag.py:537} INFO - Filling up the DagBag from /home/airflow/.local/lib/python3.9/site-packages/airflow/example_dags/example_branch_datetime_operator.py
[2022-11-19T10:21:00.475+0000] {processor.py:766} INFO - DAG(s) dict_keys(['example_branch_datetime_operator_3', 'example_branch_datetime_operator_2', 'example_branch_datetime_operator']) retrieved from /home/airflow/.local/lib/python3.9/site-packages/airflow/example_dags/example_branch_datetime_operator.py
[2022-11-19T10:21:00.530+0000] {logging_mixin.py:120} INFO - [2022-11-19T10:21:00.530+0000] {dag.py:2585} INFO - Sync 3 DAGs
[2022-11-19T10:21:00.563+0000] {logging_mixin.py:120} INFO - [2022-11-19T10:21:00.563+0000] {dag.py:3336} INFO - Setting next_dagrun for example_branch_datetime_operator to 2022-11-18T00:00:00+00:00, run_after=2022-11-19T00:00:00+00:00
[2022-11-19T10:21:00.569+0000] {logging_mixin.py:120} INFO - [2022-11-19T10:21:00.569+0000] {dag.py:3336} INFO - Setting next_dagrun for example_branch_datetime_operator_2 to 2022-11-18T00:00:00+00:00, run_after=2022-11-19T00:00:00+00:00
[2022-11-19T10:21:00.573+0000] {logging_mixin.py:120} INFO - [2022-11-19T10:21:00.573+0000] {dag.py:3336} INFO - Setting next_dagrun for example_branch_datetime_operator_3 to 2022-11-18T00:00:00+00:00, run_after=2022-11-19T00:00:00+00:00
[2022-11-19T10:21:00.594+0000] {processor.py:176} INFO - Processing /home/airflow/.local/lib/python3.9/site-packages/airflow/example_dags/example_branch_datetime_operator.py took 0.146 seconds
