[2022-11-19T10:18:54.511+0000] {processor.py:154} INFO - Started process (PID=257) to work on /home/airflow/.local/lib/python3.9/site-packages/airflow/example_dags/example_subdag_operator.py
[2022-11-19T10:18:54.513+0000] {processor.py:756} INFO - Processing file /home/airflow/.local/lib/python3.9/site-packages/airflow/example_dags/example_subdag_operator.py for tasks to queue
[2022-11-19T10:18:54.515+0000] {logging_mixin.py:120} INFO - [2022-11-19T10:18:54.514+0000] {dagbag.py:537} INFO - Filling up the DagBag from /home/airflow/.local/lib/python3.9/site-packages/airflow/example_dags/example_subdag_operator.py
[2022-11-19T10:18:54.567+0000] {processor.py:766} INFO - DAG(s) dict_keys(['example_subdag_operator.section-1', 'example_subdag_operator.section-2', 'example_subdag_operator']) retrieved from /home/airflow/.local/lib/python3.9/site-packages/airflow/example_dags/example_subdag_operator.py
[2022-11-19T10:18:54.982+0000] {logging_mixin.py:120} INFO - [2022-11-19T10:18:54.982+0000] {manager.py:507} INFO - Created Permission View: can edit on DAG:example_subdag_operator
[2022-11-19T10:18:54.997+0000] {logging_mixin.py:120} INFO - [2022-11-19T10:18:54.996+0000] {manager.py:507} INFO - Created Permission View: can read on DAG:example_subdag_operator
[2022-11-19T10:18:55.007+0000] {logging_mixin.py:120} INFO - [2022-11-19T10:18:55.007+0000] {manager.py:507} INFO - Created Permission View: can delete on DAG:example_subdag_operator
[2022-11-19T10:18:55.009+0000] {logging_mixin.py:120} INFO - [2022-11-19T10:18:55.009+0000] {dag.py:2585} INFO - Sync 3 DAGs
[2022-11-19T10:18:55.051+0000] {logging_mixin.py:120} INFO - [2022-11-19T10:18:55.051+0000] {dag.py:2606} INFO - Creating ORM DAG for example_subdag_operator.section-2
[2022-11-19T10:18:55.054+0000] {logging_mixin.py:120} INFO - [2022-11-19T10:18:55.053+0000] {dag.py:2606} INFO - Creating ORM DAG for example_subdag_operator.section-1
[2022-11-19T10:18:55.055+0000] {logging_mixin.py:120} INFO - [2022-11-19T10:18:55.055+0000] {dag.py:2606} INFO - Creating ORM DAG for example_subdag_operator
[2022-11-19T10:18:55.069+0000] {logging_mixin.py:120} INFO - [2022-11-19T10:18:55.069+0000] {dag.py:3336} INFO - Setting next_dagrun for example_subdag_operator to 2022-01-01T00:00:00+00:00, run_after=2022-01-01T00:00:00+00:00
[2022-11-19T10:18:55.071+0000] {logging_mixin.py:120} INFO - [2022-11-19T10:18:55.071+0000] {dag.py:3336} INFO - Setting next_dagrun for example_subdag_operator.section-1 to None, run_after=None
[2022-11-19T10:18:55.072+0000] {logging_mixin.py:120} INFO - [2022-11-19T10:18:55.072+0000] {dag.py:3336} INFO - Setting next_dagrun for example_subdag_operator.section-2 to None, run_after=None
[2022-11-19T10:18:55.084+0000] {logging_mixin.py:120} INFO - [2022-11-19T10:18:55.083+0000] {dag.py:2585} INFO - Sync 2 DAGs
[2022-11-19T10:18:55.091+0000] {logging_mixin.py:120} INFO - [2022-11-19T10:18:55.091+0000] {dag.py:3336} INFO - Setting next_dagrun for example_subdag_operator.section-1 to None, run_after=None
[2022-11-19T10:18:55.096+0000] {logging_mixin.py:120} INFO - [2022-11-19T10:18:55.095+0000] {dag.py:3336} INFO - Setting next_dagrun for example_subdag_operator.section-2 to None, run_after=None
[2022-11-19T10:18:55.113+0000] {processor.py:176} INFO - Processing /home/airflow/.local/lib/python3.9/site-packages/airflow/example_dags/example_subdag_operator.py took 0.606 seconds
[2022-11-19T10:19:25.183+0000] {processor.py:154} INFO - Started process (PID=481) to work on /home/airflow/.local/lib/python3.9/site-packages/airflow/example_dags/example_subdag_operator.py
[2022-11-19T10:19:25.185+0000] {processor.py:756} INFO - Processing file /home/airflow/.local/lib/python3.9/site-packages/airflow/example_dags/example_subdag_operator.py for tasks to queue
[2022-11-19T10:19:25.187+0000] {logging_mixin.py:120} INFO - [2022-11-19T10:19:25.187+0000] {dagbag.py:537} INFO - Filling up the DagBag from /home/airflow/.local/lib/python3.9/site-packages/airflow/example_dags/example_subdag_operator.py
[2022-11-19T10:19:25.237+0000] {processor.py:766} INFO - DAG(s) dict_keys(['example_subdag_operator.section-1', 'example_subdag_operator.section-2', 'example_subdag_operator']) retrieved from /home/airflow/.local/lib/python3.9/site-packages/airflow/example_dags/example_subdag_operator.py
[2022-11-19T10:19:25.512+0000] {logging_mixin.py:120} INFO - [2022-11-19T10:19:25.512+0000] {dag.py:2585} INFO - Sync 3 DAGs
[2022-11-19T10:19:25.540+0000] {logging_mixin.py:120} INFO - [2022-11-19T10:19:25.540+0000] {dag.py:3336} INFO - Setting next_dagrun for example_subdag_operator to 2022-01-01T00:00:00+00:00, run_after=2022-01-01T00:00:00+00:00
[2022-11-19T10:19:25.545+0000] {logging_mixin.py:120} INFO - [2022-11-19T10:19:25.545+0000] {dag.py:3336} INFO - Setting next_dagrun for example_subdag_operator.section-1 to None, run_after=None
[2022-11-19T10:19:25.548+0000] {logging_mixin.py:120} INFO - [2022-11-19T10:19:25.548+0000] {dag.py:3336} INFO - Setting next_dagrun for example_subdag_operator.section-2 to None, run_after=None
[2022-11-19T10:19:25.559+0000] {logging_mixin.py:120} INFO - [2022-11-19T10:19:25.558+0000] {dag.py:2585} INFO - Sync 2 DAGs
[2022-11-19T10:19:25.569+0000] {logging_mixin.py:120} INFO - [2022-11-19T10:19:25.569+0000] {dag.py:3336} INFO - Setting next_dagrun for example_subdag_operator.section-1 to None, run_after=None
[2022-11-19T10:19:25.571+0000] {logging_mixin.py:120} INFO - [2022-11-19T10:19:25.571+0000] {dag.py:3336} INFO - Setting next_dagrun for example_subdag_operator.section-2 to None, run_after=None
[2022-11-19T10:19:25.593+0000] {processor.py:176} INFO - Processing /home/airflow/.local/lib/python3.9/site-packages/airflow/example_dags/example_subdag_operator.py took 0.416 seconds
[2022-11-19T10:19:55.803+0000] {processor.py:154} INFO - Started process (PID=696) to work on /home/airflow/.local/lib/python3.9/site-packages/airflow/example_dags/example_subdag_operator.py
[2022-11-19T10:19:55.805+0000] {processor.py:756} INFO - Processing file /home/airflow/.local/lib/python3.9/site-packages/airflow/example_dags/example_subdag_operator.py for tasks to queue
[2022-11-19T10:19:55.806+0000] {logging_mixin.py:120} INFO - [2022-11-19T10:19:55.806+0000] {dagbag.py:537} INFO - Filling up the DagBag from /home/airflow/.local/lib/python3.9/site-packages/airflow/example_dags/example_subdag_operator.py
[2022-11-19T10:19:55.853+0000] {processor.py:766} INFO - DAG(s) dict_keys(['example_subdag_operator.section-1', 'example_subdag_operator.section-2', 'example_subdag_operator']) retrieved from /home/airflow/.local/lib/python3.9/site-packages/airflow/example_dags/example_subdag_operator.py
[2022-11-19T10:19:56.117+0000] {logging_mixin.py:120} INFO - [2022-11-19T10:19:56.117+0000] {dag.py:2585} INFO - Sync 3 DAGs
[2022-11-19T10:19:56.148+0000] {logging_mixin.py:120} INFO - [2022-11-19T10:19:56.147+0000] {dag.py:3336} INFO - Setting next_dagrun for example_subdag_operator to 2022-01-01T00:00:00+00:00, run_after=2022-01-01T00:00:00+00:00
[2022-11-19T10:19:56.153+0000] {logging_mixin.py:120} INFO - [2022-11-19T10:19:56.153+0000] {dag.py:3336} INFO - Setting next_dagrun for example_subdag_operator.section-1 to None, run_after=None
[2022-11-19T10:19:56.158+0000] {logging_mixin.py:120} INFO - [2022-11-19T10:19:56.158+0000] {dag.py:3336} INFO - Setting next_dagrun for example_subdag_operator.section-2 to None, run_after=None
[2022-11-19T10:19:56.168+0000] {logging_mixin.py:120} INFO - [2022-11-19T10:19:56.168+0000] {dag.py:2585} INFO - Sync 2 DAGs
[2022-11-19T10:19:56.176+0000] {logging_mixin.py:120} INFO - [2022-11-19T10:19:56.176+0000] {dag.py:3336} INFO - Setting next_dagrun for example_subdag_operator.section-1 to None, run_after=None
[2022-11-19T10:19:56.177+0000] {logging_mixin.py:120} INFO - [2022-11-19T10:19:56.177+0000] {dag.py:3336} INFO - Setting next_dagrun for example_subdag_operator.section-2 to None, run_after=None
[2022-11-19T10:19:56.208+0000] {processor.py:176} INFO - Processing /home/airflow/.local/lib/python3.9/site-packages/airflow/example_dags/example_subdag_operator.py took 0.443 seconds
[2022-11-19T10:20:26.268+0000] {processor.py:154} INFO - Started process (PID=919) to work on /home/airflow/.local/lib/python3.9/site-packages/airflow/example_dags/example_subdag_operator.py
[2022-11-19T10:20:26.271+0000] {processor.py:756} INFO - Processing file /home/airflow/.local/lib/python3.9/site-packages/airflow/example_dags/example_subdag_operator.py for tasks to queue
[2022-11-19T10:20:26.273+0000] {logging_mixin.py:120} INFO - [2022-11-19T10:20:26.272+0000] {dagbag.py:537} INFO - Filling up the DagBag from /home/airflow/.local/lib/python3.9/site-packages/airflow/example_dags/example_subdag_operator.py
[2022-11-19T10:20:26.318+0000] {processor.py:766} INFO - DAG(s) dict_keys(['example_subdag_operator.section-1', 'example_subdag_operator.section-2', 'example_subdag_operator']) retrieved from /home/airflow/.local/lib/python3.9/site-packages/airflow/example_dags/example_subdag_operator.py
[2022-11-19T10:20:26.621+0000] {logging_mixin.py:120} INFO - [2022-11-19T10:20:26.621+0000] {dag.py:2585} INFO - Sync 3 DAGs
[2022-11-19T10:20:26.656+0000] {logging_mixin.py:120} INFO - [2022-11-19T10:20:26.656+0000] {dag.py:3336} INFO - Setting next_dagrun for example_subdag_operator to 2022-01-01T00:00:00+00:00, run_after=2022-01-01T00:00:00+00:00
[2022-11-19T10:20:26.662+0000] {logging_mixin.py:120} INFO - [2022-11-19T10:20:26.662+0000] {dag.py:3336} INFO - Setting next_dagrun for example_subdag_operator.section-1 to None, run_after=None
[2022-11-19T10:20:26.665+0000] {logging_mixin.py:120} INFO - [2022-11-19T10:20:26.665+0000] {dag.py:3336} INFO - Setting next_dagrun for example_subdag_operator.section-2 to None, run_after=None
[2022-11-19T10:20:26.676+0000] {logging_mixin.py:120} INFO - [2022-11-19T10:20:26.676+0000] {dag.py:2585} INFO - Sync 2 DAGs
[2022-11-19T10:20:26.685+0000] {logging_mixin.py:120} INFO - [2022-11-19T10:20:26.685+0000] {dag.py:3336} INFO - Setting next_dagrun for example_subdag_operator.section-1 to None, run_after=None
[2022-11-19T10:20:26.686+0000] {logging_mixin.py:120} INFO - [2022-11-19T10:20:26.686+0000] {dag.py:3336} INFO - Setting next_dagrun for example_subdag_operator.section-2 to None, run_after=None
[2022-11-19T10:20:26.704+0000] {processor.py:176} INFO - Processing /home/airflow/.local/lib/python3.9/site-packages/airflow/example_dags/example_subdag_operator.py took 0.440 seconds
[2022-11-19T10:20:57.579+0000] {processor.py:154} INFO - Started process (PID=1141) to work on /home/airflow/.local/lib/python3.9/site-packages/airflow/example_dags/example_subdag_operator.py
[2022-11-19T10:20:57.581+0000] {processor.py:756} INFO - Processing file /home/airflow/.local/lib/python3.9/site-packages/airflow/example_dags/example_subdag_operator.py for tasks to queue
[2022-11-19T10:20:57.582+0000] {logging_mixin.py:120} INFO - [2022-11-19T10:20:57.582+0000] {dagbag.py:537} INFO - Filling up the DagBag from /home/airflow/.local/lib/python3.9/site-packages/airflow/example_dags/example_subdag_operator.py
[2022-11-19T10:20:57.686+0000] {processor.py:766} INFO - DAG(s) dict_keys(['example_subdag_operator.section-1', 'example_subdag_operator.section-2', 'example_subdag_operator']) retrieved from /home/airflow/.local/lib/python3.9/site-packages/airflow/example_dags/example_subdag_operator.py
[2022-11-19T10:20:58.064+0000] {logging_mixin.py:120} INFO - [2022-11-19T10:20:58.064+0000] {dag.py:2585} INFO - Sync 3 DAGs
[2022-11-19T10:20:58.097+0000] {logging_mixin.py:120} INFO - [2022-11-19T10:20:58.097+0000] {dag.py:3336} INFO - Setting next_dagrun for example_subdag_operator to 2022-01-01T00:00:00+00:00, run_after=2022-01-01T00:00:00+00:00
[2022-11-19T10:20:58.102+0000] {logging_mixin.py:120} INFO - [2022-11-19T10:20:58.102+0000] {dag.py:3336} INFO - Setting next_dagrun for example_subdag_operator.section-1 to None, run_after=None
[2022-11-19T10:20:58.104+0000] {logging_mixin.py:120} INFO - [2022-11-19T10:20:58.104+0000] {dag.py:3336} INFO - Setting next_dagrun for example_subdag_operator.section-2 to None, run_after=None
[2022-11-19T10:20:58.113+0000] {logging_mixin.py:120} INFO - [2022-11-19T10:20:58.113+0000] {dag.py:2585} INFO - Sync 2 DAGs
[2022-11-19T10:20:58.119+0000] {logging_mixin.py:120} INFO - [2022-11-19T10:20:58.119+0000] {dag.py:3336} INFO - Setting next_dagrun for example_subdag_operator.section-1 to None, run_after=None
[2022-11-19T10:20:58.121+0000] {logging_mixin.py:120} INFO - [2022-11-19T10:20:58.121+0000] {dag.py:3336} INFO - Setting next_dagrun for example_subdag_operator.section-2 to None, run_after=None
[2022-11-19T10:20:58.135+0000] {processor.py:176} INFO - Processing /home/airflow/.local/lib/python3.9/site-packages/airflow/example_dags/example_subdag_operator.py took 0.560 seconds
