[2022-11-19T10:18:55.561+0000] {processor.py:154} INFO - Started process (PID=277) to work on /home/airflow/.local/lib/python3.9/site-packages/airflow/example_dags/example_xcomargs.py
[2022-11-19T10:18:55.563+0000] {processor.py:756} INFO - Processing file /home/airflow/.local/lib/python3.9/site-packages/airflow/example_dags/example_xcomargs.py for tasks to queue
[2022-11-19T10:18:55.565+0000] {logging_mixin.py:120} INFO - [2022-11-19T10:18:55.564+0000] {dagbag.py:537} INFO - Filling up the DagBag from /home/airflow/.local/lib/python3.9/site-packages/airflow/example_dags/example_xcomargs.py
[2022-11-19T10:18:55.594+0000] {processor.py:766} INFO - DAG(s) dict_keys(['example_xcom_args', 'example_xcom_args_with_operators']) retrieved from /home/airflow/.local/lib/python3.9/site-packages/airflow/example_dags/example_xcomargs.py
[2022-11-19T10:18:55.805+0000] {logging_mixin.py:120} INFO - [2022-11-19T10:18:55.805+0000] {manager.py:507} INFO - Created Permission View: can edit on DAG:example_xcom_args
[2022-11-19T10:18:55.819+0000] {logging_mixin.py:120} INFO - [2022-11-19T10:18:55.819+0000] {manager.py:507} INFO - Created Permission View: can read on DAG:example_xcom_args
[2022-11-19T10:18:55.832+0000] {logging_mixin.py:120} INFO - [2022-11-19T10:18:55.832+0000] {manager.py:507} INFO - Created Permission View: can delete on DAG:example_xcom_args
[2022-11-19T10:18:55.858+0000] {logging_mixin.py:120} INFO - [2022-11-19T10:18:55.857+0000] {manager.py:507} INFO - Created Permission View: can edit on DAG:example_xcom_args_with_operators
[2022-11-19T10:18:55.870+0000] {logging_mixin.py:120} INFO - [2022-11-19T10:18:55.870+0000] {manager.py:507} INFO - Created Permission View: can read on DAG:example_xcom_args_with_operators
[2022-11-19T10:18:55.881+0000] {logging_mixin.py:120} INFO - [2022-11-19T10:18:55.880+0000] {manager.py:507} INFO - Created Permission View: can delete on DAG:example_xcom_args_with_operators
[2022-11-19T10:18:55.882+0000] {logging_mixin.py:120} INFO - [2022-11-19T10:18:55.882+0000] {dag.py:2585} INFO - Sync 2 DAGs
[2022-11-19T10:18:55.898+0000] {logging_mixin.py:120} INFO - [2022-11-19T10:18:55.898+0000] {dag.py:2606} INFO - Creating ORM DAG for example_xcom_args_with_operators
[2022-11-19T10:18:55.900+0000] {logging_mixin.py:120} INFO - [2022-11-19T10:18:55.900+0000] {dag.py:2606} INFO - Creating ORM DAG for example_xcom_args
[2022-11-19T10:18:55.915+0000] {logging_mixin.py:120} INFO - [2022-11-19T10:18:55.915+0000] {dag.py:3336} INFO - Setting next_dagrun for example_xcom_args to None, run_after=None
[2022-11-19T10:18:55.917+0000] {logging_mixin.py:120} INFO - [2022-11-19T10:18:55.917+0000] {dag.py:3336} INFO - Setting next_dagrun for example_xcom_args_with_operators to None, run_after=None
[2022-11-19T10:18:55.949+0000] {processor.py:176} INFO - Processing /home/airflow/.local/lib/python3.9/site-packages/airflow/example_dags/example_xcomargs.py took 0.391 seconds
[2022-11-19T10:19:26.626+0000] {processor.py:154} INFO - Started process (PID=499) to work on /home/airflow/.local/lib/python3.9/site-packages/airflow/example_dags/example_xcomargs.py
[2022-11-19T10:19:26.628+0000] {processor.py:756} INFO - Processing file /home/airflow/.local/lib/python3.9/site-packages/airflow/example_dags/example_xcomargs.py for tasks to queue
[2022-11-19T10:19:26.629+0000] {logging_mixin.py:120} INFO - [2022-11-19T10:19:26.629+0000] {dagbag.py:537} INFO - Filling up the DagBag from /home/airflow/.local/lib/python3.9/site-packages/airflow/example_dags/example_xcomargs.py
[2022-11-19T10:19:26.660+0000] {processor.py:766} INFO - DAG(s) dict_keys(['example_xcom_args', 'example_xcom_args_with_operators']) retrieved from /home/airflow/.local/lib/python3.9/site-packages/airflow/example_dags/example_xcomargs.py
[2022-11-19T10:19:26.722+0000] {logging_mixin.py:120} INFO - [2022-11-19T10:19:26.722+0000] {dag.py:2585} INFO - Sync 2 DAGs
[2022-11-19T10:19:26.765+0000] {logging_mixin.py:120} INFO - [2022-11-19T10:19:26.765+0000] {dag.py:3336} INFO - Setting next_dagrun for example_xcom_args to None, run_after=None
[2022-11-19T10:19:26.770+0000] {logging_mixin.py:120} INFO - [2022-11-19T10:19:26.770+0000] {dag.py:3336} INFO - Setting next_dagrun for example_xcom_args_with_operators to None, run_after=None
[2022-11-19T10:19:26.793+0000] {processor.py:176} INFO - Processing /home/airflow/.local/lib/python3.9/site-packages/airflow/example_dags/example_xcomargs.py took 0.171 seconds
[2022-11-19T10:19:57.274+0000] {processor.py:154} INFO - Started process (PID=716) to work on /home/airflow/.local/lib/python3.9/site-packages/airflow/example_dags/example_xcomargs.py
[2022-11-19T10:19:57.276+0000] {processor.py:756} INFO - Processing file /home/airflow/.local/lib/python3.9/site-packages/airflow/example_dags/example_xcomargs.py for tasks to queue
[2022-11-19T10:19:57.278+0000] {logging_mixin.py:120} INFO - [2022-11-19T10:19:57.278+0000] {dagbag.py:537} INFO - Filling up the DagBag from /home/airflow/.local/lib/python3.9/site-packages/airflow/example_dags/example_xcomargs.py
[2022-11-19T10:19:57.310+0000] {processor.py:766} INFO - DAG(s) dict_keys(['example_xcom_args', 'example_xcom_args_with_operators']) retrieved from /home/airflow/.local/lib/python3.9/site-packages/airflow/example_dags/example_xcomargs.py
[2022-11-19T10:19:57.387+0000] {logging_mixin.py:120} INFO - [2022-11-19T10:19:57.387+0000] {dag.py:2585} INFO - Sync 2 DAGs
[2022-11-19T10:19:57.426+0000] {logging_mixin.py:120} INFO - [2022-11-19T10:19:57.425+0000] {dag.py:3336} INFO - Setting next_dagrun for example_xcom_args to None, run_after=None
[2022-11-19T10:19:57.430+0000] {logging_mixin.py:120} INFO - [2022-11-19T10:19:57.430+0000] {dag.py:3336} INFO - Setting next_dagrun for example_xcom_args_with_operators to None, run_after=None
[2022-11-19T10:19:57.459+0000] {processor.py:176} INFO - Processing /home/airflow/.local/lib/python3.9/site-packages/airflow/example_dags/example_xcomargs.py took 0.189 seconds
[2022-11-19T10:20:27.978+0000] {processor.py:154} INFO - Started process (PID=937) to work on /home/airflow/.local/lib/python3.9/site-packages/airflow/example_dags/example_xcomargs.py
[2022-11-19T10:20:27.980+0000] {processor.py:756} INFO - Processing file /home/airflow/.local/lib/python3.9/site-packages/airflow/example_dags/example_xcomargs.py for tasks to queue
[2022-11-19T10:20:27.982+0000] {logging_mixin.py:120} INFO - [2022-11-19T10:20:27.982+0000] {dagbag.py:537} INFO - Filling up the DagBag from /home/airflow/.local/lib/python3.9/site-packages/airflow/example_dags/example_xcomargs.py
[2022-11-19T10:20:28.011+0000] {processor.py:766} INFO - DAG(s) dict_keys(['example_xcom_args', 'example_xcom_args_with_operators']) retrieved from /home/airflow/.local/lib/python3.9/site-packages/airflow/example_dags/example_xcomargs.py
[2022-11-19T10:20:28.079+0000] {logging_mixin.py:120} INFO - [2022-11-19T10:20:28.079+0000] {dag.py:2585} INFO - Sync 2 DAGs
[2022-11-19T10:20:28.108+0000] {logging_mixin.py:120} INFO - [2022-11-19T10:20:28.108+0000] {dag.py:3336} INFO - Setting next_dagrun for example_xcom_args to None, run_after=None
[2022-11-19T10:20:28.114+0000] {logging_mixin.py:120} INFO - [2022-11-19T10:20:28.113+0000] {dag.py:3336} INFO - Setting next_dagrun for example_xcom_args_with_operators to None, run_after=None
[2022-11-19T10:20:28.137+0000] {processor.py:176} INFO - Processing /home/airflow/.local/lib/python3.9/site-packages/airflow/example_dags/example_xcomargs.py took 0.163 seconds
[2022-11-19T10:20:59.139+0000] {processor.py:154} INFO - Started process (PID=1159) to work on /home/airflow/.local/lib/python3.9/site-packages/airflow/example_dags/example_xcomargs.py
[2022-11-19T10:20:59.143+0000] {processor.py:756} INFO - Processing file /home/airflow/.local/lib/python3.9/site-packages/airflow/example_dags/example_xcomargs.py for tasks to queue
[2022-11-19T10:20:59.144+0000] {logging_mixin.py:120} INFO - [2022-11-19T10:20:59.144+0000] {dagbag.py:537} INFO - Filling up the DagBag from /home/airflow/.local/lib/python3.9/site-packages/airflow/example_dags/example_xcomargs.py
[2022-11-19T10:20:59.174+0000] {processor.py:766} INFO - DAG(s) dict_keys(['example_xcom_args', 'example_xcom_args_with_operators']) retrieved from /home/airflow/.local/lib/python3.9/site-packages/airflow/example_dags/example_xcomargs.py
[2022-11-19T10:20:59.241+0000] {logging_mixin.py:120} INFO - [2022-11-19T10:20:59.240+0000] {dag.py:2585} INFO - Sync 2 DAGs
[2022-11-19T10:20:59.276+0000] {logging_mixin.py:120} INFO - [2022-11-19T10:20:59.276+0000] {dag.py:3336} INFO - Setting next_dagrun for example_xcom_args to None, run_after=None
[2022-11-19T10:20:59.281+0000] {logging_mixin.py:120} INFO - [2022-11-19T10:20:59.281+0000] {dag.py:3336} INFO - Setting next_dagrun for example_xcom_args_with_operators to None, run_after=None
[2022-11-19T10:20:59.301+0000] {processor.py:176} INFO - Processing /home/airflow/.local/lib/python3.9/site-packages/airflow/example_dags/example_xcomargs.py took 0.165 seconds
